EG PSI Type:  EgPsiType.TYPE2

Setup time: 120.01834

Client: 0, Client Setup Time: 1.719314323803701

Client: 1, Client Setup Time: 1.7185376475244993

Client: 2, Client Setup Time: 1.722307437004929

Client: 3, Client Setup Time: 1.722314797938452

Client: 4, Client Setup Time: 1.7190675185192958

Client: 5, Client Setup Time: 1.7189978839378455

Client: 6, Client Setup Time: 1.7218685742554953

Client: 7, Client Setup Time: 1.7180610640643863

Client: 8, Client Setup Time: 1.7194721992927953

Client: 9, Client Setup Time: 1.7203307751988177

Client: 10, Client Setup Time: 1.7199195582215907

Client: 11, Client Setup Time: 1.719410276695271

Client: 12, Client Setup Time: 1.7185780884465203

Client: 13, Client Setup Time: 1.7179751089643105

Client: 14, Client Setup Time: 1.7508705155341886

Client: 15, Client Setup Time: 1.7176127349157468

Client: 16, Client Setup Time: 1.7186589323027874

Client: 17, Client Setup Time: 1.7182601644817623

Client: 18, Client Setup Time: 1.7182361043815035

Client: 19, Client Setup Time: 1.7179336385524948

Client: 20, Client Setup Time: 1.7192778613607516

Client: 21, Client Setup Time: 1.719005485116213

Client: 22, Client Setup Time: 1.7185150453151437

Client: 23, Client Setup Time: 1.7189351462147897

Client: 24, Client Setup Time: 1.7183399254572578

Client: 25, Client Setup Time: 1.7723113589308923

Client: 26, Client Setup Time: 1.7181176320518716

Client: 27, Client Setup Time: 1.7184661810097168

Client: 28, Client Setup Time: 1.7177750501577975

Client: 29, Client Setup Time: 1.7178934050025418

Client: 30, Client Setup Time: 1.7171908847813029

Client: 31, Client Setup Time: 1.7179439172687125

Client: 32, Client Setup Time: 1.7178637719989638

Client: 33, Client Setup Time: 1.7190130528542795

Client: 34, Client Setup Time: 1.718649788395851

Client: 35, Client Setup Time: 1.717634874745272

Client: 36, Client Setup Time: 1.717856449271494

Client: 37, Client Setup Time: 1.7168293845898006

Client: 38, Client Setup Time: 1.7197802398659405

Client: 39, Client Setup Time: 1.721457685023779

Client: 40, Client Setup Time: 1.7191516499151476

Client: 41, Client Setup Time: 1.8016685307957232

Client: 42, Client Setup Time: 1.7334837442322168

Client: 43, Client Setup Time: 1.7175234668247867

Client: 44, Client Setup Time: 1.7177066203366849

Client: 45, Client Setup Time: 1.7174524252695846

Client: 46, Client Setup Time: 1.7180218152789166

Client: 47, Client Setup Time: 1.717132555662829

Client: 48, Client Setup Time: 1.717702448295313

Client: 49, Client Setup Time: 1.7514370105636772

Client: 0, TP Setup Time: 0.6761849261965835

Client: 1, TP Setup Time: 0.676557270475314

Client: 2, TP Setup Time: 0.6790840229950845

Client: 3, TP Setup Time: 0.6776999510620954

Client: 4, TP Setup Time: 0.677079381479416

Client: 5, TP Setup Time: 0.6771779740593047

Client: 6, TP Setup Time: 0.6768758687467198

Client: 7, TP Setup Time: 0.6764454319345532

Client: 8, TP Setup Time: 0.6770582577082678

Client: 9, TP Setup Time: 0.6777678018042934

Client: 10, TP Setup Time: 0.6773203607735923

Client: 11, TP Setup Time: 0.6783879702998092

Client: 12, TP Setup Time: 0.6775226905519958

Client: 13, TP Setup Time: 0.6774070710380329

Client: 14, TP Setup Time: 0.6774412214654149

Client: 15, TP Setup Time: 0.677317557085189

Client: 16, TP Setup Time: 0.6771620916915708

Client: 17, TP Setup Time: 0.6771605295143672

Client: 18, TP Setup Time: 0.677330128622998

Client: 19, TP Setup Time: 0.6774191894437536

Client: 20, TP Setup Time: 0.6777980646365904

Client: 21, TP Setup Time: 0.6774026348793996

Client: 22, TP Setup Time: 0.677580294686777

Client: 23, TP Setup Time: 0.6776674047869164

Client: 24, TP Setup Time: 0.6775438625409151

Client: 25, TP Setup Time: 0.6780069520682446

Client: 26, TP Setup Time: 0.6770715789461974

Client: 27, TP Setup Time: 0.6775061339867534

Client: 28, TP Setup Time: 0.6772506158449687

Client: 29, TP Setup Time: 0.6773849899982451

Client: 30, TP Setup Time: 0.6770223092244123

Client: 31, TP Setup Time: 0.6772394837316824

Client: 32, TP Setup Time: 0.6772858799959067

Client: 33, TP Setup Time: 0.6773780171424733

Client: 34, TP Setup Time: 0.6770677486056229

Client: 35, TP Setup Time: 0.6773180902528111

Client: 36, TP Setup Time: 0.6772846307285363

Client: 37, TP Setup Time: 0.6770216424120008

Client: 38, TP Setup Time: 0.6770262971331249

Client: 39, TP Setup Time: 0.6774251669776277

Client: 40, TP Setup Time: 0.6776122430892428

Client: 41, TP Setup Time: 0.6775402342027519

Client: 42, TP Setup Time: 0.6770401437679539

Client: 43, TP Setup Time: 0.6774399821733823

Client: 44, TP Setup Time: 0.6771336006640922

Client: 45, TP Setup Time: 0.6770408617303474

Client: 46, TP Setup Time: 0.6778370657193591

Client: 47, TP Setup Time: 0.676896378332458

Client: 48, TP Setup Time: 0.6768885927012889

Client: 49, TP Setup Time: 0.6773664454376558


Current Level:  5

Client: 2
Send Times:  [0.0]

Client: 2, Client Send Time: 1.1219963198527694e-06

Client: 5
Send Times:  [0.0]

Client: 5, Client Send Time: 4.210014594718814e-07

Client: 8
Send Times:  [0.0]

Client: 8, Client Send Time: 4.429966793395579e-07

Client: 11
Send Times:  [0.0]

Client: 11, Client Send Time: 4.1799648897722363e-07

Client: 14
Send Times:  [0.0]

Client: 14, Client Send Time: 5.260008038021624e-07

Client: 17
Send Times:  [0.0]

Client: 17, Client Send Time: 4.069952410645783e-07

Client: 20
Send Times:  [0.0]

Client: 20, Client Send Time: 4.250032361596823e-07

Client: 22
Send Times:  [0.0]

Client: 22, Client Send Time: 5.089968908578157e-07

Client: 24
Send Times:  [0.0]

Client: 24, Client Send Time: 4.1400198824703693e-07

Client: 27
Send Times:  [0.0]

Client: 27, Client Send Time: 5.600013537332416e-07

Client: 30
Send Times:  [0.0]

Client: 30, Client Send Time: 4.4099579099565744e-07

Client: 33
Send Times:  [0.0]

Client: 33, Client Send Time: 4.929970600642264e-07

Client: 36
Send Times:  [0.0]

Client: 36, Client Send Time: 4.350004019215703e-07

Client: 39
Send Times:  [0.0]

Client: 39, Client Send Time: 4.6000059228390455e-07

Client: 42
Send Times:  [0.0]

Client: 42, Client Send Time: 4.120010999031365e-07

Client: 45
Send Times:  [0.0]

Client: 45, Client Send Time: 5.350011633709073e-07

Client: 47
Send Times:  [0.0]

Client: 47, Client Send Time: 4.399989848025143e-07

Client: 49
Send Times:  [0.0]

Client: 49, Client Send Time: 4.6500645112246275e-07

Client: 1
Receive Times:  [0.0]

Client: 1, Client Receive Time: 1.6330013750120997e-06

Client: 4
Receive Times:  [0.0]

Client: 4, Client Receive Time: 6.469999789260328e-07

Client: 7
Receive Times:  [0.0]

Client: 7, Client Receive Time: 6.689951987937093e-07

Client: 10
Receive Times:  [0.0]

Client: 10, Client Receive Time: 8.759961929172277e-07

Client: 13
Receive Times:  [0.0]

Client: 13, Client Receive Time: 8.630013326182961e-07

Client: 16
Receive Times:  [0.0]

Client: 16, Client Receive Time: 7.069975254125893e-07

Client: 19
Receive Times:  [0.0]

Client: 19, Client Receive Time: 7.999988156370819e-07

Client: 21
Receive Times:  [0.0]

Client: 21, Client Receive Time: 8.200004231184721e-07

Client: 23
Receive Times:  [0.0]

Client: 23, Client Receive Time: 6.749978638254106e-07

Client: 26
Receive Times:  [0.0]

Client: 26, Client Receive Time: 1.2270029401406646e-06

Client: 29
Receive Times:  [0.0]

Client: 29, Client Receive Time: 8.170027285814285e-07

Client: 32
Receive Times:  [0.0]

Client: 32, Client Receive Time: 7.779963198117912e-07

Client: 35
Receive Times:  [0.0]

Client: 35, Client Receive Time: 6.989939720369875e-07

Client: 38
Receive Times:  [0.0]

Client: 38, Client Receive Time: 8.62994056660682e-07

Client: 41
Receive Times:  [0.0]

Client: 41, Client Receive Time: 8.62004526425153e-07

Client: 44
Receive Times:  [0.0]

Client: 44, Client Receive Time: 7.370035746134818e-07

Client: 46
Receive Times:  [0.0]

Client: 46, Client Receive Time: 5.960027920082211e-07

Client: 48
Receive Times:  [0.0]

Client: 48, Client Receive Time: 8.29000782687217e-07

Send Time of Group 1: 0.0

Receive Time of Group 0: 0.0

Client: 1, Client Deduplicate Time: 0.00078

Client: 4, Client Deduplicate Time: 0.00076

Client: 7, Client Deduplicate Time: 0.00078

Client: 10, Client Deduplicate Time: 0.00078

Client: 13, Client Deduplicate Time: 0.00079

Client: 16, Client Deduplicate Time: 0.00078

Client: 19, Client Deduplicate Time: 0.00079

Client: 21, Client Deduplicate Time: 0.00077

Client: 23, Client Deduplicate Time: 0.00078

Client: 26, Client Deduplicate Time: 0.00078

Client: 29, Client Deduplicate Time: 0.00078

Client: 32, Client Deduplicate Time: 0.00078

Client: 35, Client Deduplicate Time: 0.00081

Client: 38, Client Deduplicate Time: 0.00078

Client: 41, Client Deduplicate Time: 0.00079

Client: 44, Client Deduplicate Time: 0.00078

Client: 46, Client Deduplicate Time: 0.00079

Client: 48, Client Deduplicate Time: 0.00079


Current Level:  4

Client: 1
Send Times:  [0.0]

Client: 1, Client Send Time: 5.399997462518513e-07

Client: 2
Send Times:  [0.0]

Client: 2, Client Send Time: 3.590030246414244e-07

Client: 4
Send Times:  [0.0]

Client: 4, Client Send Time: 4.999965312890708e-07

Client: 5
Send Times:  [0.0]

Client: 5, Client Send Time: 3.62000719178468e-07

Client: 7
Send Times:  [0.0]

Client: 7, Client Send Time: 4.350004019215703e-07

Client: 8
Send Times:  [0.0]

Client: 8, Client Send Time: 3.270033630542457e-07

Client: 10
Send Times:  [0.0]

Client: 10, Client Send Time: 4.2699684854596853e-07

Client: 11
Send Times:  [0.0]

Client: 11, Client Send Time: 2.809974830597639e-07

Client: 13
Send Times:  [0.0]

Client: 13, Client Send Time: 4.1000021155923605e-07

Client: 14
Send Times:  [0.0]

Client: 14, Client Send Time: 2.980013960041106e-07

Client: 16
Send Times:  [0.0]

Client: 16, Client Send Time: 3.979948814958334e-07

Client: 17
Send Times:  [0.0]

Client: 17, Client Send Time: 2.890010364353657e-07

Client: 19
Send Times:  [0.0]

Client: 19, Client Send Time: 4.129979060962796e-07

Client: 20
Send Times:  [0.0]

Client: 20, Client Send Time: 3.1099625630304217e-07

Client: 23
Send Times:  [0.0, 0.0]

Client: 23, Client Send Time: 3.8299913285300136e-07

Client: 24
Send Times:  [0.0, 0.0]

Client: 24, Client Send Time: 2.759989001788199e-07

Client: 26
Send Times:  [0.0]

Client: 26, Client Send Time: 4.970061127096415e-07

Client: 27
Send Times:  [0.0]

Client: 27, Client Send Time: 2.939996193163097e-07

Client: 29
Send Times:  [0.0]

Client: 29, Client Send Time: 5.319961928762496e-07

Client: 30
Send Times:  [0.0]

Client: 30, Client Send Time: 2.990054781548679e-07

Client: 32
Send Times:  [0.0]

Client: 32, Client Send Time: 4.4699845602735877e-07

Client: 33
Send Times:  [0.0]

Client: 33, Client Send Time: 2.820015652105212e-07

Client: 35
Send Times:  [0.0]

Client: 35, Client Send Time: 5.390029400587082e-07

Client: 36
Send Times:  [0.0]

Client: 36, Client Send Time: 2.849992597475648e-07

Client: 38
Send Times:  [0.0]

Client: 38, Client Send Time: 4.879984771832824e-07

Client: 39
Send Times:  [0.0]

Client: 39, Client Send Time: 2.710003172978759e-07

Client: 41
Send Times:  [0.0]

Client: 41, Client Send Time: 5.679976311512291e-07

Client: 42
Send Times:  [0.0]

Client: 42, Client Send Time: 2.730012056417763e-07

Client: 44
Send Times:  [0.0]

Client: 44, Client Send Time: 4.300018190406263e-07

Client: 45
Send Times:  [0.0]

Client: 45, Client Send Time: 2.85006535705179e-07

Client: 48
Send Times:  [0.0, 0.0]

Client: 48, Client Send Time: 5.23999915458262e-07

Client: 49
Send Times:  [0.0, 0.0]

Client: 49, Client Send Time: 2.6899942895397544e-07

Client: 0
Receive Times:  [0.0, 0.0]

Client: 0, Client Receive Time: 8.409988367930055e-07

Client: 3
Receive Times:  [0.0, 0.0]

Client: 3, Client Receive Time: 6.889968062750995e-07

Client: 6
Receive Times:  [0.0, 0.0]

Client: 6, Client Receive Time: 7.2900002123788e-07

Client: 9
Receive Times:  [0.0, 0.0]

Client: 9, Client Receive Time: 7.179987733252347e-07

Client: 12
Receive Times:  [0.0, 0.0]

Client: 12, Client Receive Time: 6.300033419393003e-07

Client: 15
Receive Times:  [0.0, 0.0]

Client: 15, Client Receive Time: 6.989939720369875e-07

Client: 18
Receive Times:  [0.0, 0.0]

Client: 18, Client Receive Time: 7.220005500130355e-07

Client: 21
Receive Times:  [0.0, 0.0]

Client: 21, Client Receive Time: 5.370020517148077e-07

Client: 22
Receive Times:  [0.0, 0.0]

Client: 22, Client Receive Time: 4.1499879444018006e-07

Client: 25
Receive Times:  [0.0, 0.0]

Client: 25, Client Receive Time: 7.929993444122374e-07

Client: 28
Receive Times:  [0.0, 0.0]

Client: 28, Client Receive Time: 6.850023055449128e-07

Client: 31
Receive Times:  [0.0, 0.0]

Client: 31, Client Receive Time: 9.040013537742198e-07

Client: 34
Receive Times:  [0.0, 0.0]

Client: 34, Client Receive Time: 7.499984349124134e-07

Client: 37
Receive Times:  [0.0, 0.0]

Client: 37, Client Receive Time: 6.929985829629004e-07

Client: 40
Receive Times:  [0.0, 0.0]

Client: 40, Client Receive Time: 6.070040399208665e-07

Client: 43
Receive Times:  [0.0, 0.0]

Client: 43, Client Receive Time: 7.030030246824026e-07

Client: 46
Receive Times:  [0.0, 0.0]

Client: 46, Client Receive Time: 6.560003384947777e-07

Client: 47
Receive Times:  [0.0, 0.0]

Client: 47, Client Receive Time: 4.7300272854045033e-07

Send Time of Group 1: 0.0

Receive Time of Group 0: 0.0

Client: 0, Client Deduplicate Time: 0.0013

Client: 3, Client Deduplicate Time: 0.00129

Client: 6, Client Deduplicate Time: 0.00132

Client: 9, Client Deduplicate Time: 0.00131

Client: 12, Client Deduplicate Time: 0.00131

Client: 15, Client Deduplicate Time: 0.00131

Client: 18, Client Deduplicate Time: 0.00131

Client: 21, Client Deduplicate Time: 0.0012

Client: 22, Client Deduplicate Time: 0.00119

Client: 25, Client Deduplicate Time: 0.00136

Client: 28, Client Deduplicate Time: 0.00131

Client: 31, Client Deduplicate Time: 0.00131

Client: 34, Client Deduplicate Time: 0.00132

Client: 37, Client Deduplicate Time: 0.00132

Client: 40, Client Deduplicate Time: 0.00132

Client: 43, Client Deduplicate Time: 0.00132

Client: 46, Client Deduplicate Time: 0.00121

Client: 47, Client Deduplicate Time: 0.00121


Current Level:  3

Client: 3
Send Times:  [0.0, 0.0, 0.0]

Client: 3, Client Send Time: 4.3799809645861387e-07

Client: 4
Send Times:  [0.0, 0.0, 0.0]

Client: 4, Client Send Time: 3.6600249586626887e-07

Client: 5
Send Times:  [0.0, 0.0, 0.0]

Client: 5, Client Send Time: 2.899978426285088e-07

Client: 9
Send Times:  [0.0, 0.0, 0.0]

Client: 9, Client Send Time: 4.250032361596823e-07

Client: 10
Send Times:  [0.0, 0.0, 0.0]

Client: 10, Client Send Time: 2.7399801183491945e-07

Client: 11
Send Times:  [0.0, 0.0, 0.0]

Client: 11, Client Send Time: 3.0500086722895503e-07

Client: 15
Send Times:  [0.0, 0.0, 0.0]

Client: 15, Client Send Time: 4.210014594718814e-07

Client: 16
Send Times:  [0.0, 0.0, 0.0]

Client: 16, Client Send Time: 2.800006768666208e-07

Client: 17
Send Times:  [0.0, 0.0, 0.0]

Client: 17, Client Send Time: 2.5899498723447323e-07

Client: 21
Send Times:  [0.0, 0.0, 0.0]

Client: 21, Client Send Time: 4.199973773211241e-07

Client: 22
Send Times:  [0.0, 0.0, 0.0]

Client: 22, Client Send Time: 2.7799978852272034e-07

Client: 23
Send Times:  [0.0, 0.0, 0.0]

Client: 23, Client Send Time: 2.6099587557837367e-07

Client: 24
Send Times:  [0.0, 0.0, 0.0]

Client: 24, Client Send Time: 2.7500209398567677e-07

Client: 28
Send Times:  [0.0, 0.0, 0.0]

Client: 28, Client Send Time: 3.899986040778458e-07

Client: 29
Send Times:  [0.0, 0.0, 0.0]

Client: 29, Client Send Time: 2.5700137484818697e-07

Client: 30
Send Times:  [0.0, 0.0, 0.0]

Client: 30, Client Send Time: 2.500019036233425e-07

Client: 34
Send Times:  [0.0, 0.0, 0.0]

Client: 34, Client Send Time: 4.299945430830121e-07

Client: 35
Send Times:  [0.0, 0.0, 0.0]

Client: 35, Client Send Time: 2.6600173441693187e-07

Client: 36
Send Times:  [0.0, 0.0, 0.0]

Client: 36, Client Send Time: 2.4699693312868476e-07

Client: 40
Send Times:  [0.0, 0.0, 0.0]

Client: 40, Client Send Time: 4.4499756768345833e-07

Client: 41
Send Times:  [0.0, 0.0, 0.0]

Client: 41, Client Send Time: 2.680026227608323e-07

Client: 42
Send Times:  [0.0, 0.0, 0.0]

Client: 42, Client Send Time: 2.569940988905728e-07

Client: 46
Send Times:  [0.0, 0.0, 0.0]

Client: 46, Client Send Time: 3.66999302059412e-07

Client: 47
Send Times:  [0.0, 0.0, 0.0]

Client: 47, Client Send Time: 2.9199873097240925e-07

Client: 48
Send Times:  [0.0, 0.0, 0.0]

Client: 48, Client Send Time: 2.730012056417763e-07

Client: 49
Send Times:  [0.0, 0.0, 0.0]

Client: 49, Client Send Time: 2.4199835024774075e-07

Client: 0
Receive Times:  [0.0, 0.0, 0.0]

Client: 0, Client Receive Time: 6.660047802142799e-07

Client: 1
Receive Times:  [0.0, 0.0, 0.0]

Client: 1, Client Receive Time: 5.05002390127629e-07

Client: 2
Receive Times:  [0.0, 0.0, 0.0]

Client: 2, Client Receive Time: 4.569956217892468e-07

Client: 6
Receive Times:  [0.0, 0.0, 0.0]

Client: 6, Client Receive Time: 5.679976311512291e-07

Client: 7
Receive Times:  [0.0, 0.0, 0.0]

Client: 7, Client Receive Time: 5.089968908578157e-07

Client: 8
Receive Times:  [0.0, 0.0, 0.0]

Client: 8, Client Receive Time: 5.05002390127629e-07

Client: 12
Receive Times:  [0.0, 0.0, 0.0]

Client: 12, Client Receive Time: 5.730034899897873e-07

Client: 13
Receive Times:  [0.0, 0.0, 0.0]

Client: 13, Client Receive Time: 4.6799686970189214e-07

Client: 14
Receive Times:  [0.0, 0.0, 0.0]

Client: 14, Client Receive Time: 4.3299951357766986e-07

Client: 18
Receive Times:  [0.0, 0.0, 0.0, 0.0]

Client: 18, Client Receive Time: 7.780035957694054e-07

Client: 19
Receive Times:  [0.0, 0.0, 0.0, 0.0]

Client: 19, Client Receive Time: 3.989989636465907e-07

Client: 20
Receive Times:  [0.0, 0.0, 0.0, 0.0]

Client: 20, Client Receive Time: 4.33996319770813e-07

Client: 25
Receive Times:  [0.0, 0.0, 0.0]

Client: 25, Client Receive Time: 6.359987310133874e-07

Client: 26
Receive Times:  [0.0, 0.0, 1e-05]

Client: 26, Client Receive Time: 5.88800321565941e-06

Client: 27
Receive Times:  [0.0, 0.0, 0.0]

Client: 27, Client Receive Time: 4.2800093069672585e-07

Client: 31
Receive Times:  [0.0, 0.0, 0.0]

Client: 31, Client Receive Time: 7.039998308755457e-07

Client: 32
Receive Times:  [0.0, 0.0, 0.0]

Client: 32, Client Receive Time: 4.76997229270637e-07

Client: 33
Receive Times:  [0.0, 0.0, 0.0]

Client: 33, Client Receive Time: 4.0500162867829204e-07

Client: 37
Receive Times:  [0.0, 0.0, 0.0]

Client: 37, Client Receive Time: 5.809997674077749e-07

Client: 38
Receive Times:  [0.0, 0.0, 0.0]

Client: 38, Client Receive Time: 3.3400283427909017e-07

Client: 39
Receive Times:  [0.0, 0.0, 0.0]

Client: 39, Client Receive Time: 4.6499917516484857e-07

Client: 43
Receive Times:  [0.0, 0.0, 0.0, 0.0]

Client: 43, Client Receive Time: 6.880000000819564e-07

Client: 44
Receive Times:  [0.0, 0.0, 0.0, 0.0]

Client: 44, Client Receive Time: 4.3299951357766986e-07

Client: 45
Receive Times:  [0.0, 0.0, 0.0, 0.0]

Client: 45, Client Receive Time: 3.8700090954080224e-07

Send Time of Group 1: 0.0

Receive Time of Group 0: 1e-05

Client: 0, Client Deduplicate Time: 0.00165

Client: 1, Client Deduplicate Time: 0.00152

Client: 2, Client Deduplicate Time: 0.00165

Client: 6, Client Deduplicate Time: 0.00173

Client: 7, Client Deduplicate Time: 0.00155

Client: 8, Client Deduplicate Time: 0.00168

Client: 12, Client Deduplicate Time: 0.00168

Client: 13, Client Deduplicate Time: 0.00159

Client: 14, Client Deduplicate Time: 0.00168

Client: 18, Client Deduplicate Time: 0.00226

Client: 19, Client Deduplicate Time: 0.00206

Client: 20, Client Deduplicate Time: 0.00219

Client: 25, Client Deduplicate Time: 0.0017

Client: 26, Client Deduplicate Time: 0.00155

Client: 27, Client Deduplicate Time: 0.00169

Client: 31, Client Deduplicate Time: 0.00172

Client: 32, Client Deduplicate Time: 0.00158

Client: 33, Client Deduplicate Time: 0.0017

Client: 37, Client Deduplicate Time: 0.00168

Client: 38, Client Deduplicate Time: 0.00156

Client: 39, Client Deduplicate Time: 0.00169

Client: 43, Client Deduplicate Time: 0.0022

Client: 44, Client Deduplicate Time: 0.00206

Client: 45, Client Deduplicate Time: 0.00221


Current Level:  2

Client: 6
Send Times:  [0.0, 0.0, 0.0, 0.0, 0.0, 0.0]

Client: 6, Client Send Time: 5.269976099953055e-07

Client: 7
Send Times:  [0.0, 0.0, 0.0, 0.0, 0.0, 0.0]

Client: 7, Client Send Time: 3.450040821917355e-07

Client: 8
Send Times:  [0.0, 0.0, 0.0, 0.0, 0.0, 0.0]

Client: 8, Client Send Time: 2.7900387067347765e-07

Client: 9
Send Times:  [0.0, 0.0, 0.0, 0.0, 0.0, 0.0]

Client: 9, Client Send Time: 3.039967850781977e-07

Client: 10
Send Times:  [0.0, 0.0, 0.0, 0.0, 0.0, 0.0]

Client: 10, Client Send Time: 2.4700420908629894e-07

Client: 11
Send Times:  [0.0, 0.0, 0.0, 0.0, 0.0, 0.0]

Client: 11, Client Send Time: 2.6999623514711857e-07

Client: 18
Send Times:  [0.0, 0.0, 0.0, 0.0, 0.0, 0.0]

Client: 18, Client Send Time: 4.1000021155923605e-07

Client: 19
Send Times:  [0.0, 0.0, 0.0, 0.0, 0.0, 0.0]

Client: 19, Client Send Time: 2.859960659407079e-07

Client: 20
Send Times:  [0.0, 0.0, 0.0, 0.0, 0.0, 0.0]

Client: 20, Client Send Time: 2.61999957729131e-07

Client: 21
Send Times:  [0.0, 0.0, 0.0, 0.0, 0.0, 0.0]

Client: 21, Client Send Time: 2.569940988905728e-07

Client: 22
Send Times:  [0.0, 0.0, 0.0, 0.0, 0.0, 0.0]

Client: 22, Client Send Time: 2.4600012693554163e-07

Client: 23
Send Times:  [0.0, 0.0, 0.0, 0.0, 0.0, 0.0]

Client: 23, Client Send Time: 2.6499765226617455e-07

Client: 24
Send Times:  [0.0, 0.0, 0.0, 0.0, 0.0, 0.0]

Client: 24, Client Send Time: 2.500019036233425e-07

Client: 31
Send Times:  [0.0, 0.0, 0.0, 0.0, 0.0, 0.0]

Client: 31, Client Send Time: 5.710026016458869e-07

Client: 32
Send Times:  [0.0, 0.0, 0.0, 0.0, 0.0, 0.0]

Client: 32, Client Send Time: 2.7000351110473275e-07

Client: 33
Send Times:  [0.0, 0.0, 0.0, 0.0, 0.0, 0.0]

Client: 33, Client Send Time: 2.730012056417763e-07

Client: 34
Send Times:  [0.0, 0.0, 0.0, 0.0, 0.0, 0.0]

Client: 34, Client Send Time: 2.539964043535292e-07

Client: 35
Send Times:  [0.0, 0.0, 0.0, 0.0, 0.0, 0.0]

Client: 35, Client Send Time: 2.579981810413301e-07

Client: 36
Send Times:  [0.0, 0.0, 0.0, 0.0, 0.0, 0.0]

Client: 36, Client Send Time: 2.809974830597639e-07

Client: 43
Send Times:  [0.0, 0.0, 0.0, 0.0, 0.0, 0.0]

Client: 43, Client Send Time: 4.62001480627805e-07

Client: 44
Send Times:  [0.0, 0.0, 0.0, 0.0, 0.0, 0.0]

Client: 44, Client Send Time: 2.6499765226617455e-07

Client: 45
Send Times:  [0.0, 0.0, 0.0, 0.0, 0.0, 0.0]

Client: 45, Client Send Time: 2.5599729269742966e-07

Client: 46
Send Times:  [0.0, 0.0, 0.0, 0.0, 0.0, 0.0]

Client: 46, Client Send Time: 2.5700137484818697e-07

Client: 47
Send Times:  [0.0, 0.0, 0.0, 0.0, 0.0, 0.0]

Client: 47, Client Send Time: 2.4699693312868476e-07

Client: 48
Send Times:  [0.0, 0.0, 0.0, 0.0, 0.0, 0.0]

Client: 48, Client Send Time: 2.7500209398567677e-07

Client: 49
Send Times:  [0.0, 0.0, 0.0, 0.0, 0.0, 0.0]

Client: 49, Client Send Time: 2.5099870981648564e-07

Client: 0
Receive Times:  [0.0, 0.0, 0.0, 0.0, 0.0, 0.0]

Client: 0, Client Receive Time: 8.459974196739495e-07

Client: 1
Receive Times:  [0.0, 1e-05, 0.0, 0.0, 0.0, 0.0]

Client: 1, Client Receive Time: 6.2449980759993196e-06

Client: 2
Receive Times:  [0.0, 0.0, 0.0, 0.0, 0.0, 0.0]

Client: 2, Client Receive Time: 5.189940566197038e-07

Client: 3
Receive Times:  [0.0, 0.0, 0.0, 0.0, 0.0, 0.0]

Client: 3, Client Receive Time: 5.789988790638745e-07

Client: 4
Receive Times:  [0.0, 0.0, 0.0, 0.0, 0.0, 0.0]

Client: 4, Client Receive Time: 4.699977580457926e-07

Client: 5
Receive Times:  [0.0, 0.0, 0.0, 0.0, 0.0, 0.0]

Client: 5, Client Receive Time: 4.429966793395579e-07

Client: 12
Receive Times:  [0.0, 0.0, 0.0, 0.0, 0.0, 0.0, 0.0]

Client: 12, Client Receive Time: 5.399997462518513e-07

Client: 13
Receive Times:  [0.0, 0.0, 0.0, 0.0, 0.0, 0.0, 0.0]

Client: 13, Client Receive Time: 4.2800093069672585e-07

Client: 14
Receive Times:  [0.0, 0.0, 0.0, 0.0, 0.0, 0.0, 0.0]

Client: 14, Client Receive Time: 3.710010787472129e-07

Client: 15
Receive Times:  [0.0, 0.0, 0.0, 0.0, 0.0, 0.0, 0.0]

Client: 15, Client Receive Time: 3.7899735616520047e-07

Client: 16
Receive Times:  [0.0, 0.0, 0.0, 0.0, 0.0, 0.0, 0.0]

Client: 16, Client Receive Time: 5.170004442334175e-07

Client: 17
Receive Times:  [0.0, 0.0, 0.0, 0.0, 0.0, 0.0, 0.0]

Client: 17, Client Receive Time: 3.909000952262431e-06

Client: 25
Receive Times:  [0.0, 0.0, 0.0, 0.0, 0.0, 0.0]

Client: 25, Client Receive Time: 7.070048013702035e-07

Client: 26
Receive Times:  [0.0, 0.0, 0.0, 0.0, 0.0, 0.0]

Client: 26, Client Receive Time: 5.900001269765198e-07

Client: 27
Receive Times:  [0.0, 0.0, 0.0, 0.0, 0.0, 0.0]

Client: 27, Client Receive Time: 5.809997674077749e-07

Client: 28
Receive Times:  [0.0, 0.0, 0.0, 0.0, 0.0, 0.0]

Client: 28, Client Receive Time: 4.6499917516484857e-07

Client: 29
Receive Times:  [0.0, 0.0, 0.0, 0.0, 0.0, 0.0]

Client: 29, Client Receive Time: 5.350011633709073e-07

Client: 30
Receive Times:  [0.0, 0.0, 0.0, 0.0, 0.0, 0.0]

Client: 30, Client Receive Time: 3.4859986044466496e-06

Client: 37
Receive Times:  [0.0, 0.0, 0.0, 0.0, 0.0, 0.0, 0.0]

Client: 37, Client Receive Time: 6.749978638254106e-07

Client: 38
Receive Times:  [0.0, 0.0, 0.0, 0.0, 0.0, 0.0, 0.0]

Client: 38, Client Receive Time: 4.4099579099565744e-07

Client: 39
Receive Times:  [0.0, 0.0, 0.0, 0.0, 0.0, 0.0, 0.0]

Client: 39, Client Receive Time: 5.049951141700149e-07

Client: 40
Receive Times:  [0.0, 0.0, 0.0, 0.0, 0.0, 0.0, 0.0]

Client: 40, Client Receive Time: 5.359979695640504e-07

Client: 41
Receive Times:  [0.0, 0.0, 0.0, 0.0, 0.0, 0.0, 0.0]

Client: 41, Client Receive Time: 5.429974407888949e-07

Client: 42
Receive Times:  [0.0, 0.0, 0.0, 0.0, 0.0, 0.0, 0.0]

Client: 42, Client Receive Time: 4.4100306695327163e-07

Send Time of Group 1: 0.0

Receive Time of Group 0: 1e-05

Client: 0, Client Deduplicate Time: 0.00319

Client: 1, Client Deduplicate Time: 0.00306

Client: 2, Client Deduplicate Time: 0.00307

Client: 3, Client Deduplicate Time: 0.00305

Client: 4, Client Deduplicate Time: 0.00306

Client: 5, Client Deduplicate Time: 0.00317

Client: 12, Client Deduplicate Time: 0.00375

Client: 13, Client Deduplicate Time: 0.00367

Client: 14, Client Deduplicate Time: 0.00364

Client: 15, Client Deduplicate Time: 0.00362

Client: 16, Client Deduplicate Time: 0.00365

Client: 17, Client Deduplicate Time: 0.00374

Client: 25, Client Deduplicate Time: 0.00326

Client: 26, Client Deduplicate Time: 0.00311

Client: 27, Client Deduplicate Time: 0.00312

Client: 28, Client Deduplicate Time: 0.0031

Client: 29, Client Deduplicate Time: 0.00313

Client: 30, Client Deduplicate Time: 0.00333

Client: 37, Client Deduplicate Time: 0.00377

Client: 38, Client Deduplicate Time: 0.00375

Client: 39, Client Deduplicate Time: 0.00388

Client: 40, Client Deduplicate Time: 0.00366

Client: 41, Client Deduplicate Time: 0.00371

Client: 42, Client Deduplicate Time: 0.00394


Current Level:  1

Client: 12
Send Times:  [0.0, 0.0, 0.0, 0.0, 0.0, 0.0, 0.0, 0.0, 0.0, 0.0, 0.0, 0.0]

Client: 12, Client Send Time: 4.1499879444018006e-07

Client: 13
Send Times:  [0.0, 0.0, 0.0, 0.0, 0.0, 0.0, 0.0, 0.0, 0.0, 0.0, 0.0, 0.0]

Client: 13, Client Send Time: 3.029999788850546e-07

Client: 14
Send Times:  [0.0, 0.0, 0.0, 0.0, 0.0, 0.0, 0.0, 0.0, 0.0, 0.0, 0.0, 0.0]

Client: 14, Client Send Time: 2.61999957729131e-07

Client: 15
Send Times:  [0.0, 0.0, 0.0, 0.0, 0.0, 0.0, 0.0, 0.0, 0.0, 0.0, 0.0, 0.0]

Client: 15, Client Send Time: 2.5999906938523054e-07

Client: 16
Send Times:  [0.0, 0.0, 0.0, 0.0, 0.0, 0.0, 0.0, 0.0, 0.0, 0.0, 0.0, 0.0]

Client: 16, Client Send Time: 2.890010364353657e-07

Client: 17
Send Times:  [0.0, 0.0, 0.0, 0.0, 0.0, 0.0, 0.0, 0.0, 0.0, 0.0, 0.0, 0.0]

Client: 17, Client Send Time: 2.770029823295772e-07

Client: 18
Send Times:  [0.0, 0.0, 0.0, 0.0, 0.0, 0.0, 0.0, 0.0, 0.0, 0.0, 0.0, 0.0]

Client: 18, Client Send Time: 2.5999906938523054e-07

Client: 19
Send Times:  [0.0, 0.0, 0.0, 0.0, 0.0, 0.0, 0.0, 0.0, 0.0, 0.0, 0.0, 0.0]

Client: 19, Client Send Time: 2.540036803111434e-07

Client: 20
Send Times:  [0.0, 0.0, 0.0, 0.0, 0.0, 0.0, 0.0, 0.0, 0.0, 0.0, 0.0, 0.0]

Client: 20, Client Send Time: 2.629967639222741e-07

Client: 21
Send Times:  [0.0, 0.0, 0.0, 0.0, 0.0, 0.0, 0.0, 0.0, 0.0, 0.0, 0.0, 0.0]

Client: 21, Client Send Time: 2.4800101527944207e-07

Client: 22
Send Times:  [0.0, 0.0, 0.0, 0.0, 0.0, 0.0, 0.0, 0.0, 0.0, 0.0, 0.0, 0.0]

Client: 22, Client Send Time: 2.4199835024774075e-07

Client: 23
Send Times:  [0.0, 0.0, 0.0, 0.0, 0.0, 0.0, 0.0, 0.0, 0.0, 0.0, 0.0, 0.0]

Client: 23, Client Send Time: 2.679953468032181e-07

Client: 24
Send Times:  [0.0, 0.0, 0.0, 0.0, 0.0, 0.0, 0.0, 0.0, 0.0, 0.0, 0.0, 0.0]

Client: 24, Client Send Time: 2.659944584593177e-07

Client: 37
Send Times:  [0.0, 0.0, 0.0, 0.0, 0.0, 0.0, 0.0, 0.0, 0.0, 0.0, 0.0, 0.0]

Client: 37, Client Send Time: 3.4009935916401446e-06

Client: 38
Send Times:  [0.0, 0.0, 0.0, 0.0, 0.0, 0.0, 0.0, 0.0, 0.0, 0.0, 0.0, 0.0]

Client: 38, Client Send Time: 2.6600173441693187e-07

Client: 39
Send Times:  [0.0, 0.0, 0.0, 0.0, 0.0, 0.0, 0.0, 0.0, 0.0, 0.0, 0.0, 0.0]

Client: 39, Client Send Time: 2.5200279196724296e-07

Client: 40
Send Times:  [0.0, 0.0, 0.0, 0.0, 0.0, 0.0, 0.0, 0.0, 0.0, 0.0, 0.0, 0.0]

Client: 40, Client Send Time: 2.680026227608323e-07

Client: 41
Send Times:  [0.0, 0.0, 0.0, 0.0, 0.0, 0.0, 0.0, 0.0, 0.0, 0.0, 0.0, 0.0]

Client: 41, Client Send Time: 2.500019036233425e-07

Client: 42
Send Times:  [0.0, 0.0, 0.0, 0.0, 0.0, 0.0, 0.0, 0.0, 0.0, 0.0, 0.0, 0.0]

Client: 42, Client Send Time: 2.710003172978759e-07

Client: 43
Send Times:  [0.0, 0.0, 0.0, 0.0, 0.0, 0.0, 0.0, 0.0, 0.0, 0.0, 0.0, 0.0]

Client: 43, Client Send Time: 2.4700420908629894e-07

Client: 44
Send Times:  [0.0, 0.0, 0.0, 0.0, 0.0, 0.0, 0.0, 0.0, 0.0, 0.0, 0.0, 0.0]

Client: 44, Client Send Time: 2.4199835024774075e-07

Client: 45
Send Times:  [0.0, 0.0, 0.0, 0.0, 0.0, 0.0, 0.0, 0.0, 0.0, 0.0, 0.0, 0.0]

Client: 45, Client Send Time: 2.439992385916412e-07

Client: 46
Send Times:  [0.0, 0.0, 0.0, 0.0, 0.0, 0.0, 0.0, 0.0, 0.0, 0.0, 0.0, 0.0]

Client: 46, Client Send Time: 2.6500492822378874e-07

Client: 47
Send Times:  [0.0, 0.0, 0.0, 0.0, 0.0, 0.0, 0.0, 0.0, 0.0, 0.0, 0.0, 0.0]

Client: 47, Client Send Time: 4.059002094436437e-06

Client: 48
Send Times:  [0.0, 0.0, 0.0, 0.0, 0.0, 0.0, 0.0, 0.0, 0.0, 0.0, 0.0, 0.0]

Client: 48, Client Send Time: 2.5999906938523054e-07

Client: 49
Send Times:  [0.0, 0.0, 0.0, 0.0, 0.0, 0.0, 0.0, 0.0, 0.0, 0.0, 0.0, 0.0]

Client: 49, Client Send Time: 2.182001480832696e-06

Client: 0
Receive Times:  [0.0, 0.0, 0.0, 0.0, 0.0, 0.0, 0.0, 0.0, 0.0, 0.0, 0.0, 0.0, 0.0]

Client: 0, Client Receive Time: 2.530003257561475e-06

Client: 1
Receive Times:  [0.0, 0.0, 0.0, 0.0, 0.0, 0.0, 0.0, 0.0, 0.0, 0.0, 0.0, 0.0, 0.0]

Client: 1, Client Receive Time: 1.2620002962648869e-06

Client: 2
Receive Times:  [0.0, 0.0, 0.0, 0.0, 0.0, 0.0, 0.0, 0.0, 0.0, 0.0, 0.0, 0.0, 0.0]

Client: 2, Client Receive Time: 8.120041457004845e-07

Client: 3
Receive Times:  [0.0, 0.0, 0.0, 0.0, 0.0, 0.0, 0.0, 0.0, 0.0, 0.0, 0.0, 0.0, 0.0]

Client: 3, Client Receive Time: 3.3190008252859116e-06

Client: 4
Receive Times:  [0.0, 0.0, 0.0, 0.0, 0.0, 0.0, 0.0, 0.0, 0.0, 0.0, 0.0, 0.0, 0.0]

Client: 4, Client Receive Time: 6.799964467063546e-07

Client: 5
Receive Times:  [0.0, 0.0, 0.0, 0.0, 0.0, 0.0, 0.0, 0.0, 0.0, 0.0, 0.0, 0.0, 0.0]

Client: 5, Client Receive Time: 6.400005077011883e-07

Client: 6
Receive Times:  [0.0, 0.0, 0.0, 0.0, 0.0, 0.0, 0.0, 0.0, 0.0, 0.0, 0.0, 0.0, 0.0]

Client: 6, Client Receive Time: 5.949987098574638e-07

Client: 7
Receive Times:  [0.0, 0.0, 0.0, 0.0, 0.0, 0.0, 0.0, 0.0, 0.0, 0.0, 0.0, 0.0, 0.0]

Client: 7, Client Receive Time: 7.669950718991458e-07

Client: 8
Receive Times:  [0.0, 0.0, 0.0, 0.0, 0.0, 0.0, 0.0, 0.0, 0.0, 0.0, 0.0, 0.0, 0.0]

Client: 8, Client Receive Time: 5.889960448257625e-07

Client: 9
Receive Times:  [0.0, 0.0, 0.0, 0.0, 0.0, 0.0, 0.0, 0.0, 0.0, 0.0, 0.0, 0.0, 0.0]

Client: 9, Client Receive Time: 2.297005266882479e-06

Client: 10
Receive Times:  [0.0, 0.0, 0.0, 0.0, 0.0, 0.0, 0.0, 0.0, 0.0, 0.0, 0.0, 0.0, 0.0]

Client: 10, Client Receive Time: 8.040005923248827e-07

Client: 11
Receive Times:  [0.0, 0.0, 0.0, 0.0, 0.0, 0.0, 0.0, 0.0, 0.0, 0.0, 0.0, 0.0, 0.0]

Client: 11, Client Receive Time: 4.890025593340397e-07

Client: 25
Receive Times:  [0.0, 0.0, 0.0, 0.0, 0.0, 0.0, 0.0, 0.0, 0.0, 0.0, 0.0, 0.0, 0.0]

Client: 25, Client Receive Time: 7.659982657060027e-07

Client: 26
Receive Times:  [0.0, 0.0, 0.0, 0.0, 0.0, 0.0, 0.0, 0.0, 0.0, 0.0, 0.0, 0.0, 0.0]

Client: 26, Client Receive Time: 5.350011633709073e-07

Client: 27
Receive Times:  [0.0, 0.0, 0.0, 0.0, 0.0, 0.0, 0.0, 0.0, 0.0, 0.0, 0.0, 0.0, 0.0]

Client: 27, Client Receive Time: 6.650006980635226e-07

Client: 28
Receive Times:  [0.0, 0.0, 0.0, 0.0, 0.0, 0.0, 0.0, 0.0, 0.0, 0.0, 0.0, 0.0, 0.0]

Client: 28, Client Receive Time: 9.020004654303193e-07

Client: 29
Receive Times:  [0.0, 0.0, 0.0, 0.0, 0.0, 0.0, 0.0, 0.0, 0.0, 0.0, 0.0, 0.0, 0.0]

Client: 29, Client Receive Time: 8.010028977878392e-07

Client: 30
Receive Times:  [0.0, 0.0, 0.0, 0.0, 0.0, 0.0, 0.0, 0.0, 0.0, 0.0, 0.0, 0.0, 0.0]

Client: 30, Client Receive Time: 8.380011422559619e-07

Client: 31
Receive Times:  [0.0, 0.0, 0.0, 0.0, 0.0, 0.0, 0.0, 0.0, 0.0, 0.0, 0.0, 0.0, 0.0]

Client: 31, Client Receive Time: 1.1689990060403943e-06

Client: 32
Receive Times:  [0.0, 0.0, 0.0, 0.0, 0.0, 0.0, 0.0, 0.0, 0.0, 0.0, 0.0, 0.0, 0.0]

Client: 32, Client Receive Time: 5.740002961829305e-07

Client: 33
Receive Times:  [0.0, 0.0, 0.0, 0.0, 0.0, 0.0, 0.0, 0.0, 0.0, 0.0, 0.0, 0.0, 0.0]

Client: 33, Client Receive Time: 6.129994289949536e-07

Client: 34
Receive Times:  [0.0, 0.0, 0.0, 0.0, 0.0, 0.0, 0.0, 0.0, 0.0, 0.0, 0.0, 0.0, 0.0]

Client: 34, Client Receive Time: 4.120010999031365e-07

Client: 35
Receive Times:  [0.0, 0.0, 0.0, 0.0, 0.0, 0.0, 0.0, 0.0, 0.0, 0.0, 0.0, 0.0, 0.0]

Client: 35, Client Receive Time: 5.059991963207722e-07

Client: 36
Receive Times:  [0.0, 0.0, 0.0, 0.0, 0.0, 0.0, 0.0, 0.0, 0.0, 0.0, 0.0, 0.0, 0.0]

Client: 36, Client Receive Time: 7.930066203698516e-07

Send Time of Group 1: 0.0

Receive Time of Group 0: 0.0

Client: 0, Client Deduplicate Time: 0.00701

Client: 1, Client Deduplicate Time: 0.00659

Client: 2, Client Deduplicate Time: 0.0066

Client: 3, Client Deduplicate Time: 0.00654

Client: 4, Client Deduplicate Time: 0.00653

Client: 5, Client Deduplicate Time: 0.0066

Client: 6, Client Deduplicate Time: 0.00752

Client: 7, Client Deduplicate Time: 0.00669

Client: 8, Client Deduplicate Time: 0.00668

Client: 9, Client Deduplicate Time: 0.00665

Client: 10, Client Deduplicate Time: 0.00666

Client: 11, Client Deduplicate Time: 0.00672

Client: 25, Client Deduplicate Time: 0.00685

Client: 26, Client Deduplicate Time: 0.00665

Client: 27, Client Deduplicate Time: 0.00688

Client: 28, Client Deduplicate Time: 0.00665

Client: 29, Client Deduplicate Time: 0.00665

Client: 30, Client Deduplicate Time: 0.00705

Client: 31, Client Deduplicate Time: 0.00675

Client: 32, Client Deduplicate Time: 0.00675

Client: 33, Client Deduplicate Time: 0.00679

Client: 34, Client Deduplicate Time: 0.00683

Client: 35, Client Deduplicate Time: 0.0067

Client: 36, Client Deduplicate Time: 0.00676


Current Level:  0

Client: 25
Send Times:  [0.0, 0.0, 0.0, 0.0, 0.0, 0.0, 0.0, 0.0, 0.0, 0.0, 0.0, 0.0, 0.0, 0.0, 0.0, 0.0, 0.0, 0.0, 0.0, 0.0, 0.0, 0.0, 0.0, 0.0, 0.0]

Client: 25, Client Send Time: 5.3399708122015e-07

Client: 26
Send Times:  [0.0, 0.0, 0.0, 0.0, 0.0, 0.0, 0.0, 0.0, 0.0, 0.0, 0.0, 0.0, 0.0, 0.0, 0.0, 0.0, 0.0, 0.0, 0.0, 0.0, 0.0, 0.0, 0.0, 0.0, 0.0]

Client: 26, Client Send Time: 3.090026439167559e-07

Client: 27
Send Times:  [0.0, 0.0, 0.0, 0.0, 0.0, 0.0, 0.0, 0.0, 0.0, 0.0, 0.0, 0.0, 0.0, 0.0, 0.0, 0.0, 0.0, 0.0, 0.0, 0.0, 0.0, 0.0, 0.0, 0.0, 0.0]

Client: 27, Client Send Time: 2.4200562620535493e-07

Client: 28
Send Times:  [0.0, 0.0, 0.0, 0.0, 0.0, 0.0, 0.0, 0.0, 0.0, 0.0, 0.0, 0.0, 0.0, 0.0, 0.0, 0.0, 0.0, 0.0, 0.0, 0.0, 0.0, 0.0, 0.0, 0.0, 0.0]

Client: 28, Client Send Time: 2.1379964891821146e-06

Client: 29
Send Times:  [0.0, 0.0, 0.0, 0.0, 0.0, 0.0, 0.0, 0.0, 0.0, 0.0, 0.0, 0.0, 0.0, 0.0, 0.0, 0.0, 0.0, 0.0, 0.0, 0.0, 0.0, 0.0, 0.0, 0.0, 0.0]

Client: 29, Client Send Time: 2.849992597475648e-07

Client: 30
Send Times:  [0.0, 0.0, 0.0, 0.0, 0.0, 0.0, 0.0, 0.0, 0.0, 0.0, 0.0, 0.0, 0.0, 0.0, 0.0, 0.0, 0.0, 0.0, 0.0, 0.0, 0.0, 0.0, 0.0, 0.0, 0.0]

Client: 30, Client Send Time: 2.630040398798883e-07

Client: 31
Send Times:  [0.0, 0.0, 0.0, 0.0, 0.0, 0.0, 0.0, 0.0, 0.0, 0.0, 0.0, 0.0, 0.0, 0.0, 0.0, 0.0, 0.0, 0.0, 0.0, 0.0, 0.0, 0.0, 0.0, 0.0, 0.0]

Client: 31, Client Send Time: 2.680026227608323e-07

Client: 32
Send Times:  [0.0, 0.0, 0.0, 0.0, 0.0, 0.0, 0.0, 0.0, 0.0, 0.0, 0.0, 0.0, 0.0, 0.0, 0.0, 0.0, 0.0, 0.0, 0.0, 0.0, 0.0, 0.0, 0.0, 0.0, 0.0]

Client: 32, Client Send Time: 2.71997123491019e-07

Client: 33
Send Times:  [0.0, 0.0, 0.0, 0.0, 0.0, 0.0, 0.0, 0.0, 0.0, 0.0, 0.0, 0.0, 0.0, 0.0, 0.0, 0.0, 0.0, 0.0, 0.0, 0.0, 0.0, 0.0, 0.0, 0.0, 0.0]

Client: 33, Client Send Time: 2.580054569989443e-07

Client: 34
Send Times:  [0.0, 0.0, 0.0, 0.0, 0.0, 0.0, 0.0, 0.0, 0.0, 0.0, 0.0, 0.0, 0.0, 0.0, 0.0, 0.0, 0.0, 0.0, 0.0, 0.0, 0.0, 0.0, 0.0, 0.0, 0.0]

Client: 34, Client Send Time: 2.5500048650428653e-07

Client: 35
Send Times:  [0.0, 0.0, 0.0, 0.0, 0.0, 0.0, 0.0, 0.0, 0.0, 0.0, 0.0, 0.0, 0.0, 0.0, 0.0, 0.0, 0.0, 0.0, 0.0, 0.0, 0.0, 0.0, 0.0, 0.0, 0.0]

Client: 35, Client Send Time: 2.1029991330578923e-06

Client: 36
Send Times:  [0.0, 0.0, 0.0, 0.0, 0.0, 0.0, 0.0, 0.0, 0.0, 0.0, 0.0, 0.0, 0.0, 0.0, 0.0, 0.0, 0.0, 0.0, 0.0, 0.0, 0.0, 0.0, 0.0, 0.0, 0.0]

Client: 36, Client Send Time: 2.490050974301994e-07

Client: 37
Send Times:  [0.0, 0.0, 0.0, 0.0, 0.0, 0.0, 0.0, 0.0, 0.0, 0.0, 0.0, 0.0, 0.0, 0.0, 0.0, 0.0, 0.0, 0.0, 0.0, 0.0, 0.0, 0.0, 0.0, 0.0, 0.0]

Client: 37, Client Send Time: 2.5499321054667234e-07

Client: 38
Send Times:  [0.0, 0.0, 0.0, 0.0, 0.0, 0.0, 0.0, 0.0, 0.0, 0.0, 0.0, 0.0, 0.0, 0.0, 0.0, 0.0, 0.0, 0.0, 0.0, 0.0, 0.0, 0.0, 0.0, 0.0, 0.0]

Client: 38, Client Send Time: 2.353001036681235e-06

Client: 39
Send Times:  [0.0, 0.0, 0.0, 0.0, 0.0, 0.0, 0.0, 0.0, 0.0, 0.0, 0.0, 0.0, 0.0, 0.0, 0.0, 0.0, 0.0, 0.0, 0.0, 0.0, 0.0, 0.0, 0.0, 0.0, 0.0]

Client: 39, Client Send Time: 2.640008460730314e-07

Client: 40
Send Times:  [0.0, 0.0, 0.0, 0.0, 0.0, 0.0, 0.0, 0.0, 0.0, 0.0, 0.0, 0.0, 0.0, 0.0, 0.0, 0.0, 0.0, 0.0, 0.0, 0.0, 0.0, 0.0, 0.0, 0.0, 0.0]

Client: 40, Client Send Time: 2.889937604777515e-07

Client: 41
Send Times:  [0.0, 0.0, 0.0, 0.0, 0.0, 0.0, 0.0, 0.0, 0.0, 0.0, 0.0, 0.0, 0.0, 0.0, 0.0, 0.0, 0.0, 0.0, 0.0, 0.0, 0.0, 0.0, 0.0, 0.0, 0.0]

Client: 41, Client Send Time: 2.66998540610075e-07

Client: 42
Send Times:  [0.0, 0.0, 0.0, 0.0, 0.0, 0.0, 0.0, 0.0, 0.0, 0.0, 0.0, 0.0, 0.0, 0.0, 0.0, 0.0, 0.0, 0.0, 0.0, 0.0, 0.0, 0.0, 0.0, 0.0, 0.0]

Client: 42, Client Send Time: 2.820015652105212e-07

Client: 43
Send Times:  [0.0, 0.0, 0.0, 0.0, 0.0, 0.0, 0.0, 0.0, 0.0, 0.0, 0.0, 0.0, 0.0, 0.0, 0.0, 0.0, 0.0, 0.0, 0.0, 0.0, 0.0, 0.0, 0.0, 0.0, 0.0]

Client: 43, Client Send Time: 2.6999623514711857e-07

Client: 44
Send Times:  [0.0, 0.0, 0.0, 0.0, 0.0, 0.0, 0.0, 0.0, 0.0, 0.0, 0.0, 0.0, 0.0, 0.0, 0.0, 0.0, 0.0, 0.0, 0.0, 0.0, 0.0, 0.0, 0.0, 0.0, 0.0]

Client: 44, Client Send Time: 2.500019036233425e-07

Client: 45
Send Times:  [0.0, 0.0, 0.0, 0.0, 0.0, 0.0, 0.0, 0.0, 0.0, 0.0, 0.0, 0.0, 0.0, 0.0, 0.0, 0.0, 0.0, 0.0, 0.0, 0.0, 0.0, 0.0, 0.0, 0.0, 0.0]

Client: 45, Client Send Time: 2.5499321054667234e-07

Client: 46
Send Times:  [0.0, 0.0, 0.0, 0.0, 0.0, 0.0, 0.0, 0.0, 0.0, 0.0, 0.0, 0.0, 0.0, 0.0, 0.0, 0.0, 0.0, 0.0, 0.0, 0.0, 0.0, 0.0, 0.0, 0.0, 0.0]

Client: 46, Client Send Time: 3.760003892239183e-06

Client: 47
Send Times:  [0.0, 0.0, 0.0, 0.0, 0.0, 0.0, 0.0, 0.0, 0.0, 0.0, 0.0, 0.0, 0.0, 0.0, 0.0, 0.0, 0.0, 0.0, 0.0, 0.0, 0.0, 0.0, 0.0, 0.0, 0.0]

Client: 47, Client Send Time: 2.710003172978759e-07

Client: 48
Send Times:  [0.0, 0.0, 0.0, 0.0, 0.0, 0.0, 0.0, 0.0, 0.0, 0.0, 0.0, 0.0, 0.0, 0.0, 0.0, 0.0, 0.0, 0.0, 0.0, 0.0, 0.0, 0.0, 0.0, 0.0, 0.0]

Client: 48, Client Send Time: 1.3079989003017545e-06

Client: 49
Send Times:  [0.0, 0.0, 0.0, 0.0, 0.0, 0.0, 0.0, 0.0, 0.0, 0.0, 0.0, 0.0, 0.0, 0.0, 0.0, 0.0, 0.0, 0.0, 0.0, 0.0, 0.0, 0.0, 0.0, 0.0, 0.0]

Client: 49, Client Send Time: 3.2609968911856413e-06

Client: 0
Receive Times:  [0.0, 0.0, 0.0, 0.0, 0.0, 0.0, 0.0, 0.0, 0.0, 0.0, 0.0, 0.0, 0.0, 0.0, 0.0, 0.0, 0.0, 0.0, 0.0, 0.0, 0.0, 0.0, 0.0, 0.0, 0.0]

Client: 0, Client Receive Time: 1.1239972081966698e-06

Client: 1
Receive Times:  [0.0, 0.0, 0.0, 0.0, 0.0, 0.0, 1e-05, 0.0, 0.0, 0.0, 0.0, 0.0, 0.0, 0.0, 0.0, 0.0, 0.0, 0.0, 0.0, 0.0, 0.0, 0.0, 0.0, 0.0, 0.0]

Client: 1, Client Receive Time: 7.9809979069978e-06

Client: 2
Receive Times:  [0.0, 0.0, 0.0, 0.0, 0.0, 0.0, 0.0, 0.0, 0.0, 0.0, 0.0, 0.0, 0.0, 0.0, 0.0, 0.0, 0.0, 0.0, 0.0, 0.0, 0.0, 0.0, 0.0, 0.0, 0.0]

Client: 2, Client Receive Time: 1.08100357465446e-06

Client: 3
Receive Times:  [0.0, 0.0, 0.0, 0.0, 0.0, 0.0, 0.0, 0.0, 0.0, 0.0, 0.0, 0.0, 0.0, 0.0, 0.0, 0.0, 0.0, 0.0, 0.0, 0.0, 0.0, 0.0, 0.0, 0.0, 0.0]

Client: 3, Client Receive Time: 2.907996531575918e-06

Client: 4
Receive Times:  [0.0, 0.0, 0.0, 0.0, 0.0, 0.0, 0.0, 0.0, 0.0, 0.0, 0.0, 0.0, 0.0, 0.0, 0.0, 0.0, 0.0, 0.0, 0.0, 0.0, 0.0, 0.0, 0.0, 0.0, 0.0]

Client: 4, Client Receive Time: 6.710033630952239e-07

Client: 5
Receive Times:  [0.0, 0.0, 0.0, 0.0, 0.0, 0.0, 0.0, 0.0, 0.0, 0.0, 0.0, 0.0, 0.0, 0.0, 0.0, 0.0, 0.0, 0.0, 0.0, 0.0, 0.0, 0.0, 0.0, 0.0, 0.0]

Client: 5, Client Receive Time: 5.100009730085731e-07

Client: 6
Receive Times:  [0.0, 0.0, 0.0, 0.0, 0.0, 0.0, 0.0, 0.0, 0.0, 0.0, 0.0, 0.0, 0.0, 0.0, 0.0, 0.0, 0.0, 0.0, 0.0, 0.0, 0.0, 0.0, 0.0, 0.0, 0.0]

Client: 6, Client Receive Time: 8.299975888803601e-07

Client: 7
Receive Times:  [0.0, 0.0, 0.0, 0.0, 0.0, 0.0, 0.0, 0.0, 0.0, 0.0, 0.0, 0.0, 0.0, 0.0, 0.0, 0.0, 0.0, 0.0, 0.0, 0.0, 0.0, 0.0, 0.0, 0.0, 0.0]

Client: 7, Client Receive Time: 1.1060037650167942e-06

Client: 8
Receive Times:  [0.0, 0.0, 0.0, 0.0, 0.0, 0.0, 0.0, 0.0, 0.0, 0.0, 0.0, 0.0, 0.0, 0.0, 0.0, 0.0, 0.0, 0.0, 0.0, 0.0, 0.0, 0.0, 0.0, 0.0, 0.0]

Client: 8, Client Receive Time: 5.679976311512291e-07

Client: 9
Receive Times:  [0.0, 0.0, 0.0, 0.0, 0.0, 0.0, 0.0, 0.0, 0.0, 0.0, 0.0, 0.0, 0.0, 0.0, 0.0, 0.0, 0.0, 0.0, 0.0, 0.0, 0.0, 0.0, 0.0, 0.0, 0.0]

Client: 9, Client Receive Time: 5.05002390127629e-07

Client: 10
Receive Times:  [0.0, 0.0, 0.0, 0.0, 0.0, 0.0, 0.0, 0.0, 0.0, 0.0, 0.0, 0.0, 0.0, 0.0, 0.0, 0.0, 0.0, 0.0, 0.0, 0.0, 0.0, 0.0, 0.0, 0.0, 0.0]

Client: 10, Client Receive Time: 6.669943104498088e-07

Client: 11
Receive Times:  [0.0, 0.0, 0.0, 0.0, 0.0, 0.0, 0.0, 0.0, 0.0, 0.0, 0.0, 0.0, 0.0, 0.0, 0.0, 0.0, 0.0, 0.0, 0.0, 0.0, 0.0, 0.0, 0.0, 0.0, 0.0]

Client: 11, Client Receive Time: 8.120041457004845e-07

Client: 12
Receive Times:  [0.0, 0.0, 0.0, 0.0, 0.0, 0.0, 0.0, 0.0, 0.0, 0.0, 0.0, 0.0, 0.0, 0.0, 0.0, 0.0, 0.0, 0.0, 0.0, 0.0, 0.0, 0.0, 0.0, 0.0, 0.0]

Client: 12, Client Receive Time: 1.1049996828660369e-06

Client: 13
Receive Times:  [0.0, 0.0, 0.0, 0.0, 0.0, 0.0, 0.0, 0.0, 0.0, 0.0, 0.0, 0.0, 0.0, 0.0, 0.0, 0.0, 0.0, 0.0, 0.0, 0.0, 0.0, 0.0, 0.0, 0.0, 0.0]

Client: 13, Client Receive Time: 7.380003808066249e-07

Client: 14
Receive Times:  [0.0, 0.0, 0.0, 0.0, 0.0, 0.0, 0.0, 0.0, 0.0, 0.0, 0.0, 0.0, 0.0, 0.0, 0.0, 0.0, 0.0, 0.0, 0.0, 0.0, 0.0, 0.0, 0.0, 0.0, 0.0]

Client: 14, Client Receive Time: 7.819980964995921e-07

Client: 15
Receive Times:  [0.0, 0.0, 0.0, 0.0, 0.0, 0.0, 0.0, 0.0, 0.0, 0.0, 0.0, 0.0, 0.0, 0.0, 0.0, 0.0, 0.0, 0.0, 0.0, 0.0, 0.0, 0.0, 0.0, 0.0, 0.0]

Client: 15, Client Receive Time: 8.350034477189183e-07

Client: 16
Receive Times:  [0.0, 0.0, 0.0, 0.0, 0.0, 0.0, 0.0, 0.0, 0.0, 0.0, 0.0, 0.0, 0.0, 0.0, 0.0, 0.0, 0.0, 0.0, 0.0, 0.0, 0.0, 0.0, 0.0, 0.0, 0.0]

Client: 16, Client Receive Time: 1.0039948392659426e-06

Client: 17
Receive Times:  [0.0, 0.0, 0.0, 0.0, 0.0, 0.0, 0.0, 0.0, 0.0, 0.0, 0.0, 0.0, 0.0, 0.0, 0.0, 0.0, 0.0, 0.0, 0.0, 0.0, 0.0, 0.0, 0.0, 0.0, 0.0]

Client: 17, Client Receive Time: 4.232999344822019e-06

Client: 18
Receive Times:  [0.0, 0.0, 0.0, 0.0, 0.0, 0.0, 0.0, 0.0, 0.0, 0.0, 0.0, 0.0, 0.0, 0.0, 0.0, 0.0, 0.0, 0.0, 0.0, 0.0, 0.0, 0.0, 0.0, 0.0, 0.0]

Client: 18, Client Receive Time: 6.67001586407423e-07

Client: 19
Receive Times:  [0.0, 0.0, 0.0, 0.0, 0.0, 0.0, 0.0, 0.0, 0.0, 0.0, 0.0, 0.0, 0.0, 0.0, 0.0, 0.0, 0.0, 0.0, 0.0, 0.0, 0.0, 0.0, 0.0, 0.0, 0.0]

Client: 19, Client Receive Time: 2.2270032786764205e-06

Client: 20
Receive Times:  [0.0, 0.0, 0.0, 0.0, 0.0, 0.0, 0.0, 0.0, 0.0, 0.0, 0.0, 0.0, 0.0, 0.0, 0.0, 0.0, 0.0, 0.0, 0.0, 0.0, 0.0, 0.0, 0.0, 0.0, 0.0]

Client: 20, Client Receive Time: 7.440030458383262e-07

Client: 21
Receive Times:  [0.0, 0.0, 0.0, 0.0, 0.0, 0.0, 0.0, 0.0, 0.0, 0.0, 0.0, 0.0, 0.0, 0.0, 0.0, 0.0, 0.0, 0.0, 0.0, 0.0, 0.0, 0.0, 0.0, 0.0, 0.0]

Client: 21, Client Receive Time: 8.709976100362837e-07

Client: 22
Receive Times:  [0.0, 0.0, 0.0, 0.0, 0.0, 0.0, 0.0, 0.0, 0.0, 0.0, 0.0, 0.0, 0.0, 0.0, 0.0, 0.0, 0.0, 0.0, 0.0, 0.0, 0.0, 0.0, 0.0, 0.0, 0.0]

Client: 22, Client Receive Time: 6.510017556138337e-07

Client: 23
Receive Times:  [0.0, 0.0, 0.0, 0.0, 0.0, 0.0, 0.0, 0.0, 0.0, 0.0, 0.0, 0.0, 0.0, 0.0, 0.0, 0.0, 0.0, 0.0, 0.0, 0.0, 0.0, 0.0, 0.0, 0.0, 0.0]

Client: 23, Client Receive Time: 8.089991752058268e-07

Client: 24
Receive Times:  [0.0, 0.0, 0.0, 0.0, 0.0, 0.0, 0.0, 0.0, 0.0, 0.0, 0.0, 0.0, 0.0, 0.0, 0.0, 0.0, 0.0, 0.0, 0.0, 0.0, 0.0, 0.0, 0.0, 0.0, 0.0]

Client: 24, Client Receive Time: 2.1570012904703617e-06

Send Time of Group 1: 0.0

Receive Time of Group 0: 1e-05

Client: 0, Client Deduplicate Time: 0.01468

Client: 1, Client Deduplicate Time: 0.01321

Client: 2, Client Deduplicate Time: 0.01316

Client: 3, Client Deduplicate Time: 0.01348

Client: 4, Client Deduplicate Time: 0.01309

Client: 5, Client Deduplicate Time: 0.01304

Client: 6, Client Deduplicate Time: 0.01364

Client: 7, Client Deduplicate Time: 0.01316

Client: 8, Client Deduplicate Time: 0.01305

Client: 9, Client Deduplicate Time: 0.013

Client: 10, Client Deduplicate Time: 0.013

Client: 11, Client Deduplicate Time: 0.01321

Client: 12, Client Deduplicate Time: 0.01311

Client: 13, Client Deduplicate Time: 0.01299

Client: 14, Client Deduplicate Time: 0.01299

Client: 15, Client Deduplicate Time: 0.01312

Client: 16, Client Deduplicate Time: 0.01306

Client: 17, Client Deduplicate Time: 0.01294

Client: 18, Client Deduplicate Time: 0.01302

Client: 19, Client Deduplicate Time: 0.01301

Client: 20, Client Deduplicate Time: 0.01318

Client: 21, Client Deduplicate Time: 0.01317

Client: 22, Client Deduplicate Time: 0.01327

Client: 23, Client Deduplicate Time: 0.01325

Client: 24, Client Deduplicate Time: 0.0132


Total time for entire protocol: 120.04895

Wall clock time
Start time:  2024-06-25 02:14:21.590410
End time:  2024-06-25 02:16:31.783330

Total data with duplicates:  411650
Total data without duplicates:  349175
