EG PSI Type:  EgPsiType.TYPE2

Setup time: 74.05904

Client: 0, Client Setup Time: 3.6631816083099693

Client: 1, Client Setup Time: 3.665196738904342

Client: 2, Client Setup Time: 3.6456786377821118

Client: 3, Client Setup Time: 3.657995502348058

Client: 4, Client Setup Time: 3.6430145499762148

Client: 5, Client Setup Time: 3.647501162136905

Client: 6, Client Setup Time: 3.6732329402584583

Client: 7, Client Setup Time: 3.64390846574679

Client: 8, Client Setup Time: 3.6390741379000247

Client: 9, Client Setup Time: 3.6390114845708013

Client: 10, Client Setup Time: 3.6771685431012884

Client: 11, Client Setup Time: 3.6403807977912948

Client: 12, Client Setup Time: 3.655093910288997

Client: 13, Client Setup Time: 3.6575008033541963

Client: 14, Client Setup Time: 3.636616615462117

Client: 0, TP Setup Time: 1.2850735996617004

Client: 1, TP Setup Time: 1.2901922190794721

Client: 2, TP Setup Time: 1.283571653184481

Client: 3, TP Setup Time: 1.2822454976849258

Client: 4, TP Setup Time: 1.2858179919421673

Client: 5, TP Setup Time: 1.2853547969134524

Client: 6, TP Setup Time: 1.289797518751584

Client: 7, TP Setup Time: 1.2868426592322066

Client: 8, TP Setup Time: 1.282059362041764

Client: 9, TP Setup Time: 1.2826837653992698

Client: 10, TP Setup Time: 1.2840242899255827

Client: 11, TP Setup Time: 1.2830542861483991

Client: 12, TP Setup Time: 1.2874494226416573

Client: 13, TP Setup Time: 1.286977696698159

Client: 14, TP Setup Time: 1.279342468478717


Current Level:  3

Client: 2
Send Times:  [0.0]

Client: 2, Client Send Time: 1.2919772416353226e-06

Client: 4
Send Times:  [0.0]

Client: 4, Client Send Time: 6.249174475669861e-07

Client: 6
Send Times:  [0.0]

Client: 6, Client Send Time: 2.919696271419525e-07

Client: 8
Send Times:  [0.0]

Client: 8, Client Send Time: 4.1606836020946503e-07

Client: 10
Send Times:  [0.0]

Client: 10, Client Send Time: 2.919696271419525e-07

Client: 12
Send Times:  [0.0]

Client: 12, Client Send Time: 4.5890919864177704e-07

Client: 14
Send Times:  [0.0]

Client: 14, Client Send Time: 2.919696271419525e-07

Client: 1
Receive Times:  [0.0]

Client: 1, Client Receive Time: 2.6669586077332497e-06

Client: 3
Receive Times:  [0.0]

Client: 3, Client Receive Time: 6.669433787465096e-07

Client: 5
Receive Times:  [0.0]

Client: 5, Client Receive Time: 2.9103830456733704e-07

Client: 7
Receive Times:  [0.0]

Client: 7, Client Receive Time: 1.7080456018447876e-06

Client: 9
Receive Times:  [0.0]

Client: 9, Client Receive Time: 4.1606836020946503e-07

Client: 11
Receive Times:  [0.0]

Client: 11, Client Receive Time: 7.50063918530941e-07

Client: 13
Receive Times:  [0.0]

Client: 13, Client Receive Time: 2.50060111284256e-07

Send Time of Group 1: 0.0

Receive Time of Group 0: 0.0

Client: 1, Client Deduplicate Time: 0.00281

Client: 3, Client Deduplicate Time: 0.00195

Client: 5, Client Deduplicate Time: 0.00187

Client: 7, Client Deduplicate Time: 0.00196

Client: 9, Client Deduplicate Time: 0.00183

Client: 11, Client Deduplicate Time: 0.00189

Client: 13, Client Deduplicate Time: 0.00172


Current Level:  2

Client: 1
Send Times:  [0.0]

Client: 1, Client Send Time: 6.25033862888813e-07

Client: 2
Send Times:  [0.0]

Client: 2, Client Send Time: 2.4994369596242905e-07

Client: 5
Send Times:  [0.0, 0.0]

Client: 5, Client Send Time: 2.4994369596242905e-07

Client: 6
Send Times:  [0.0, 0.0]

Client: 6, Client Send Time: 1.6693957149982452e-07

Client: 9
Send Times:  [0.0, 0.0]

Client: 9, Client Send Time: 2.0803418010473251e-07

Client: 10
Send Times:  [0.0, 0.0]

Client: 10, Client Send Time: 2.0803418010473251e-07

Client: 13
Send Times:  [0.0, 0.0]

Client: 13, Client Send Time: 1.6693957149982452e-07

Client: 14
Send Times:  [0.0, 0.0]

Client: 14, Client Send Time: 1.6693957149982452e-07

Client: 0
Receive Times:  [0.0, 0.0]

Client: 0, Client Receive Time: 1.00000761449337e-06

Client: 3
Receive Times:  [0.0, 0.0]

Client: 3, Client Receive Time: 1.6705598682165146e-07

Client: 4
Receive Times:  [0.0, 0.0]

Client: 4, Client Receive Time: 2.4994369596242905e-07

Client: 7
Receive Times:  [0.0, 0.0]

Client: 7, Client Receive Time: 3.7497375160455704e-07

Client: 8
Receive Times:  [0.0, 0.0]

Client: 8, Client Receive Time: 2.4994369596242905e-07

Client: 11
Receive Times:  [0.0, 0.0]

Client: 11, Client Receive Time: 1.6600824892520905e-07

Client: 12
Receive Times:  [0.0, 0.0]

Client: 12, Client Receive Time: 1.6693957149982452e-07

Send Time of Group 1: 0.0

Receive Time of Group 0: 0.0

Client: 0, Client Deduplicate Time: 0.00366

Client: 3, Client Deduplicate Time: 0.00328

Client: 4, Client Deduplicate Time: 0.00327

Client: 7, Client Deduplicate Time: 0.00338

Client: 8, Client Deduplicate Time: 0.00329

Client: 11, Client Deduplicate Time: 0.00344

Client: 12, Client Deduplicate Time: 0.00356


Current Level:  1

Client: 3
Send Times:  [0.0, 0.0, 0.0]

Client: 3, Client Send Time: 2.9103830456733704e-07

Client: 4
Send Times:  [0.0, 0.0, 0.0]

Client: 4, Client Send Time: 1.6693957149982452e-07

Client: 5
Send Times:  [0.0, 0.0, 0.0]

Client: 5, Client Send Time: 1.6705598682165146e-07

Client: 6
Send Times:  [0.0, 0.0, 0.0]

Client: 6, Client Send Time: 1.6705598682165146e-07

Client: 11
Send Times:  [0.0, 0.0, 0.0, 0.0]

Client: 11, Client Send Time: 4.5890919864177704e-07

Client: 12
Send Times:  [0.0, 0.0, 0.0, 0.0]

Client: 12, Client Send Time: 2.0803418010473251e-07

Client: 13
Send Times:  [0.0, 0.0, 0.0, 0.0]

Client: 13, Client Send Time: 1.6600824892520905e-07

Client: 14
Send Times:  [0.0, 0.0, 0.0, 0.0]

Client: 14, Client Send Time: 1.6693957149982452e-07

Client: 0
Receive Times:  [0.0, 0.0, 0.0, 0.0]

Client: 0, Client Receive Time: 2.4994369596242905e-07

Client: 1
Receive Times:  [0.0, 0.0, 0.0, 0.0]

Client: 1, Client Receive Time: 2.08965502679348e-07

Client: 2
Receive Times:  [0.0, 0.0, 0.0, 0.0]

Client: 2, Client Receive Time: 2.50060111284256e-07

Client: 7
Receive Times:  [0.0, 0.0, 0.0, 0.0]

Client: 7, Client Receive Time: 1.2909295037388802e-06

Client: 8
Receive Times:  [0.0, 0.0, 0.0, 0.0]

Client: 8, Client Receive Time: 1.6693957149982452e-07

Client: 9
Receive Times:  [0.0, 0.0, 0.0, 0.0]

Client: 9, Client Receive Time: 1.6705598682165146e-07

Client: 10
Receive Times:  [0.0, 0.0, 0.0, 0.0]

Client: 10, Client Receive Time: 1.6693957149982452e-07

Send Time of Group 1: 0.0

Receive Time of Group 0: 0.0

Client: 0, Client Deduplicate Time: 0.0068

Client: 1, Client Deduplicate Time: 0.00638

Client: 2, Client Deduplicate Time: 0.00664

Client: 7, Client Deduplicate Time: 0.00665

Client: 8, Client Deduplicate Time: 0.00664

Client: 9, Client Deduplicate Time: 0.00708

Client: 10, Client Deduplicate Time: 0.00631


Current Level:  0

Client: 7
Send Times:  [0.0, 0.0, 0.0, 0.0, 0.0, 0.0, 0.0]

Client: 7, Client Send Time: 9.159557521343231e-07

Client: 8
Send Times:  [0.0, 0.0, 0.0, 0.0, 0.0, 0.0, 0.0]

Client: 8, Client Send Time: 1.6705598682165146e-07

Client: 9
Send Times:  [0.0, 0.0, 0.0, 0.0, 0.0, 0.0, 0.0]

Client: 9, Client Send Time: 1.6705598682165146e-07

Client: 10
Send Times:  [0.0, 0.0, 0.0, 0.0, 0.0, 0.0, 0.0]

Client: 10, Client Send Time: 1.6705598682165146e-07

Client: 11
Send Times:  [0.0, 0.0, 0.0, 0.0, 0.0, 0.0, 0.0]

Client: 11, Client Send Time: 1.6693957149982452e-07

Client: 12
Send Times:  [0.0, 0.0, 0.0, 0.0, 0.0, 0.0, 0.0]

Client: 12, Client Send Time: 1.6705598682165146e-07

Client: 13
Send Times:  [0.0, 0.0, 0.0, 0.0, 0.0, 0.0, 0.0]

Client: 13, Client Send Time: 1.6693957149982452e-07

Client: 14
Send Times:  [0.0, 0.0, 0.0, 0.0, 0.0, 0.0, 0.0]

Client: 14, Client Send Time: 1.6600824892520905e-07

Client: 0
Receive Times:  [0.0, 0.0, 0.0, 0.0, 0.0, 0.0, 0.0, 0.0]

Client: 0, Client Receive Time: 1.500011421740055e-06

Client: 1
Receive Times:  [0.0, 0.0, 0.0, 0.0, 0.0, 0.0, 0.0, 0.0]

Client: 1, Client Receive Time: 2.919696271419525e-07

Client: 2
Receive Times:  [0.0, 0.0, 0.0, 0.0, 0.0, 0.0, 0.0, 0.0]

Client: 2, Client Receive Time: 5.00003807246685e-07

Client: 3
Receive Times:  [0.0, 0.0, 0.0, 0.0, 0.0, 0.0, 0.0, 0.0]

Client: 3, Client Receive Time: 1.6705598682165146e-07

Client: 4
Receive Times:  [0.0, 0.0, 0.0, 0.0, 0.0, 0.0, 0.0, 0.0]

Client: 4, Client Receive Time: 3.3294782042503357e-07

Client: 5
Receive Times:  [0.0, 0.0, 0.0, 0.0, 0.0, 0.0, 0.0, 0.0]

Client: 5, Client Receive Time: 2.50060111284256e-07

Client: 6
Receive Times:  [0.0, 0.0, 0.0, 0.0, 0.0, 0.0, 0.0, 0.0]

Client: 6, Client Receive Time: 1.6705598682165146e-07

Send Time of Group 1: 0.0

Receive Time of Group 0: 0.0

Client: 0, Client Deduplicate Time: 0.0135

Client: 1, Client Deduplicate Time: 0.01364

Client: 2, Client Deduplicate Time: 0.01279

Client: 3, Client Deduplicate Time: 0.01303

Client: 4, Client Deduplicate Time: 0.01315

Client: 5, Client Deduplicate Time: 0.01453

Client: 6, Client Deduplicate Time: 0.01397


Total time for entire protocol: 74.08713

Wall clock time
Start time:  2024-10-02 16:48:04.668186
End time:  2024-10-02 16:49:26.168688

Total data with duplicates:  491685
Total data without duplicates:  417870
