EG PSI Type:  EgPsiType.TYPE2

Setup time: 49.26326

Client: 0, Client Setup Time: 3.648186926380731

Client: 1, Client Setup Time: 3.6398859673645347

Client: 2, Client Setup Time: 3.656487560016103

Client: 3, Client Setup Time: 3.6571618551388383

Client: 4, Client Setup Time: 3.6423840390052646

Client: 5, Client Setup Time: 3.63489497161936

Client: 6, Client Setup Time: 3.656933158519678

Client: 7, Client Setup Time: 3.6271667033433914

Client: 8, Client Setup Time: 3.645984779810533

Client: 9, Client Setup Time: 3.641593996086158

Client: 0, TP Setup Time: 1.2823854486923665

Client: 1, TP Setup Time: 1.2835376156726852

Client: 2, TP Setup Time: 1.2878879399504513

Client: 3, TP Setup Time: 1.2815161447506398

Client: 4, TP Setup Time: 1.279234628076665

Client: 5, TP Setup Time: 1.2780541953397915

Client: 6, TP Setup Time: 1.2783162165433168

Client: 7, TP Setup Time: 1.2765273386612535

Client: 8, TP Setup Time: 1.2840223452076316

Client: 9, TP Setup Time: 1.281096420949325


Current Level:  3

Client: 4
Send Times:  [0.0]

Client: 4, Client Send Time: 3.330642357468605e-07

Client: 9
Send Times:  [0.0]

Client: 9, Client Send Time: 1.6600824892520905e-07

Client: 3
Receive Times:  [0.0]

Client: 3, Client Receive Time: 1.6669509932398796e-06

Client: 8
Receive Times:  [0.0]

Client: 8, Client Receive Time: 2.0791776478290558e-07

Send Time of Group 1: 0.0

Receive Time of Group 0: 0.0

Client: 3, Client Deduplicate Time: 0.00197

Client: 8, Client Deduplicate Time: 0.00176


Current Level:  2

Client: 1
Send Times:  [0.0]

Client: 1, Client Send Time: 2.249958924949169e-06

Client: 3
Send Times:  [0.0]

Client: 3, Client Send Time: 8.749775588512421e-07

Client: 4
Send Times:  [0.0]

Client: 4, Client Send Time: 2.50060111284256e-07

Client: 6
Send Times:  [0.0]

Client: 6, Client Send Time: 8.33999365568161e-07

Client: 8
Send Times:  [0.0]

Client: 8, Client Send Time: 1.6705598682165146e-07

Client: 9
Send Times:  [0.0]

Client: 9, Client Send Time: 2.08965502679348e-07

Client: 0
Receive Times:  [0.0]

Client: 0, Client Receive Time: 3.2499665394425392e-06

Client: 2
Receive Times:  [0.0, 0.0]

Client: 2, Client Receive Time: 1.416075974702835e-06

Client: 5
Receive Times:  [0.0]

Client: 5, Client Receive Time: 1.5830155462026596e-06

Client: 7
Receive Times:  [0.0, 0.0]

Client: 7, Client Receive Time: 2.0791776478290558e-07

Send Time of Group 1: 0.0

Receive Time of Group 0: 0.0

Client: 0, Client Deduplicate Time: 0.00177

Client: 2, Client Deduplicate Time: 0.00371

Client: 5, Client Deduplicate Time: 0.00172

Client: 7, Client Deduplicate Time: 0.00335


Current Level:  1

Client: 2
Send Times:  [0.0, 0.0]

Client: 2, Client Send Time: 3.7509016692638397e-07

Client: 3
Send Times:  [0.0, 0.0]

Client: 3, Client Send Time: 2.0908191800117493e-07

Client: 4
Send Times:  [0.0, 0.0]

Client: 4, Client Send Time: 1.6600824892520905e-07

Client: 7
Send Times:  [0.0, 0.0]

Client: 7, Client Send Time: 4.5797787606716156e-07

Client: 8
Send Times:  [0.0, 0.0]

Client: 8, Client Send Time: 1.6693957149982452e-07

Client: 9
Send Times:  [0.0, 0.0]

Client: 9, Client Send Time: 1.6705598682165146e-07

Client: 0
Receive Times:  [0.0, 0.0, 0.0]

Client: 0, Client Receive Time: 1.00000761449337e-06

Client: 1
Receive Times:  [0.0, 0.0, 0.0]

Client: 1, Client Receive Time: 1.6705598682165146e-07

Client: 5
Receive Times:  [0.0, 0.0, 0.0]

Client: 5, Client Receive Time: 3.7497375160455704e-07

Client: 6
Receive Times:  [0.0, 0.0, 0.0]

Client: 6, Client Receive Time: 1.6705598682165146e-07

Send Time of Group 1: 0.0

Receive Time of Group 0: 0.0

Client: 0, Client Deduplicate Time: 0.00457

Client: 1, Client Deduplicate Time: 0.00489

Client: 5, Client Deduplicate Time: 0.00472

Client: 6, Client Deduplicate Time: 0.00476


Current Level:  0

Client: 5
Send Times:  [0.0, 0.0, 0.0, 0.0, 0.0]

Client: 5, Client Send Time: 8.749775588512421e-07

Client: 6
Send Times:  [0.0, 0.0, 0.0, 0.0, 0.0]

Client: 6, Client Send Time: 3.7497375160455704e-07

Client: 7
Send Times:  [0.0, 0.0, 0.0, 0.0, 0.0]

Client: 7, Client Send Time: 2.0908191800117493e-07

Client: 8
Send Times:  [0.0, 0.0, 0.0, 0.0, 0.0]

Client: 8, Client Send Time: 2.08965502679348e-07

Client: 9
Send Times:  [0.0, 0.0, 0.0, 0.0, 0.0]

Client: 9, Client Send Time: 2.0803418010473251e-07

Client: 0
Receive Times:  [0.0, 0.0, 0.0, 0.0, 0.0]

Client: 0, Client Receive Time: 7.910421118140221e-07

Client: 1
Receive Times:  [0.0, 0.0, 0.0, 0.0, 0.0]

Client: 1, Client Receive Time: 3.7497375160455704e-07

Client: 2
Receive Times:  [0.0, 0.0, 0.0, 0.0, 0.0]

Client: 2, Client Receive Time: 7.079215720295906e-07

Client: 3
Receive Times:  [0.0, 0.0, 0.0, 0.0, 0.0]

Client: 3, Client Receive Time: 4.169996827840805e-07

Client: 4
Receive Times:  [0.0, 0.0, 0.0, 0.0, 0.0]

Client: 4, Client Receive Time: 2.4994369596242905e-07

Send Time of Group 1: 0.0

Receive Time of Group 0: 0.0

Client: 0, Client Deduplicate Time: 0.00805

Client: 1, Client Deduplicate Time: 0.00789

Client: 2, Client Deduplicate Time: 0.00795

Client: 3, Client Deduplicate Time: 0.00776

Client: 4, Client Deduplicate Time: 0.00774


Total time for entire protocol: 49.28189

Wall clock time
Start time:  2024-10-02 16:53:49.281031
End time:  2024-10-02 16:54:43.440917

Total data with duplicates:  327760
Total data without duplicates:  311335
