EG PSI Type:  EgPsiType.TYPE2

Setup time: 123.72338

Client: 0, Client Setup Time: 3.6643610894680023

Client: 1, Client Setup Time: 3.674843045300804

Client: 2, Client Setup Time: 3.676073911949061

Client: 3, Client Setup Time: 3.686419648467563

Client: 4, Client Setup Time: 3.670945520629175

Client: 5, Client Setup Time: 3.663233532803133

Client: 6, Client Setup Time: 3.7164104271214455

Client: 7, Client Setup Time: 3.6420303139602765

Client: 8, Client Setup Time: 3.6509222973836586

Client: 9, Client Setup Time: 3.6440739980898798

Client: 10, Client Setup Time: 3.6896988810040057

Client: 11, Client Setup Time: 3.67766177887097

Client: 12, Client Setup Time: 3.644296894548461

Client: 13, Client Setup Time: 3.6421665594680235

Client: 14, Client Setup Time: 3.6400787140009925

Client: 15, Client Setup Time: 3.645313423825428

Client: 16, Client Setup Time: 3.726660276763141

Client: 17, Client Setup Time: 3.6357852442888543

Client: 18, Client Setup Time: 3.6502728518098593

Client: 19, Client Setup Time: 3.651329828076996

Client: 20, Client Setup Time: 3.6479211510159075

Client: 21, Client Setup Time: 3.6512246823403984

Client: 22, Client Setup Time: 3.6461830080952495

Client: 23, Client Setup Time: 3.6627920458558947

Client: 24, Client Setup Time: 3.64691748295445

Client: 0, TP Setup Time: 1.2859239105600864

Client: 1, TP Setup Time: 1.2942933716112748

Client: 2, TP Setup Time: 1.2947571719996631

Client: 3, TP Setup Time: 1.2926405596081167

Client: 4, TP Setup Time: 1.2913500623544678

Client: 5, TP Setup Time: 1.2893750512739643

Client: 6, TP Setup Time: 1.3018508648965508

Client: 7, TP Setup Time: 1.2826050200965255

Client: 8, TP Setup Time: 1.2855212026042864

Client: 9, TP Setup Time: 1.2847528769634664

Client: 10, TP Setup Time: 1.2861222859937698

Client: 11, TP Setup Time: 1.297450471087359

Client: 12, TP Setup Time: 1.2813645644346252

Client: 13, TP Setup Time: 1.2840526904910803

Client: 14, TP Setup Time: 1.2783154109492898

Client: 15, TP Setup Time: 1.2850552431773394

Client: 16, TP Setup Time: 1.2799879312515259

Client: 17, TP Setup Time: 1.2791935476707295

Client: 18, TP Setup Time: 1.284715315210633

Client: 19, TP Setup Time: 1.2862052969867364

Client: 20, TP Setup Time: 1.282191682024859

Client: 21, TP Setup Time: 1.2854953176574782

Client: 22, TP Setup Time: 1.2810797418933362

Client: 23, TP Setup Time: 1.2986011211760342

Client: 24, TP Setup Time: 1.282858933089301


Current Level:  4

Client: 2
Send Times:  [1e-05]

Client: 2, Client Send Time: 5.915993824601173e-06

Client: 5
Send Times:  [0.0]

Client: 5, Client Send Time: 5.420297384262085e-07

Client: 8
Send Times:  [0.0]

Client: 8, Client Send Time: 5.409820005297661e-07

Client: 11
Send Times:  [0.0]

Client: 11, Client Send Time: 3.7497375160455704e-07

Client: 14
Send Times:  [0.0]

Client: 14, Client Send Time: 7.080379873514175e-07

Client: 17
Send Times:  [0.0]

Client: 17, Client Send Time: 3.7497375160455704e-07

Client: 20
Send Times:  [0.0]

Client: 20, Client Send Time: 4.169996827840805e-07

Client: 22
Send Times:  [0.0]

Client: 22, Client Send Time: 5.830079317092896e-07

Client: 24
Send Times:  [0.0]

Client: 24, Client Send Time: 3.330642357468605e-07

Client: 1
Receive Times:  [0.0]

Client: 1, Client Receive Time: 1.5830155462026596e-06

Client: 4
Receive Times:  [0.0]

Client: 4, Client Receive Time: 1.00000761449337e-06

Client: 7
Receive Times:  [0.0]

Client: 7, Client Receive Time: 5.84055669605732e-07

Client: 10
Receive Times:  [0.0]

Client: 10, Client Receive Time: 3.7497375160455704e-07

Client: 13
Receive Times:  [0.0]

Client: 13, Client Receive Time: 1.7919810488820076e-06

Client: 16
Receive Times:  [0.0]

Client: 16, Client Receive Time: 4.169996827840805e-07

Client: 19
Receive Times:  [0.0]

Client: 19, Client Receive Time: 8.749775588512421e-07

Client: 21
Receive Times:  [0.0]

Client: 21, Client Receive Time: 8.749775588512421e-07

Client: 23
Receive Times:  [0.0]

Client: 23, Client Receive Time: 3.7497375160455704e-07

Send Time of Group 1: 1e-05

Receive Time of Group 0: 0.0

Client: 1, Client Deduplicate Time: 0.00205

Client: 4, Client Deduplicate Time: 0.00198

Client: 7, Client Deduplicate Time: 0.00245

Client: 10, Client Deduplicate Time: 0.0018

Client: 13, Client Deduplicate Time: 0.00209

Client: 16, Client Deduplicate Time: 0.00194

Client: 19, Client Deduplicate Time: 0.00197

Client: 21, Client Deduplicate Time: 0.00197

Client: 23, Client Deduplicate Time: 0.00176


Current Level:  3

Client: 1
Send Times:  [0.0]

Client: 1, Client Send Time: 3.7497375160455704e-07

Client: 2
Send Times:  [0.0]

Client: 2, Client Send Time: 2.0803418010473251e-07

Client: 4
Send Times:  [0.0]

Client: 4, Client Send Time: 7.080379873514175e-07

Client: 5
Send Times:  [0.0]

Client: 5, Client Send Time: 2.08965502679348e-07

Client: 7
Send Times:  [0.0]

Client: 7, Client Send Time: 7.080379873514175e-07

Client: 8
Send Times:  [0.0]

Client: 8, Client Send Time: 2.4994369596242905e-07

Client: 10
Send Times:  [0.0]

Client: 10, Client Send Time: 2.919696271419525e-07

Client: 11
Send Times:  [0.0]

Client: 11, Client Send Time: 2.0803418010473251e-07

Client: 13
Send Times:  [0.0]

Client: 13, Client Send Time: 2.919696271419525e-07

Client: 14
Send Times:  [0.0]

Client: 14, Client Send Time: 2.0791776478290558e-07

Client: 16
Send Times:  [0.0]

Client: 16, Client Send Time: 3.7497375160455704e-07

Client: 17
Send Times:  [0.0]

Client: 17, Client Send Time: 1.6705598682165146e-07

Client: 19
Send Times:  [0.0]

Client: 19, Client Send Time: 2.08965502679348e-07

Client: 20
Send Times:  [0.0]

Client: 20, Client Send Time: 2.0803418010473251e-07

Client: 23
Send Times:  [0.0, 0.0]

Client: 23, Client Send Time: 2.0908191800117493e-07

Client: 24
Send Times:  [0.0, 0.0]

Client: 24, Client Send Time: 1.6693957149982452e-07

Client: 0
Receive Times:  [0.0, 0.0]

Client: 0, Client Receive Time: 7.08969309926033e-07

Client: 3
Receive Times:  [0.0, 0.0]

Client: 3, Client Receive Time: 6.25033862888813e-07

Client: 6
Receive Times:  [0.0, 0.0]

Client: 6, Client Receive Time: 8.75093974173069e-07

Client: 9
Receive Times:  [0.0, 0.0]

Client: 9, Client Receive Time: 2.4994369596242905e-07

Client: 12
Receive Times:  [0.0, 0.0]

Client: 12, Client Receive Time: 3.7497375160455704e-07

Client: 15
Receive Times:  [0.0, 0.0]

Client: 15, Client Receive Time: 2.919696271419525e-07

Client: 18
Receive Times:  [0.0, 0.0]

Client: 18, Client Receive Time: 2.4994369596242905e-07

Client: 21
Receive Times:  [0.0, 0.0]

Client: 21, Client Receive Time: 2.50060111284256e-07

Client: 22
Receive Times:  [0.0, 0.0]

Client: 22, Client Receive Time: 2.0803418010473251e-07

Send Time of Group 1: 0.0

Receive Time of Group 0: 0.0

Client: 0, Client Deduplicate Time: 0.0042

Client: 3, Client Deduplicate Time: 0.00329

Client: 6, Client Deduplicate Time: 0.00327

Client: 9, Client Deduplicate Time: 0.00344

Client: 12, Client Deduplicate Time: 0.00318

Client: 15, Client Deduplicate Time: 0.00381

Client: 18, Client Deduplicate Time: 0.00347

Client: 21, Client Deduplicate Time: 0.00317

Client: 22, Client Deduplicate Time: 0.0033


Current Level:  2

Client: 3
Send Times:  [0.0, 0.0, 0.0]

Client: 3, Client Send Time: 3.7509016692638397e-07

Client: 4
Send Times:  [0.0, 0.0, 0.0]

Client: 4, Client Send Time: 1.6705598682165146e-07

Client: 5
Send Times:  [0.0, 0.0, 0.0]

Client: 5, Client Send Time: 1.6705598682165146e-07

Client: 9
Send Times:  [0.0, 0.0, 0.0]

Client: 9, Client Send Time: 2.0791776478290558e-07

Client: 10
Send Times:  [0.0, 0.0, 0.0]

Client: 10, Client Send Time: 1.6705598682165146e-07

Client: 11
Send Times:  [0.0, 0.0, 0.0]

Client: 11, Client Send Time: 1.6705598682165146e-07

Client: 15
Send Times:  [0.0, 0.0, 0.0]

Client: 15, Client Send Time: 5.83939254283905e-07

Client: 16
Send Times:  [0.0, 0.0, 0.0]

Client: 16, Client Send Time: 2.08965502679348e-07

Client: 17
Send Times:  [0.0, 0.0, 0.0]

Client: 17, Client Send Time: 1.6705598682165146e-07

Client: 21
Send Times:  [0.0, 0.0, 0.0]

Client: 21, Client Send Time: 3.7509016692638397e-07

Client: 22
Send Times:  [0.0, 0.0, 0.0]

Client: 22, Client Send Time: 1.6705598682165146e-07

Client: 23
Send Times:  [0.0, 0.0, 0.0]

Client: 23, Client Send Time: 1.6705598682165146e-07

Client: 24
Send Times:  [0.0, 0.0, 0.0]

Client: 24, Client Send Time: 1.6600824892520905e-07

Client: 0
Receive Times:  [0.0, 0.0, 0.0]

Client: 0, Client Receive Time: 5.830079317092896e-07

Client: 1
Receive Times:  [0.0, 0.0, 0.0]

Client: 1, Client Receive Time: 2.9159709811210632e-06

Client: 2
Receive Times:  [0.0, 0.0, 0.0]

Client: 2, Client Receive Time: 3.33995558321476e-07

Client: 6
Receive Times:  [0.0, 0.0, 0.0]

Client: 6, Client Receive Time: 4.5902561396360397e-07

Client: 7
Receive Times:  [0.0, 0.0, 0.0]

Client: 7, Client Receive Time: 1.6693957149982452e-07

Client: 8
Receive Times:  [0.0, 0.0, 0.0]

Client: 8, Client Receive Time: 1.6693957149982452e-07

Client: 12
Receive Times:  [0.0, 0.0, 0.0]

Client: 12, Client Receive Time: 1.1670636013150215e-06

Client: 13
Receive Times:  [0.0, 0.0, 0.0]

Client: 13, Client Receive Time: 2.4994369596242905e-07

Client: 14
Receive Times:  [0.0, 0.0, 0.0]

Client: 14, Client Receive Time: 2.909218892455101e-07

Client: 18
Receive Times:  [0.0, 0.0, 0.0, 0.0]

Client: 18, Client Receive Time: 3.7497375160455704e-07

Client: 19
Receive Times:  [0.0, 0.0, 0.0, 0.0]

Client: 19, Client Receive Time: 2.08965502679348e-07

Client: 20
Receive Times:  [0.0, 0.0, 0.0, 0.0]

Client: 20, Client Receive Time: 1.6705598682165146e-07

Send Time of Group 1: 0.0

Receive Time of Group 0: 0.0

Client: 0, Client Deduplicate Time: 0.00452

Client: 1, Client Deduplicate Time: 0.00482

Client: 2, Client Deduplicate Time: 0.00478

Client: 6, Client Deduplicate Time: 0.00576

Client: 7, Client Deduplicate Time: 0.00488

Client: 8, Client Deduplicate Time: 0.00478

Client: 12, Client Deduplicate Time: 0.00499

Client: 13, Client Deduplicate Time: 0.00481

Client: 14, Client Deduplicate Time: 0.00491

Client: 18, Client Deduplicate Time: 0.00693

Client: 19, Client Deduplicate Time: 0.00627

Client: 20, Client Deduplicate Time: 0.00626


Current Level:  1

Client: 6
Send Times:  [0.0, 0.0, 0.0, 0.0, 0.0, 0.0]

Client: 6, Client Send Time: 1.00000761449337e-06

Client: 7
Send Times:  [0.0, 0.0, 0.0, 0.0, 0.0, 0.0]

Client: 7, Client Send Time: 2.50060111284256e-07

Client: 8
Send Times:  [0.0, 0.0, 0.0, 0.0, 0.0, 0.0]

Client: 8, Client Send Time: 1.6705598682165146e-07

Client: 9
Send Times:  [0.0, 0.0, 0.0, 0.0, 0.0, 0.0]

Client: 9, Client Send Time: 2.0908191800117493e-07

Client: 10
Send Times:  [0.0, 0.0, 0.0, 0.0, 0.0, 0.0]

Client: 10, Client Send Time: 1.6705598682165146e-07

Client: 11
Send Times:  [0.0, 0.0, 0.0, 0.0, 0.0, 0.0]

Client: 11, Client Send Time: 1.6705598682165146e-07

Client: 18
Send Times:  [0.0, 0.0, 0.0, 0.0, 0.0, 0.0]

Client: 18, Client Send Time: 9.59029421210289e-07

Client: 19
Send Times:  [0.0, 0.0, 0.0, 0.0, 0.0, 0.0]

Client: 19, Client Send Time: 1.6705598682165146e-07

Client: 20
Send Times:  [0.0, 0.0, 0.0, 0.0, 0.0, 0.0]

Client: 20, Client Send Time: 1.6693957149982452e-07

Client: 21
Send Times:  [0.0, 0.0, 0.0, 0.0, 0.0, 0.0]

Client: 21, Client Send Time: 1.6705598682165146e-07

Client: 22
Send Times:  [0.0, 0.0, 0.0, 0.0, 0.0, 0.0]

Client: 22, Client Send Time: 1.6705598682165146e-07

Client: 23
Send Times:  [0.0, 0.0, 0.0, 0.0, 0.0, 0.0]

Client: 23, Client Send Time: 2.0803418010473251e-07

Client: 24
Send Times:  [0.0, 0.0, 0.0, 0.0, 0.0, 0.0]

Client: 24, Client Send Time: 1.6705598682165146e-07

Client: 0
Receive Times:  [0.0, 0.0, 0.0, 0.0, 0.0, 0.0]

Client: 0, Client Receive Time: 1.4579854905605316e-06

Client: 1
Receive Times:  [0.0, 0.0, 0.0, 0.0, 0.0, 0.0]

Client: 1, Client Receive Time: 2.9208604246377945e-07

Client: 2
Receive Times:  [0.0, 0.0, 0.0, 0.0, 0.0, 0.0]

Client: 2, Client Receive Time: 2.4994369596242905e-07

Client: 3
Receive Times:  [0.0, 0.0, 0.0, 0.0, 0.0, 0.0]

Client: 3, Client Receive Time: 2.0908191800117493e-07

Client: 4
Receive Times:  [0.0, 0.0, 0.0, 0.0, 0.0, 0.0]

Client: 4, Client Receive Time: 2.08965502679348e-07

Client: 5
Receive Times:  [0.0, 0.0, 0.0, 0.0, 0.0, 0.0]

Client: 5, Client Receive Time: 2.9208604246377945e-07

Client: 12
Receive Times:  [0.0, 0.0, 0.0, 0.0, 0.0, 0.0, 0.0]

Client: 12, Client Receive Time: 1.334003172814846e-06

Client: 13
Receive Times:  [0.0, 0.0, 0.0, 0.0, 0.0, 0.0, 0.0]

Client: 13, Client Receive Time: 2.9208604246377945e-07

Client: 14
Receive Times:  [0.0, 0.0, 0.0, 0.0, 0.0, 0.0, 0.0]

Client: 14, Client Receive Time: 2.50060111284256e-07

Client: 15
Receive Times:  [0.0, 0.0, 0.0, 0.0, 0.0, 0.0, 0.0]

Client: 15, Client Receive Time: 3.7497375160455704e-07

Client: 16
Receive Times:  [0.0, 0.0, 0.0, 0.0, 0.0, 0.0, 0.0]

Client: 16, Client Receive Time: 3.7509016692638397e-07

Client: 17
Receive Times:  [0.0, 0.0, 0.0, 0.0, 0.0, 0.0, 0.0]

Client: 17, Client Receive Time: 2.0803418010473251e-07

Send Time of Group 1: 0.0

Receive Time of Group 0: 0.0

Client: 0, Client Deduplicate Time: 0.00981

Client: 1, Client Deduplicate Time: 0.0093

Client: 2, Client Deduplicate Time: 0.00947

Client: 3, Client Deduplicate Time: 0.00965

Client: 4, Client Deduplicate Time: 0.00902

Client: 5, Client Deduplicate Time: 0.00935

Client: 12, Client Deduplicate Time: 0.01114

Client: 13, Client Deduplicate Time: 0.01116

Client: 14, Client Deduplicate Time: 0.01074

Client: 15, Client Deduplicate Time: 0.01086

Client: 16, Client Deduplicate Time: 0.0108

Client: 17, Client Deduplicate Time: 0.01068


Current Level:  0

Client: 12
Send Times:  [0.0, 0.0, 0.0, 0.0, 0.0, 0.0, 0.0, 0.0, 0.0, 0.0, 0.0, 0.0]

Client: 12, Client Send Time: 8.749775588512421e-07

Client: 13
Send Times:  [0.0, 0.0, 0.0, 0.0, 0.0, 0.0, 0.0, 0.0, 0.0, 0.0, 0.0, 0.0]

Client: 13, Client Send Time: 1.6705598682165146e-07

Client: 14
Send Times:  [0.0, 0.0, 0.0, 0.0, 0.0, 0.0, 0.0, 0.0, 0.0, 0.0, 0.0, 0.0]

Client: 14, Client Send Time: 1.6705598682165146e-07

Client: 15
Send Times:  [0.0, 0.0, 0.0, 0.0, 0.0, 0.0, 0.0, 0.0, 0.0, 0.0, 0.0, 0.0]

Client: 15, Client Send Time: 1.6705598682165146e-07

Client: 16
Send Times:  [0.0, 0.0, 0.0, 0.0, 0.0, 0.0, 0.0, 0.0, 0.0, 0.0, 0.0, 0.0]

Client: 16, Client Send Time: 1.6705598682165146e-07

Client: 17
Send Times:  [0.0, 0.0, 0.0, 0.0, 0.0, 0.0, 0.0, 0.0, 0.0, 0.0, 0.0, 0.0]

Client: 17, Client Send Time: 1.6705598682165146e-07

Client: 18
Send Times:  [0.0, 0.0, 0.0, 0.0, 0.0, 0.0, 0.0, 0.0, 0.0, 0.0, 0.0, 0.0]

Client: 18, Client Send Time: 1.6705598682165146e-07

Client: 19
Send Times:  [0.0, 0.0, 0.0, 0.0, 0.0, 0.0, 0.0, 0.0, 0.0, 0.0, 0.0, 0.0]

Client: 19, Client Send Time: 1.6705598682165146e-07

Client: 20
Send Times:  [0.0, 0.0, 0.0, 0.0, 0.0, 0.0, 0.0, 0.0, 0.0, 0.0, 0.0, 0.0]

Client: 20, Client Send Time: 4.249974153935909e-06

Client: 21
Send Times:  [0.0, 0.0, 0.0, 0.0, 0.0, 0.0, 0.0, 0.0, 0.0, 0.0, 0.0, 0.0]

Client: 21, Client Send Time: 1.6705598682165146e-07

Client: 22
Send Times:  [0.0, 0.0, 0.0, 0.0, 0.0, 0.0, 0.0, 0.0, 0.0, 0.0, 0.0, 0.0]

Client: 22, Client Send Time: 1.6705598682165146e-07

Client: 23
Send Times:  [0.0, 0.0, 0.0, 0.0, 0.0, 0.0, 0.0, 0.0, 0.0, 0.0, 0.0, 0.0]

Client: 23, Client Send Time: 1.6705598682165146e-07

Client: 24
Send Times:  [0.0, 0.0, 0.0, 0.0, 0.0, 0.0, 0.0, 0.0, 0.0, 0.0, 0.0, 0.0]

Client: 24, Client Send Time: 1.6705598682165146e-07

Client: 0
Receive Times:  [0.0, 0.0, 0.0, 0.0, 0.0, 0.0, 0.0, 0.0, 0.0, 0.0, 0.0, 0.0, 0.0]

Client: 0, Client Receive Time: 1.2080417945981026e-06

Client: 1
Receive Times:  [0.0, 0.0, 0.0, 0.0, 0.0, 0.0, 0.0, 0.0, 0.0, 0.0, 0.0, 0.0, 0.0]

Client: 1, Client Receive Time: 2.50060111284256e-07

Client: 2
Receive Times:  [0.0, 0.0, 0.0, 0.0, 0.0, 0.0, 0.0, 0.0, 0.0, 0.0, 0.0, 0.0, 0.0]

Client: 2, Client Receive Time: 2.50060111284256e-07

Client: 3
Receive Times:  [0.0, 0.0, 0.0, 0.0, 0.0, 0.0, 0.0, 0.0, 0.0, 0.0, 0.0, 0.0, 0.0]

Client: 3, Client Receive Time: 2.50060111284256e-07

Client: 4
Receive Times:  [0.0, 0.0, 0.0, 0.0, 0.0, 0.0, 0.0, 0.0, 0.0, 0.0, 0.0, 0.0, 0.0]

Client: 4, Client Receive Time: 2.0803418010473251e-07

Client: 5
Receive Times:  [0.0, 0.0, 0.0, 0.0, 0.0, 0.0, 0.0, 0.0, 0.0, 0.0, 0.0, 0.0, 0.0]

Client: 5, Client Receive Time: 2.50060111284256e-07

Client: 6
Receive Times:  [0.0, 0.0, 0.0, 0.0, 0.0, 0.0, 0.0, 0.0, 0.0, 0.0, 0.0, 0.0, 0.0]

Client: 6, Client Receive Time: 2.08965502679348e-07

Client: 7
Receive Times:  [0.0, 0.0, 0.0, 0.0, 0.0, 0.0, 0.0, 0.0, 0.0, 0.0, 0.0, 0.0, 0.0]

Client: 7, Client Receive Time: 2.919696271419525e-07

Client: 8
Receive Times:  [0.0, 0.0, 0.0, 0.0, 0.0, 0.0, 0.0, 0.0, 0.0, 0.0, 0.0, 0.0, 0.0]

Client: 8, Client Receive Time: 2.50060111284256e-07

Client: 9
Receive Times:  [0.0, 0.0, 0.0, 0.0, 0.0, 0.0, 0.0, 0.0, 0.0, 0.0, 0.0, 0.0, 0.0]

Client: 9, Client Receive Time: 2.08965502679348e-07

Client: 10
Receive Times:  [0.0, 0.0, 0.0, 0.0, 0.0, 0.0, 0.0, 0.0, 0.0, 0.0, 0.0, 0.0, 0.0]

Client: 10, Client Receive Time: 3.4999102354049683e-06

Client: 11
Receive Times:  [0.0, 0.0, 0.0, 0.0, 0.0, 0.0, 0.0, 0.0, 0.0, 0.0, 0.0, 0.0, 0.0]

Client: 11, Client Receive Time: 2.50060111284256e-07

Send Time of Group 1: 0.0

Receive Time of Group 0: 0.0

Client: 0, Client Deduplicate Time: 0.02024

Client: 1, Client Deduplicate Time: 0.02093

Client: 2, Client Deduplicate Time: 0.02051

Client: 3, Client Deduplicate Time: 0.01998

Client: 4, Client Deduplicate Time: 0.02077

Client: 5, Client Deduplicate Time: 0.0213

Client: 6, Client Deduplicate Time: 0.02049

Client: 7, Client Deduplicate Time: 0.01991

Client: 8, Client Deduplicate Time: 0.01996

Client: 9, Client Deduplicate Time: 0.02034

Client: 10, Client Deduplicate Time: 0.0211

Client: 11, Client Deduplicate Time: 0.02135


Total time for entire protocol: 123.76949

Wall clock time
Start time:  2024-10-02 16:51:15.653683
End time:  2024-10-02 16:53:31.920714

Total data with duplicates:  819425
Total data without duplicates:  696425
