EG PSI Type:  EgPsiType.TYPE2

Setup time: 98.53803

Client: 0, Client Setup Time: 3.64501527720131

Client: 1, Client Setup Time: 3.637200813042

Client: 2, Client Setup Time: 3.627337925019674

Client: 3, Client Setup Time: 3.6701850122772157

Client: 4, Client Setup Time: 3.6441337906289846

Client: 5, Client Setup Time: 3.632396160857752

Client: 6, Client Setup Time: 3.665314941899851

Client: 7, Client Setup Time: 3.6212895647622645

Client: 8, Client Setup Time: 3.6439588306238875

Client: 9, Client Setup Time: 3.6337212566286325

Client: 10, Client Setup Time: 3.6684621361782774

Client: 11, Client Setup Time: 3.6305114129791036

Client: 12, Client Setup Time: 3.6273525536525995

Client: 13, Client Setup Time: 3.637803638353944

Client: 14, Client Setup Time: 3.6321279056137428

Client: 15, Client Setup Time: 3.643685568240471

Client: 16, Client Setup Time: 3.7448649666039273

Client: 17, Client Setup Time: 3.6460135012166575

Client: 18, Client Setup Time: 3.6295018321834505

Client: 19, Client Setup Time: 3.6434257921064273

Client: 0, TP Setup Time: 1.279860847746022

Client: 1, TP Setup Time: 1.2790075618540868

Client: 2, TP Setup Time: 1.277211116044782

Client: 3, TP Setup Time: 1.2934721537167206

Client: 4, TP Setup Time: 1.2829317923169583

Client: 5, TP Setup Time: 1.2806140061002225

Client: 6, TP Setup Time: 1.2798219331307337

Client: 7, TP Setup Time: 1.2763163523050025

Client: 8, TP Setup Time: 1.28440850332845

Client: 9, TP Setup Time: 1.2782543684588745

Client: 10, TP Setup Time: 1.2801926138345152

Client: 11, TP Setup Time: 1.278209254029207

Client: 12, TP Setup Time: 1.2787690294208005

Client: 13, TP Setup Time: 1.2796526945894584

Client: 14, TP Setup Time: 1.276506511378102

Client: 15, TP Setup Time: 1.279042056761682

Client: 16, TP Setup Time: 1.2890792834805325

Client: 17, TP Setup Time: 1.2817065397975966

Client: 18, TP Setup Time: 1.2766659178305417

Client: 19, TP Setup Time: 1.2820041659288108


Current Level:  4

Client: 4
Send Times:  [0.0]

Client: 4, Client Send Time: 4.169996827840805e-07

Client: 9
Send Times:  [0.0]

Client: 9, Client Send Time: 5.420297384262085e-07

Client: 14
Send Times:  [0.0]

Client: 14, Client Send Time: 5.419133231043816e-07

Client: 19
Send Times:  [0.0]

Client: 19, Client Send Time: 3.330642357468605e-07

Client: 3
Receive Times:  [0.0]

Client: 3, Client Receive Time: 5.00003807246685e-07

Client: 8
Receive Times:  [0.0]

Client: 8, Client Receive Time: 7.50063918530941e-07

Client: 13
Receive Times:  [0.0]

Client: 13, Client Receive Time: 1.125037670135498e-06

Client: 18
Receive Times:  [0.0]

Client: 18, Client Receive Time: 2.50060111284256e-07

Send Time of Group 1: 0.0

Receive Time of Group 0: 0.0

Client: 3, Client Deduplicate Time: 0.00194

Client: 8, Client Deduplicate Time: 0.00238

Client: 13, Client Deduplicate Time: 0.002

Client: 18, Client Deduplicate Time: 0.00201


Current Level:  3

Client: 1
Send Times:  [2e-05]

Client: 1, Client Send Time: 1.850002445280552e-05

Client: 3
Send Times:  [0.0]

Client: 3, Client Send Time: 2.919696271419525e-07

Client: 4
Send Times:  [0.0]

Client: 4, Client Send Time: 1.6600824892520905e-07

Client: 6
Send Times:  [0.0]

Client: 6, Client Send Time: 8.329516276717186e-07

Client: 8
Send Times:  [0.0]

Client: 8, Client Send Time: 2.0803418010473251e-07

Client: 9
Send Times:  [0.0]

Client: 9, Client Send Time: 2.0803418010473251e-07

Client: 11
Send Times:  [0.0]

Client: 11, Client Send Time: 1.0419171303510666e-06

Client: 13
Send Times:  [0.0]

Client: 13, Client Send Time: 3.7509016692638397e-07

Client: 14
Send Times:  [0.0]

Client: 14, Client Send Time: 2.0803418010473251e-07

Client: 16
Send Times:  [0.0]

Client: 16, Client Send Time: 7.079215720295906e-07

Client: 18
Send Times:  [0.0]

Client: 18, Client Send Time: 3.33995558321476e-07

Client: 19
Send Times:  [0.0]

Client: 19, Client Send Time: 2.4994369596242905e-07

Client: 0
Receive Times:  [0.0]

Client: 0, Client Receive Time: 1.291045919060707e-06

Client: 2
Receive Times:  [0.0, 0.0]

Client: 2, Client Receive Time: 2.08965502679348e-07

Client: 5
Receive Times:  [0.0]

Client: 5, Client Receive Time: 2.666027285158634e-06

Client: 7
Receive Times:  [0.0, 0.0]

Client: 7, Client Receive Time: 4.169996827840805e-07

Client: 10
Receive Times:  [0.0]

Client: 10, Client Receive Time: 7.909256964921951e-07

Client: 12
Receive Times:  [0.0, 0.0]

Client: 12, Client Receive Time: 3.7497375160455704e-07

Client: 15
Receive Times:  [0.0]

Client: 15, Client Receive Time: 1.1249212548136711e-06

Client: 17
Receive Times:  [0.0, 0.0]

Client: 17, Client Receive Time: 2.9208604246377945e-07

Send Time of Group 1: 2e-05

Receive Time of Group 0: 0.0

Client: 0, Client Deduplicate Time: 0.00304

Client: 2, Client Deduplicate Time: 0.00437

Client: 5, Client Deduplicate Time: 0.00225

Client: 7, Client Deduplicate Time: 0.0042

Client: 10, Client Deduplicate Time: 0.00235

Client: 12, Client Deduplicate Time: 0.00396

Client: 15, Client Deduplicate Time: 0.0026

Client: 17, Client Deduplicate Time: 0.00388


Current Level:  2

Client: 2
Send Times:  [0.0, 0.0]

Client: 2, Client Send Time: 6.249174475669861e-07

Client: 3
Send Times:  [0.0, 0.0]

Client: 3, Client Send Time: 2.0803418010473251e-07

Client: 4
Send Times:  [0.0, 0.0]

Client: 4, Client Send Time: 1.25030055642128e-07

Client: 7
Send Times:  [0.0, 0.0]

Client: 7, Client Send Time: 2.50060111284256e-07

Client: 8
Send Times:  [0.0, 0.0]

Client: 8, Client Send Time: 1.6705598682165146e-07

Client: 9
Send Times:  [0.0, 0.0]

Client: 9, Client Send Time: 1.25030055642128e-07

Client: 12
Send Times:  [0.0, 0.0]

Client: 12, Client Send Time: 6.25033862888813e-07

Client: 13
Send Times:  [0.0, 0.0]

Client: 13, Client Send Time: 2.4994369596242905e-07

Client: 14
Send Times:  [0.0, 0.0]

Client: 14, Client Send Time: 1.6705598682165146e-07

Client: 17
Send Times:  [0.0, 0.0]

Client: 17, Client Send Time: 2.919696271419525e-07

Client: 18
Send Times:  [0.0, 0.0]

Client: 18, Client Send Time: 1.25030055642128e-07

Client: 19
Send Times:  [0.0, 0.0]

Client: 19, Client Send Time: 1.6705598682165146e-07

Client: 0
Receive Times:  [0.0, 0.0, 0.0]

Client: 0, Client Receive Time: 1.459033228456974e-06

Client: 1
Receive Times:  [0.0, 0.0, 0.0]

Client: 1, Client Receive Time: 2.50060111284256e-07

Client: 5
Receive Times:  [0.0, 0.0, 0.0]

Client: 5, Client Receive Time: 5.00003807246685e-07

Client: 6
Receive Times:  [0.0, 0.0, 0.0]

Client: 6, Client Receive Time: 1.6705598682165146e-07

Client: 10
Receive Times:  [0.0, 0.0, 0.0]

Client: 10, Client Receive Time: 6.660120561718941e-07

Client: 11
Receive Times:  [0.0, 0.0, 0.0]

Client: 11, Client Receive Time: 1.6705598682165146e-07

Client: 15
Receive Times:  [0.0, 0.0, 0.0]

Client: 15, Client Receive Time: 7.080379873514175e-07

Client: 16
Receive Times:  [0.0, 0.0, 0.0]

Client: 16, Client Receive Time: 1.6693957149982452e-07

Send Time of Group 1: 0.0

Receive Time of Group 0: 0.0

Client: 0, Client Deduplicate Time: 0.00546

Client: 1, Client Deduplicate Time: 0.00537

Client: 5, Client Deduplicate Time: 0.00587

Client: 6, Client Deduplicate Time: 0.00503

Client: 10, Client Deduplicate Time: 0.00514

Client: 11, Client Deduplicate Time: 0.0054

Client: 15, Client Deduplicate Time: 0.00505

Client: 16, Client Deduplicate Time: 0.00513


Current Level:  1

Client: 5
Send Times:  [0.0, 0.0, 0.0, 0.0, 0.0]

Client: 5, Client Send Time: 9.170034900307655e-07

Client: 6
Send Times:  [0.0, 0.0, 0.0, 0.0, 0.0]

Client: 6, Client Send Time: 1.6705598682165146e-07

Client: 7
Send Times:  [0.0, 0.0, 0.0, 0.0, 0.0]

Client: 7, Client Send Time: 1.6693957149982452e-07

Client: 8
Send Times:  [0.0, 0.0, 0.0, 0.0, 0.0]

Client: 8, Client Send Time: 1.6693957149982452e-07

Client: 9
Send Times:  [0.0, 0.0, 0.0, 0.0, 0.0]

Client: 9, Client Send Time: 1.6705598682165146e-07

Client: 15
Send Times:  [0.0, 0.0, 0.0, 0.0, 0.0]

Client: 15, Client Send Time: 5.00003807246685e-07

Client: 16
Send Times:  [0.0, 0.0, 0.0, 0.0, 0.0]

Client: 16, Client Send Time: 1.6705598682165146e-07

Client: 17
Send Times:  [0.0, 0.0, 0.0, 0.0, 0.0]

Client: 17, Client Send Time: 1.25030055642128e-07

Client: 18
Send Times:  [0.0, 0.0, 0.0, 0.0, 0.0]

Client: 18, Client Send Time: 1.6705598682165146e-07

Client: 19
Send Times:  [0.0, 0.0, 0.0, 0.0, 0.0]

Client: 19, Client Send Time: 1.25030055642128e-07

Client: 0
Receive Times:  [0.0, 0.0, 0.0, 0.0, 0.0]

Client: 0, Client Receive Time: 1.7080456018447876e-06

Client: 1
Receive Times:  [0.0, 0.0, 0.0, 0.0, 0.0]

Client: 1, Client Receive Time: 2.9103830456733704e-07

Client: 2
Receive Times:  [0.0, 0.0, 0.0, 0.0, 0.0]

Client: 2, Client Receive Time: 2.50060111284256e-07

Client: 3
Receive Times:  [0.0, 0.0, 0.0, 0.0, 0.0]

Client: 3, Client Receive Time: 2.4994369596242905e-07

Client: 4
Receive Times:  [0.0, 0.0, 0.0, 0.0, 0.0]

Client: 4, Client Receive Time: 2.919696271419525e-07

Client: 10
Receive Times:  [0.0, 0.0, 0.0, 0.0, 0.0]

Client: 10, Client Receive Time: 6.669433787465096e-07

Client: 11
Receive Times:  [0.0, 0.0, 0.0, 0.0, 0.0]

Client: 11, Client Receive Time: 1.25030055642128e-07

Client: 12
Receive Times:  [0.0, 0.0, 0.0, 0.0, 0.0]

Client: 12, Client Receive Time: 1.25030055642128e-07

Client: 13
Receive Times:  [0.0, 0.0, 0.0, 0.0, 0.0]

Client: 13, Client Receive Time: 1.6693957149982452e-07

Client: 14
Receive Times:  [0.0, 0.0, 0.0, 0.0, 0.0]

Client: 14, Client Receive Time: 1.6705598682165146e-07

Send Time of Group 1: 0.0

Receive Time of Group 0: 0.0

Client: 0, Client Deduplicate Time: 0.0083

Client: 1, Client Deduplicate Time: 0.00841

Client: 2, Client Deduplicate Time: 0.00812

Client: 3, Client Deduplicate Time: 0.00831

Client: 4, Client Deduplicate Time: 0.00833

Client: 10, Client Deduplicate Time: 0.00847

Client: 11, Client Deduplicate Time: 0.00848

Client: 12, Client Deduplicate Time: 0.00822

Client: 13, Client Deduplicate Time: 0.00838

Client: 14, Client Deduplicate Time: 0.00854


Current Level:  0

Client: 10
Send Times:  [0.0, 0.0, 0.0, 0.0, 0.0, 0.0, 0.0, 0.0, 0.0, 0.0]

Client: 10, Client Send Time: 7.080379873514175e-07

Client: 11
Send Times:  [0.0, 0.0, 0.0, 0.0, 0.0, 0.0, 0.0, 0.0, 0.0, 0.0]

Client: 11, Client Send Time: 2.50060111284256e-07

Client: 12
Send Times:  [0.0, 0.0, 0.0, 0.0, 0.0, 0.0, 0.0, 0.0, 0.0, 0.0]

Client: 12, Client Send Time: 1.6600824892520905e-07

Client: 13
Send Times:  [0.0, 0.0, 0.0, 0.0, 0.0, 0.0, 0.0, 0.0, 0.0, 0.0]

Client: 13, Client Send Time: 1.6693957149982452e-07

Client: 14
Send Times:  [0.0, 0.0, 0.0, 0.0, 0.0, 0.0, 0.0, 0.0, 0.0, 0.0]

Client: 14, Client Send Time: 1.6705598682165146e-07

Client: 15
Send Times:  [0.0, 0.0, 0.0, 0.0, 0.0, 0.0, 0.0, 0.0, 0.0, 0.0]

Client: 15, Client Send Time: 1.6693957149982452e-07

Client: 16
Send Times:  [0.0, 0.0, 0.0, 0.0, 0.0, 0.0, 0.0, 0.0, 0.0, 0.0]

Client: 16, Client Send Time: 1.6705598682165146e-07

Client: 17
Send Times:  [0.0, 0.0, 0.0, 0.0, 0.0, 0.0, 0.0, 0.0, 0.0, 0.0]

Client: 17, Client Send Time: 1.6705598682165146e-07

Client: 18
Send Times:  [0.0, 0.0, 0.0, 0.0, 0.0, 0.0, 0.0, 0.0, 0.0, 0.0]

Client: 18, Client Send Time: 1.6693957149982452e-07

Client: 19
Send Times:  [0.0, 0.0, 0.0, 0.0, 0.0, 0.0, 0.0, 0.0, 0.0, 0.0]

Client: 19, Client Send Time: 1.25030055642128e-07

Client: 0
Receive Times:  [0.0, 0.0, 0.0, 0.0, 0.0, 0.0, 0.0, 0.0, 0.0, 0.0]

Client: 0, Client Receive Time: 1.5409896150231361e-06

Client: 1
Receive Times:  [0.0, 0.0, 0.0, 0.0, 0.0, 0.0, 0.0, 0.0, 0.0, 0.0]

Client: 1, Client Receive Time: 1.6705598682165146e-07

Client: 2
Receive Times:  [0.0, 0.0, 0.0, 0.0, 0.0, 0.0, 0.0, 0.0, 0.0, 0.0]

Client: 2, Client Receive Time: 1.6705598682165146e-07

Client: 3
Receive Times:  [0.0, 0.0, 0.0, 0.0, 0.0, 0.0, 0.0, 0.0, 0.0, 0.0]

Client: 3, Client Receive Time: 1.658918336033821e-07

Client: 4
Receive Times:  [0.0, 0.0, 0.0, 0.0, 0.0, 0.0, 0.0, 0.0, 0.0, 0.0]

Client: 4, Client Receive Time: 2.0908191800117493e-07

Client: 5
Receive Times:  [0.0, 0.0, 0.0, 0.0, 0.0, 0.0, 0.0, 0.0, 0.0, 0.0]

Client: 5, Client Receive Time: 1.6600824892520905e-07

Client: 6
Receive Times:  [0.0, 0.0, 0.0, 0.0, 0.0, 0.0, 0.0, 0.0, 0.0, 0.0]

Client: 6, Client Receive Time: 1.6705598682165146e-07

Client: 7
Receive Times:  [0.0, 0.0, 0.0, 0.0, 0.0, 0.0, 0.0, 0.0, 0.0, 0.0]

Client: 7, Client Receive Time: 1.6705598682165146e-07

Client: 8
Receive Times:  [0.0, 0.0, 0.0, 0.0, 0.0, 0.0, 0.0, 0.0, 0.0, 0.0]

Client: 8, Client Receive Time: 1.6705598682165146e-07

Client: 9
Receive Times:  [0.0, 0.0, 0.0, 0.0, 0.0, 0.0, 0.0, 0.0, 0.0, 0.0]

Client: 9, Client Receive Time: 1.6705598682165146e-07

Send Time of Group 1: 0.0

Receive Time of Group 0: 0.0

Client: 0, Client Deduplicate Time: 0.01685

Client: 1, Client Deduplicate Time: 0.01663

Client: 2, Client Deduplicate Time: 0.01608

Client: 3, Client Deduplicate Time: 0.01583

Client: 4, Client Deduplicate Time: 0.0161

Client: 5, Client Deduplicate Time: 0.01637

Client: 6, Client Deduplicate Time: 0.01686

Client: 7, Client Deduplicate Time: 0.01649

Client: 8, Client Deduplicate Time: 0.01614

Client: 9, Client Deduplicate Time: 0.01615


Total time for entire protocol: 98.57608

Wall clock time
Start time:  2024-10-02 16:49:26.655344
End time:  2024-10-02 16:51:15.100797

Total data with duplicates:  655580
Total data without duplicates:  557160
