EG PSI Type:  EgPsiType.TYPE1

Current Level:  3

Client Encryptions and TP Receive


Group 0 clients

Client: 3, Client Encrypt Time: 0.00416
Client: 3, TP Receive Time: 0.00018

Group 1 clients

Client: 4, Client Encrypt Time: 0.00425
Client: 4, TP Receive Time: 0.00021

Group 0 clients

Client: 8, Client Encrypt Time: 0.00282
Client: 8, TP Receive Time: 0.00013

Group 1 clients

Client: 9, Client Encrypt Time: 0.00281
Client: 9, TP Receive Time: 0.00013

Client Deduplicate and TP Send


Client: 3, TP Send Time: 7e-05
Client: 3, Client Deduplicate Time: 2e-05

Client: 8, TP Send Time: 5e-05
Client: 8, Client Deduplicate Time: 1e-05

Level: 3, Time for entire level: 0.00458

Current Level:  2

Client Encryptions and TP Receive


Group 0 clients

Client: 0, Client Encrypt Time: 0.00452
Client: 0, TP Receive Time: 0.00022

Group 1 clients

Client: 1, Client Encrypt Time: 0.00764
Client: 1, TP Receive Time: 0.00022

Group 0 clients

Client: 2, Client Encrypt Time: 0.0066
Client: 2, TP Receive Time: 0.00028

Group 1 clients

Client: 3, Client Encrypt Time: 0.00374
Client: 3, TP Receive Time: 0.00017

Client: 4, Client Encrypt Time: 0.00363
Client: 4, TP Receive Time: 0.00015

Group 0 clients

Client: 5, Client Encrypt Time: 0.00277
Client: 5, TP Receive Time: 0.00012

Group 1 clients

Client: 6, Client Encrypt Time: 0.00283
Client: 6, TP Receive Time: 0.00013

Group 0 clients

Client: 7, Client Encrypt Time: 0.0055
Client: 7, TP Receive Time: 0.00025

Group 1 clients

Client: 8, Client Encrypt Time: 0.00264
Client: 8, TP Receive Time: 0.00012

Client: 9, Client Encrypt Time: 0.00278
Client: 9, TP Receive Time: 0.00013

Client Deduplicate and TP Send


Client: 0, TP Send Time: 8e-05
Client: 0, Client Deduplicate Time: 2e-05

Client: 2, TP Send Time: 0.00011
Client: 2, Client Deduplicate Time: 3e-05

Client: 5, TP Send Time: 5e-05
Client: 5, Client Deduplicate Time: 1e-05

Client: 7, TP Send Time: 0.0001
Client: 7, Client Deduplicate Time: 3e-05

Level: 2, Time for entire level: 0.00822

Current Level:  1

Client Encryptions and TP Receive


Group 0 clients

Client: 0, Client Encrypt Time: 0.0084
Client: 0, TP Receive Time: 0.00034

Client: 1, Client Encrypt Time: 0.00868
Client: 1, TP Receive Time: 0.00046

Group 1 clients

Client: 2, Client Encrypt Time: 0.00558
Client: 2, TP Receive Time: 0.00025

Client: 3, Client Encrypt Time: 0.00563
Client: 3, TP Receive Time: 0.00025

Client: 4, Client Encrypt Time: 0.00554
Client: 4, TP Receive Time: 0.00027

Group 0 clients

Client: 5, Client Encrypt Time: 0.00816
Client: 5, TP Receive Time: 0.00035

Client: 6, Client Encrypt Time: 0.00843
Client: 6, TP Receive Time: 0.00043

Group 1 clients

Client: 7, Client Encrypt Time: 0.00518
Client: 7, TP Receive Time: 0.00024

Client: 8, Client Encrypt Time: 0.00544
Client: 8, TP Receive Time: 0.00024

Client: 9, Client Encrypt Time: 0.00555
Client: 9, TP Receive Time: 0.00028

Client Deduplicate and TP Send


Client: 0, TP Send Time: 0.00015
Client: 0, Client Deduplicate Time: 4e-05

Client: 1, TP Send Time: 0.00015
Client: 1, Client Deduplicate Time: 4e-05

Client: 5, TP Send Time: 0.00018
Client: 5, Client Deduplicate Time: 4e-05

Client: 6, TP Send Time: 0.00016
Client: 6, Client Deduplicate Time: 4e-05

Level: 1, Time for entire level: 0.00981

Current Level:  0

Client Encryptions and TP Receive


Group 0 clients

Client: 0, Client Encrypt Time: 0.01251
Client: 0, TP Receive Time: 0.00057

Client: 1, Client Encrypt Time: 0.01369
Client: 1, TP Receive Time: 0.0007

Client: 2, Client Encrypt Time: 0.01377
Client: 2, TP Receive Time: 0.00072

Client: 3, Client Encrypt Time: 0.01477
Client: 3, TP Receive Time: 0.00079

Client: 4, Client Encrypt Time: 0.01522
Client: 4, TP Receive Time: 0.00111

Group 1 clients

Client: 5, Client Encrypt Time: 0.01262
Client: 5, TP Receive Time: 0.00056

Client: 6, Client Encrypt Time: 0.01319
Client: 6, TP Receive Time: 0.00062

Client: 7, Client Encrypt Time: 0.01342
Client: 7, TP Receive Time: 0.00068

Client: 8, Client Encrypt Time: 0.01468
Client: 8, TP Receive Time: 0.00073

Client: 9, Client Encrypt Time: 0.01462
Client: 9, TP Receive Time: 0.00086

Client Deduplicate and TP Send


Client: 0, TP Send Time: 0.00024
Client: 0, Client Deduplicate Time: 6e-05

Client: 1, TP Send Time: 0.0003
Client: 1, Client Deduplicate Time: 7e-05

Client: 2, TP Send Time: 0.00029
Client: 2, Client Deduplicate Time: 7e-05

Client: 3, TP Send Time: 0.00031
Client: 3, Client Deduplicate Time: 7e-05

Client: 4, TP Send Time: 0.00026
Client: 4, Client Deduplicate Time: 7e-05

Level: 0, Time for entire level: 0.01781


Total time for entire protocol: 0.04042

Wall clock time
Start time:  2024-10-02 16:46:02.328878
End time:  2024-10-02 16:46:02.625598

Total data with duplicates:  10310
Total data without duplicates:  8735
