EG PSI Type:  EgPsiType.TYPE1

Current Level:  3

Client Encryptions and TP Receive


Group 0 clients

Client: 3, Client Encrypt Time: 0.02232
Client: 3, TP Receive Time: 0.00107

Group 1 clients

Client: 4, Client Encrypt Time: 0.02286
Client: 4, TP Receive Time: 0.00103

Group 0 clients

Client: 8, Client Encrypt Time: 0.02315
Client: 8, TP Receive Time: 0.00146

Group 1 clients

Client: 9, Client Encrypt Time: 0.02311
Client: 9, TP Receive Time: 0.00123

Client Deduplicate and TP Send


Client: 3, TP Send Time: 0.00041
Client: 3, Client Deduplicate Time: 0.00011

Client: 8, TP Send Time: 0.00055
Client: 8, Client Deduplicate Time: 0.00013

Level: 3, Time for entire level: 0.02569

Current Level:  2

Client Encryptions and TP Receive


Group 0 clients

Client: 0, Client Encrypt Time: 0.02271
Client: 0, TP Receive Time: 0.00115

Group 1 clients

Client: 1, Client Encrypt Time: 0.02557
Client: 1, TP Receive Time: 0.00112

Group 0 clients

Client: 2, Client Encrypt Time: 0.0459
Client: 2, TP Receive Time: 0.00243

Group 1 clients

Client: 3, Client Encrypt Time: 0.02153
Client: 3, TP Receive Time: 0.00108

Client: 4, Client Encrypt Time: 0.02309
Client: 4, TP Receive Time: 0.00117

Group 0 clients

Client: 5, Client Encrypt Time: 0.02337
Client: 5, TP Receive Time: 0.00114

Group 1 clients

Client: 6, Client Encrypt Time: 0.02334
Client: 6, TP Receive Time: 0.00126

Group 0 clients

Client: 7, Client Encrypt Time: 0.04639
Client: 7, TP Receive Time: 0.00254

Group 1 clients

Client: 8, Client Encrypt Time: 0.02283
Client: 8, TP Receive Time: 0.00127

Client: 9, Client Encrypt Time: 0.02274
Client: 9, TP Receive Time: 0.00124

Client Deduplicate and TP Send


Client: 0, TP Send Time: 0.00044
Client: 0, Client Deduplicate Time: 0.00012

Client: 2, TP Send Time: 0.00087
Client: 2, Client Deduplicate Time: 0.00023

Client: 5, TP Send Time: 0.00044
Client: 5, Client Deduplicate Time: 0.00013

Client: 7, TP Send Time: 0.00088
Client: 7, Client Deduplicate Time: 0.00023

Level: 2, Time for entire level: 0.0518

Current Level:  1

Client Encryptions and TP Receive


Group 0 clients

Client: 0, Client Encrypt Time: 0.06718
Client: 0, TP Receive Time: 0.00359

Client: 1, Client Encrypt Time: 0.06761
Client: 1, TP Receive Time: 0.00475

Group 1 clients

Client: 2, Client Encrypt Time: 0.04571
Client: 2, TP Receive Time: 0.00203

Client: 3, Client Encrypt Time: 0.0444
Client: 3, TP Receive Time: 0.00253

Client: 4, Client Encrypt Time: 0.04646
Client: 4, TP Receive Time: 0.00333

Group 0 clients

Client: 5, Client Encrypt Time: 0.06558
Client: 5, TP Receive Time: 0.0036

Client: 6, Client Encrypt Time: 0.06752
Client: 6, TP Receive Time: 0.00521

Group 1 clients

Client: 7, Client Encrypt Time: 0.04309
Client: 7, TP Receive Time: 0.00224

Client: 8, Client Encrypt Time: 0.04435
Client: 8, TP Receive Time: 0.00254

Client: 9, Client Encrypt Time: 0.04649
Client: 9, TP Receive Time: 0.00281

Client Deduplicate and TP Send


Client: 0, TP Send Time: 0.00148
Client: 0, Client Deduplicate Time: 0.00039

Client: 1, TP Send Time: 0.00196
Client: 1, Client Deduplicate Time: 0.00045

Client: 5, TP Send Time: 0.00146
Client: 5, Client Deduplicate Time: 0.00038

Client: 6, TP Send Time: 0.00172
Client: 6, Client Deduplicate Time: 0.00044

Level: 1, Time for entire level: 0.0798

Current Level:  0

Client Encryptions and TP Receive


Group 0 clients

Client: 0, Client Encrypt Time: 0.09656
Client: 0, TP Receive Time: 0.00714

Client: 1, Client Encrypt Time: 0.10233
Client: 1, TP Receive Time: 0.0077

Client: 2, Client Encrypt Time: 0.10526
Client: 2, TP Receive Time: 0.00796

Client: 3, Client Encrypt Time: 0.10946
Client: 3, TP Receive Time: 0.00786

Client: 4, Client Encrypt Time: 0.11358
Client: 4, TP Receive Time: 0.01097

Group 1 clients

Client: 5, Client Encrypt Time: 0.10127
Client: 5, TP Receive Time: 0.00513

Client: 6, Client Encrypt Time: 0.10153
Client: 6, TP Receive Time: 0.00608

Client: 7, Client Encrypt Time: 0.10705
Client: 7, TP Receive Time: 0.00683

Client: 8, Client Encrypt Time: 0.10981
Client: 8, TP Receive Time: 0.00705

Client: 9, Client Encrypt Time: 0.11062
Client: 9, TP Receive Time: 0.00838

Client Deduplicate and TP Send


Client: 0, TP Send Time: 0.00384
Client: 0, Client Deduplicate Time: 0.00076

Client: 1, TP Send Time: 0.00379
Client: 1, Client Deduplicate Time: 0.00081

Client: 2, TP Send Time: 0.00369
Client: 2, Client Deduplicate Time: 0.00075

Client: 3, TP Send Time: 0.00374
Client: 3, Client Deduplicate Time: 0.00073

Client: 4, TP Send Time: 0.00435
Client: 4, Client Deduplicate Time: 0.00086

Level: 0, Time for entire level: 0.14483


Total time for entire protocol: 0.30212

Wall clock time
Start time:  2024-10-02 16:46:02.899332
End time:  2024-10-02 16:46:05.129199

Total data with duplicates:  82000
Total data without duplicates:  69670
