EG PSI Type:  EgPsiType.TYPE1

Current Level:  3

Client Encryptions and TP Receive


Group 0 clients

Client: 3, Client Encrypt Time: 0.00033
Client: 3, TP Receive Time: 2e-05

Group 1 clients

Client: 4, Client Encrypt Time: 0.00033
Client: 4, TP Receive Time: 2e-05

Group 0 clients

Client: 8, Client Encrypt Time: 0.00027
Client: 8, TP Receive Time: 1e-05

Group 1 clients

Client: 9, Client Encrypt Time: 0.00026
Client: 9, TP Receive Time: 1e-05

Client Deduplicate and TP Send


Client: 3, TP Send Time: 1e-05
Client: 3, Client Deduplicate Time: 0.0

Client: 8, TP Send Time: 1e-05
Client: 8, Client Deduplicate Time: 0.0

Level: 3, Time for entire level: 0.00036

Current Level:  2

Client Encryptions and TP Receive


Group 0 clients

Client: 0, Client Encrypt Time: 0.00033
Client: 0, TP Receive Time: 2e-05

Group 1 clients

Client: 1, Client Encrypt Time: 0.00178
Client: 1, TP Receive Time: 2e-05

Group 0 clients

Client: 2, Client Encrypt Time: 0.00065
Client: 2, TP Receive Time: 3e-05

Group 1 clients

Client: 3, Client Encrypt Time: 0.00031
Client: 3, TP Receive Time: 2e-05

Client: 4, Client Encrypt Time: 0.00033
Client: 4, TP Receive Time: 2e-05

Group 0 clients

Client: 5, Client Encrypt Time: 0.00027
Client: 5, TP Receive Time: 1e-05

Group 1 clients

Client: 6, Client Encrypt Time: 0.00027
Client: 6, TP Receive Time: 1e-05

Group 0 clients

Client: 7, Client Encrypt Time: 0.00052
Client: 7, TP Receive Time: 3e-05

Group 1 clients

Client: 8, Client Encrypt Time: 0.00025
Client: 8, TP Receive Time: 1e-05

Client: 9, Client Encrypt Time: 0.00026
Client: 9, TP Receive Time: 1e-05

Client Deduplicate and TP Send


Client: 0, TP Send Time: 1e-05
Client: 0, Client Deduplicate Time: 0.0

Client: 2, TP Send Time: 1e-05
Client: 2, Client Deduplicate Time: 0.0

Client: 5, TP Send Time: 1e-05
Client: 5, Client Deduplicate Time: 0.0

Client: 7, TP Send Time: 1e-05
Client: 7, Client Deduplicate Time: 0.0

Level: 2, Time for entire level: 0.00185

Current Level:  1

Client Encryptions and TP Receive


Group 0 clients

Client: 0, Client Encrypt Time: 0.00075
Client: 0, TP Receive Time: 4e-05

Client: 1, Client Encrypt Time: 0.00079
Client: 1, TP Receive Time: 4e-05

Group 1 clients

Client: 2, Client Encrypt Time: 0.00059
Client: 2, TP Receive Time: 3e-05

Client: 3, Client Encrypt Time: 0.00061
Client: 3, TP Receive Time: 3e-05

Client: 4, Client Encrypt Time: 0.00053
Client: 4, TP Receive Time: 3e-05

Group 0 clients

Client: 5, Client Encrypt Time: 0.00073
Client: 5, TP Receive Time: 3e-05

Client: 6, Client Encrypt Time: 0.00077
Client: 6, TP Receive Time: 4e-05

Group 1 clients

Client: 7, Client Encrypt Time: 0.00047
Client: 7, TP Receive Time: 2e-05

Client: 8, Client Encrypt Time: 0.00049
Client: 8, TP Receive Time: 2e-05

Client: 9, Client Encrypt Time: 0.00051
Client: 9, TP Receive Time: 3e-05

Client Deduplicate and TP Send


Client: 0, TP Send Time: 2e-05
Client: 0, Client Deduplicate Time: 0.0

Client: 1, TP Send Time: 1e-05
Client: 1, Client Deduplicate Time: 0.0

Client: 5, TP Send Time: 1e-05
Client: 5, Client Deduplicate Time: 0.0

Client: 6, TP Send Time: 1e-05
Client: 6, Client Deduplicate Time: 0.0

Level: 1, Time for entire level: 0.00089

Current Level:  0

Client Encryptions and TP Receive


Group 0 clients

Client: 0, Client Encrypt Time: 0.00089
Client: 0, TP Receive Time: 4e-05

Client: 1, Client Encrypt Time: 0.00094
Client: 1, TP Receive Time: 4e-05

Client: 2, Client Encrypt Time: 0.00098
Client: 2, TP Receive Time: 6e-05

Client: 3, Client Encrypt Time: 0.0009
Client: 3, TP Receive Time: 4e-05

Client: 4, Client Encrypt Time: 0.00096
Client: 4, TP Receive Time: 4e-05

Group 1 clients

Client: 5, Client Encrypt Time: 0.00091
Client: 5, TP Receive Time: 4e-05

Client: 6, Client Encrypt Time: 0.00093
Client: 6, TP Receive Time: 4e-05

Client: 7, Client Encrypt Time: 0.00099
Client: 7, TP Receive Time: 5e-05

Client: 8, Client Encrypt Time: 0.00105
Client: 8, TP Receive Time: 6e-05

Client: 9, Client Encrypt Time: 0.00111
Client: 9, TP Receive Time: 5e-05

Client Deduplicate and TP Send


Client: 0, TP Send Time: 2e-05
Client: 0, Client Deduplicate Time: 0.0

Client: 1, TP Send Time: 2e-05
Client: 1, Client Deduplicate Time: 0.0

Client: 2, TP Send Time: 2e-05
Client: 2, Client Deduplicate Time: 0.0

Client: 3, TP Send Time: 2e-05
Client: 3, Client Deduplicate Time: 0.0

Client: 4, TP Send Time: 2e-05
Client: 4, Client Deduplicate Time: 0.0

Level: 0, Time for entire level: 0.00125


Total time for entire protocol: 0.00435

Wall clock time
Start time:  2024-10-02 16:46:01.740658
End time:  2024-10-02 16:46:01.764947

Total data with duplicates:  400
Total data without duplicates:  310
