EG PSI Type:  EgPsiType.TYPE1

Current Level:  3

Client Encryptions and TP Receive


Group 0 clients

Client: 3, Client Encrypt Time: 0.00075
Client: 3, TP Receive Time: 4e-05

Group 1 clients

Client: 4, Client Encrypt Time: 0.00075
Client: 4, TP Receive Time: 4e-05

Group 0 clients

Client: 8, Client Encrypt Time: 0.00056
Client: 8, TP Receive Time: 3e-05

Group 1 clients

Client: 9, Client Encrypt Time: 0.00056
Client: 9, TP Receive Time: 3e-05

Client Deduplicate and TP Send


Client: 3, TP Send Time: 1e-05
Client: 3, Client Deduplicate Time: 0.0

Client: 8, TP Send Time: 1e-05
Client: 8, Client Deduplicate Time: 0.0

Level: 3, Time for entire level: 0.00082

Current Level:  2

Client Encryptions and TP Receive


Group 0 clients

Client: 0, Client Encrypt Time: 0.00076
Client: 0, TP Receive Time: 4e-05

Group 1 clients

Client: 1, Client Encrypt Time: 0.00351
Client: 1, TP Receive Time: 4e-05

Group 0 clients

Client: 2, Client Encrypt Time: 0.0013
Client: 2, TP Receive Time: 6e-05

Group 1 clients

Client: 3, Client Encrypt Time: 0.00073
Client: 3, TP Receive Time: 4e-05

Client: 4, Client Encrypt Time: 0.00066
Client: 4, TP Receive Time: 3e-05

Group 0 clients

Client: 5, Client Encrypt Time: 0.00056
Client: 5, TP Receive Time: 3e-05

Group 1 clients

Client: 6, Client Encrypt Time: 0.00057
Client: 6, TP Receive Time: 3e-05

Group 0 clients

Client: 7, Client Encrypt Time: 0.00112
Client: 7, TP Receive Time: 5e-05

Group 1 clients

Client: 8, Client Encrypt Time: 0.00054
Client: 8, TP Receive Time: 3e-05

Client: 9, Client Encrypt Time: 0.00056
Client: 9, TP Receive Time: 3e-05

Client Deduplicate and TP Send


Client: 0, TP Send Time: 1e-05
Client: 0, Client Deduplicate Time: 0.0

Client: 2, TP Send Time: 2e-05
Client: 2, Client Deduplicate Time: 1e-05

Client: 5, TP Send Time: 1e-05
Client: 5, Client Deduplicate Time: 0.0

Client: 7, TP Send Time: 2e-05
Client: 7, Client Deduplicate Time: 1e-05

Level: 2, Time for entire level: 0.00362

Current Level:  1

Client Encryptions and TP Receive


Group 0 clients

Client: 0, Client Encrypt Time: 0.00185
Client: 0, TP Receive Time: 8e-05

Client: 1, Client Encrypt Time: 0.00171
Client: 1, TP Receive Time: 9e-05

Group 1 clients

Client: 2, Client Encrypt Time: 0.00118
Client: 2, TP Receive Time: 6e-05

Client: 3, Client Encrypt Time: 0.00122
Client: 3, TP Receive Time: 6e-05

Client: 4, Client Encrypt Time: 0.00127
Client: 4, TP Receive Time: 7e-05

Group 0 clients

Client: 5, Client Encrypt Time: 0.00147
Client: 5, TP Receive Time: 7e-05

Client: 6, Client Encrypt Time: 0.00151
Client: 6, TP Receive Time: 8e-05

Group 1 clients

Client: 7, Client Encrypt Time: 0.00104
Client: 7, TP Receive Time: 5e-05

Client: 8, Client Encrypt Time: 0.001
Client: 8, TP Receive Time: 5e-05

Client: 9, Client Encrypt Time: 0.001
Client: 9, TP Receive Time: 5e-05

Client Deduplicate and TP Send


Client: 0, TP Send Time: 4e-05
Client: 0, Client Deduplicate Time: 1e-05

Client: 1, TP Send Time: 3e-05
Client: 1, Client Deduplicate Time: 1e-05

Client: 5, TP Send Time: 3e-05
Client: 5, Client Deduplicate Time: 1e-05

Client: 6, TP Send Time: 3e-05
Client: 6, Client Deduplicate Time: 1e-05

Level: 1, Time for entire level: 0.00206

Current Level:  0

Client Encryptions and TP Receive


Group 0 clients

Client: 0, Client Encrypt Time: 0.00177
Client: 0, TP Receive Time: 8e-05

Client: 1, Client Encrypt Time: 0.00185
Client: 1, TP Receive Time: 8e-05

Client: 2, Client Encrypt Time: 0.00195
Client: 2, TP Receive Time: 9e-05

Client: 3, Client Encrypt Time: 0.00196
Client: 3, TP Receive Time: 9e-05

Client: 4, Client Encrypt Time: 0.00202
Client: 4, TP Receive Time: 0.00011

Group 1 clients

Client: 5, Client Encrypt Time: 0.00216
Client: 5, TP Receive Time: 0.0001

Client: 6, Client Encrypt Time: 0.00212
Client: 6, TP Receive Time: 0.0001

Client: 7, Client Encrypt Time: 0.00213
Client: 7, TP Receive Time: 0.00011

Client: 8, Client Encrypt Time: 0.0022
Client: 8, TP Receive Time: 0.0001

Client: 9, Client Encrypt Time: 0.00224
Client: 9, TP Receive Time: 0.00012

Client Deduplicate and TP Send


Client: 0, TP Send Time: 3e-05
Client: 0, Client Deduplicate Time: 1e-05

Client: 1, TP Send Time: 4e-05
Client: 1, Client Deduplicate Time: 1e-05

Client: 2, TP Send Time: 4e-05
Client: 2, Client Deduplicate Time: 1e-05

Client: 3, TP Send Time: 4e-05
Client: 3, Client Deduplicate Time: 1e-05

Client: 4, TP Send Time: 4e-05
Client: 4, Client Deduplicate Time: 1e-05

Level: 0, Time for entire level: 0.00255


Total time for entire protocol: 0.00905

Wall clock time
Start time:  2024-10-02 16:46:02.017612
End time:  2024-10-02 16:46:02.070410

Total data with duplicates:  1340
Total data without duplicates:  1115
