EG PSI Type:  EgPsiType.TYPE2

Setup time: 1907.54594

Client: 0, Client Setup Time: 27.589129289372067

Client: 1, Client Setup Time: 27.514132081880234

Client: 2, Client Setup Time: 27.46597003749048

Client: 3, Client Setup Time: 27.41774479279411

Client: 4, Client Setup Time: 27.301091346496833

Client: 5, Client Setup Time: 27.30441683199024

Client: 6, Client Setup Time: 27.60375198645488

Client: 7, Client Setup Time: 27.337252585566603

Client: 8, Client Setup Time: 27.314480992688914

Client: 9, Client Setup Time: 27.30831755438703

Client: 10, Client Setup Time: 27.317873103835154

Client: 11, Client Setup Time: 27.308846286403423

Client: 12, Client Setup Time: 27.312911730427004

Client: 13, Client Setup Time: 27.35955411427858

Client: 14, Client Setup Time: 27.345146426385327

Client: 15, Client Setup Time: 27.567829205108865

Client: 16, Client Setup Time: 27.395226581575116

Client: 17, Client Setup Time: 27.319815476163058

Client: 18, Client Setup Time: 27.306755235607852

Client: 19, Client Setup Time: 27.302809708184213

Client: 20, Client Setup Time: 27.986350764200324

Client: 21, Client Setup Time: 27.323485724438797

Client: 22, Client Setup Time: 27.32945988535357

Client: 23, Client Setup Time: 27.326198331284104

Client: 24, Client Setup Time: 27.335118467570283

Client: 25, Client Setup Time: 28.097502783122764

Client: 26, Client Setup Time: 27.31700589315733

Client: 27, Client Setup Time: 27.314888881184743

Client: 28, Client Setup Time: 27.32503650275612

Client: 29, Client Setup Time: 27.31767708962434

Client: 30, Client Setup Time: 27.325227042507322

Client: 31, Client Setup Time: 27.32260441571998

Client: 32, Client Setup Time: 27.327970465754333

Client: 33, Client Setup Time: 27.324327236550744

Client: 34, Client Setup Time: 27.328020817265497

Client: 35, Client Setup Time: 27.330981004532077

Client: 36, Client Setup Time: 27.316101748780056

Client: 37, Client Setup Time: 27.325272663365467

Client: 38, Client Setup Time: 27.33826583086193

Client: 39, Client Setup Time: 27.347050052136183

Client: 40, Client Setup Time: 27.374589388418826

Client: 41, Client Setup Time: 27.360770054263412

Client: 42, Client Setup Time: 27.355966908937262

Client: 43, Client Setup Time: 27.358174250890443

Client: 44, Client Setup Time: 27.361061555726337

Client: 45, Client Setup Time: 27.372275719899335

Client: 46, Client Setup Time: 27.36214796842978

Client: 47, Client Setup Time: 27.355503536025935

Client: 48, Client Setup Time: 27.348754591599572

Client: 49, Client Setup Time: 27.349467968946556

Client: 0, TP Setup Time: 10.769813422622974

Client: 1, TP Setup Time: 10.769447609120107

Client: 2, TP Setup Time: 10.755691028512956

Client: 3, TP Setup Time: 10.766289153209073

Client: 4, TP Setup Time: 10.753962794500694

Client: 5, TP Setup Time: 10.761306020009215

Client: 6, TP Setup Time: 10.758630826545414

Client: 7, TP Setup Time: 10.761470207435195

Client: 8, TP Setup Time: 10.76005287431326

Client: 9, TP Setup Time: 10.76570909761358

Client: 10, TP Setup Time: 10.763056865165709

Client: 11, TP Setup Time: 10.754146210594627

Client: 12, TP Setup Time: 10.759881542573567

Client: 13, TP Setup Time: 10.782694339723093

Client: 14, TP Setup Time: 10.769375888616196

Client: 15, TP Setup Time: 10.770861025892373

Client: 16, TP Setup Time: 10.757314959424548

Client: 17, TP Setup Time: 10.761304408842989

Client: 18, TP Setup Time: 10.763276999394293

Client: 19, TP Setup Time: 10.75817037581146

Client: 20, TP Setup Time: 10.76303853779973

Client: 21, TP Setup Time: 10.765997580565454

Client: 22, TP Setup Time: 10.768517051648814

Client: 23, TP Setup Time: 10.76978745071392

Client: 24, TP Setup Time: 10.770399565430125

Client: 25, TP Setup Time: 10.759603409875126

Client: 26, TP Setup Time: 10.76279001684452

Client: 27, TP Setup Time: 10.763523733818147

Client: 28, TP Setup Time: 10.765405079240736

Client: 29, TP Setup Time: 10.765393241381389

Client: 30, TP Setup Time: 10.767034300493833

Client: 31, TP Setup Time: 10.767943144281162

Client: 32, TP Setup Time: 10.764843437245872

Client: 33, TP Setup Time: 10.763842480446328

Client: 34, TP Setup Time: 10.764951922734326

Client: 35, TP Setup Time: 10.762777595467924

Client: 36, TP Setup Time: 10.761332204223436

Client: 37, TP Setup Time: 10.764553906636138

Client: 38, TP Setup Time: 10.766209454137424

Client: 39, TP Setup Time: 10.772502021864057

Client: 40, TP Setup Time: 10.770603665579983

Client: 41, TP Setup Time: 10.77107698173495

Client: 42, TP Setup Time: 10.769970703062427

Client: 43, TP Setup Time: 10.778146719108918

Client: 44, TP Setup Time: 10.772757481274311

Client: 45, TP Setup Time: 10.77177199410653

Client: 46, TP Setup Time: 10.772869042571983

Client: 47, TP Setup Time: 10.772932155974559

Client: 48, TP Setup Time: 10.767168513404613

Client: 49, TP Setup Time: 10.775424647050386


Current Level:  5

Client: 2
Send Times:  [0.0]

Client: 2, Client Send Time: 1.2989985407330096e-06

Client: 5
Send Times:  [0.0]

Client: 5, Client Send Time: 1.0410003596916795e-06

Client: 8
Send Times:  [0.0]

Client: 8, Client Send Time: 1.0649964679032564e-06

Client: 11
Send Times:  [0.0]

Client: 11, Client Send Time: 1.2780001270584762e-06

Client: 14
Send Times:  [0.0]

Client: 14, Client Send Time: 1.1399970389902592e-06

Client: 17
Send Times:  [0.0]

Client: 17, Client Send Time: 1.2289965525269508e-06

Client: 20
Send Times:  [0.0]

Client: 20, Client Send Time: 1.0400035534985363e-06

Client: 22
Send Times:  [0.0]

Client: 22, Client Send Time: 1.1200027074664831e-06

Client: 24
Send Times:  [0.0]

Client: 24, Client Send Time: 6.189948180690408e-07

Client: 27
Send Times:  [0.0]

Client: 27, Client Send Time: 1.177002559415996e-06

Client: 30
Send Times:  [0.0]

Client: 30, Client Send Time: 7.839989848434925e-07

Client: 33
Send Times:  [0.0]

Client: 33, Client Send Time: 1.091000740416348e-06

Client: 36
Send Times:  [0.0]

Client: 36, Client Send Time: 9.62994818110019e-07

Client: 39
Send Times:  [0.0]

Client: 39, Client Send Time: 1.1419979273341596e-06

Client: 42
Send Times:  [0.0]

Client: 42, Client Send Time: 9.790019248612225e-07

Client: 45
Send Times:  [0.0]

Client: 45, Client Send Time: 1.086998963728547e-06

Client: 47
Send Times:  [0.0]

Client: 47, Client Send Time: 1.034000888466835e-06

Client: 49
Send Times:  [0.0]

Client: 49, Client Send Time: 7.550042937509716e-07

Client: 1
Receive Times:  [0.0]

Client: 1, Client Receive Time: 2.1360028767958283e-06

Client: 4
Receive Times:  [0.0]

Client: 4, Client Receive Time: 1.3830067473463714e-06

Client: 7
Receive Times:  [0.0]

Client: 7, Client Receive Time: 1.4879988157190382e-06

Client: 10
Receive Times:  [0.0]

Client: 10, Client Receive Time: 1.2329983292147517e-06

Client: 13
Receive Times:  [0.0]

Client: 13, Client Receive Time: 2.377993951085955e-06

Client: 16
Receive Times:  [0.0]

Client: 16, Client Receive Time: 1.3540047802962363e-06

Client: 19
Receive Times:  [0.0]

Client: 19, Client Receive Time: 2.052998752333224e-06

Client: 21
Receive Times:  [0.0]

Client: 21, Client Receive Time: 1.5020050341263413e-06

Client: 23
Receive Times:  [0.0]

Client: 23, Client Receive Time: 9.369978215545416e-07

Client: 26
Receive Times:  [0.0]

Client: 26, Client Receive Time: 2.354994649067521e-06

Client: 29
Receive Times:  [0.0]

Client: 29, Client Receive Time: 1.353000698145479e-06

Client: 32
Receive Times:  [0.0]

Client: 32, Client Receive Time: 1.9400031305849552e-06

Client: 35
Receive Times:  [0.0]

Client: 35, Client Receive Time: 1.5709956642240286e-06

Client: 38
Receive Times:  [0.0]

Client: 38, Client Receive Time: 1.8600039766170084e-06

Client: 41
Receive Times:  [0.0]

Client: 41, Client Receive Time: 1.6269987099803984e-06

Client: 44
Receive Times:  [0.0]

Client: 44, Client Receive Time: 1.8639984773471951e-06

Client: 46
Receive Times:  [0.0]

Client: 46, Client Receive Time: 1.5250043361447752e-06

Client: 48
Receive Times:  [0.0]

Client: 48, Client Receive Time: 1.376996806357056e-06

Send Time of Group 1: 0.0

Receive Time of Group 0: 0.0

Client: 1, Client Deduplicate Time: 0.01591

Client: 4, Client Deduplicate Time: 0.01595

Client: 7, Client Deduplicate Time: 0.01603

Client: 10, Client Deduplicate Time: 0.01627

Client: 13, Client Deduplicate Time: 0.01586

Client: 16, Client Deduplicate Time: 0.0161

Client: 19, Client Deduplicate Time: 0.01616

Client: 21, Client Deduplicate Time: 0.01614

Client: 23, Client Deduplicate Time: 0.01588

Client: 26, Client Deduplicate Time: 0.01597

Client: 29, Client Deduplicate Time: 0.01607

Client: 32, Client Deduplicate Time: 0.01594

Client: 35, Client Deduplicate Time: 0.01591

Client: 38, Client Deduplicate Time: 0.01623

Client: 41, Client Deduplicate Time: 0.01586

Client: 44, Client Deduplicate Time: 0.01615

Client: 46, Client Deduplicate Time: 0.01614

Client: 48, Client Deduplicate Time: 0.0162


Current Level:  4

Client: 1
Send Times:  [0.0]

Client: 1, Client Send Time: 6.57004420645535e-07

Client: 2
Send Times:  [0.0]

Client: 2, Client Send Time: 4.00003045797348e-07

Client: 4
Send Times:  [0.0]

Client: 4, Client Send Time: 6.609989213757217e-07

Client: 5
Send Times:  [0.0]

Client: 5, Client Send Time: 3.66999302059412e-07

Client: 7
Send Times:  [0.0]

Client: 7, Client Send Time: 5.76997990719974e-07

Client: 8
Send Times:  [0.0]

Client: 8, Client Send Time: 2.899978426285088e-07

Client: 10
Send Times:  [0.0]

Client: 10, Client Send Time: 4.829998943023384e-07

Client: 11
Send Times:  [0.0]

Client: 11, Client Send Time: 3.1099625630304217e-07

Client: 13
Send Times:  [0.0]

Client: 13, Client Send Time: 6.490008672699332e-07

Client: 14
Send Times:  [0.0]

Client: 14, Client Send Time: 3.6400160752236843e-07

Client: 16
Send Times:  [0.0]

Client: 16, Client Send Time: 6.280024535953999e-07

Client: 17
Send Times:  [0.0]

Client: 17, Client Send Time: 4.019966581836343e-07

Client: 19
Send Times:  [0.0]

Client: 19, Client Send Time: 8.049973985180259e-07

Client: 20
Send Times:  [0.0]

Client: 20, Client Send Time: 3.5999983083456755e-07

Client: 23
Send Times:  [0.0, 0.0]

Client: 23, Client Send Time: 5.830006557516754e-07

Client: 24
Send Times:  [0.0, 0.0]

Client: 24, Client Send Time: 3.759996616281569e-07

Client: 26
Send Times:  [0.0]

Client: 26, Client Send Time: 6.939953891560435e-07

Client: 27
Send Times:  [0.0]

Client: 27, Client Send Time: 3.5500124795362353e-07

Client: 29
Send Times:  [0.0]

Client: 29, Client Send Time: 6.689951987937093e-07

Client: 30
Send Times:  [0.0]

Client: 30, Client Send Time: 3.899986040778458e-07

Client: 32
Send Times:  [0.0]

Client: 32, Client Send Time: 5.629990482702851e-07

Client: 33
Send Times:  [0.0]

Client: 33, Client Send Time: 3.9699807530269027e-07

Client: 35
Send Times:  [0.0]

Client: 35, Client Send Time: 5.879992386326194e-07

Client: 36
Send Times:  [0.0]

Client: 36, Client Send Time: 3.1099625630304217e-07

Client: 38
Send Times:  [0.0]

Client: 38, Client Send Time: 5.030015017837286e-07

Client: 39
Send Times:  [0.0]

Client: 39, Client Send Time: 3.1999661587178707e-07

Client: 41
Send Times:  [0.0]

Client: 41, Client Send Time: 8.069982868619263e-07

Client: 42
Send Times:  [0.0]

Client: 42, Client Send Time: 4.019966581836343e-07

Client: 44
Send Times:  [0.0]

Client: 44, Client Send Time: 9.420036803930998e-07

Client: 45
Send Times:  [0.0]

Client: 45, Client Send Time: 3.519962774589658e-07

Client: 48
Send Times:  [0.0, 0.0]

Client: 48, Client Send Time: 7.019989425316453e-07

Client: 49
Send Times:  [0.0, 0.0]

Client: 49, Client Send Time: 3.4300319384783506e-07

Client: 0
Receive Times:  [0.0, 0.0]

Client: 0, Client Receive Time: 1.1980009730905294e-06

Client: 3
Receive Times:  [0.0, 0.0]

Client: 3, Client Receive Time: 7.429989636875689e-07

Client: 6
Receive Times:  [0.0, 0.0]

Client: 6, Client Receive Time: 9.069990483112633e-07

Client: 9
Receive Times:  [0.0, 0.0]

Client: 9, Client Receive Time: 7.980052032507956e-07

Client: 12
Receive Times:  [0.0, 0.0]

Client: 12, Client Receive Time: 1.015003363136202e-06

Client: 15
Receive Times:  [0.0, 0.0]

Client: 15, Client Receive Time: 7.830021786503494e-07

Client: 18
Receive Times:  [0.0, 0.0]

Client: 18, Client Receive Time: 9.060022421181202e-07

Client: 21
Receive Times:  [0.0, 0.0]

Client: 21, Client Receive Time: 8.330025593750179e-07

Client: 22
Receive Times:  [0.0, 0.0]

Client: 22, Client Receive Time: 5.889960448257625e-07

Client: 25
Receive Times:  [0.0, 0.0]

Client: 25, Client Receive Time: 9.180002962239087e-07

Client: 28
Receive Times:  [0.0, 0.0]

Client: 28, Client Receive Time: 1.1359952623024583e-06

Client: 31
Receive Times:  [0.0, 0.0]

Client: 31, Client Receive Time: 8.310016710311174e-07

Client: 34
Receive Times:  [0.0, 0.0]

Client: 34, Client Receive Time: 6.869959179311991e-07

Client: 37
Receive Times:  [0.0, 0.0]

Client: 37, Client Receive Time: 7.270064088515937e-07

Client: 40
Receive Times:  [0.0, 0.0]

Client: 40, Client Receive Time: 1.015003363136202e-06

Client: 43
Receive Times:  [0.0, 0.0]

Client: 43, Client Receive Time: 1.2660020729526877e-06

Client: 46
Receive Times:  [0.0, 0.0]

Client: 46, Client Receive Time: 1.167994923889637e-06

Client: 47
Receive Times:  [0.0, 0.0]

Client: 47, Client Receive Time: 5.110050551593304e-07

Send Time of Group 1: 0.0

Receive Time of Group 0: 0.0

Client: 0, Client Deduplicate Time: 0.03028

Client: 3, Client Deduplicate Time: 0.03032

Client: 6, Client Deduplicate Time: 0.03048

Client: 9, Client Deduplicate Time: 0.03079

Client: 12, Client Deduplicate Time: 0.03032

Client: 15, Client Deduplicate Time: 0.03034

Client: 18, Client Deduplicate Time: 0.0302

Client: 21, Client Deduplicate Time: 0.02863

Client: 22, Client Deduplicate Time: 0.02932

Client: 25, Client Deduplicate Time: 0.03006

Client: 28, Client Deduplicate Time: 0.03018

Client: 31, Client Deduplicate Time: 0.03054

Client: 34, Client Deduplicate Time: 0.03038

Client: 37, Client Deduplicate Time: 0.03044

Client: 40, Client Deduplicate Time: 0.03035

Client: 43, Client Deduplicate Time: 0.03068

Client: 46, Client Deduplicate Time: 0.02895

Client: 47, Client Deduplicate Time: 0.02919


Current Level:  3

Client: 3
Send Times:  [0.0, 0.0, 0.0]

Client: 3, Client Send Time: 9.370050975121558e-07

Client: 4
Send Times:  [0.0, 0.0, 0.0]

Client: 4, Client Send Time: 3.809982445091009e-07

Client: 5
Send Times:  [0.0, 0.0, 0.0]

Client: 5, Client Send Time: 3.259992809034884e-07

Client: 9
Send Times:  [0.0, 0.0, 0.0]

Client: 9, Client Send Time: 1.1880038073286414e-06

Client: 10
Send Times:  [0.0, 0.0, 0.0]

Client: 10, Client Send Time: 3.1999661587178707e-07

Client: 11
Send Times:  [0.0, 0.0, 0.0]

Client: 11, Client Send Time: 2.9600050766021013e-07

Client: 15
Send Times:  [0.0, 0.0, 0.0]

Client: 15, Client Send Time: 1.2879972928203642e-06

Client: 16
Send Times:  [0.0, 0.0, 0.0]

Client: 16, Client Send Time: 3.6600249586626887e-07

Client: 17
Send Times:  [0.0, 0.0, 0.0]

Client: 17, Client Send Time: 3.170061972923577e-07

Client: 21
Send Times:  [0.0, 0.0, 0.0]

Client: 21, Client Send Time: 1.076004991773516e-06

Client: 22
Send Times:  [0.0, 0.0, 0.0]

Client: 22, Client Send Time: 3.3299875212833285e-07

Client: 23
Send Times:  [0.0, 0.0, 0.0]

Client: 23, Client Send Time: 5.080000846646726e-07

Client: 24
Send Times:  [0.0, 0.0, 0.0]

Client: 24, Client Send Time: 3.130044206045568e-07

Client: 28
Send Times:  [0.0, 0.0, 0.0]

Client: 28, Client Send Time: 1.0660005500540137e-06

Client: 29
Send Times:  [0.0, 0.0, 0.0]

Client: 29, Client Send Time: 5.100009730085731e-07

Client: 30
Send Times:  [0.0, 0.0, 1e-05]

Client: 30, Client Send Time: 6.510999810416251e-06

Client: 34
Send Times:  [0.0, 0.0, 0.0]

Client: 34, Client Send Time: 9.020004654303193e-07

Client: 35
Send Times:  [0.0, 0.0, 0.0]

Client: 35, Client Send Time: 3.500026650726795e-07

Client: 36
Send Times:  [0.0, 0.0, 0.0]

Client: 36, Client Send Time: 3.4999538911506534e-07

Client: 40
Send Times:  [0.0, 0.0, 0.0]

Client: 40, Client Send Time: 1.0900039342232049e-06

Client: 41
Send Times:  [0.0, 0.0, 0.0]

Client: 41, Client Send Time: 3.800014383159578e-07

Client: 42
Send Times:  [0.0, 0.0, 0.0]

Client: 42, Client Send Time: 3.230015863664448e-07

Client: 46
Send Times:  [0.0, 0.0, 0.0]

Client: 46, Client Send Time: 1.0779986041598022e-06

Client: 47
Send Times:  [0.0, 0.0, 0.0]

Client: 47, Client Send Time: 3.940003807656467e-07

Client: 48
Send Times:  [0.0, 0.0, 0.0]

Client: 48, Client Send Time: 3.3199466997757554e-07

Client: 49
Send Times:  [0.0, 0.0, 0.0]

Client: 49, Client Send Time: 3.399982233531773e-07

Client: 0
Receive Times:  [0.0, 0.0, 0.0]

Client: 0, Client Receive Time: 1.710002834443003e-06

Client: 1
Receive Times:  [0.0, 0.0, 0.0]

Client: 1, Client Receive Time: 5.320034688338637e-07

Client: 2
Receive Times:  [0.0, 0.0, 0.0]

Client: 2, Client Receive Time: 7.010021363385022e-07

Client: 6
Receive Times:  [0.0, 0.0, 0.0]

Client: 6, Client Receive Time: 1.3409953680820763e-06

Client: 7
Receive Times:  [0.0, 0.0, 0.0]

Client: 7, Client Receive Time: 4.3199543142691255e-07

Client: 8
Receive Times:  [0.0, 0.0, 0.0]

Client: 8, Client Receive Time: 5.05002390127629e-07

Client: 12
Receive Times:  [0.0, 0.0, 0.0]

Client: 12, Client Receive Time: 1.1779993656091392e-06

Client: 13
Receive Times:  [0.0, 0.0, 0.0]

Client: 13, Client Receive Time: 5.040055839344859e-07

Client: 14
Receive Times:  [0.0, 0.0, 0.0]

Client: 14, Client Receive Time: 6.399932317435741e-07

Client: 18
Receive Times:  [0.0, 0.0, 0.0, 0.0]

Client: 18, Client Receive Time: 1.553999027237296e-06

Client: 19
Receive Times:  [0.0, 0.0, 0.0, 0.0]

Client: 19, Client Receive Time: 6.799964467063546e-07

Client: 20
Receive Times:  [0.0, 0.0, 0.0, 0.0]

Client: 20, Client Receive Time: 5.600013537332416e-07

Client: 25
Receive Times:  [0.0, 0.0, 0.0]

Client: 25, Client Receive Time: 1.3710014172829688e-06

Client: 26
Receive Times:  [0.0, 0.0, 0.0]

Client: 26, Client Receive Time: 6.479967851191759e-07

Client: 27
Receive Times:  [0.0, 0.0, 0.0]

Client: 27, Client Receive Time: 8.110000635497272e-07

Client: 31
Receive Times:  [0.0, 0.0, 0.0]

Client: 31, Client Receive Time: 1.4830002328380942e-06

Client: 32
Receive Times:  [0.0, 0.0, 0.0]

Client: 32, Client Receive Time: 6.199989002197981e-07

Client: 33
Receive Times:  [0.0, 0.0, 0.0]

Client: 33, Client Receive Time: 7.05003913026303e-07

Client: 37
Receive Times:  [0.0, 0.0, 0.0]

Client: 37, Client Receive Time: 1.2899981811642647e-06

Client: 38
Receive Times:  [0.0, 0.0, 0.0]

Client: 38, Client Receive Time: 5.800029612146318e-07

Client: 39
Receive Times:  [0.0, 0.0, 0.0]

Client: 39, Client Receive Time: 6.629998097196221e-07

Client: 43
Receive Times:  [0.0, 0.0, 0.0, 0.0]

Client: 43, Client Receive Time: 1.7179991118609905e-06

Client: 44
Receive Times:  [0.0, 0.0, 0.0, 0.0]

Client: 44, Client Receive Time: 5.229958333075047e-07

Client: 45
Receive Times:  [0.0, 0.0, 1e-05, 0.0]

Client: 45, Client Receive Time: 8.51000368129462e-06

Send Time of Group 1: 1e-05

Receive Time of Group 0: 1e-05

Client: 0, Client Deduplicate Time: 0.04463

Client: 1, Client Deduplicate Time: 0.04486

Client: 2, Client Deduplicate Time: 0.04475

Client: 6, Client Deduplicate Time: 0.04558

Client: 7, Client Deduplicate Time: 0.04493

Client: 8, Client Deduplicate Time: 0.04456

Client: 12, Client Deduplicate Time: 0.04428

Client: 13, Client Deduplicate Time: 0.04434

Client: 14, Client Deduplicate Time: 0.04466

Client: 18, Client Deduplicate Time: 0.05921

Client: 19, Client Deduplicate Time: 0.05941

Client: 20, Client Deduplicate Time: 0.05929

Client: 25, Client Deduplicate Time: 0.04452

Client: 26, Client Deduplicate Time: 0.04472

Client: 27, Client Deduplicate Time: 0.04486

Client: 31, Client Deduplicate Time: 0.04459

Client: 32, Client Deduplicate Time: 0.04469

Client: 33, Client Deduplicate Time: 0.04512

Client: 37, Client Deduplicate Time: 0.04516

Client: 38, Client Deduplicate Time: 0.04471

Client: 39, Client Deduplicate Time: 0.04478

Client: 43, Client Deduplicate Time: 0.06004

Client: 44, Client Deduplicate Time: 0.05973

Client: 45, Client Deduplicate Time: 0.05928


Current Level:  2

Client: 6
Send Times:  [0.0, 0.0, 0.0, 0.0, 0.0, 0.0]

Client: 6, Client Send Time: 1.0250005288980901e-06

Client: 7
Send Times:  [0.0, 0.0, 0.0, 0.0, 0.0, 0.0]

Client: 7, Client Send Time: 4.38994902651757e-07

Client: 8
Send Times:  [0.0, 0.0, 0.0, 0.0, 0.0, 0.0]

Client: 8, Client Send Time: 3.489985829219222e-07

Client: 9
Send Times:  [0.0, 0.0, 0.0, 0.0, 0.0, 0.0]

Client: 9, Client Send Time: 3.479945007711649e-07

Client: 10
Send Times:  [0.0, 0.0, 0.0, 0.0, 0.0, 0.0]

Client: 10, Client Send Time: 2.9199873097240925e-07

Client: 11
Send Times:  [0.0, 0.0, 0.0, 0.0, 0.0, 0.0]

Client: 11, Client Send Time: 2.980013960041106e-07

Client: 18
Send Times:  [0.0, 0.0, 0.0, 0.0, 0.0, 0.0]

Client: 18, Client Send Time: 1.0939984349533916e-06

Client: 19
Send Times:  [0.0, 0.0, 0.0, 0.0, 0.0, 0.0]

Client: 19, Client Send Time: 4.71998646389693e-07

Client: 20
Send Times:  [0.0, 0.0, 0.0, 0.0, 0.0, 0.0]

Client: 20, Client Send Time: 3.00002284348011e-07

Client: 21
Send Times:  [0.0, 0.0, 0.0, 0.0, 0.0, 0.0]

Client: 21, Client Send Time: 3.069944796152413e-07

Client: 22
Send Times:  [0.0, 0.0, 0.0, 0.0, 0.0, 0.0]

Client: 22, Client Send Time: 3.0099909054115415e-07

Client: 23
Send Times:  [0.0, 0.0, 0.0, 0.0, 0.0, 0.0]

Client: 23, Client Send Time: 2.749948180280626e-07

Client: 24
Send Times:  [0.0, 0.0, 0.0, 0.0, 0.0, 1e-05]

Client: 24, Client Send Time: 1.004899968393147e-05

Client: 31
Send Times:  [0.0, 0.0, 0.0, 0.0, 0.0, 0.0]

Client: 31, Client Send Time: 1.0990042937919497e-06

Client: 32
Send Times:  [0.0, 0.0, 0.0, 0.0, 0.0, 0.0]

Client: 32, Client Send Time: 5.019974196329713e-07

Client: 33
Send Times:  [0.0, 0.0, 0.0, 0.0, 0.0, 0.0]

Client: 33, Client Send Time: 3.1899980967864394e-07

Client: 34
Send Times:  [0.0, 0.0, 0.0, 0.0, 0.0, 0.0]

Client: 34, Client Send Time: 3.4999538911506534e-07

Client: 35
Send Times:  [0.0, 0.0, 0.0, 0.0, 0.0, 0.0]

Client: 35, Client Send Time: 2.8700014809146523e-07

Client: 36
Send Times:  [0.0, 0.0, 0.0, 0.0, 0.0, 0.0]

Client: 36, Client Send Time: 3.0099909054115415e-07

Client: 43
Send Times:  [0.0, 0.0, 0.0, 0.0, 0.0, 0.0]

Client: 43, Client Send Time: 1.0920048225671053e-06

Client: 44
Send Times:  [0.0, 0.0, 0.0, 0.0, 0.0, 0.0]

Client: 44, Client Send Time: 4.3299951357766986e-07

Client: 45
Send Times:  [0.0, 0.0, 0.0, 0.0, 0.0, 0.0]

Client: 45, Client Send Time: 3.7699646782130003e-07

Client: 46
Send Times:  [0.0, 0.0, 0.0, 0.0, 0.0, 0.0]

Client: 46, Client Send Time: 3.5599805414676666e-07

Client: 47
Send Times:  [0.0, 0.0, 0.0, 0.0, 0.0, 0.0]

Client: 47, Client Send Time: 2.759989001788199e-07

Client: 48
Send Times:  [0.0, 0.0, 0.0, 0.0, 0.0, 0.0]

Client: 48, Client Send Time: 2.8400245355442166e-07

Client: 49
Send Times:  [0.0, 0.0, 0.0, 0.0, 0.0, 0.0]

Client: 49, Client Send Time: 3.230015863664448e-07

Client: 0
Receive Times:  [0.0, 0.0, 0.0, 0.0, 0.0, 0.0]

Client: 0, Client Receive Time: 1.8939972505904734e-06

Client: 1
Receive Times:  [0.0, 0.0, 0.0, 0.0, 0.0, 0.0]

Client: 1, Client Receive Time: 4.800021997652948e-07

Client: 2
Receive Times:  [0.0, 0.0, 0.0, 0.0, 0.0, 0.0]

Client: 2, Client Receive Time: 6.449990905821323e-07

Client: 3
Receive Times:  [0.0, 0.0, 0.0, 0.0, 0.0, 0.0]

Client: 3, Client Receive Time: 5.590045475400984e-07

Client: 4
Receive Times:  [0.0, 0.0, 0.0, 0.0, 0.0, 0.0]

Client: 4, Client Receive Time: 5.449983291327953e-07

Client: 5
Receive Times:  [0.0, 0.0, 0.0, 0.0, 0.0, 0.0]

Client: 5, Client Receive Time: 4.62001480627805e-07

Client: 12
Receive Times:  [0.0, 0.0, 0.0, 0.0, 0.0, 0.0, 0.0]

Client: 12, Client Receive Time: 2.321001375094056e-06

Client: 13
Receive Times:  [0.0, 0.0, 0.0, 0.0, 0.0, 0.0, 0.0]

Client: 13, Client Receive Time: 7.6700234785676e-07

Client: 14
Receive Times:  [0.0, 0.0, 0.0, 0.0, 0.0, 0.0, 0.0]

Client: 14, Client Receive Time: 4.879984771832824e-07

Client: 15
Receive Times:  [0.0, 0.0, 0.0, 0.0, 0.0, 0.0, 0.0]

Client: 15, Client Receive Time: 4.129979060962796e-07

Client: 16
Receive Times:  [0.0, 0.0, 0.0, 0.0, 0.0, 0.0, 0.0]

Client: 16, Client Receive Time: 5.440015229396522e-07

Client: 17
Receive Times:  [0.0, 0.0, 0.0, 0.0, 0.0, 0.0, 0.0]

Client: 17, Client Receive Time: 4.810062819160521e-07

Client: 25
Receive Times:  [0.0, 0.0, 0.0, 0.0, 0.0, 0.0]

Client: 25, Client Receive Time: 1.677006366662681e-06

Client: 26
Receive Times:  [0.0, 0.0, 0.0, 0.0, 0.0, 0.0]

Client: 26, Client Receive Time: 6.340051186271012e-07

Client: 27
Receive Times:  [0.0, 0.0, 0.0, 0.0, 0.0, 0.0]

Client: 27, Client Receive Time: 6.960035534575582e-07

Client: 28
Receive Times:  [0.0, 0.0, 0.0, 0.0, 0.0, 0.0]

Client: 28, Client Receive Time: 1.0500007192604244e-06

Client: 29
Receive Times:  [0.0, 0.0, 0.0, 0.0, 0.0, 0.0]

Client: 29, Client Receive Time: 7.24001438356936e-07

Client: 30
Receive Times:  [0.0, 0.0, 0.0, 0.0, 0.0, 0.0]

Client: 30, Client Receive Time: 5.110050551593304e-07

Client: 37
Receive Times:  [0.0, 0.0, 0.0, 0.0, 0.0, 0.0, 0.0]

Client: 37, Client Receive Time: 1.8999999156221747e-06

Client: 38
Receive Times:  [0.0, 0.0, 0.0, 0.0, 0.0, 0.0, 0.0]

Client: 38, Client Receive Time: 5.999972927384079e-07

Client: 39
Receive Times:  [0.0, 0.0, 0.0, 0.0, 0.0, 0.0, 0.0]

Client: 39, Client Receive Time: 7.449998520314693e-07

Client: 40
Receive Times:  [0.0, 0.0, 0.0, 0.0, 0.0, 0.0, 0.0]

Client: 40, Client Receive Time: 5.200054147280753e-07

Client: 41
Receive Times:  [0.0, 0.0, 0.0, 0.0, 0.0, 0.0, 0.0]

Client: 41, Client Receive Time: 6.459958967752755e-07

Client: 42
Receive Times:  [0.0, 0.0, 0.0, 0.0, 0.0, 0.0, 0.0]

Client: 42, Client Receive Time: 5.680049071088433e-07

Send Time of Group 1: 1e-05

Receive Time of Group 0: 0.0

Client: 0, Client Deduplicate Time: 0.08713

Client: 1, Client Deduplicate Time: 0.08696

Client: 2, Client Deduplicate Time: 0.08692

Client: 3, Client Deduplicate Time: 0.08635

Client: 4, Client Deduplicate Time: 0.08645

Client: 5, Client Deduplicate Time: 0.08679

Client: 12, Client Deduplicate Time: 0.10194

Client: 13, Client Deduplicate Time: 0.10181

Client: 14, Client Deduplicate Time: 0.10185

Client: 15, Client Deduplicate Time: 0.10213

Client: 16, Client Deduplicate Time: 0.10259

Client: 17, Client Deduplicate Time: 0.10229

Client: 25, Client Deduplicate Time: 0.08747

Client: 26, Client Deduplicate Time: 0.08728

Client: 27, Client Deduplicate Time: 0.08736

Client: 28, Client Deduplicate Time: 0.08704

Client: 29, Client Deduplicate Time: 0.08794

Client: 30, Client Deduplicate Time: 0.08738

Client: 37, Client Deduplicate Time: 0.10236

Client: 38, Client Deduplicate Time: 0.10135

Client: 39, Client Deduplicate Time: 0.10163

Client: 40, Client Deduplicate Time: 0.10231

Client: 41, Client Deduplicate Time: 0.10186

Client: 42, Client Deduplicate Time: 0.10166


Current Level:  1

Client: 12
Send Times:  [0.0, 0.0, 0.0, 0.0, 0.0, 0.0, 0.0, 0.0, 0.0, 0.0, 0.0, 0.0]

Client: 12, Client Send Time: 1.2189993867650628e-06

Client: 13
Send Times:  [0.0, 0.0, 0.0, 0.0, 0.0, 0.0, 0.0, 0.0, 0.0, 0.0, 0.0, 0.0]

Client: 13, Client Send Time: 4.630055627785623e-07

Client: 14
Send Times:  [0.0, 0.0, 0.0, 0.0, 0.0, 0.0, 0.0, 0.0, 0.0, 0.0, 0.0, 0.0]

Client: 14, Client Send Time: 3.4199911169707775e-07

Client: 15
Send Times:  [0.0, 0.0, 0.0, 0.0, 0.0, 0.0, 0.0, 0.0, 0.0, 0.0, 0.0, 0.0]

Client: 15, Client Send Time: 3.699969965964556e-07

Client: 16
Send Times:  [0.0, 0.0, 0.0, 0.0, 0.0, 0.0, 0.0, 0.0, 0.0, 0.0, 0.0, 0.0]

Client: 16, Client Send Time: 2.679953468032181e-07

Client: 17
Send Times:  [0.0, 0.0, 0.0, 0.0, 0.0, 0.0, 0.0, 0.0, 0.0, 0.0, 0.0, 0.0]

Client: 17, Client Send Time: 2.989982021972537e-07

Client: 18
Send Times:  [0.0, 0.0, 0.0, 0.0, 0.0, 0.0, 0.0, 0.0, 0.0, 0.0, 0.0, 0.0]

Client: 18, Client Send Time: 2.492000930942595e-06

Client: 19
Send Times:  [0.0, 0.0, 0.0, 0.0, 0.0, 0.0, 0.0, 0.0, 0.0, 0.0, 0.0, 0.0]

Client: 19, Client Send Time: 2.640008460730314e-07

Client: 20
Send Times:  [0.0, 0.0, 0.0, 0.0, 0.0, 0.0, 0.0, 0.0, 0.0, 0.0, 0.0, 0.0]

Client: 20, Client Send Time: 2.95003701467067e-07

Client: 21
Send Times:  [0.0, 0.0, 0.0, 0.0, 0.0, 0.0, 0.0, 0.0, 0.0, 0.0, 0.0, 0.0]

Client: 21, Client Send Time: 2.529995981603861e-07

Client: 22
Send Times:  [0.0, 0.0, 0.0, 0.0, 0.0, 0.0, 0.0, 0.0, 0.0, 0.0, 0.0, 0.0]

Client: 22, Client Send Time: 2.5199551600962877e-07

Client: 23
Send Times:  [0.0, 0.0, 0.0, 0.0, 0.0, 0.0, 0.0, 0.0, 0.0, 0.0, 0.0, 0.0]

Client: 23, Client Send Time: 2.8299837140366435e-07

Client: 24
Send Times:  [0.0, 0.0, 0.0, 0.0, 0.0, 0.0, 0.0, 0.0, 0.0, 0.0, 0.0, 0.0]

Client: 24, Client Send Time: 2.680026227608323e-07

Client: 37
Send Times:  [0.0, 0.0, 0.0, 0.0, 0.0, 0.0, 0.0, 0.0, 0.0, 0.0, 0.0, 0.0]

Client: 37, Client Send Time: 1.186002918984741e-06

Client: 38
Send Times:  [0.0, 0.0, 0.0, 0.0, 0.0, 0.0, 0.0, 0.0, 0.0, 0.0, 0.0, 0.0]

Client: 38, Client Send Time: 3.8299913285300136e-07

Client: 39
Send Times:  [0.0, 0.0, 0.0, 0.0, 0.0, 0.0, 0.0, 0.0, 0.0, 0.0, 0.0, 0.0]

Client: 39, Client Send Time: 3.4699769457802176e-07

Client: 40
Send Times:  [0.0, 0.0, 0.0, 0.0, 0.0, 0.0, 0.0, 0.0, 0.0, 0.0, 0.0, 0.0]

Client: 40, Client Send Time: 3.949971869587898e-07

Client: 41
Send Times:  [0.0, 0.0, 0.0, 0.0, 0.0, 0.0, 0.0, 0.0, 0.0, 0.0, 0.0, 0.0]

Client: 41, Client Send Time: 2.5500048650428653e-07

Client: 42
Send Times:  [0.0, 0.0, 0.0, 0.0, 0.0, 0.0, 0.0, 0.0, 0.0, 0.0, 0.0, 0.0]

Client: 42, Client Send Time: 4.43993485532701e-07

Client: 43
Send Times:  [0.0, 0.0, 0.0, 0.0, 0.0, 0.0, 0.0, 0.0, 0.0, 0.0, 0.0, 0.0]

Client: 43, Client Send Time: 3.00002284348011e-07

Client: 44
Send Times:  [0.0, 0.0, 0.0, 0.0, 0.0, 0.0, 0.0, 0.0, 0.0, 0.0, 0.0, 0.0]

Client: 44, Client Send Time: 2.5099870981648564e-07

Client: 45
Send Times:  [0.0, 0.0, 0.0, 0.0, 0.0, 0.0, 0.0, 0.0, 0.0, 0.0, 0.0, 0.0]

Client: 45, Client Send Time: 3.0599767342209816e-07

Client: 46
Send Times:  [0.0, 0.0, 0.0, 0.0, 0.0, 0.0, 0.0, 0.0, 0.0, 0.0, 0.0, 0.0]

Client: 46, Client Send Time: 2.569940988905728e-07

Client: 47
Send Times:  [0.0, 0.0, 0.0, 0.0, 0.0, 0.0, 0.0, 0.0, 0.0, 0.0, 0.0, 0.0]

Client: 47, Client Send Time: 3.0999945010989904e-07

Client: 48
Send Times:  [0.0, 0.0, 0.0, 0.0, 0.0, 0.0, 0.0, 0.0, 0.0, 0.0, 0.0, 0.0]

Client: 48, Client Send Time: 2.6499765226617455e-07

Client: 49
Send Times:  [0.0, 0.0, 0.0, 0.0, 0.0, 0.0, 0.0, 0.0, 0.0, 0.0, 0.0, 0.0]

Client: 49, Client Send Time: 2.579981810413301e-07

Client: 0
Receive Times:  [0.0, 0.0, 0.0, 0.0, 0.0, 0.0, 0.0, 0.0, 0.0, 0.0, 1e-05, 0.0, 0.0]

Client: 0, Client Receive Time: 6.889997166581452e-06

Client: 1
Receive Times:  [0.0, 0.0, 0.0, 0.0, 0.0, 0.0, 0.0, 0.0, 0.0, 0.0, 0.0, 0.0, 0.0]

Client: 1, Client Receive Time: 1.095999323297292e-06

Client: 2
Receive Times:  [0.0, 0.0, 0.0, 0.0, 0.0, 0.0, 0.0, 0.0, 0.0, 0.0, 0.0, 0.0, 0.0]

Client: 2, Client Receive Time: 7.119961082935333e-07

Client: 3
Receive Times:  [0.0, 0.0, 0.0, 0.0, 0.0, 0.0, 0.0, 0.0, 0.0, 0.0, 0.0, 0.0, 0.0]

Client: 3, Client Receive Time: 5.130059435032308e-07

Client: 4
Receive Times:  [0.0, 0.0, 0.0, 0.0, 0.0, 0.0, 0.0, 0.0, 0.0, 0.0, 0.0, 0.0, 0.0]

Client: 4, Client Receive Time: 7.400012691505253e-07

Client: 5
Receive Times:  [0.0, 0.0, 0.0, 0.0, 0.0, 0.0, 0.0, 0.0, 0.0, 0.0, 0.0, 0.0, 0.0]

Client: 5, Client Receive Time: 6.849950295872986e-07

Client: 6
Receive Times:  [0.0, 0.0, 0.0, 0.0, 0.0, 0.0, 0.0, 0.0, 0.0, 0.0, 0.0, 0.0, 0.0]

Client: 6, Client Receive Time: 8.099959813989699e-07

Client: 7
Receive Times:  [0.0, 0.0, 0.0, 0.0, 0.0, 0.0, 0.0, 0.0, 0.0, 0.0, 0.0, 0.0, 0.0]

Client: 7, Client Receive Time: 4.989997250959277e-07

Client: 8
Receive Times:  [0.0, 0.0, 0.0, 0.0, 0.0, 0.0, 0.0, 0.0, 0.0, 0.0, 0.0, 0.0, 0.0]

Client: 8, Client Receive Time: 5.510009941644967e-07

Client: 9
Receive Times:  [0.0, 0.0, 0.0, 0.0, 0.0, 0.0, 0.0, 0.0, 0.0, 0.0, 0.0, 0.0, 0.0]

Client: 9, Client Receive Time: 1.114996848627925e-06

Client: 10
Receive Times:  [0.0, 0.0, 0.0, 0.0, 0.0, 0.0, 0.0, 0.0, 0.0, 0.0, 0.0, 0.0, 0.0]

Client: 10, Client Receive Time: 4.2699684854596853e-07

Client: 11
Receive Times:  [0.0, 0.0, 0.0, 0.0, 0.0, 0.0, 0.0, 0.0, 0.0, 0.0, 0.0, 0.0, 0.0]

Client: 11, Client Receive Time: 4.829998943023384e-07

Client: 25
Receive Times:  [0.0, 0.0, 0.0, 0.0, 0.0, 0.0, 0.0, 0.0, 0.0, 0.0, 0.0, 0.0, 0.0]

Client: 25, Client Receive Time: 1.991000317502767e-06

Client: 26
Receive Times:  [0.0, 0.0, 0.0, 0.0, 0.0, 0.0, 0.0, 0.0, 0.0, 0.0, 0.0, 0.0, 0.0]

Client: 26, Client Receive Time: 7.319977157749236e-07

Client: 27
Receive Times:  [0.0, 0.0, 0.0, 0.0, 0.0, 0.0, 0.0, 0.0, 0.0, 0.0, 0.0, 0.0, 0.0]

Client: 27, Client Receive Time: 4.299945430830121e-07

Client: 28
Receive Times:  [0.0, 0.0, 0.0, 0.0, 0.0, 0.0, 0.0, 0.0, 0.0, 0.0, 0.0, 0.0, 0.0]

Client: 28, Client Receive Time: 6.689951987937093e-07

Client: 29
Receive Times:  [0.0, 0.0, 0.0, 0.0, 0.0, 0.0, 0.0, 0.0, 0.0, 0.0, 0.0, 0.0, 0.0]

Client: 29, Client Receive Time: 5.900001269765198e-07

Client: 30
Receive Times:  [0.0, 0.0, 0.0, 0.0, 0.0, 0.0, 0.0, 0.0, 0.0, 0.0, 0.0, 0.0, 0.0]

Client: 30, Client Receive Time: 7.889975677244365e-07

Client: 31
Receive Times:  [0.0, 0.0, 0.0, 0.0, 0.0, 0.0, 0.0, 0.0, 0.0, 0.0, 0.0, 0.0, 0.0]

Client: 31, Client Receive Time: 2.191001840401441e-06

Client: 32
Receive Times:  [0.0, 0.0, 0.0, 0.0, 0.0, 0.0, 0.0, 0.0, 0.0, 0.0, 0.0, 0.0, 0.0]

Client: 32, Client Receive Time: 6.849950295872986e-07

Client: 33
Receive Times:  [0.0, 0.0, 0.0, 0.0, 0.0, 0.0, 0.0, 0.0, 0.0, 0.0, 0.0, 0.0, 0.0]

Client: 33, Client Receive Time: 4.3599720811471343e-07

Client: 34
Receive Times:  [0.0, 0.0, 0.0, 0.0, 0.0, 0.0, 0.0, 0.0, 0.0, 0.0, 0.0, 0.0, 0.0]

Client: 34, Client Receive Time: 3.5999983083456755e-07

Client: 35
Receive Times:  [0.0, 0.0, 0.0, 0.0, 0.0, 0.0, 0.0, 0.0, 0.0, 0.0, 0.0, 0.0, 0.0]

Client: 35, Client Receive Time: 2.692999260034412e-06

Client: 36
Receive Times:  [0.0, 0.0, 0.0, 0.0, 0.0, 0.0, 0.0, 0.0, 0.0, 0.0, 0.0, 0.0, 0.0]

Client: 36, Client Receive Time: 2.6460038498044014e-06

Send Time of Group 1: 0.0

Receive Time of Group 0: 1e-05

Client: 0, Client Deduplicate Time: 0.18629

Client: 1, Client Deduplicate Time: 0.18791

Client: 2, Client Deduplicate Time: 0.18745

Client: 3, Client Deduplicate Time: 0.18637

Client: 4, Client Deduplicate Time: 0.18623

Client: 5, Client Deduplicate Time: 0.18591

Client: 6, Client Deduplicate Time: 0.18744

Client: 7, Client Deduplicate Time: 0.18977

Client: 8, Client Deduplicate Time: 0.18652

Client: 9, Client Deduplicate Time: 0.18705

Client: 10, Client Deduplicate Time: 0.18642

Client: 11, Client Deduplicate Time: 0.18667

Client: 25, Client Deduplicate Time: 0.18707

Client: 26, Client Deduplicate Time: 0.18798

Client: 27, Client Deduplicate Time: 0.18813

Client: 28, Client Deduplicate Time: 0.18807

Client: 29, Client Deduplicate Time: 0.18952

Client: 30, Client Deduplicate Time: 0.18887

Client: 31, Client Deduplicate Time: 0.19218

Client: 32, Client Deduplicate Time: 0.18878

Client: 33, Client Deduplicate Time: 0.18943

Client: 34, Client Deduplicate Time: 0.1902

Client: 35, Client Deduplicate Time: 0.18876

Client: 36, Client Deduplicate Time: 0.18782


Current Level:  0

Client: 25
Send Times:  [0.0, 0.0, 0.0, 0.0, 0.0, 0.0, 0.0, 0.0, 0.0, 0.0, 0.0, 0.0, 0.0, 0.0, 0.0, 0.0, 0.0, 0.0, 0.0, 0.0, 0.0, 0.0, 0.0, 0.0, 0.0]

Client: 25, Client Send Time: 1.2189993867650628e-06

Client: 26
Send Times:  [0.0, 0.0, 0.0, 0.0, 0.0, 0.0, 0.0, 0.0, 0.0, 0.0, 0.0, 0.0, 0.0, 0.0, 0.0, 0.0, 0.0, 0.0, 0.0, 0.0, 0.0, 0.0, 0.0, 0.0, 0.0]

Client: 26, Client Send Time: 4.199973773211241e-07

Client: 27
Send Times:  [0.0, 0.0, 0.0, 0.0, 0.0, 0.0, 0.0, 0.0, 0.0, 0.0, 0.0, 0.0, 0.0, 0.0, 0.0, 0.0, 0.0, 0.0, 0.0, 0.0, 0.0, 0.0, 0.0, 0.0, 0.0]

Client: 27, Client Send Time: 2.7899659471586347e-07

Client: 28
Send Times:  [0.0, 0.0, 0.0, 0.0, 0.0, 0.0, 0.0, 0.0, 0.0, 0.0, 0.0, 0.0, 0.0, 0.0, 0.0, 0.0, 0.0, 0.0, 0.0, 0.0, 0.0, 0.0, 0.0, 0.0, 0.0]

Client: 28, Client Send Time: 2.4280016077682376e-06

Client: 29
Send Times:  [0.0, 0.0, 0.0, 0.0, 0.0, 0.0, 0.0, 0.0, 0.0, 0.0, 0.0, 0.0, 0.0, 0.0, 0.0, 0.0, 0.0, 0.0, 0.0, 0.0, 0.0, 0.0, 0.0, 0.0, 0.0]

Client: 29, Client Send Time: 2.6899942895397544e-07

Client: 30
Send Times:  [0.0, 0.0, 0.0, 0.0, 0.0, 0.0, 0.0, 0.0, 0.0, 0.0, 0.0, 0.0, 0.0, 0.0, 0.0, 0.0, 0.0, 0.0, 0.0, 0.0, 0.0, 0.0, 0.0, 0.0, 0.0]

Client: 30, Client Send Time: 2.9200600693002343e-07

Client: 31
Send Times:  [0.0, 0.0, 0.0, 0.0, 0.0, 0.0, 0.0, 0.0, 0.0, 0.0, 0.0, 0.0, 0.0, 0.0, 0.0, 0.0, 0.0, 0.0, 0.0, 0.0, 0.0, 0.0, 0.0, 0.0, 0.0]

Client: 31, Client Send Time: 3.749955794773996e-07

Client: 32
Send Times:  [0.0, 0.0, 0.0, 0.0, 0.0, 0.0, 0.0, 0.0, 0.0, 0.0, 0.0, 0.0, 0.0, 0.0, 0.0, 0.0, 0.0, 0.0, 0.0, 0.0, 0.0, 0.0, 0.0, 0.0, 0.0]

Client: 32, Client Send Time: 3.079985617659986e-07

Client: 33
Send Times:  [0.0, 0.0, 0.0, 0.0, 0.0, 0.0, 0.0, 0.0, 0.0, 0.0, 0.0, 0.0, 0.0, 0.0, 0.0, 0.0, 0.0, 0.0, 0.0, 0.0, 0.0, 0.0, 0.0, 0.0, 0.0]

Client: 33, Client Send Time: 3.169989213347435e-07

Client: 34
Send Times:  [0.0, 0.0, 0.0, 0.0, 0.0, 0.0, 0.0, 0.0, 0.0, 0.0, 0.0, 0.0, 0.0, 0.0, 0.0, 0.0, 0.0, 0.0, 0.0, 0.0, 0.0, 0.0, 0.0, 0.0, 0.0]

Client: 34, Client Send Time: 2.66998540610075e-07

Client: 35
Send Times:  [0.0, 0.0, 0.0, 0.0, 0.0, 0.0, 0.0, 0.0, 0.0, 0.0, 0.0, 0.0, 0.0, 0.0, 0.0, 0.0, 0.0, 0.0, 0.0, 0.0, 0.0, 0.0, 0.0, 0.0, 0.0]

Client: 35, Client Send Time: 3.7399877328425646e-07

Client: 36
Send Times:  [0.0, 0.0, 0.0, 0.0, 0.0, 0.0, 0.0, 0.0, 0.0, 0.0, 0.0, 0.0, 0.0, 0.0, 0.0, 0.0, 0.0, 0.0, 0.0, 0.0, 0.0, 0.0, 0.0, 0.0, 0.0]

Client: 36, Client Send Time: 3.1999661587178707e-07

Client: 37
Send Times:  [0.0, 0.0, 0.0, 0.0, 0.0, 0.0, 0.0, 0.0, 0.0, 0.0, 0.0, 0.0, 0.0, 0.0, 0.0, 0.0, 0.0, 0.0, 0.0, 0.0, 0.0, 0.0, 0.0, 0.0, 0.0]

Client: 37, Client Send Time: 2.759989001788199e-07

Client: 38
Send Times:  [0.0, 0.0, 0.0, 0.0, 0.0, 0.0, 0.0, 0.0, 0.0, 0.0, 0.0, 0.0, 0.0, 0.0, 0.0, 0.0, 0.0, 0.0, 0.0, 0.0, 0.0, 0.0, 0.0, 0.0, 0.0]

Client: 38, Client Send Time: 2.153996319975704e-06

Client: 39
Send Times:  [0.0, 0.0, 0.0, 0.0, 0.0, 0.0, 0.0, 0.0, 0.0, 0.0, 0.0, 0.0, 0.0, 0.0, 0.0, 0.0, 0.0, 0.0, 0.0, 0.0, 0.0, 0.0, 0.0, 0.0, 0.0]

Client: 39, Client Send Time: 2.929955371655524e-07

Client: 40
Send Times:  [0.0, 0.0, 0.0, 0.0, 0.0, 0.0, 0.0, 0.0, 0.0, 0.0, 0.0, 0.0, 0.0, 0.0, 0.0, 0.0, 0.0, 0.0, 0.0, 0.0, 0.0, 0.0, 0.0, 0.0, 0.0]

Client: 40, Client Send Time: 2.0380030036903918e-06

Client: 41
Send Times:  [0.0, 0.0, 0.0, 0.0, 0.0, 0.0, 0.0, 0.0, 0.0, 0.0, 0.0, 0.0, 0.0, 0.0, 0.0, 0.0, 0.0, 0.0, 0.0, 0.0, 0.0, 0.0, 0.0, 0.0, 0.0]

Client: 41, Client Send Time: 2.6500492822378874e-07

Client: 42
Send Times:  [0.0, 0.0, 0.0, 0.0, 0.0, 0.0, 0.0, 0.0, 0.0, 0.0, 0.0, 0.0, 0.0, 0.0, 0.0, 0.0, 0.0, 0.0, 0.0, 0.0, 0.0, 0.0, 0.0, 0.0, 0.0]

Client: 42, Client Send Time: 2.849992597475648e-07

Client: 43
Send Times:  [0.0, 0.0, 0.0, 0.0, 0.0, 0.0, 0.0, 0.0, 0.0, 0.0, 0.0, 0.0, 0.0, 0.0, 0.0, 0.0, 0.0, 0.0, 0.0, 0.0, 0.0, 0.0, 0.0, 0.0, 0.0]

Client: 43, Client Send Time: 2.679953468032181e-07

Client: 44
Send Times:  [0.0, 0.0, 0.0, 0.0, 0.0, 0.0, 0.0, 0.0, 0.0, 0.0, 0.0, 0.0, 0.0, 0.0, 0.0, 0.0, 0.0, 0.0, 0.0, 0.0, 0.0, 0.0, 0.0, 0.0, 0.0]

Client: 44, Client Send Time: 2.6600173441693187e-07

Client: 45
Send Times:  [0.0, 0.0, 0.0, 0.0, 0.0, 0.0, 0.0, 0.0, 0.0, 0.0, 0.0, 0.0, 0.0, 0.0, 0.0, 0.0, 0.0, 0.0, 0.0, 0.0, 0.0, 0.0, 0.0, 0.0, 0.0]

Client: 45, Client Send Time: 2.579981810413301e-07

Client: 46
Send Times:  [0.0, 0.0, 0.0, 0.0, 0.0, 0.0, 0.0, 0.0, 0.0, 0.0, 0.0, 0.0, 0.0, 0.0, 0.0, 0.0, 0.0, 0.0, 0.0, 0.0, 0.0, 0.0, 0.0, 0.0, 0.0]

Client: 46, Client Send Time: 2.710003172978759e-07

Client: 47
Send Times:  [0.0, 0.0, 0.0, 0.0, 0.0, 0.0, 0.0, 0.0, 0.0, 0.0, 0.0, 0.0, 0.0, 0.0, 0.0, 0.0, 0.0, 0.0, 0.0, 0.0, 0.0, 0.0, 0.0, 0.0, 0.0]

Client: 47, Client Send Time: 2.6999623514711857e-07

Client: 48
Send Times:  [0.0, 0.0, 0.0, 0.0, 0.0, 0.0, 0.0, 0.0, 0.0, 0.0, 0.0, 0.0, 0.0, 0.0, 0.0, 0.0, 0.0, 0.0, 0.0, 0.0, 0.0, 0.0, 0.0, 0.0, 0.0]

Client: 48, Client Send Time: 1.7130005289800465e-06

Client: 49
Send Times:  [0.0, 0.0, 0.0, 0.0, 0.0, 0.0, 0.0, 0.0, 0.0, 0.0, 0.0, 0.0, 0.0, 0.0, 0.0, 0.0, 0.0, 0.0, 0.0, 0.0, 0.0, 0.0, 0.0, 0.0, 0.0]

Client: 49, Client Send Time: 3.3850010368041694e-06

Client: 0
Receive Times:  [0.0, 0.0, 0.0, 0.0, 0.0, 0.0, 0.0, 0.0, 0.0, 0.0, 0.0, 0.0, 0.0, 0.0, 0.0, 0.0, 0.0, 0.0, 0.0, 0.0, 0.0, 0.0, 0.0, 0.0, 0.0]

Client: 0, Client Receive Time: 2.6509951567277312e-06

Client: 1
Receive Times:  [0.0, 0.0, 0.0, 0.0, 0.0, 0.0, 0.0, 0.0, 1e-05, 0.0, 0.0, 0.0, 0.0, 0.0, 0.0, 0.0, 0.0, 0.0, 0.0, 0.0, 0.0, 0.0, 0.0, 0.0, 0.0]

Client: 1, Client Receive Time: 1.0276999091729522e-05

Client: 2
Receive Times:  [0.0, 0.0, 0.0, 0.0, 0.0, 0.0, 0.0, 0.0, 0.0, 0.0, 0.0, 0.0, 0.0, 0.0, 0.0, 0.0, 0.0, 0.0, 0.0, 0.0, 0.0, 0.0, 0.0, 0.0, 0.0]

Client: 2, Client Receive Time: 7.579947123304009e-07

Client: 3
Receive Times:  [0.0, 0.0, 0.0, 0.0, 0.0, 0.0, 0.0, 0.0, 0.0, 0.0, 0.0, 0.0, 0.0, 0.0, 0.0, 0.0, 0.0, 0.0, 0.0, 0.0, 0.0, 0.0, 0.0, 0.0, 0.0]

Client: 3, Client Receive Time: 2.105996827594936e-06

Client: 4
Receive Times:  [0.0, 0.0, 0.0, 0.0, 0.0, 0.0, 0.0, 0.0, 0.0, 0.0, 0.0, 0.0, 0.0, 0.0, 0.0, 0.0, 0.0, 0.0, 0.0, 0.0, 0.0, 0.0, 0.0, 0.0, 0.0]

Client: 4, Client Receive Time: 5.980036803521216e-07

Client: 5
Receive Times:  [0.0, 0.0, 0.0, 0.0, 0.0, 0.0, 0.0, 0.0, 0.0, 0.0, 0.0, 0.0, 0.0, 0.0, 0.0, 0.0, 0.0, 0.0, 0.0, 0.0, 0.0, 0.0, 0.0, 0.0, 0.0]

Client: 5, Client Receive Time: 4.399989848025143e-07

Client: 6
Receive Times:  [0.0, 0.0, 0.0, 0.0, 0.0, 0.0, 0.0, 0.0, 0.0, 0.0, 0.0, 0.0, 0.0, 0.0, 0.0, 0.0, 0.0, 0.0, 0.0, 0.0, 0.0, 0.0, 0.0, 0.0, 0.0]

Client: 6, Client Receive Time: 5.850015440955758e-07

Client: 7
Receive Times:  [0.0, 0.0, 0.0, 0.0, 0.0, 0.0, 0.0, 0.0, 0.0, 0.0, 0.0, 0.0, 0.0, 0.0, 0.0, 0.0, 0.0, 0.0, 0.0, 0.0, 0.0, 0.0, 0.0, 0.0, 0.0]

Client: 7, Client Receive Time: 7.800044841133058e-07

Client: 8
Receive Times:  [0.0, 0.0, 0.0, 0.0, 0.0, 0.0, 0.0, 0.0, 0.0, 0.0, 0.0, 0.0, 0.0, 0.0, 0.0, 0.0, 0.0, 0.0, 0.0, 0.0, 0.0, 0.0, 0.0, 0.0, 0.0]

Client: 8, Client Receive Time: 8.060014806687832e-07

Client: 9
Receive Times:  [0.0, 0.0, 0.0, 0.0, 0.0, 0.0, 0.0, 0.0, 0.0, 0.0, 0.0, 0.0, 0.0, 0.0, 0.0, 0.0, 0.0, 0.0, 0.0, 0.0, 0.0, 0.0, 0.0, 0.0, 0.0]

Client: 9, Client Receive Time: 1.2269956641830504e-06

Client: 10
Receive Times:  [0.0, 0.0, 0.0, 0.0, 0.0, 0.0, 0.0, 0.0, 0.0, 0.0, 0.0, 0.0, 0.0, 0.0, 0.0, 0.0, 0.0, 0.0, 0.0, 0.0, 0.0, 0.0, 0.0, 0.0, 0.0]

Client: 10, Client Receive Time: 2.7439964469522238e-06

Client: 11
Receive Times:  [0.0, 0.0, 0.0, 0.0, 0.0, 0.0, 0.0, 0.0, 0.0, 0.0, 0.0, 0.0, 0.0, 0.0, 0.0, 0.0, 0.0, 0.0, 0.0, 0.0, 0.0, 0.0, 0.0, 0.0, 0.0]

Client: 11, Client Receive Time: 7.659982657060027e-07

Client: 12
Receive Times:  [0.0, 0.0, 0.0, 0.0, 0.0, 0.0, 0.0, 0.0, 0.0, 0.0, 0.0, 0.0, 0.0, 0.0, 0.0, 0.0, 0.0, 0.0, 0.0, 0.0, 0.0, 0.0, 0.0, 0.0, 0.0]

Client: 12, Client Receive Time: 7.310009095817804e-07

Client: 13
Receive Times:  [0.0, 0.0, 0.0, 0.0, 0.0, 0.0, 0.0, 0.0, 0.0, 0.0, 0.0, 0.0, 0.0, 0.0, 0.0, 0.0, 0.0, 0.0, 0.0, 0.0, 0.0, 0.0, 0.0, 0.0, 0.0]

Client: 13, Client Receive Time: 7.399939931929111e-07

Client: 14
Receive Times:  [0.0, 0.0, 0.0, 0.0, 0.0, 0.0, 0.0, 0.0, 0.0, 0.0, 0.0, 0.0, 0.0, 0.0, 0.0, 0.0, 0.0, 0.0, 0.0, 0.0, 0.0, 0.0, 0.0, 0.0, 0.0]

Client: 14, Client Receive Time: 8.659990271553397e-07

Client: 15
Receive Times:  [0.0, 0.0, 0.0, 0.0, 0.0, 0.0, 0.0, 0.0, 0.0, 0.0, 0.0, 0.0, 0.0, 0.0, 0.0, 0.0, 0.0, 0.0, 0.0, 0.0, 0.0, 0.0, 0.0, 0.0, 0.0]

Client: 15, Client Receive Time: 7.95997038949281e-07

Client: 16
Receive Times:  [0.0, 0.0, 0.0, 0.0, 0.0, 0.0, 0.0, 0.0, 0.0, 0.0, 0.0, 0.0, 0.0, 0.0, 0.0, 0.0, 0.0, 0.0, 0.0, 0.0, 0.0, 0.0, 0.0, 0.0, 0.0]

Client: 16, Client Receive Time: 6.059999577701092e-07

Client: 17
Receive Times:  [0.0, 0.0, 0.0, 0.0, 0.0, 0.0, 0.0, 0.0, 0.0, 0.0, 0.0, 0.0, 0.0, 0.0, 0.0, 0.0, 0.0, 0.0, 0.0, 0.0, 0.0, 0.0, 0.0, 0.0, 0.0]

Client: 17, Client Receive Time: 7.659982657060027e-07

Client: 18
Receive Times:  [0.0, 0.0, 0.0, 0.0, 0.0, 0.0, 0.0, 0.0, 0.0, 0.0, 0.0, 0.0, 0.0, 0.0, 0.0, 0.0, 0.0, 0.0, 0.0, 0.0, 0.0, 0.0, 0.0, 0.0, 0.0]

Client: 18, Client Receive Time: 8.770002750679851e-07

Client: 19
Receive Times:  [0.0, 0.0, 0.0, 0.0, 0.0, 0.0, 0.0, 0.0, 0.0, 0.0, 0.0, 0.0, 0.0, 0.0, 0.0, 0.0, 0.0, 0.0, 0.0, 0.0, 0.0, 0.0, 0.0, 0.0, 0.0]

Client: 19, Client Receive Time: 6.120026228018105e-07

Client: 20
Receive Times:  [0.0, 0.0, 0.0, 0.0, 0.0, 0.0, 0.0, 0.0, 0.0, 0.0, 0.0, 0.0, 0.0, 0.0, 0.0, 0.0, 0.0, 0.0, 0.0, 0.0, 0.0, 0.0, 0.0, 0.0, 0.0]

Client: 20, Client Receive Time: 4.530011210590601e-07

Client: 21
Receive Times:  [0.0, 0.0, 0.0, 0.0, 0.0, 0.0, 0.0, 0.0, 0.0, 0.0, 0.0, 0.0, 0.0, 0.0, 0.0, 0.0, 0.0, 0.0, 0.0, 0.0, 0.0, 0.0, 0.0, 0.0, 0.0]

Client: 21, Client Receive Time: 3.388995537534356e-06

Client: 22
Receive Times:  [0.0, 0.0, 0.0, 0.0, 0.0, 0.0, 0.0, 0.0, 0.0, 0.0, 0.0, 0.0, 0.0, 0.0, 0.0, 0.0, 0.0, 0.0, 0.0, 0.0, 0.0, 0.0, 0.0, 0.0, 0.0]

Client: 22, Client Receive Time: 2.300999767612666e-06

Client: 23
Receive Times:  [0.0, 0.0, 0.0, 0.0, 0.0, 0.0, 0.0, 0.0, 0.0, 0.0, 0.0, 0.0, 0.0, 0.0, 0.0, 0.0, 0.0, 0.0, 0.0, 0.0, 0.0, 0.0, 0.0, 0.0, 0.0]

Client: 23, Client Receive Time: 6.560003384947777e-07

Client: 24
Receive Times:  [0.0, 0.0, 0.0, 0.0, 0.0, 0.0, 0.0, 0.0, 0.0, 0.0, 0.0, 0.0, 0.0, 0.0, 0.0, 0.0, 0.0, 0.0, 0.0, 0.0, 0.0, 0.0, 0.0, 0.0, 0.0]

Client: 24, Client Receive Time: 2.0220031728968024e-06

Send Time of Group 1: 0.0

Receive Time of Group 0: 1e-05

Client: 0, Client Deduplicate Time: 0.35968

Client: 1, Client Deduplicate Time: 0.36067

Client: 2, Client Deduplicate Time: 0.36101

Client: 3, Client Deduplicate Time: 0.36274

Client: 4, Client Deduplicate Time: 0.36044

Client: 5, Client Deduplicate Time: 0.36122

Client: 6, Client Deduplicate Time: 0.36153

Client: 7, Client Deduplicate Time: 0.36572

Client: 8, Client Deduplicate Time: 0.36178

Client: 9, Client Deduplicate Time: 0.36306

Client: 10, Client Deduplicate Time: 0.36089

Client: 11, Client Deduplicate Time: 0.36233

Client: 12, Client Deduplicate Time: 0.35943

Client: 13, Client Deduplicate Time: 0.35914

Client: 14, Client Deduplicate Time: 0.35947

Client: 15, Client Deduplicate Time: 0.36035

Client: 16, Client Deduplicate Time: 0.36419

Client: 17, Client Deduplicate Time: 0.35876

Client: 18, Client Deduplicate Time: 0.35882

Client: 19, Client Deduplicate Time: 0.36

Client: 20, Client Deduplicate Time: 0.3593

Client: 21, Client Deduplicate Time: 0.36281

Client: 22, Client Deduplicate Time: 0.36475

Client: 23, Client Deduplicate Time: 0.36781

Client: 24, Client Deduplicate Time: 0.36054


Total time for entire protocol: 1908.31568

Wall clock time
Start time:  2024-06-25 01:30:57.511560
End time:  2024-06-25 02:05:35.934022

Total data with duplicates:  6554850
Total data without duplicates:  5571175
