EG PSI Type:  EgPsiType.TYPE2

Setup time: 3060.91234

Client: 0, Client Setup Time: 110.2894776418143

Client: 1, Client Setup Time: 109.96819606314239

Client: 2, Client Setup Time: 110.03272839422789

Client: 3, Client Setup Time: 109.40782519707136

Client: 4, Client Setup Time: 109.45350655480797

Client: 5, Client Setup Time: 109.3923269802035

Client: 6, Client Setup Time: 109.48725141458272

Client: 7, Client Setup Time: 109.50013901916645

Client: 8, Client Setup Time: 109.50075925834244

Client: 9, Client Setup Time: 109.47777217114708

Client: 10, Client Setup Time: 109.44740732238097

Client: 11, Client Setup Time: 109.46018344352342

Client: 12, Client Setup Time: 111.1813441008726

Client: 13, Client Setup Time: 109.55398604304719

Client: 14, Client Setup Time: 109.515532775069

Client: 15, Client Setup Time: 111.59909620937106

Client: 16, Client Setup Time: 109.49244302876104

Client: 17, Client Setup Time: 109.51043968772865

Client: 18, Client Setup Time: 109.55833664457168

Client: 19, Client Setup Time: 112.12622726982954

Client: 0, TP Setup Time: 43.14056946518576

Client: 1, TP Setup Time: 43.1560028288568

Client: 2, TP Setup Time: 43.14668733977123

Client: 3, TP Setup Time: 43.115631841928916

Client: 4, TP Setup Time: 43.13398874819177

Client: 5, TP Setup Time: 43.1459095807968

Client: 6, TP Setup Time: 43.146044023416835

Client: 7, TP Setup Time: 43.11215973483377

Client: 8, TP Setup Time: 43.14273957365731

Client: 9, TP Setup Time: 43.136248777853325

Client: 10, TP Setup Time: 43.13602964261918

Client: 11, TP Setup Time: 43.154030137475274

Client: 12, TP Setup Time: 43.14562947712693

Client: 13, TP Setup Time: 43.19585526795345

Client: 14, TP Setup Time: 43.17173185692991

Client: 15, TP Setup Time: 43.17928547263

Client: 16, TP Setup Time: 43.138960933236376

Client: 17, TP Setup Time: 43.15649797626975

Client: 18, TP Setup Time: 43.13703998542769

Client: 19, TP Setup Time: 43.16631907417104


Current Level:  4

Client: 4
Send Times:  [0.0]

Client: 4, Client Send Time: 1.0600015230011195e-06

Client: 9
Send Times:  [0.0]

Client: 9, Client Send Time: 1.1509982869029045e-06

Client: 14
Send Times:  [0.0]

Client: 14, Client Send Time: 1.0130024747923017e-06

Client: 19
Send Times:  [0.0]

Client: 19, Client Send Time: 1.2220007192809135e-06

Client: 3
Receive Times:  [0.0]

Client: 3, Client Receive Time: 1.9020008039660752e-06

Client: 8
Receive Times:  [0.0]

Client: 8, Client Receive Time: 1.649001205805689e-06

Client: 13
Receive Times:  [0.0]

Client: 13, Client Receive Time: 1.7070015019271523e-06

Client: 18
Receive Times:  [0.0]

Client: 18, Client Receive Time: 2.1710002329200506e-06

Send Time of Group 1: 0.0

Receive Time of Group 0: 0.0

Client: 3, Client Deduplicate Time: 0.08037

Client: 8, Client Deduplicate Time: 0.06891

Client: 13, Client Deduplicate Time: 0.06955

Client: 18, Client Deduplicate Time: 0.06881


Current Level:  3

Client: 1
Send Times:  [0.0]

Client: 1, Client Send Time: 1.2239979696460068e-06

Client: 3
Send Times:  [0.0]

Client: 3, Client Send Time: 1.205000444315374e-06

Client: 4
Send Times:  [0.0]

Client: 4, Client Send Time: 3.440000000409782e-07

Client: 6
Send Times:  [0.0]

Client: 6, Client Send Time: 1.0990006558131427e-06

Client: 8
Send Times:  [0.0]

Client: 8, Client Send Time: 1.1440024536568671e-06

Client: 9
Send Times:  [0.0]

Client: 9, Client Send Time: 3.130007826257497e-07

Client: 11
Send Times:  [0.0]

Client: 11, Client Send Time: 1.1730007827281952e-06

Client: 13
Send Times:  [0.0]

Client: 13, Client Send Time: 1.1109987099189311e-06

Client: 14
Send Times:  [0.0]

Client: 14, Client Send Time: 2.9099828680045903e-07

Client: 16
Send Times:  [0.0]

Client: 16, Client Send Time: 1.0229996405541897e-06

Client: 18
Send Times:  [0.0]

Client: 18, Client Send Time: 1.1120027920696884e-06

Client: 19
Send Times:  [0.0]

Client: 19, Client Send Time: 3.300010575912893e-07

Client: 0
Receive Times:  [0.0]

Client: 0, Client Receive Time: 1.686999894445762e-06

Client: 2
Receive Times:  [0.0, 0.0]

Client: 2, Client Receive Time: 1.7450001905672252e-06

Client: 5
Receive Times:  [0.0]

Client: 5, Client Receive Time: 2.0939987734891474e-06

Client: 7
Receive Times:  [0.0, 0.0]

Client: 7, Client Receive Time: 1.7000020307023078e-06

Client: 10
Receive Times:  [0.0]

Client: 10, Client Receive Time: 2.325999957975e-06

Client: 12
Receive Times:  [0.0, 0.0]

Client: 12, Client Receive Time: 2.1380001271609217e-06

Client: 15
Receive Times:  [0.0]

Client: 15, Client Receive Time: 1.915999746415764e-06

Client: 17
Receive Times:  [0.0, 0.0]

Client: 17, Client Receive Time: 1.706001057755202e-06

Send Time of Group 1: 0.0

Receive Time of Group 0: 0.0

Client: 0, Client Deduplicate Time: 0.08152

Client: 2, Client Deduplicate Time: 0.13724

Client: 5, Client Deduplicate Time: 0.06915

Client: 7, Client Deduplicate Time: 0.13635

Client: 10, Client Deduplicate Time: 0.06891

Client: 12, Client Deduplicate Time: 0.13722

Client: 15, Client Deduplicate Time: 0.07026

Client: 17, Client Deduplicate Time: 0.13613


Current Level:  2

Client: 2
Send Times:  [0.0, 0.0]

Client: 2, Client Send Time: 1.1680021998472512e-06

Client: 3
Send Times:  [0.0, 0.0]

Client: 3, Client Send Time: 3.3800097298808396e-07

Client: 4
Send Times:  [0.0, 0.0]

Client: 4, Client Send Time: 3.3299875212833285e-07

Client: 7
Send Times:  [0.0, 0.0]

Client: 7, Client Send Time: 1.109998265746981e-06

Client: 8
Send Times:  [0.0, 0.0]

Client: 8, Client Send Time: 3.390014171600342e-07

Client: 9
Send Times:  [0.0, 0.0]

Client: 9, Client Send Time: 3.6499841371551156e-07

Client: 12
Send Times:  [0.0, 0.0]

Client: 12, Client Send Time: 1.119002263294533e-06

Client: 13
Send Times:  [0.0, 0.0]

Client: 13, Client Send Time: 3.3800097298808396e-07

Client: 14
Send Times:  [0.0, 0.0]

Client: 14, Client Send Time: 2.799970388878137e-07

Client: 17
Send Times:  [0.0, 0.0]

Client: 17, Client Send Time: 1.3649987522512674e-06

Client: 18
Send Times:  [0.0, 0.0]

Client: 18, Client Send Time: 3.710010787472129e-07

Client: 19
Send Times:  [0.0, 0.0]

Client: 19, Client Send Time: 2.980013960041106e-07

Client: 0
Receive Times:  [0.0, 0.0, 0.0]

Client: 0, Client Receive Time: 2.1029991330578923e-06

Client: 1
Receive Times:  [0.0, 0.0, 0.0]

Client: 1, Client Receive Time: 6.269983714446425e-07

Client: 5
Receive Times:  [0.0, 0.0, 0.0]

Client: 5, Client Receive Time: 2.0560000848490745e-06

Client: 6
Receive Times:  [0.0, 0.0, 0.0]

Client: 6, Client Receive Time: 4.4499756768345833e-07

Client: 10
Receive Times:  [0.0, 0.0, 0.0]

Client: 10, Client Receive Time: 1.787000655895099e-06

Client: 11
Receive Times:  [0.0, 0.0, 0.0]

Client: 11, Client Receive Time: 6.129994289949536e-07

Client: 15
Receive Times:  [0.0, 0.0, 0.0]

Client: 15, Client Receive Time: 1.8380014807917178e-06

Client: 16
Receive Times:  [0.0, 0.0, 0.0]

Client: 16, Client Receive Time: 5.839974619448185e-07

Send Time of Group 1: 0.0

Receive Time of Group 0: 0.0

Client: 0, Client Deduplicate Time: 0.20275

Client: 1, Client Deduplicate Time: 0.20102

Client: 5, Client Deduplicate Time: 0.2003

Client: 6, Client Deduplicate Time: 0.2

Client: 10, Client Deduplicate Time: 0.20193

Client: 11, Client Deduplicate Time: 0.20263

Client: 15, Client Deduplicate Time: 0.20591

Client: 16, Client Deduplicate Time: 0.20215


Current Level:  1

Client: 5
Send Times:  [0.0, 0.0, 0.0, 0.0, 0.0]

Client: 5, Client Send Time: 1.0420008038636297e-06

Client: 6
Send Times:  [0.0, 0.0, 0.0, 0.0, 0.0]

Client: 6, Client Send Time: 3.440000000409782e-07

Client: 7
Send Times:  [0.0, 0.0, 0.0, 0.0, 0.0]

Client: 7, Client Send Time: 2.939996193163097e-07

Client: 8
Send Times:  [0.0, 0.0, 0.0, 0.0, 0.0]

Client: 8, Client Send Time: 2.400010998826474e-07

Client: 9
Send Times:  [0.0, 0.0, 0.0, 0.0, 0.0]

Client: 9, Client Send Time: 2.349988790228963e-07

Client: 15
Send Times:  [0.0, 0.0, 0.0, 0.0, 0.0]

Client: 15, Client Send Time: 1.0129988368134946e-06

Client: 16
Send Times:  [0.0, 0.0, 0.0, 0.0, 0.0]

Client: 16, Client Send Time: 4.1900057112798095e-07

Client: 17
Send Times:  [0.0, 0.0, 0.0, 0.0, 0.0]

Client: 17, Client Send Time: 2.630004019010812e-07

Client: 18
Send Times:  [0.0, 0.0, 0.0, 0.0, 0.0]

Client: 18, Client Send Time: 2.8399881557561457e-07

Client: 19
Send Times:  [0.0, 0.0, 0.0, 0.0, 0.0]

Client: 19, Client Send Time: 2.3699976736679673e-07

Client: 0
Receive Times:  [0.0, 0.0, 0.0, 0.0, 0.0]

Client: 0, Client Receive Time: 1.749001967255026e-06

Client: 1
Receive Times:  [0.0, 0.0, 0.0, 0.0, 0.0]

Client: 1, Client Receive Time: 5.250003596302122e-07

Client: 2
Receive Times:  [0.0, 0.0, 0.0, 0.0, 0.0]

Client: 2, Client Receive Time: 9.309987945016474e-07

Client: 3
Receive Times:  [0.0, 0.0, 0.0, 0.0, 0.0]

Client: 3, Client Receive Time: 5.7199940783903e-07

Client: 4
Receive Times:  [0.0, 0.0, 0.0, 0.0, 0.0]

Client: 4, Client Receive Time: 1.100997906178236e-06

Client: 10
Receive Times:  [0.0, 0.0, 0.0, 0.0, 0.0]

Client: 10, Client Receive Time: 1.8020000425167382e-06

Client: 11
Receive Times:  [0.0, 0.0, 0.0, 0.0, 0.0]

Client: 11, Client Receive Time: 5.779984348919243e-07

Client: 12
Receive Times:  [0.0, 0.0, 0.0, 0.0, 0.0]

Client: 12, Client Receive Time: 4.440007614903152e-07

Client: 13
Receive Times:  [0.0, 0.0, 0.0, 0.0, 0.0]

Client: 13, Client Receive Time: 7.489979907404631e-07

Client: 14
Receive Times:  [0.0, 0.0, 0.0, 0.0, 0.0]

Client: 14, Client Receive Time: 6.829977792222053e-07

Send Time of Group 1: 0.0

Receive Time of Group 0: 0.0

Client: 0, Client Deduplicate Time: 0.3373

Client: 1, Client Deduplicate Time: 0.33303

Client: 2, Client Deduplicate Time: 0.33254

Client: 3, Client Deduplicate Time: 0.33891

Client: 4, Client Deduplicate Time: 0.33485

Client: 10, Client Deduplicate Time: 0.33461

Client: 11, Client Deduplicate Time: 0.33748

Client: 12, Client Deduplicate Time: 0.33948

Client: 13, Client Deduplicate Time: 0.33481

Client: 14, Client Deduplicate Time: 0.33577


Current Level:  0

Client: 10
Send Times:  [0.0, 0.0, 0.0, 0.0, 0.0, 0.0, 0.0, 0.0, 0.0, 0.0]

Client: 10, Client Send Time: 1.4610013749916106e-06

Client: 11
Send Times:  [0.0, 0.0, 0.0, 0.0, 0.0, 0.0, 0.0, 0.0, 0.0, 0.0]

Client: 11, Client Send Time: 4.3199906940571964e-07

Client: 12
Send Times:  [0.0, 0.0, 0.0, 0.0, 0.0, 0.0, 0.0, 0.0, 0.0, 0.0]

Client: 12, Client Send Time: 4.399989848025143e-07

Client: 13
Send Times:  [0.0, 0.0, 0.0, 0.0, 0.0, 0.0, 0.0, 0.0, 0.0, 0.0]

Client: 13, Client Send Time: 2.61999957729131e-07

Client: 14
Send Times:  [0.0, 0.0, 0.0, 0.0, 0.0, 0.0, 0.0, 0.0, 0.0, 0.0]

Client: 14, Client Send Time: 3.6500205169431865e-07

Client: 15
Send Times:  [0.0, 0.0, 0.0, 0.0, 0.0, 0.0, 0.0, 0.0, 0.0, 0.0]

Client: 15, Client Send Time: 2.710003172978759e-07

Client: 16
Send Times:  [0.0, 0.0, 0.0, 0.0, 0.0, 0.0, 0.0, 0.0, 0.0, 0.0]

Client: 16, Client Send Time: 2.8800059226341546e-07

Client: 17
Send Times:  [0.0, 0.0, 0.0, 0.0, 0.0, 0.0, 0.0, 0.0, 0.0, 0.0]

Client: 17, Client Send Time: 2.4299879441969097e-07

Client: 18
Send Times:  [0.0, 0.0, 0.0, 0.0, 0.0, 0.0, 0.0, 0.0, 0.0, 0.0]

Client: 18, Client Send Time: 2.3800021153874695e-07

Client: 19
Send Times:  [0.0, 0.0, 0.0, 0.0, 0.0, 0.0, 0.0, 0.0, 0.0, 0.0]

Client: 19, Client Send Time: 2.6399720809422433e-07

Client: 0
Receive Times:  [0.0, 0.0, 0.0, 0.0, 0.0, 0.0, 0.0, 0.0, 0.0, 0.0]

Client: 0, Client Receive Time: 2.4799992388579994e-06

Client: 1
Receive Times:  [0.0, 0.0, 0.0, 0.0, 0.0, 0.0, 0.0, 0.0, 0.0, 0.0]

Client: 1, Client Receive Time: 6.890004442539066e-07

Client: 2
Receive Times:  [0.0, 0.0, 0.0, 0.0, 0.0, 0.0, 0.0, 0.0, 0.0, 0.0]

Client: 2, Client Receive Time: 4.71998646389693e-07

Client: 3
Receive Times:  [0.0, 0.0, 0.0, 0.0, 0.0, 2e-05, 0.0, 0.0, 0.0, 0.0]

Client: 3, Client Receive Time: 1.517200144007802e-05

Client: 4
Receive Times:  [0.0, 0.0, 0.0, 0.0, 0.0, 0.0, 0.0, 0.0, 0.0, 0.0]

Client: 4, Client Receive Time: 7.369999366346747e-07

Client: 5
Receive Times:  [0.0, 0.0, 0.0, 0.0, 0.0, 0.0, 0.0, 0.0, 0.0, 0.0]

Client: 5, Client Receive Time: 3.979985194746405e-07

Client: 6
Receive Times:  [0.0, 0.0, 0.0, 0.0, 0.0, 0.0, 0.0, 0.0, 0.0, 0.0]

Client: 6, Client Receive Time: 3.9699807530269027e-07

Client: 7
Receive Times:  [0.0, 0.0, 0.0, 0.0, 0.0, 0.0, 0.0, 0.0, 0.0, 0.0]

Client: 7, Client Receive Time: 3.5499760997481644e-07

Client: 8
Receive Times:  [0.0, 0.0, 0.0, 0.0, 0.0, 0.0, 0.0, 0.0, 0.0, 0.0]

Client: 8, Client Receive Time: 4.870016709901392e-07

Client: 9
Receive Times:  [0.0, 0.0, 0.0, 0.0, 0.0, 0.0, 0.0, 0.0, 0.0, 0.0]

Client: 9, Client Receive Time: 4.930006980430335e-07

Send Time of Group 1: 0.0

Receive Time of Group 0: 2e-05

Client: 0, Client Deduplicate Time: 0.67031

Client: 1, Client Deduplicate Time: 0.69201

Client: 2, Client Deduplicate Time: 0.66698

Client: 3, Client Deduplicate Time: 0.66724

Client: 4, Client Deduplicate Time: 0.67765

Client: 5, Client Deduplicate Time: 0.67366

Client: 6, Client Deduplicate Time: 0.66855

Client: 7, Client Deduplicate Time: 0.67109

Client: 8, Client Deduplicate Time: 0.67241

Client: 9, Client Deduplicate Time: 0.66836


Total time for entire protocol: 3062.36738

Wall clock time
Start time:  2024-06-24 14:53:49.719699
End time:  2024-06-24 15:49:08.578530

Total data with duplicates:  10486040
Total data without duplicates:  8913030
