EG PSI Type:  EgPsiType.TYPE2

Setup time: 7649.78131

Client: 0, Client Setup Time: 110.72857776062301

Client: 1, Client Setup Time: 109.85883771790395

Client: 2, Client Setup Time: 110.12409141918761

Client: 3, Client Setup Time: 109.37365688948194

Client: 4, Client Setup Time: 109.35518467174552

Client: 5, Client Setup Time: 109.36133552694082

Client: 6, Client Setup Time: 109.42827854711504

Client: 7, Client Setup Time: 109.44508875148313

Client: 8, Client Setup Time: 109.43445942525432

Client: 9, Client Setup Time: 109.61461584561039

Client: 10, Client Setup Time: 109.42689448347664

Client: 11, Client Setup Time: 109.42130614104099

Client: 12, Client Setup Time: 111.32592555729934

Client: 13, Client Setup Time: 109.4608054852215

Client: 14, Client Setup Time: 109.46155738906236

Client: 15, Client Setup Time: 111.67857676973654

Client: 16, Client Setup Time: 109.50362765912723

Client: 17, Client Setup Time: 109.4705888944518

Client: 18, Client Setup Time: 109.48955782292614

Client: 19, Client Setup Time: 112.22012326706317

Client: 20, Client Setup Time: 109.43086035311717

Client: 21, Client Setup Time: 109.45971131875558

Client: 22, Client Setup Time: 109.43144112342998

Client: 23, Client Setup Time: 109.46316535243386

Client: 24, Client Setup Time: 112.85072671857051

Client: 25, Client Setup Time: 109.435579693396

Client: 26, Client Setup Time: 109.47218201887881

Client: 27, Client Setup Time: 109.45685670823877

Client: 28, Client Setup Time: 109.44720043409325

Client: 29, Client Setup Time: 109.48876697522792

Client: 30, Client Setup Time: 113.62983124660241

Client: 31, Client Setup Time: 109.4763135689791

Client: 32, Client Setup Time: 109.36790205664875

Client: 33, Client Setup Time: 109.34949107680586

Client: 34, Client Setup Time: 109.36341061966232

Client: 35, Client Setup Time: 109.38139998984116

Client: 36, Client Setup Time: 109.45259101163538

Client: 37, Client Setup Time: 109.41623318223719

Client: 38, Client Setup Time: 114.44625596049445

Client: 39, Client Setup Time: 109.35736397645815

Client: 40, Client Setup Time: 109.38587809632736

Client: 41, Client Setup Time: 109.3428892113443

Client: 42, Client Setup Time: 109.35695122901961

Client: 43, Client Setup Time: 109.37897039506788

Client: 44, Client Setup Time: 109.4004266171687

Client: 45, Client Setup Time: 109.39061915290222

Client: 46, Client Setup Time: 109.43134959359304

Client: 47, Client Setup Time: 109.3931834379182

Client: 48, Client Setup Time: 109.46068845814443

Client: 49, Client Setup Time: 109.45999782319268

Client: 0, TP Setup Time: 43.127160117372114

Client: 1, TP Setup Time: 43.092818558092404

Client: 2, TP Setup Time: 43.119354211812606

Client: 3, TP Setup Time: 43.109138948515465

Client: 4, TP Setup Time: 43.09677587025362

Client: 5, TP Setup Time: 43.110315366058785

Client: 6, TP Setup Time: 43.14182350988267

Client: 7, TP Setup Time: 43.14021671151568

Client: 8, TP Setup Time: 43.14501088074758

Client: 9, TP Setup Time: 43.14117233939032

Client: 10, TP Setup Time: 43.13201472252695

Client: 11, TP Setup Time: 43.14217759695748

Client: 12, TP Setup Time: 43.144672185699164

Client: 13, TP Setup Time: 43.16202890477871

Client: 14, TP Setup Time: 43.13834235593822

Client: 15, TP Setup Time: 43.13230969226424

Client: 16, TP Setup Time: 43.16128064287477

Client: 17, TP Setup Time: 43.1691102625482

Client: 18, TP Setup Time: 43.164292663073866

Client: 19, TP Setup Time: 43.14992073593021

Client: 20, TP Setup Time: 43.1434122328792

Client: 21, TP Setup Time: 43.15367581124883

Client: 22, TP Setup Time: 43.15839165856596

Client: 23, TP Setup Time: 43.15009158557223

Client: 24, TP Setup Time: 43.16273932642798

Client: 25, TP Setup Time: 43.15126244860585

Client: 26, TP Setup Time: 43.16141612212232

Client: 27, TP Setup Time: 43.14719939176575

Client: 28, TP Setup Time: 43.15911034691089

Client: 29, TP Setup Time: 43.158405211768695

Client: 30, TP Setup Time: 43.15187411740044

Client: 31, TP Setup Time: 43.13249473902397

Client: 32, TP Setup Time: 43.111603381352325

Client: 33, TP Setup Time: 43.10667049519543

Client: 34, TP Setup Time: 43.09724542933691

Client: 35, TP Setup Time: 43.10775446215848

Client: 36, TP Setup Time: 43.103859355367604

Client: 37, TP Setup Time: 43.10552462776104

Client: 38, TP Setup Time: 43.107809871507925

Client: 39, TP Setup Time: 43.10912276054296

Client: 40, TP Setup Time: 43.107605799676094

Client: 41, TP Setup Time: 43.09895687465905

Client: 42, TP Setup Time: 43.08902832698368

Client: 43, TP Setup Time: 43.11040712893737

Client: 44, TP Setup Time: 43.098469875825685

Client: 45, TP Setup Time: 43.09562953409477

Client: 46, TP Setup Time: 43.11692784840125

Client: 47, TP Setup Time: 43.092737165083236

Client: 48, TP Setup Time: 43.12296406085807

Client: 49, TP Setup Time: 43.08765546580253


Current Level:  5

Client: 2
Send Times:  [0.0]

Client: 2, Client Send Time: 1.3649987522512674e-06

Client: 5
Send Times:  [0.0]

Client: 5, Client Send Time: 1.034000888466835e-06

Client: 8
Send Times:  [0.0]

Client: 8, Client Send Time: 1.0210060281679034e-06

Client: 11
Send Times:  [0.0]

Client: 11, Client Send Time: 1.1849988368339837e-06

Client: 14
Send Times:  [0.0]

Client: 14, Client Send Time: 1.0420044418424368e-06

Client: 17
Send Times:  [0.0]

Client: 17, Client Send Time: 1.0160001693293452e-06

Client: 20
Send Times:  [0.0]

Client: 20, Client Send Time: 1.1000010999850929e-06

Client: 22
Send Times:  [0.0]

Client: 22, Client Send Time: 1.0279982234351337e-06

Client: 24
Send Times:  [0.0]

Client: 24, Client Send Time: 1.1369993444532156e-06

Client: 27
Send Times:  [0.0]

Client: 27, Client Send Time: 1.1320007615722716e-06

Client: 30
Send Times:  [0.0]

Client: 30, Client Send Time: 1.0250005288980901e-06

Client: 33
Send Times:  [0.0]

Client: 33, Client Send Time: 1.1299998732283711e-06

Client: 36
Send Times:  [0.0]

Client: 36, Client Send Time: 1.0599978850223124e-06

Client: 39
Send Times:  [0.0]

Client: 39, Client Send Time: 1.0660005500540137e-06

Client: 42
Send Times:  [0.0]

Client: 42, Client Send Time: 1.1169977369718254e-06

Client: 45
Send Times:  [0.0]

Client: 45, Client Send Time: 1.014996087178588e-06

Client: 47
Send Times:  [0.0]

Client: 47, Client Send Time: 1.6420017345808446e-06

Client: 49
Send Times:  [0.0]

Client: 49, Client Send Time: 1.0169969755224884e-06

Client: 1
Receive Times:  [0.0]

Client: 1, Client Receive Time: 1.8709979485720396e-06

Client: 4
Receive Times:  [0.0]

Client: 4, Client Receive Time: 2.535998646635562e-06

Client: 7
Receive Times:  [0.0]

Client: 7, Client Receive Time: 1.8650025594979525e-06

Client: 10
Receive Times:  [0.0]

Client: 10, Client Receive Time: 2.474000211805105e-06

Client: 13
Receive Times:  [0.0]

Client: 13, Client Receive Time: 2.4120017769746482e-06

Client: 16
Receive Times:  [0.0]

Client: 16, Client Receive Time: 1.8509963410906494e-06

Client: 19
Receive Times:  [0.0]

Client: 19, Client Receive Time: 1.8999999156221747e-06

Client: 21
Receive Times:  [0.0]

Client: 21, Client Receive Time: 2.0229999790899456e-06

Client: 23
Receive Times:  [0.0]

Client: 23, Client Receive Time: 2.0260049495846033e-06

Client: 26
Receive Times:  [0.0]

Client: 26, Client Receive Time: 2.4370019673369825e-06

Client: 29
Receive Times:  [0.0]

Client: 29, Client Receive Time: 1.9040016923099756e-06

Client: 32
Receive Times:  [0.0]

Client: 32, Client Receive Time: 1.8059945432469249e-06

Client: 35
Receive Times:  [0.0]

Client: 35, Client Receive Time: 2.343003870919347e-06

Client: 38
Receive Times:  [0.0]

Client: 38, Client Receive Time: 2.191001840401441e-06

Client: 41
Receive Times:  [0.0]

Client: 41, Client Receive Time: 2.473003405611962e-06

Client: 44
Receive Times:  [0.0]

Client: 44, Client Receive Time: 2.1420055418275297e-06

Client: 46
Receive Times:  [0.0]

Client: 46, Client Receive Time: 1.6190024325624108e-06

Client: 48
Receive Times:  [0.0]

Client: 48, Client Receive Time: 1.906002580653876e-06

Send Time of Group 1: 0.0

Receive Time of Group 0: 0.0

Client: 1, Client Deduplicate Time: 0.06726

Client: 4, Client Deduplicate Time: 0.06774

Client: 7, Client Deduplicate Time: 0.06625

Client: 10, Client Deduplicate Time: 0.06676

Client: 13, Client Deduplicate Time: 0.0662

Client: 16, Client Deduplicate Time: 0.06674

Client: 19, Client Deduplicate Time: 0.06672

Client: 21, Client Deduplicate Time: 0.06648

Client: 23, Client Deduplicate Time: 0.06619

Client: 26, Client Deduplicate Time: 0.06693

Client: 29, Client Deduplicate Time: 0.06612

Client: 32, Client Deduplicate Time: 0.0668

Client: 35, Client Deduplicate Time: 0.06629

Client: 38, Client Deduplicate Time: 0.06688

Client: 41, Client Deduplicate Time: 0.06751

Client: 44, Client Deduplicate Time: 0.0685

Client: 46, Client Deduplicate Time: 0.06879

Client: 48, Client Deduplicate Time: 0.0681


Current Level:  4

Client: 1
Send Times:  [0.0]

Client: 1, Client Send Time: 9.14005795493722e-07

Client: 2
Send Times:  [0.0]

Client: 2, Client Send Time: 3.759996616281569e-07

Client: 4
Send Times:  [0.0]

Client: 4, Client Send Time: 1.3879980542697012e-06

Client: 5
Send Times:  [0.0]

Client: 5, Client Send Time: 3.5099947126582265e-07

Client: 7
Send Times:  [0.0]

Client: 7, Client Send Time: 1.157997758127749e-06

Client: 8
Send Times:  [0.0]

Client: 8, Client Send Time: 3.5500124795362353e-07

Client: 10
Send Times:  [0.0]

Client: 10, Client Send Time: 1.1049996828660369e-06

Client: 11
Send Times:  [0.0]

Client: 11, Client Send Time: 3.479945007711649e-07

Client: 13
Send Times:  [0.0]

Client: 13, Client Send Time: 1.0480071068741381e-06

Client: 14
Send Times:  [0.0]

Client: 14, Client Send Time: 3.759996616281569e-07

Client: 16
Send Times:  [0.0]

Client: 16, Client Send Time: 1.0989970178343356e-06

Client: 17
Send Times:  [0.0]

Client: 17, Client Send Time: 4.1400198824703693e-07

Client: 19
Send Times:  [0.0]

Client: 19, Client Send Time: 1.0280054993927479e-06

Client: 20
Send Times:  [0.0]

Client: 20, Client Send Time: 3.3799733500927687e-07

Client: 23
Send Times:  [0.0, 0.0]

Client: 23, Client Send Time: 1.2210002751089633e-06

Client: 24
Send Times:  [0.0, 0.0]

Client: 24, Client Send Time: 3.519962774589658e-07

Client: 26
Send Times:  [0.0]

Client: 26, Client Send Time: 1.0520016076043248e-06

Client: 27
Send Times:  [0.0]

Client: 27, Client Send Time: 3.3400283427909017e-07

Client: 29
Send Times:  [0.0]

Client: 29, Client Send Time: 1.0429939720779657e-06

Client: 30
Send Times:  [0.0]

Client: 30, Client Send Time: 3.3400283427909017e-07

Client: 32
Send Times:  [0.0]

Client: 32, Client Send Time: 1.1310039553791285e-06

Client: 33
Send Times:  [0.0]

Client: 33, Client Send Time: 3.889945219270885e-07

Client: 35
Send Times:  [0.0]

Client: 35, Client Send Time: 1.1640004231594503e-06

Client: 36
Send Times:  [0.0]

Client: 36, Client Send Time: 3.259992809034884e-07

Client: 38
Send Times:  [0.0]

Client: 38, Client Send Time: 1.0209987522102892e-06

Client: 39
Send Times:  [0.0]

Client: 39, Client Send Time: 3.3799733500927687e-07

Client: 41
Send Times:  [0.0]

Client: 41, Client Send Time: 1.043998054228723e-06

Client: 42
Send Times:  [0.0]

Client: 42, Client Send Time: 3.9099541027098894e-07

Client: 44
Send Times:  [0.0]

Client: 44, Client Send Time: 1.0289950296282768e-06

Client: 45
Send Times:  [0.0]

Client: 45, Client Send Time: 3.440000000409782e-07

Client: 48
Send Times:  [0.0, 0.0]

Client: 48, Client Send Time: 1.0209987522102892e-06

Client: 49
Send Times:  [0.0, 0.0]

Client: 49, Client Send Time: 3.8800499169155955e-07

Client: 0
Receive Times:  [0.0, 0.0]

Client: 0, Client Receive Time: 2.4890032364055514e-06

Client: 3
Receive Times:  [0.0, 0.0]

Client: 3, Client Receive Time: 1.5510013327002525e-06

Client: 6
Receive Times:  [0.0, 0.0]

Client: 6, Client Receive Time: 1.706001057755202e-06

Client: 9
Receive Times:  [0.0, 0.0]

Client: 9, Client Receive Time: 1.571999746374786e-06

Client: 12
Receive Times:  [0.0, 0.0]

Client: 12, Client Receive Time: 2.115004463121295e-06

Client: 15
Receive Times:  [0.0, 0.0]

Client: 15, Client Receive Time: 1.510001311544329e-06

Client: 18
Receive Times:  [0.0, 0.0]

Client: 18, Client Receive Time: 2.1800005924887955e-06

Client: 21
Receive Times:  [0.0, 0.0]

Client: 21, Client Receive Time: 1.8740029190666974e-06

Client: 22
Receive Times:  [0.0, 0.0]

Client: 22, Client Receive Time: 5.780020728707314e-07

Client: 25
Receive Times:  [0.0, 0.0]

Client: 25, Client Receive Time: 1.7689962987788022e-06

Client: 28
Receive Times:  [0.0, 0.0]

Client: 28, Client Receive Time: 1.5669938875362277e-06

Client: 31
Receive Times:  [0.0, 0.0]

Client: 31, Client Receive Time: 1.6839985619299114e-06

Client: 34
Receive Times:  [0.0, 0.0]

Client: 34, Client Receive Time: 1.472006260883063e-06

Client: 37
Receive Times:  [0.0, 0.0]

Client: 37, Client Receive Time: 2.025997673626989e-06

Client: 40
Receive Times:  [0.0, 0.0]

Client: 40, Client Receive Time: 1.915999746415764e-06

Client: 43
Receive Times:  [0.0, 0.0]

Client: 43, Client Receive Time: 2.1099986042827368e-06

Client: 46
Receive Times:  [0.0, 0.0]

Client: 46, Client Receive Time: 1.6659978427924216e-06

Client: 47
Receive Times:  [0.0, 0.0]

Client: 47, Client Receive Time: 5.600013537332416e-07

Send Time of Group 1: 0.0

Receive Time of Group 0: 0.0

Client: 0, Client Deduplicate Time: 0.13171

Client: 3, Client Deduplicate Time: 0.13136

Client: 6, Client Deduplicate Time: 0.13067

Client: 9, Client Deduplicate Time: 0.13184

Client: 12, Client Deduplicate Time: 0.13021

Client: 15, Client Deduplicate Time: 0.13044

Client: 18, Client Deduplicate Time: 0.12994

Client: 21, Client Deduplicate Time: 0.13058

Client: 22, Client Deduplicate Time: 0.12981

Client: 25, Client Deduplicate Time: 0.1298

Client: 28, Client Deduplicate Time: 0.13

Client: 31, Client Deduplicate Time: 0.13042

Client: 34, Client Deduplicate Time: 0.13021

Client: 37, Client Deduplicate Time: 0.13079

Client: 40, Client Deduplicate Time: 0.1332

Client: 43, Client Deduplicate Time: 0.13349

Client: 46, Client Deduplicate Time: 0.13305

Client: 47, Client Deduplicate Time: 0.13084


Current Level:  3

Client: 3
Send Times:  [0.0, 0.0, 0.0]

Client: 3, Client Send Time: 1.1310039553791285e-06

Client: 4
Send Times:  [0.0, 0.0, 0.0]

Client: 4, Client Send Time: 3.989989636465907e-07

Client: 5
Send Times:  [0.0, 0.0, 0.0]

Client: 5, Client Send Time: 3.169989213347435e-07

Client: 9
Send Times:  [0.0, 0.0, 0.0]

Client: 9, Client Send Time: 1.2070013326592743e-06

Client: 10
Send Times:  [0.0, 0.0, 0.0]

Client: 10, Client Send Time: 3.7800054997205734e-07

Client: 11
Send Times:  [0.0, 0.0, 0.0]

Client: 11, Client Send Time: 3.2699608709663153e-07

Client: 15
Send Times:  [0.0, 0.0, 0.0]

Client: 15, Client Send Time: 1.0619987733662128e-06

Client: 16
Send Times:  [0.0, 0.0, 0.0]

Client: 16, Client Send Time: 3.629975253716111e-07

Client: 17
Send Times:  [0.0, 0.0, 0.0]

Client: 17, Client Send Time: 3.0999945010989904e-07

Client: 21
Send Times:  [0.0, 0.0, 0.0]

Client: 21, Client Send Time: 1.438005710951984e-06

Client: 22
Send Times:  [0.0, 0.0, 0.0]

Client: 22, Client Send Time: 3.360037226229906e-07

Client: 23
Send Times:  [0.0, 0.0, 0.0]

Client: 23, Client Send Time: 3.029999788850546e-07

Client: 24
Send Times:  [0.0, 1e-05, 0.0]

Client: 24, Client Send Time: 1.1552001524250954e-05

Client: 28
Send Times:  [0.0, 0.0, 0.0]

Client: 28, Client Send Time: 1.3509998098015785e-06

Client: 29
Send Times:  [0.0, 0.0, 0.0]

Client: 29, Client Send Time: 3.530003596097231e-07

Client: 30
Send Times:  [0.0, 0.0, 0.0]

Client: 30, Client Send Time: 4.789981176145375e-07

Client: 34
Send Times:  [0.0, 0.0, 0.0]

Client: 34, Client Send Time: 1.5990008250810206e-06

Client: 35
Send Times:  [0.0, 0.0, 0.0]

Client: 35, Client Send Time: 3.429959178902209e-07

Client: 36
Send Times:  [0.0, 0.0, 0.0]

Client: 36, Client Send Time: 2.820015652105212e-07

Client: 40
Send Times:  [0.0, 0.0, 0.0]

Client: 40, Client Send Time: 1.1540032573975623e-06

Client: 41
Send Times:  [0.0, 0.0, 0.0]

Client: 41, Client Send Time: 2.980013960041106e-07

Client: 42
Send Times:  [0.0, 0.0, 0.0]

Client: 42, Client Send Time: 2.500019036233425e-07

Client: 46
Send Times:  [0.0, 0.0, 0.0]

Client: 46, Client Send Time: 1.0410003596916795e-06

Client: 47
Send Times:  [0.0, 0.0, 0.0]

Client: 47, Client Send Time: 3.899986040778458e-07

Client: 48
Send Times:  [0.0, 0.0, 0.0]

Client: 48, Client Send Time: 3.429959178902209e-07

Client: 49
Send Times:  [0.0, 0.0, 0.0]

Client: 49, Client Send Time: 3.440000000409782e-07

Client: 0
Receive Times:  [0.0, 0.0, 0.0]

Client: 0, Client Receive Time: 2.3179964045993984e-06

Client: 1
Receive Times:  [0.0, 0.0, 0.0]

Client: 1, Client Receive Time: 5.730034899897873e-07

Client: 2
Receive Times:  [0.0, 0.0, 0.0]

Client: 2, Client Receive Time: 6.249974831007421e-07

Client: 6
Receive Times:  [0.0, 0.0, 0.0]

Client: 6, Client Receive Time: 2.1410014596767724e-06

Client: 7
Receive Times:  [0.0, 0.0, 0.0]

Client: 7, Client Receive Time: 9.540017344988883e-07

Client: 8
Receive Times:  [0.0, 0.0, 0.0]

Client: 8, Client Receive Time: 5.410038284026086e-07

Client: 12
Receive Times:  [0.0, 0.0, 0.0]

Client: 12, Client Receive Time: 1.7999991541728377e-06

Client: 13
Receive Times:  [0.0, 0.0, 0.0]

Client: 13, Client Receive Time: 5.109977792017162e-07

Client: 14
Receive Times:  [0.0, 0.0, 0.0]

Client: 14, Client Receive Time: 7.029957487247884e-07

Client: 18
Receive Times:  [0.0, 0.0, 0.0, 0.0]

Client: 18, Client Receive Time: 1.6979975043796003e-06

Client: 19
Receive Times:  [0.0, 0.0, 0.0, 0.0]

Client: 19, Client Receive Time: 6.549962563440204e-07

Client: 20
Receive Times:  [0.0, 0.0, 0.0, 0.0]

Client: 20, Client Receive Time: 6.970003596507013e-07

Client: 25
Receive Times:  [0.0, 0.0, 0.0]

Client: 25, Client Receive Time: 1.6989943105727434e-06

Client: 26
Receive Times:  [0.0, 0.0, 0.0]

Client: 26, Client Receive Time: 5.399997462518513e-07

Client: 27
Receive Times:  [0.0, 0.0, 0.0]

Client: 27, Client Receive Time: 5.590045475400984e-07

Client: 31
Receive Times:  [0.0, 0.0, 0.0]

Client: 31, Client Receive Time: 1.7839993233792484e-06

Client: 32
Receive Times:  [0.0, 0.0, 0.0]

Client: 32, Client Receive Time: 5.229958333075047e-07

Client: 33
Receive Times:  [0.0, 0.0, 0.0]

Client: 33, Client Receive Time: 5.780020728707314e-07

Client: 37
Receive Times:  [0.0, 0.0, 0.0]

Client: 37, Client Receive Time: 1.9600047380663455e-06

Client: 38
Receive Times:  [0.0, 0.0, 0.0]

Client: 38, Client Receive Time: 6.28999259788543e-07

Client: 39
Receive Times:  [0.0, 0.0, 0.0]

Client: 39, Client Receive Time: 6.200061761774123e-07

Client: 43
Receive Times:  [0.0, 0.0, 0.0, 0.0]

Client: 43, Client Receive Time: 1.972999598365277e-06

Client: 44
Receive Times:  [0.0, 0.0, 0.0, 0.0]

Client: 44, Client Receive Time: 5.859983502887189e-07

Client: 45
Receive Times:  [0.0, 0.0, 0.0, 0.0]

Client: 45, Client Receive Time: 6.970003596507013e-07

Send Time of Group 1: 1e-05

Receive Time of Group 0: 0.0

Client: 0, Client Deduplicate Time: 0.19403

Client: 1, Client Deduplicate Time: 0.19375

Client: 2, Client Deduplicate Time: 0.19469

Client: 6, Client Deduplicate Time: 0.19376

Client: 7, Client Deduplicate Time: 0.20014

Client: 8, Client Deduplicate Time: 0.19295

Client: 12, Client Deduplicate Time: 0.19347

Client: 13, Client Deduplicate Time: 0.19287

Client: 14, Client Deduplicate Time: 0.19286

Client: 18, Client Deduplicate Time: 0.25639

Client: 19, Client Deduplicate Time: 0.25833

Client: 20, Client Deduplicate Time: 0.25589

Client: 25, Client Deduplicate Time: 0.19243

Client: 26, Client Deduplicate Time: 0.19275

Client: 27, Client Deduplicate Time: 0.19262

Client: 31, Client Deduplicate Time: 0.19418

Client: 32, Client Deduplicate Time: 0.19367

Client: 33, Client Deduplicate Time: 0.19491

Client: 37, Client Deduplicate Time: 0.19594

Client: 38, Client Deduplicate Time: 0.1969

Client: 39, Client Deduplicate Time: 0.19733

Client: 43, Client Deduplicate Time: 0.26051

Client: 44, Client Deduplicate Time: 0.25931

Client: 45, Client Deduplicate Time: 0.25896


Current Level:  2

Client: 6
Send Times:  [0.0, 0.0, 0.0, 0.0, 0.0, 0.0]

Client: 6, Client Send Time: 1.038002665154636e-06

Client: 7
Send Times:  [0.0, 0.0, 0.0, 0.0, 0.0, 0.0]

Client: 7, Client Send Time: 4.0099985199049115e-07

Client: 8
Send Times:  [0.0, 0.0, 0.0, 0.0, 0.0, 0.0]

Client: 8, Client Send Time: 3.259992809034884e-07

Client: 9
Send Times:  [0.0, 0.0, 0.0, 0.0, 0.0, 0.0]

Client: 9, Client Send Time: 2.540036803111434e-07

Client: 10
Send Times:  [0.0, 0.0, 0.0, 0.0, 0.0, 0.0]

Client: 10, Client Send Time: 2.640008460730314e-07

Client: 11
Send Times:  [0.0, 0.0, 0.0, 0.0, 0.0, 0.0]

Client: 11, Client Send Time: 2.939996193163097e-07

Client: 18
Send Times:  [0.0, 0.0, 0.0, 0.0, 0.0, 0.0]

Client: 18, Client Send Time: 1.0530056897550821e-06

Client: 19
Send Times:  [0.0, 0.0, 0.0, 0.0, 0.0, 0.0]

Client: 19, Client Send Time: 5.160036380402744e-07

Client: 20
Send Times:  [0.0, 0.0, 0.0, 0.0, 0.0, 0.0]

Client: 20, Client Send Time: 5.189940566197038e-07

Client: 21
Send Times:  [0.0, 0.0, 0.0, 0.0, 0.0, 0.0]

Client: 21, Client Send Time: 3.5099947126582265e-07

Client: 22
Send Times:  [0.0, 0.0, 0.0, 0.0, 0.0, 0.0]

Client: 22, Client Send Time: 3.1399395084008574e-07

Client: 23
Send Times:  [0.0, 0.0, 0.0, 0.0, 0.0, 0.0]

Client: 23, Client Send Time: 3.0500086722895503e-07

Client: 24
Send Times:  [0.0, 0.0, 0.0, 0.0, 0.0, 0.0]

Client: 24, Client Send Time: 3.410023055039346e-07

Client: 31
Send Times:  [0.0, 0.0, 0.0, 0.0, 0.0, 0.0]

Client: 31, Client Send Time: 1.3890021364204586e-06

Client: 32
Send Times:  [0.0, 0.0, 0.0, 0.0, 0.0, 0.0]

Client: 32, Client Send Time: 3.8400321500375867e-07

Client: 33
Send Times:  [0.0, 0.0, 0.0, 0.0, 0.0, 0.0]

Client: 33, Client Send Time: 3.1499803299084306e-07

Client: 34
Send Times:  [0.0, 0.0, 0.0, 0.0, 0.0, 0.0]

Client: 34, Client Send Time: 3.349996404722333e-07

Client: 35
Send Times:  [0.0, 0.0, 0.0, 0.0, 0.0, 0.0]

Client: 35, Client Send Time: 2.9600050766021013e-07

Client: 36
Send Times:  [0.0, 0.0, 0.0, 0.0, 0.0, 0.0]

Client: 36, Client Send Time: 3.1099625630304217e-07

Client: 43
Send Times:  [0.0, 0.0, 0.0, 0.0, 0.0, 0.0]

Client: 43, Client Send Time: 1.1800002539530396e-06

Client: 44
Send Times:  [0.0, 0.0, 0.0, 0.0, 0.0, 0.0]

Client: 44, Client Send Time: 4.4699845602735877e-07

Client: 45
Send Times:  [0.0, 0.0, 0.0, 0.0, 0.0, 0.0]

Client: 45, Client Send Time: 3.039967850781977e-07

Client: 46
Send Times:  [0.0, 0.0, 0.0, 0.0, 0.0, 0.0]

Client: 46, Client Send Time: 3.0999945010989904e-07

Client: 47
Send Times:  [0.0, 0.0, 0.0, 0.0, 0.0, 0.0]

Client: 47, Client Send Time: 3.0700175557285547e-07

Client: 48
Send Times:  [0.0, 0.0, 0.0, 0.0, 0.0, 0.0]

Client: 48, Client Send Time: 2.899978426285088e-07

Client: 49
Send Times:  [0.0, 0.0, 0.0, 0.0, 0.0, 0.0]

Client: 49, Client Send Time: 3.2400566851720214e-07

Client: 0
Receive Times:  [0.0, 0.0, 0.0, 0.0, 0.0, 0.0]

Client: 0, Client Receive Time: 1.7999991541728377e-06

Client: 1
Receive Times:  [0.0, 0.0, 0.0, 0.0, 0.0, 0.0]

Client: 1, Client Receive Time: 5.120018613524735e-07

Client: 2
Receive Times:  [0.0, 0.0, 0.0, 0.0, 0.0, 0.0]

Client: 2, Client Receive Time: 4.95005224365741e-07

Client: 3
Receive Times:  [0.0, 0.0, 0.0, 0.0, 0.0, 0.0]

Client: 3, Client Receive Time: 4.7400681069120765e-07

Client: 4
Receive Times:  [0.0, 0.0, 0.0, 0.0, 0.0, 0.0]

Client: 4, Client Receive Time: 5.170004442334175e-07

Client: 5
Receive Times:  [0.0, 0.0, 0.0, 0.0, 0.0, 0.0]

Client: 5, Client Receive Time: 4.949979484081268e-07

Client: 12
Receive Times:  [0.0, 0.0, 0.0, 0.0, 0.0, 0.0, 0.0]

Client: 12, Client Receive Time: 1.8479986465536058e-06

Client: 13
Receive Times:  [0.0, 0.0, 0.0, 0.0, 0.0, 0.0, 0.0]

Client: 13, Client Receive Time: 6.740010576322675e-07

Client: 14
Receive Times:  [0.0, 0.0, 0.0, 0.0, 0.0, 0.0, 0.0]

Client: 14, Client Receive Time: 4.4199987314641476e-07

Client: 15
Receive Times:  [0.0, 0.0, 0.0, 0.0, 0.0, 0.0, 0.0]

Client: 15, Client Receive Time: 5.429974407888949e-07

Client: 16
Receive Times:  [0.0, 0.0, 0.0, 0.0, 0.0, 0.0, 0.0]

Client: 16, Client Receive Time: 6.940026651136577e-07

Client: 17
Receive Times:  [0.0, 0.0, 0.0, 0.0, 0.0, 0.0, 0.0]

Client: 17, Client Receive Time: 4.839967004954815e-07

Client: 25
Receive Times:  [0.0, 0.0, 0.0, 0.0, 0.0, 0.0]

Client: 25, Client Receive Time: 2.3940010578371584e-06

Client: 26
Receive Times:  [0.0, 0.0, 0.0, 0.0, 0.0, 0.0]

Client: 26, Client Receive Time: 8.440038072876632e-07

Client: 27
Receive Times:  [0.0, 0.0, 0.0, 0.0, 0.0, 0.0]

Client: 27, Client Receive Time: 9.049981599673629e-07

Client: 28
Receive Times:  [0.0, 0.0, 0.0, 0.0, 0.0, 0.0]

Client: 28, Client Receive Time: 5.120018613524735e-07

Client: 29
Receive Times:  [0.0, 0.0, 0.0, 0.0, 0.0, 0.0]

Client: 29, Client Receive Time: 8.319984772242606e-07

Client: 30
Receive Times:  [0.0, 0.0, 0.0, 0.0, 0.0, 0.0]

Client: 30, Client Receive Time: 4.820030881091952e-07

Client: 37
Receive Times:  [0.0, 0.0, 0.0, 0.0, 0.0, 0.0, 0.0]

Client: 37, Client Receive Time: 1.805005013011396e-06

Client: 38
Receive Times:  [0.0, 0.0, 0.0, 0.0, 0.0, 1e-05, 0.0]

Client: 38, Client Receive Time: 1.2840995623264462e-05

Client: 39
Receive Times:  [0.0, 0.0, 0.0, 0.0, 0.0, 0.0, 0.0]

Client: 39, Client Receive Time: 5.320034688338637e-07

Client: 40
Receive Times:  [0.0, 0.0, 0.0, 0.0, 0.0, 0.0, 0.0]

Client: 40, Client Receive Time: 4.310059011913836e-07

Client: 41
Receive Times:  [0.0, 0.0, 0.0, 0.0, 0.0, 0.0, 0.0]

Client: 41, Client Receive Time: 7.790004019625485e-07

Client: 42
Receive Times:  [0.0, 0.0, 0.0, 0.0, 0.0, 0.0, 0.0]

Client: 42, Client Receive Time: 7.350026862695813e-07

Send Time of Group 1: 0.0

Receive Time of Group 0: 1e-05

Client: 0, Client Deduplicate Time: 0.38317

Client: 1, Client Deduplicate Time: 0.38391

Client: 2, Client Deduplicate Time: 0.38391

Client: 3, Client Deduplicate Time: 0.38558

Client: 4, Client Deduplicate Time: 0.38348

Client: 5, Client Deduplicate Time: 0.38406

Client: 12, Client Deduplicate Time: 0.44775

Client: 13, Client Deduplicate Time: 0.44703

Client: 14, Client Deduplicate Time: 0.44613

Client: 15, Client Deduplicate Time: 0.44954

Client: 16, Client Deduplicate Time: 0.44775

Client: 17, Client Deduplicate Time: 0.44674

Client: 25, Client Deduplicate Time: 0.38693

Client: 26, Client Deduplicate Time: 0.38769

Client: 27, Client Deduplicate Time: 0.38823

Client: 28, Client Deduplicate Time: 0.38706

Client: 29, Client Deduplicate Time: 0.38747

Client: 30, Client Deduplicate Time: 0.38904

Client: 37, Client Deduplicate Time: 0.45587

Client: 38, Client Deduplicate Time: 0.45586

Client: 39, Client Deduplicate Time: 0.45588

Client: 40, Client Deduplicate Time: 0.45809

Client: 41, Client Deduplicate Time: 0.45563

Client: 42, Client Deduplicate Time: 0.45548


Current Level:  1

Client: 12
Send Times:  [0.0, 0.0, 0.0, 0.0, 0.0, 0.0, 0.0, 0.0, 0.0, 0.0, 0.0, 0.0]

Client: 12, Client Send Time: 1.114996848627925e-06

Client: 13
Send Times:  [0.0, 0.0, 0.0, 0.0, 0.0, 0.0, 0.0, 0.0, 0.0, 0.0, 0.0, 0.0]

Client: 13, Client Send Time: 4.210014594718814e-07

Client: 14
Send Times:  [0.0, 0.0, 0.0, 0.0, 0.0, 0.0, 0.0, 0.0, 0.0, 0.0, 0.0, 0.0]

Client: 14, Client Send Time: 2.4800101527944207e-07

Client: 15
Send Times:  [0.0, 0.0, 0.0, 0.0, 0.0, 0.0, 0.0, 0.0, 0.0, 0.0, 0.0, 0.0]

Client: 15, Client Send Time: 2.529995981603861e-07

Client: 16
Send Times:  [0.0, 0.0, 0.0, 0.0, 0.0, 0.0, 0.0, 0.0, 0.0, 0.0, 0.0, 0.0]

Client: 16, Client Send Time: 3.1099625630304217e-07

Client: 17
Send Times:  [0.0, 0.0, 0.0, 0.0, 0.0, 0.0, 0.0, 0.0, 0.0, 0.0, 0.0, 0.0]

Client: 17, Client Send Time: 2.890010364353657e-07

Client: 18
Send Times:  [0.0, 0.0, 0.0, 0.0, 0.0, 0.0, 0.0, 0.0, 0.0, 0.0, 0.0, 0.0]

Client: 18, Client Send Time: 2.910019247792661e-07

Client: 19
Send Times:  [0.0, 0.0, 0.0, 0.0, 0.0, 0.0, 0.0, 0.0, 0.0, 0.0, 0.0, 0.0]

Client: 19, Client Send Time: 2.6600173441693187e-07

Client: 20
Send Times:  [0.0, 0.0, 0.0, 0.0, 0.0, 0.0, 0.0, 0.0, 0.0, 0.0, 0.0, 0.0]

Client: 20, Client Send Time: 2.990054781548679e-07

Client: 21
Send Times:  [0.0, 0.0, 0.0, 0.0, 0.0, 0.0, 0.0, 0.0, 0.0, 0.0, 0.0, 0.0]

Client: 21, Client Send Time: 2.629967639222741e-07

Client: 22
Send Times:  [0.0, 0.0, 0.0, 0.0, 0.0, 0.0, 0.0, 0.0, 0.0, 0.0, 0.0, 0.0]

Client: 22, Client Send Time: 2.759989001788199e-07

Client: 23
Send Times:  [0.0, 0.0, 0.0, 0.0, 0.0, 0.0, 0.0, 0.0, 0.0, 0.0, 0.0, 0.0]

Client: 23, Client Send Time: 3.464003384578973e-06

Client: 24
Send Times:  [0.0, 0.0, 0.0, 0.0, 0.0, 0.0, 0.0, 0.0, 0.0, 0.0, 0.0, 0.0]

Client: 24, Client Send Time: 2.24300310947001e-06

Client: 37
Send Times:  [0.0, 0.0, 0.0, 0.0, 0.0, 0.0, 0.0, 0.0, 0.0, 0.0, 0.0, 0.0]

Client: 37, Client Send Time: 1.6830017557367682e-06

Client: 38
Send Times:  [0.0, 0.0, 0.0, 0.0, 0.0, 0.0, 0.0, 0.0, 0.0, 0.0, 0.0, 0.0]

Client: 38, Client Send Time: 4.109970177523792e-07

Client: 39
Send Times:  [0.0, 0.0, 1e-05, 0.0, 0.0, 0.0, 0.0, 0.0, 0.0, 0.0, 0.0, 0.0]

Client: 39, Client Send Time: 7.752001693006605e-06

Client: 40
Send Times:  [0.0, 0.0, 0.0, 0.0, 0.0, 0.0, 0.0, 0.0, 0.0, 0.0, 0.0, 0.0]

Client: 40, Client Send Time: 2.5199551600962877e-07

Client: 41
Send Times:  [0.0, 0.0, 0.0, 0.0, 0.0, 0.0, 0.0, 0.0, 0.0, 0.0, 0.0, 0.0]

Client: 41, Client Send Time: 3.1499803299084306e-07

Client: 42
Send Times:  [0.0, 0.0, 0.0, 0.0, 0.0, 0.0, 0.0, 0.0, 0.0, 0.0, 0.0, 0.0]

Client: 42, Client Send Time: 2.820015652105212e-07

Client: 43
Send Times:  [0.0, 0.0, 0.0, 0.0, 0.0, 0.0, 0.0, 0.0, 0.0, 0.0, 0.0, 0.0]

Client: 43, Client Send Time: 3.0999945010989904e-07

Client: 44
Send Times:  [0.0, 0.0, 0.0, 0.0, 0.0, 0.0, 0.0, 0.0, 0.0, 0.0, 0.0, 0.0]

Client: 44, Client Send Time: 2.4789987946860492e-06

Client: 45
Send Times:  [0.0, 0.0, 0.0, 0.0, 0.0, 0.0, 0.0, 0.0, 0.0, 0.0, 0.0, 0.0]

Client: 45, Client Send Time: 2.989982021972537e-07

Client: 46
Send Times:  [0.0, 0.0, 0.0, 0.0, 0.0, 0.0, 0.0, 0.0, 0.0, 0.0, 0.0, 0.0]

Client: 46, Client Send Time: 2.7799978852272034e-07

Client: 47
Send Times:  [0.0, 0.0, 0.0, 0.0, 0.0, 0.0, 0.0, 0.0, 0.0, 0.0, 0.0, 0.0]

Client: 47, Client Send Time: 2.4600012693554163e-07

Client: 48
Send Times:  [0.0, 0.0, 0.0, 0.0, 0.0, 0.0, 0.0, 0.0, 0.0, 0.0, 0.0, 0.0]

Client: 48, Client Send Time: 2.539964043535292e-07

Client: 49
Send Times:  [0.0, 0.0, 0.0, 0.0, 0.0, 0.0, 0.0, 0.0, 0.0, 0.0, 0.0, 0.0]

Client: 49, Client Send Time: 2.7399801183491945e-07

Client: 0
Receive Times:  [0.0, 0.0, 0.0, 0.0, 0.0, 0.0, 0.0, 0.0, 1e-05, 0.0, 1e-05, 0.0, 0.0]

Client: 0, Client Receive Time: 8.423005056101829e-06

Client: 1
Receive Times:  [0.0, 0.0, 0.0, 0.0, 0.0, 0.0, 0.0, 0.0, 0.0, 0.0, 0.0, 0.0, 0.0]

Client: 1, Client Receive Time: 8.859933586791158e-07

Client: 2
Receive Times:  [0.0, 0.0, 0.0, 0.0, 0.0, 0.0, 0.0, 0.0, 0.0, 0.0, 0.0, 0.0, 0.0]

Client: 2, Client Receive Time: 8.619972504675388e-07

Client: 3
Receive Times:  [0.0, 0.0, 0.0, 0.0, 0.0, 0.0, 0.0, 0.0, 0.0, 0.0, 0.0, 0.0, 0.0]

Client: 3, Client Receive Time: 9.159994078800082e-07

Client: 4
Receive Times:  [0.0, 0.0, 0.0, 0.0, 0.0, 0.0, 0.0, 0.0, 0.0, 0.0, 0.0, 0.0, 0.0]

Client: 4, Client Receive Time: 7.929993444122374e-07

Client: 5
Receive Times:  [0.0, 0.0, 0.0, 0.0, 0.0, 0.0, 0.0, 0.0, 0.0, 0.0, 0.0, 0.0, 0.0]

Client: 5, Client Receive Time: 7.460039341822267e-07

Client: 6
Receive Times:  [0.0, 0.0, 0.0, 0.0, 0.0, 0.0, 0.0, 0.0, 0.0, 0.0, 0.0, 0.0, 0.0]

Client: 6, Client Receive Time: 5.589972715824842e-07

Client: 7
Receive Times:  [0.0, 0.0, 0.0, 0.0, 0.0, 0.0, 0.0, 0.0, 0.0, 0.0, 0.0, 0.0, 0.0]

Client: 7, Client Receive Time: 6.500049494206905e-07

Client: 8
Receive Times:  [0.0, 0.0, 0.0, 0.0, 0.0, 0.0, 0.0, 0.0, 0.0, 0.0, 0.0, 0.0, 0.0]

Client: 8, Client Receive Time: 1.181993866339326e-06

Client: 9
Receive Times:  [0.0, 0.0, 0.0, 0.0, 0.0, 0.0, 0.0, 0.0, 0.0, 0.0, 0.0, 0.0, 0.0]

Client: 9, Client Receive Time: 4.2000465327873826e-07

Client: 10
Receive Times:  [0.0, 0.0, 0.0, 0.0, 0.0, 0.0, 0.0, 0.0, 0.0, 0.0, 0.0, 0.0, 0.0]

Client: 10, Client Receive Time: 4.030007403343916e-07

Client: 11
Receive Times:  [0.0, 0.0, 0.0, 0.0, 0.0, 0.0, 0.0, 0.0, 0.0, 0.0, 0.0, 0.0, 0.0]

Client: 11, Client Receive Time: 4.800021997652948e-07

Client: 25
Receive Times:  [0.0, 0.0, 0.0, 0.0, 0.0, 0.0, 0.0, 0.0, 0.0, 0.0, 0.0, 0.0, 0.0]

Client: 25, Client Receive Time: 2.0410006982274354e-06

Client: 26
Receive Times:  [0.0, 0.0, 0.0, 0.0, 0.0, 0.0, 0.0, 0.0, 0.0, 0.0, 0.0, 0.0, 0.0]

Client: 26, Client Receive Time: 4.930043360218406e-07

Client: 27
Receive Times:  [0.0, 0.0, 0.0, 0.0, 0.0, 0.0, 0.0, 0.0, 0.0, 0.0, 0.0, 0.0, 0.0]

Client: 27, Client Receive Time: 7.419948815368116e-07

Client: 28
Receive Times:  [0.0, 0.0, 0.0, 0.0, 0.0, 0.0, 0.0, 0.0, 0.0, 0.0, 0.0, 0.0, 0.0]

Client: 28, Client Receive Time: 6.390037015080452e-07

Client: 29
Receive Times:  [0.0, 0.0, 0.0, 0.0, 0.0, 0.0, 0.0, 0.0, 0.0, 0.0, 0.0, 0.0, 0.0]

Client: 29, Client Receive Time: 8.330025593750179e-07

Client: 30
Receive Times:  [0.0, 0.0, 0.0, 0.0, 0.0, 0.0, 0.0, 0.0, 0.0, 0.0, 0.0, 0.0, 0.0]

Client: 30, Client Receive Time: 3.2659954740665853e-06

Client: 31
Receive Times:  [0.0, 0.0, 0.0, 0.0, 0.0, 0.0, 0.0, 0.0, 0.0, 0.0, 0.0, 0.0, 0.0]

Client: 31, Client Receive Time: 7.630005711689591e-07

Client: 32
Receive Times:  [0.0, 0.0, 0.0, 0.0, 0.0, 0.0, 0.0, 0.0, 0.0, 0.0, 0.0, 0.0, 0.0]

Client: 32, Client Receive Time: 1.0609946912154555e-06

Client: 33
Receive Times:  [0.0, 0.0, 0.0, 0.0, 0.0, 0.0, 0.0, 0.0, 0.0, 0.0, 0.0, 0.0, 0.0]

Client: 33, Client Receive Time: 8.170027285814285e-07

Client: 34
Receive Times:  [0.0, 0.0, 0.0, 0.0, 0.0, 0.0, 0.0, 0.0, 0.0, 0.0, 0.0, 0.0, 0.0]

Client: 34, Client Receive Time: 4.219982656650245e-07

Client: 35
Receive Times:  [0.0, 0.0, 0.0, 0.0, 0.0, 0.0, 0.0, 0.0, 0.0, 0.0, 0.0, 0.0, 0.0]

Client: 35, Client Receive Time: 5.490001058205962e-07

Client: 36
Receive Times:  [0.0, 0.0, 0.0, 0.0, 0.0, 0.0, 0.0, 0.0, 0.0, 0.0, 0.0, 0.0, 0.0]

Client: 36, Client Receive Time: 4.6900095185264945e-07

Send Time of Group 1: 1e-05

Receive Time of Group 0: 1e-05

Client: 0, Client Deduplicate Time: 0.82948

Client: 1, Client Deduplicate Time: 0.82916

Client: 2, Client Deduplicate Time: 0.83565

Client: 3, Client Deduplicate Time: 0.82998

Client: 4, Client Deduplicate Time: 0.83111

Client: 5, Client Deduplicate Time: 0.83055

Client: 6, Client Deduplicate Time: 0.83444

Client: 7, Client Deduplicate Time: 0.83319

Client: 8, Client Deduplicate Time: 0.83207

Client: 9, Client Deduplicate Time: 0.82796

Client: 10, Client Deduplicate Time: 0.82943

Client: 11, Client Deduplicate Time: 0.83009

Client: 25, Client Deduplicate Time: 0.84464

Client: 26, Client Deduplicate Time: 0.84568

Client: 27, Client Deduplicate Time: 0.8463

Client: 28, Client Deduplicate Time: 0.8494

Client: 29, Client Deduplicate Time: 0.84585

Client: 30, Client Deduplicate Time: 0.84965

Client: 31, Client Deduplicate Time: 0.84734

Client: 32, Client Deduplicate Time: 0.84367

Client: 33, Client Deduplicate Time: 0.85405

Client: 34, Client Deduplicate Time: 0.86651

Client: 35, Client Deduplicate Time: 0.84619

Client: 36, Client Deduplicate Time: 0.84183


Current Level:  0

Client: 25
Send Times:  [0.0, 0.0, 0.0, 0.0, 0.0, 0.0, 0.0, 0.0, 0.0, 0.0, 0.0, 0.0, 0.0, 0.0, 0.0, 0.0, 0.0, 0.0, 0.0, 0.0, 0.0, 0.0, 0.0, 0.0, 0.0]

Client: 25, Client Send Time: 1.1740048648789525e-06

Client: 26
Send Times:  [0.0, 0.0, 0.0, 0.0, 0.0, 0.0, 0.0, 0.0, 0.0, 0.0, 0.0, 0.0, 0.0, 0.0, 0.0, 0.0, 0.0, 0.0, 0.0, 0.0, 0.0, 0.0, 0.0, 0.0, 0.0]

Client: 26, Client Send Time: 3.7190038710832596e-06

Client: 27
Send Times:  [0.0, 0.0, 0.0, 0.0, 0.0, 0.0, 0.0, 0.0, 0.0, 0.0, 0.0, 0.0, 0.0, 0.0, 0.0, 0.0, 0.0, 0.0, 0.0, 0.0, 0.0, 0.0, 0.0, 0.0, 0.0]

Client: 27, Client Send Time: 2.5500048650428653e-07

Client: 28
Send Times:  [0.0, 0.0, 0.0, 0.0, 0.0, 0.0, 0.0, 0.0, 0.0, 0.0, 0.0, 0.0, 0.0, 0.0, 0.0, 0.0, 0.0, 0.0, 0.0, 0.0, 0.0, 0.0, 0.0, 0.0, 0.0]

Client: 28, Client Send Time: 3.270033630542457e-07

Client: 29
Send Times:  [0.0, 0.0, 0.0, 0.0, 0.0, 0.0, 0.0, 0.0, 0.0, 0.0, 0.0, 0.0, 0.0, 0.0, 0.0, 0.0, 0.0, 0.0, 0.0, 0.0, 0.0, 0.0, 0.0, 0.0, 0.0]

Client: 29, Client Send Time: 3.1400122679769993e-07

Client: 30
Send Times:  [0.0, 0.0, 0.0, 0.0, 0.0, 0.0, 0.0, 0.0, 0.0, 0.0, 0.0, 0.0, 0.0, 0.0, 0.0, 0.0, 0.0, 0.0, 0.0, 0.0, 0.0, 0.0, 0.0, 0.0, 0.0]

Client: 30, Client Send Time: 2.95003701467067e-07

Client: 31
Send Times:  [0.0, 0.0, 0.0, 0.0, 0.0, 0.0, 0.0, 0.0, 0.0, 0.0, 0.0, 0.0, 0.0, 0.0, 0.0, 0.0, 0.0, 0.0, 0.0, 0.0, 0.0, 0.0, 0.0, 0.0, 0.0]

Client: 31, Client Send Time: 3.1899980967864394e-07

Client: 32
Send Times:  [0.0, 0.0, 0.0, 0.0, 0.0, 0.0, 0.0, 0.0, 0.0, 0.0, 0.0, 0.0, 0.0, 0.0, 0.0, 0.0, 0.0, 0.0, 0.0, 0.0, 0.0, 0.0, 0.0, 0.0, 0.0]

Client: 32, Client Send Time: 3.2000389182940125e-07

Client: 33
Send Times:  [0.0, 0.0, 0.0, 0.0, 0.0, 0.0, 0.0, 0.0, 0.0, 0.0, 0.0, 0.0, 0.0, 0.0, 0.0, 0.0, 0.0, 0.0, 0.0, 0.0, 0.0, 0.0, 0.0, 0.0, 0.0]

Client: 33, Client Send Time: 2.1180021576583385e-06

Client: 34
Send Times:  [0.0, 0.0, 0.0, 0.0, 0.0, 0.0, 0.0, 0.0, 0.0, 0.0, 0.0, 0.0, 0.0, 0.0, 0.0, 0.0, 0.0, 0.0, 0.0, 0.0, 0.0, 0.0, 0.0, 0.0, 0.0]

Client: 34, Client Send Time: 3.210006980225444e-07

Client: 35
Send Times:  [0.0, 0.0, 0.0, 0.0, 0.0, 0.0, 0.0, 0.0, 0.0, 0.0, 0.0, 0.0, 0.0, 0.0, 0.0, 0.0, 0.0, 0.0, 0.0, 0.0, 0.0, 0.0, 0.0, 0.0, 0.0]

Client: 35, Client Send Time: 3.989989636465907e-07

Client: 36
Send Times:  [0.0, 0.0, 0.0, 0.0, 0.0, 0.0, 0.0, 0.0, 0.0, 0.0, 0.0, 0.0, 0.0, 0.0, 0.0, 0.0, 0.0, 0.0, 0.0, 0.0, 0.0, 0.0, 0.0, 0.0, 0.0]

Client: 36, Client Send Time: 3.3400283427909017e-07

Client: 37
Send Times:  [0.0, 0.0, 0.0, 0.0, 0.0, 0.0, 0.0, 0.0, 0.0, 0.0, 0.0, 0.0, 0.0, 0.0, 0.0, 0.0, 0.0, 0.0, 0.0, 0.0, 0.0, 0.0, 0.0, 0.0, 0.0]

Client: 37, Client Send Time: 2.630040398798883e-07

Client: 38
Send Times:  [0.0, 0.0, 0.0, 0.0, 0.0, 0.0, 0.0, 0.0, 0.0, 0.0, 0.0, 0.0, 0.0, 0.0, 0.0, 0.0, 0.0, 0.0, 0.0, 0.0, 0.0, 0.0, 0.0, 0.0, 0.0]

Client: 38, Client Send Time: 2.590022631920874e-07

Client: 39
Send Times:  [0.0, 0.0, 0.0, 0.0, 0.0, 0.0, 0.0, 0.0, 0.0, 0.0, 0.0, 0.0, 0.0, 0.0, 0.0, 0.0, 0.0, 0.0, 0.0, 0.0, 0.0, 0.0, 0.0, 0.0, 0.0]

Client: 39, Client Send Time: 2.730012056417763e-07

Client: 40
Send Times:  [0.0, 0.0, 0.0, 0.0, 0.0, 0.0, 0.0, 0.0, 0.0, 0.0, 0.0, 0.0, 0.0, 0.0, 0.0, 0.0, 0.0, 0.0, 0.0, 0.0, 0.0, 0.0, 0.0, 0.0, 0.0]

Client: 40, Client Send Time: 3.0099909054115415e-07

Client: 41
Send Times:  [0.0, 0.0, 0.0, 0.0, 0.0, 0.0, 0.0, 0.0, 0.0, 0.0, 0.0, 0.0, 0.0, 0.0, 0.0, 0.0, 0.0, 0.0, 0.0, 0.0, 0.0, 0.0, 0.0, 0.0, 0.0]

Client: 41, Client Send Time: 2.1030064090155065e-06

Client: 42
Send Times:  [0.0, 0.0, 0.0, 0.0, 0.0, 0.0, 0.0, 0.0, 0.0, 0.0, 0.0, 0.0, 0.0, 0.0, 0.0, 0.0, 0.0, 0.0, 0.0, 0.0, 0.0, 0.0, 0.0, 0.0, 0.0]

Client: 42, Client Send Time: 2.800006768666208e-07

Client: 43
Send Times:  [0.0, 0.0, 0.0, 0.0, 0.0, 0.0, 0.0, 0.0, 0.0, 0.0, 0.0, 0.0, 0.0, 0.0, 0.0, 0.0, 0.0, 0.0, 0.0, 0.0, 0.0, 0.0, 0.0, 0.0, 0.0]

Client: 43, Client Send Time: 2.730012056417763e-07

Client: 44
Send Times:  [0.0, 0.0, 0.0, 0.0, 0.0, 0.0, 0.0, 0.0, 0.0, 0.0, 0.0, 0.0, 0.0, 0.0, 0.0, 0.0, 0.0, 0.0, 0.0, 0.0, 0.0, 0.0, 0.0, 0.0, 0.0]

Client: 44, Client Send Time: 2.000997483264655e-06

Client: 45
Send Times:  [0.0, 0.0, 0.0, 0.0, 0.0, 0.0, 0.0, 0.0, 0.0, 0.0, 0.0, 0.0, 0.0, 0.0, 0.0, 0.0, 0.0, 0.0, 0.0, 0.0, 0.0, 0.0, 0.0, 0.0, 0.0]

Client: 45, Client Send Time: 2.640008460730314e-07

Client: 46
Send Times:  [0.0, 0.0, 0.0, 0.0, 0.0, 0.0, 0.0, 0.0, 0.0, 0.0, 0.0, 0.0, 0.0, 0.0, 0.0, 0.0, 0.0, 0.0, 0.0, 0.0, 0.0, 0.0, 0.0, 0.0, 0.0]

Client: 46, Client Send Time: 2.800006768666208e-07

Client: 47
Send Times:  [0.0, 0.0, 0.0, 0.0, 0.0, 0.0, 0.0, 0.0, 0.0, 0.0, 0.0, 0.0, 0.0, 0.0, 0.0, 0.0, 0.0, 0.0, 0.0, 0.0, 0.0, 0.0, 0.0, 0.0, 0.0]

Client: 47, Client Send Time: 2.6899942895397544e-07

Client: 48
Send Times:  [0.0, 0.0, 0.0, 0.0, 0.0, 0.0, 0.0, 0.0, 0.0, 0.0, 0.0, 0.0, 0.0, 0.0, 0.0, 0.0, 0.0, 0.0, 0.0, 0.0, 0.0, 0.0, 0.0, 0.0, 0.0]

Client: 48, Client Send Time: 1.3669996405951679e-06

Client: 49
Send Times:  [0.0, 0.0, 0.0, 0.0, 0.0, 0.0, 0.0, 0.0, 0.0, 0.0, 0.0, 0.0, 0.0, 0.0, 0.0, 0.0, 0.0, 0.0, 0.0, 0.0, 0.0, 0.0, 0.0, 0.0, 0.0]

Client: 49, Client Send Time: 3.3700052881613374e-07

Client: 0
Receive Times:  [0.0, 0.0, 0.0, 0.0, 0.0, 0.0, 0.0, 0.0, 0.0, 0.0, 0.0, 0.0, 0.0, 0.0, 0.0, 0.0, 0.0, 0.0, 0.0, 0.0, 0.0, 0.0, 0.0, 0.0, 0.0]

Client: 0, Client Receive Time: 2.0459992811083794e-06

Client: 1
Receive Times:  [0.0, 0.0, 0.0, 0.0, 0.0, 0.0, 0.0, 0.0, 0.0, 0.0, 0.0, 0.0, 0.0, 0.0, 0.0, 0.0, 0.0, 0.0, 0.0, 0.0, 0.0, 0.0, 0.0, 0.0, 0.0]

Client: 1, Client Receive Time: 8.639981388114393e-07

Client: 2
Receive Times:  [0.0, 0.0, 0.0, 0.0, 0.0, 0.0, 0.0, 0.0, 0.0, 0.0, 0.0, 0.0, 0.0, 0.0, 0.0, 0.0, 0.0, 0.0, 0.0, 0.0, 0.0, 0.0, 0.0, 0.0, 0.0]

Client: 2, Client Receive Time: 6.459958967752755e-07

Client: 3
Receive Times:  [0.0, 0.0, 0.0, 0.0, 0.0, 0.0, 0.0, 0.0, 0.0, 0.0, 0.0, 0.0, 0.0, 0.0, 0.0, 0.0, 0.0, 0.0, 0.0, 0.0, 0.0, 0.0, 0.0, 0.0, 0.0]

Client: 3, Client Receive Time: 5.370020517148077e-07

Client: 4
Receive Times:  [0.0, 0.0, 0.0, 0.0, 0.0, 0.0, 0.0, 0.0, 0.0, 0.0, 0.0, 0.0, 0.0, 0.0, 0.0, 0.0, 0.0, 0.0, 0.0, 0.0, 0.0, 0.0, 0.0, 0.0, 0.0]

Client: 4, Client Receive Time: 6.799964467063546e-07

Client: 5
Receive Times:  [0.0, 0.0, 0.0, 0.0, 0.0, 0.0, 0.0, 0.0, 0.0, 0.0, 0.0, 0.0, 0.0, 0.0, 0.0, 0.0, 0.0, 0.0, 0.0, 0.0, 0.0, 0.0, 0.0, 0.0, 0.0]

Client: 5, Client Receive Time: 2.506996679585427e-06

Client: 6
Receive Times:  [0.0, 0.0, 0.0, 0.0, 0.0, 0.0, 0.0, 0.0, 0.0, 0.0, 0.0, 0.0, 0.0, 0.0, 0.0, 0.0, 0.0, 0.0, 0.0, 0.0, 0.0, 0.0, 0.0, 0.0, 0.0]

Client: 6, Client Receive Time: 4.949979484081268e-07

Client: 7
Receive Times:  [0.0, 0.0, 0.0, 0.0, 0.0, 0.0, 0.0, 0.0, 0.0, 0.0, 0.0, 0.0, 0.0, 0.0, 0.0, 0.0, 0.0, 0.0, 0.0, 0.0, 0.0, 0.0, 0.0, 0.0, 0.0]

Client: 7, Client Receive Time: 5.100009730085731e-07

Client: 8
Receive Times:  [0.0, 0.0, 0.0, 0.0, 0.0, 0.0, 0.0, 0.0, 0.0, 0.0, 0.0, 0.0, 0.0, 0.0, 0.0, 0.0, 0.0, 0.0, 0.0, 0.0, 0.0, 0.0, 0.0, 0.0, 0.0]

Client: 8, Client Receive Time: 7.14004272595048e-07

Client: 9
Receive Times:  [0.0, 0.0, 0.0, 0.0, 0.0, 0.0, 0.0, 0.0, 0.0, 0.0, 0.0, 0.0, 0.0, 0.0, 0.0, 0.0, 0.0, 0.0, 0.0, 0.0, 0.0, 0.0, 0.0, 0.0, 0.0]

Client: 9, Client Receive Time: 7.800044841133058e-07

Client: 10
Receive Times:  [0.0, 0.0, 0.0, 0.0, 0.0, 0.0, 0.0, 0.0, 0.0, 0.0, 0.0, 0.0, 0.0, 0.0, 0.0, 0.0, 0.0, 0.0, 0.0, 0.0, 0.0, 0.0, 0.0, 0.0, 0.0]

Client: 10, Client Receive Time: 2.2500025806948543e-06

Client: 11
Receive Times:  [0.0, 0.0, 0.0, 0.0, 0.0, 0.0, 0.0, 0.0, 0.0, 0.0, 0.0, 0.0, 0.0, 0.0, 0.0, 0.0, 0.0, 0.0, 0.0, 0.0, 0.0, 0.0, 0.0, 0.0, 0.0]

Client: 11, Client Receive Time: 7.019989425316453e-07

Client: 12
Receive Times:  [0.0, 0.0, 0.0, 0.0, 0.0, 0.0, 0.0, 0.0, 0.0, 0.0, 0.0, 0.0, 0.0, 0.0, 0.0, 0.0, 0.0, 0.0, 0.0, 0.0, 0.0, 0.0, 0.0, 0.0, 0.0]

Client: 12, Client Receive Time: 8.040005923248827e-07

Client: 13
Receive Times:  [0.0, 0.0, 0.0, 0.0, 0.0, 0.0, 0.0, 0.0, 0.0, 0.0, 0.0, 0.0, 0.0, 0.0, 0.0, 0.0, 0.0, 0.0, 0.0, 0.0, 0.0, 0.0, 0.0, 0.0, 0.0]

Client: 13, Client Receive Time: 4.710018401965499e-07

Client: 14
Receive Times:  [0.0, 0.0, 0.0, 0.0, 0.0, 0.0, 0.0, 0.0, 0.0, 0.0, 0.0, 0.0, 0.0, 0.0, 0.0, 0.0, 0.0, 0.0, 0.0, 0.0, 0.0, 0.0, 0.0, 0.0, 0.0]

Client: 14, Client Receive Time: 4.489993443712592e-07

Client: 15
Receive Times:  [0.0, 0.0, 0.0, 0.0, 0.0, 0.0, 0.0, 0.0, 0.0, 0.0, 0.0, 0.0, 0.0, 0.0, 0.0, 0.0, 0.0, 0.0, 0.0, 0.0, 0.0, 0.0, 0.0, 0.0, 0.0]

Client: 15, Client Receive Time: 6.069967639632523e-07

Client: 16
Receive Times:  [0.0, 0.0, 0.0, 0.0, 0.0, 0.0, 0.0, 0.0, 0.0, 0.0, 0.0, 0.0, 0.0, 0.0, 0.0, 0.0, 0.0, 0.0, 0.0, 0.0, 0.0, 0.0, 0.0, 0.0, 0.0]

Client: 16, Client Receive Time: 9.200011845678091e-07

Client: 17
Receive Times:  [0.0, 0.0, 0.0, 0.0, 0.0, 0.0, 0.0, 0.0, 0.0, 0.0, 0.0, 0.0, 0.0, 0.0, 0.0, 0.0, 0.0, 0.0, 0.0, 0.0, 0.0, 0.0, 0.0, 0.0, 0.0]

Client: 17, Client Receive Time: 2.0880033844150603e-06

Client: 18
Receive Times:  [0.0, 0.0, 0.0, 0.0, 0.0, 0.0, 0.0, 0.0, 0.0, 0.0, 0.0, 0.0, 0.0, 0.0, 0.0, 0.0, 0.0, 0.0, 0.0, 0.0, 0.0, 0.0, 0.0, 0.0, 0.0]

Client: 18, Client Receive Time: 5.930050974711776e-07

Client: 19
Receive Times:  [0.0, 0.0, 0.0, 0.0, 0.0, 0.0, 0.0, 0.0, 0.0, 0.0, 0.0, 0.0, 0.0, 0.0, 0.0, 0.0, 0.0, 0.0, 0.0, 0.0, 0.0, 0.0, 0.0, 0.0, 0.0]

Client: 19, Client Receive Time: 6.629998097196221e-07

Client: 20
Receive Times:  [0.0, 0.0, 0.0, 0.0, 0.0, 0.0, 0.0, 0.0, 0.0, 0.0, 0.0, 0.0, 0.0, 0.0, 0.0, 0.0, 0.0, 0.0, 0.0, 0.0, 0.0, 0.0, 0.0, 0.0, 0.0]

Client: 20, Client Receive Time: 2.073000359814614e-06

Client: 21
Receive Times:  [0.0, 0.0, 0.0, 0.0, 0.0, 0.0, 0.0, 0.0, 0.0, 0.0, 0.0, 0.0, 0.0, 0.0, 0.0, 0.0, 0.0, 0.0, 0.0, 0.0, 0.0, 0.0, 0.0, 0.0, 0.0]

Client: 21, Client Receive Time: 8.589995559304953e-07

Client: 22
Receive Times:  [0.0, 0.0, 0.0, 0.0, 0.0, 0.0, 0.0, 0.0, 0.0, 0.0, 0.0, 0.0, 0.0, 0.0, 0.0, 0.0, 0.0, 0.0, 0.0, 0.0, 0.0, 0.0, 0.0, 0.0, 0.0]

Client: 22, Client Receive Time: 2.4750042939558625e-06

Client: 23
Receive Times:  [0.0, 0.0, 0.0, 0.0, 0.0, 0.0, 0.0, 0.0, 0.0, 0.0, 0.0, 0.0, 0.0, 0.0, 0.0, 0.0, 0.0, 0.0, 0.0, 0.0, 0.0, 0.0, 0.0, 0.0, 0.0]

Client: 23, Client Receive Time: 4.6100467443466187e-07

Client: 24
Receive Times:  [0.0, 0.0, 0.0, 0.0, 0.0, 0.0, 0.0, 0.0, 0.0, 0.0, 0.0, 0.0, 0.0, 0.0, 0.0, 0.0, 0.0, 0.0, 0.0, 0.0, 0.0, 0.0, 0.0, 0.0, 0.0]

Client: 24, Client Receive Time: 6.90997694619e-07

Send Time of Group 1: 0.0

Receive Time of Group 0: 0.0

Client: 0, Client Deduplicate Time: 1.60528

Client: 1, Client Deduplicate Time: 1.59829

Client: 2, Client Deduplicate Time: 1.61298

Client: 3, Client Deduplicate Time: 1.60313

Client: 4, Client Deduplicate Time: 1.60018

Client: 5, Client Deduplicate Time: 1.60308

Client: 6, Client Deduplicate Time: 1.6048

Client: 7, Client Deduplicate Time: 1.61185

Client: 8, Client Deduplicate Time: 1.60598

Client: 9, Client Deduplicate Time: 1.60349

Client: 10, Client Deduplicate Time: 1.60169

Client: 11, Client Deduplicate Time: 1.60917

Client: 12, Client Deduplicate Time: 1.6034

Client: 13, Client Deduplicate Time: 1.60238

Client: 14, Client Deduplicate Time: 1.60177

Client: 15, Client Deduplicate Time: 1.60856

Client: 16, Client Deduplicate Time: 1.61038

Client: 17, Client Deduplicate Time: 1.60413

Client: 18, Client Deduplicate Time: 1.6053

Client: 19, Client Deduplicate Time: 1.61087

Client: 20, Client Deduplicate Time: 1.60236

Client: 21, Client Deduplicate Time: 1.60633

Client: 22, Client Deduplicate Time: 1.60616

Client: 23, Client Deduplicate Time: 1.61109

Client: 24, Client Deduplicate Time: 1.60514


Total time for entire protocol: 7653.18175

Wall clock time
Start time:  2024-06-24 23:11:21.348185
End time:  2024-06-25 01:30:40.695240

Total data with duplicates:  26214550
Total data without duplicates:  22282300
