EG PSI Type:  EgPsiType.TYPE2

Setup time: 7650.34088

Client: 0, Client Setup Time: 110.85562790336553

Client: 1, Client Setup Time: 110.01370552112348

Client: 2, Client Setup Time: 110.16044628899544

Client: 3, Client Setup Time: 109.46186482766643

Client: 4, Client Setup Time: 109.85899288533255

Client: 5, Client Setup Time: 109.39802420965862

Client: 6, Client Setup Time: 109.31962877325714

Client: 7, Client Setup Time: 109.30251860979479

Client: 8, Client Setup Time: 109.5853095256025

Client: 9, Client Setup Time: 109.30410821526311

Client: 10, Client Setup Time: 109.3091624971712

Client: 11, Client Setup Time: 109.3190932192374

Client: 12, Client Setup Time: 111.52493920060806

Client: 13, Client Setup Time: 109.46105540497229

Client: 14, Client Setup Time: 109.32596386002842

Client: 15, Client Setup Time: 111.68477427610196

Client: 16, Client Setup Time: 109.29672393098008

Client: 17, Client Setup Time: 109.4523737836862

Client: 18, Client Setup Time: 109.66928921395447

Client: 19, Client Setup Time: 112.51655087398831

Client: 20, Client Setup Time: 109.29125171189662

Client: 21, Client Setup Time: 110.76315794105176

Client: 22, Client Setup Time: 109.3760239406256

Client: 23, Client Setup Time: 109.3147754286183

Client: 24, Client Setup Time: 112.76503585686442

Client: 25, Client Setup Time: 109.27813690796029

Client: 26, Client Setup Time: 109.30048554216046

Client: 27, Client Setup Time: 109.30927170382347

Client: 28, Client Setup Time: 109.30520360241644

Client: 29, Client Setup Time: 109.3378080909606

Client: 30, Client Setup Time: 113.61419644602574

Client: 31, Client Setup Time: 109.29595694865566

Client: 32, Client Setup Time: 109.32634173275437

Client: 33, Client Setup Time: 109.34276466292795

Client: 34, Client Setup Time: 109.30658033594955

Client: 35, Client Setup Time: 109.35209186724387

Client: 36, Client Setup Time: 109.41331143327989

Client: 37, Client Setup Time: 109.24781712889671

Client: 38, Client Setup Time: 114.60361821285915

Client: 39, Client Setup Time: 109.31211627274752

Client: 40, Client Setup Time: 109.31694913189858

Client: 41, Client Setup Time: 109.34570449276362

Client: 42, Client Setup Time: 109.3673166949302

Client: 43, Client Setup Time: 109.38320912292693

Client: 44, Client Setup Time: 109.34112398442812

Client: 45, Client Setup Time: 109.30277968582232

Client: 46, Client Setup Time: 109.35649200156331

Client: 47, Client Setup Time: 109.34152941731736

Client: 48, Client Setup Time: 109.33880261413287

Client: 49, Client Setup Time: 109.37400909746066

Client: 0, TP Setup Time: 43.20191336260177

Client: 1, TP Setup Time: 43.16008874378167

Client: 2, TP Setup Time: 43.16651752695907

Client: 3, TP Setup Time: 43.142374513321556

Client: 4, TP Setup Time: 43.157661658595316

Client: 5, TP Setup Time: 43.155674523324706

Client: 6, TP Setup Time: 43.12503471772652

Client: 7, TP Setup Time: 43.14234199130442

Client: 8, TP Setup Time: 43.1153138714144

Client: 9, TP Setup Time: 43.12356370280031

Client: 10, TP Setup Time: 43.120921302819625

Client: 11, TP Setup Time: 43.13788331672549

Client: 12, TP Setup Time: 43.141497958335094

Client: 13, TP Setup Time: 43.201153701986186

Client: 14, TP Setup Time: 43.128351816907525

Client: 15, TP Setup Time: 43.13787283783313

Client: 16, TP Setup Time: 43.14395885099657

Client: 17, TP Setup Time: 43.142665217397735

Client: 18, TP Setup Time: 43.13195672398433

Client: 19, TP Setup Time: 43.11573550000321

Client: 20, TP Setup Time: 43.11920533713419

Client: 21, TP Setup Time: 43.15882242494263

Client: 22, TP Setup Time: 43.1478327694349

Client: 23, TP Setup Time: 43.17585865035653

Client: 24, TP Setup Time: 43.12139582214877

Client: 25, TP Setup Time: 43.12813702702988

Client: 26, TP Setup Time: 43.13095303985756

Client: 27, TP Setup Time: 43.121209504199214

Client: 28, TP Setup Time: 43.14484586555045

Client: 29, TP Setup Time: 43.11878724396229

Client: 30, TP Setup Time: 43.146369823021814

Client: 31, TP Setup Time: 43.15203546534758

Client: 32, TP Setup Time: 43.13621631124988

Client: 33, TP Setup Time: 43.13468194112647

Client: 34, TP Setup Time: 43.155537114012986

Client: 35, TP Setup Time: 43.16853468876798

Client: 36, TP Setup Time: 43.16118102974724

Client: 37, TP Setup Time: 43.092106323107146

Client: 38, TP Setup Time: 43.138029215158895

Client: 39, TP Setup Time: 43.12508984329179

Client: 40, TP Setup Time: 43.15886017610319

Client: 41, TP Setup Time: 43.16884786623996

Client: 42, TP Setup Time: 43.16340288310312

Client: 43, TP Setup Time: 43.17546038108412

Client: 44, TP Setup Time: 43.14459628961049

Client: 45, TP Setup Time: 43.133944068220444

Client: 46, TP Setup Time: 43.14152267645113

Client: 47, TP Setup Time: 43.14536052371841

Client: 48, TP Setup Time: 43.15197623986751

Client: 49, TP Setup Time: 43.14357982343063


Current Level:  5

Client: 2
Send Times:  [0.0]

Client: 2, Client Send Time: 1.8030405044555664e-06

Client: 5
Send Times:  [0.0]

Client: 5, Client Send Time: 1.1100200936198235e-06

Client: 8
Send Times:  [0.0]

Client: 8, Client Send Time: 1.027015969157219e-06

Client: 11
Send Times:  [0.0]

Client: 11, Client Send Time: 1.1780066415667534e-06

Client: 14
Send Times:  [0.0]

Client: 14, Client Send Time: 1.53400469571352e-06

Client: 17
Send Times:  [0.0]

Client: 17, Client Send Time: 1.0889489203691483e-06

Client: 20
Send Times:  [0.0]

Client: 20, Client Send Time: 1.6159610822796822e-06

Client: 22
Send Times:  [0.0]

Client: 22, Client Send Time: 1.1350493878126144e-06

Client: 24
Send Times:  [0.0]

Client: 24, Client Send Time: 1.576961949467659e-06

Client: 27
Send Times:  [0.0]

Client: 27, Client Send Time: 1.0950025171041489e-06

Client: 30
Send Times:  [0.0]

Client: 30, Client Send Time: 1.1459924280643463e-06

Client: 33
Send Times:  [0.0]

Client: 33, Client Send Time: 1.0560033842921257e-06

Client: 36
Send Times:  [0.0]

Client: 36, Client Send Time: 1.4170072972774506e-06

Client: 39
Send Times:  [0.0]

Client: 39, Client Send Time: 1.1550728231668472e-06

Client: 42
Send Times:  [0.0]

Client: 42, Client Send Time: 1.0740477591753006e-06

Client: 45
Send Times:  [0.0]

Client: 45, Client Send Time: 1.0849907994270325e-06

Client: 47
Send Times:  [0.0]

Client: 47, Client Send Time: 1.210952177643776e-06

Client: 49
Send Times:  [0.0]

Client: 49, Client Send Time: 1.1490192264318466e-06

Client: 1
Receive Times:  [0.0]

Client: 1, Client Receive Time: 1.6220146790146828e-06

Client: 4
Receive Times:  [0.0]

Client: 4, Client Receive Time: 2.1060695871710777e-06

Client: 7
Receive Times:  [0.0]

Client: 7, Client Receive Time: 2.291053533554077e-06

Client: 10
Receive Times:  [0.0]

Client: 10, Client Receive Time: 1.817941665649414e-06

Client: 13
Receive Times:  [0.0]

Client: 13, Client Receive Time: 2.1560117602348328e-06

Client: 16
Receive Times:  [0.0]

Client: 16, Client Receive Time: 1.925043761730194e-06

Client: 19
Receive Times:  [0.0]

Client: 19, Client Receive Time: 1.8280697986483574e-06

Client: 21
Receive Times:  [0.0]

Client: 21, Client Receive Time: 1.968001015484333e-06

Client: 23
Receive Times:  [0.0]

Client: 23, Client Receive Time: 2.1369196474552155e-06

Client: 26
Receive Times:  [0.0]

Client: 26, Client Receive Time: 2.7799978852272034e-06

Client: 29
Receive Times:  [0.0]

Client: 29, Client Receive Time: 2.3919856175780296e-06

Client: 32
Receive Times:  [0.0]

Client: 32, Client Receive Time: 2.168002538383007e-06

Client: 35
Receive Times:  [0.0]

Client: 35, Client Receive Time: 2.1330779418349266e-06

Client: 38
Receive Times:  [0.0]

Client: 38, Client Receive Time: 2.73797195404768e-06

Client: 41
Receive Times:  [0.0]

Client: 41, Client Receive Time: 1.912936568260193e-06

Client: 44
Receive Times:  [0.0]

Client: 44, Client Receive Time: 2.1529849618673325e-06

Client: 46
Receive Times:  [0.0]

Client: 46, Client Receive Time: 2.119923010468483e-06

Client: 48
Receive Times:  [0.0]

Client: 48, Client Receive Time: 1.8230639398097992e-06

Send Time of Group 1: 0.0

Receive Time of Group 0: 0.0

Client: 1, Client Deduplicate Time: 0.06681

Client: 4, Client Deduplicate Time: 0.06751

Client: 7, Client Deduplicate Time: 0.06666

Client: 10, Client Deduplicate Time: 0.0675

Client: 13, Client Deduplicate Time: 0.06675

Client: 16, Client Deduplicate Time: 0.06732

Client: 19, Client Deduplicate Time: 0.06706

Client: 21, Client Deduplicate Time: 0.06729

Client: 23, Client Deduplicate Time: 0.06715

Client: 26, Client Deduplicate Time: 0.06722

Client: 29, Client Deduplicate Time: 0.06657

Client: 32, Client Deduplicate Time: 0.06811

Client: 35, Client Deduplicate Time: 0.06674

Client: 38, Client Deduplicate Time: 0.06729

Client: 41, Client Deduplicate Time: 0.06745

Client: 44, Client Deduplicate Time: 0.06731

Client: 46, Client Deduplicate Time: 0.0675

Client: 48, Client Deduplicate Time: 0.06755


Current Level:  4

Client: 1
Send Times:  [0.0]

Client: 1, Client Send Time: 1.2140953913331032e-06

Client: 2
Send Times:  [0.0]

Client: 2, Client Send Time: 3.969762474298477e-07

Client: 4
Send Times:  [0.0]

Client: 4, Client Send Time: 1.34296715259552e-06

Client: 5
Send Times:  [0.0]

Client: 5, Client Send Time: 3.7299469113349915e-07

Client: 7
Send Times:  [0.0]

Client: 7, Client Send Time: 1.1570518836379051e-06

Client: 8
Send Times:  [0.0]

Client: 8, Client Send Time: 3.309687599539757e-07

Client: 10
Send Times:  [0.0]

Client: 10, Client Send Time: 1.2509990483522415e-06

Client: 11
Send Times:  [0.0]

Client: 11, Client Send Time: 3.7497375160455704e-07

Client: 13
Send Times:  [0.0]

Client: 13, Client Send Time: 1.0989606380462646e-06

Client: 14
Send Times:  [0.0]

Client: 14, Client Send Time: 3.2992102205753326e-07

Client: 16
Send Times:  [0.0]

Client: 16, Client Send Time: 1.485925167798996e-06

Client: 17
Send Times:  [0.0]

Client: 17, Client Send Time: 4.069879651069641e-07

Client: 19
Send Times:  [0.0]

Client: 19, Client Send Time: 1.1880183592438698e-06

Client: 20
Send Times:  [0.0]

Client: 20, Client Send Time: 3.8405414670705795e-07

Client: 23
Send Times:  [0.0, 0.0]

Client: 23, Client Send Time: 1.0260846465826035e-06

Client: 24
Send Times:  [0.0, 1e-05]

Client: 24, Client Send Time: 9.709037840366364e-06

Client: 26
Send Times:  [0.0]

Client: 26, Client Send Time: 1.4329561963677406e-06

Client: 27
Send Times:  [0.0]

Client: 27, Client Send Time: 3.359746187925339e-07

Client: 29
Send Times:  [0.0]

Client: 29, Client Send Time: 1.3909302651882172e-06

Client: 30
Send Times:  [0.0]

Client: 30, Client Send Time: 5.139736458659172e-07

Client: 32
Send Times:  [0.0]

Client: 32, Client Send Time: 1.0679941624403e-06

Client: 33
Send Times:  [0.0]

Client: 33, Client Send Time: 3.3690594136714935e-07

Client: 35
Send Times:  [0.0]

Client: 35, Client Send Time: 1.3229437172412872e-06

Client: 36
Send Times:  [0.0]

Client: 36, Client Send Time: 3.3795367926359177e-07

Client: 38
Send Times:  [0.0]

Client: 38, Client Send Time: 1.074979081749916e-06

Client: 39
Send Times:  [0.0]

Client: 39, Client Send Time: 3.159511834383011e-07

Client: 41
Send Times:  [0.0]

Client: 41, Client Send Time: 1.1579832062125206e-06

Client: 42
Send Times:  [0.0]

Client: 42, Client Send Time: 3.4994445741176605e-07

Client: 44
Send Times:  [0.0]

Client: 44, Client Send Time: 1.3170065358281136e-06

Client: 45
Send Times:  [0.0]

Client: 45, Client Send Time: 3.5099219530820847e-07

Client: 48
Send Times:  [0.0, 0.0]

Client: 48, Client Send Time: 1.0979129001498222e-06

Client: 49
Send Times:  [0.0, 0.0]

Client: 49, Client Send Time: 3.5797711461782455e-07

Client: 0
Receive Times:  [0.0, 0.0]

Client: 0, Client Receive Time: 2.204091288149357e-06

Client: 3
Receive Times:  [0.0, 0.0]

Client: 3, Client Receive Time: 2.3479806259274483e-06

Client: 6
Receive Times:  [0.0, 0.0]

Client: 6, Client Receive Time: 1.8669525161385536e-06

Client: 9
Receive Times:  [0.0, 0.0]

Client: 9, Client Receive Time: 2.1801097318530083e-06

Client: 12
Receive Times:  [0.0, 0.0]

Client: 12, Client Receive Time: 2.2890744730830193e-06

Client: 15
Receive Times:  [0.0, 0.0]

Client: 15, Client Receive Time: 2.1508894860744476e-06

Client: 18
Receive Times:  [0.0, 0.0]

Client: 18, Client Receive Time: 1.8919818103313446e-06

Client: 21
Receive Times:  [0.0, 0.0]

Client: 21, Client Receive Time: 1.692911610007286e-06

Client: 22
Receive Times:  [0.0, 0.0]

Client: 22, Client Receive Time: 6.729969754815102e-07

Client: 25
Receive Times:  [0.0, 0.0]

Client: 25, Client Receive Time: 2.076965756714344e-06

Client: 28
Receive Times:  [0.0, 0.0]

Client: 28, Client Receive Time: 2.183951437473297e-06

Client: 31
Receive Times:  [0.0, 0.0]

Client: 31, Client Receive Time: 2.054031938314438e-06

Client: 34
Receive Times:  [0.0, 0.0]

Client: 34, Client Receive Time: 2.3690517991781235e-06

Client: 37
Receive Times:  [0.0, 0.0]

Client: 37, Client Receive Time: 2.4569453671574593e-06

Client: 40
Receive Times:  [0.0, 0.0]

Client: 40, Client Receive Time: 2.2079329937696457e-06

Client: 43
Receive Times:  [0.0, 0.0]

Client: 43, Client Receive Time: 2.3010652512311935e-06

Client: 46
Receive Times:  [0.0, 0.0]

Client: 46, Client Receive Time: 1.7619458958506584e-06

Client: 47
Receive Times:  [0.0, 0.0]

Client: 47, Client Receive Time: 6.780028343200684e-07

Send Time of Group 1: 1e-05

Receive Time of Group 0: 0.0

Client: 0, Client Deduplicate Time: 0.13093

Client: 3, Client Deduplicate Time: 0.13361

Client: 6, Client Deduplicate Time: 0.1312

Client: 9, Client Deduplicate Time: 0.13063

Client: 12, Client Deduplicate Time: 0.13126

Client: 15, Client Deduplicate Time: 0.13139

Client: 18, Client Deduplicate Time: 0.13185

Client: 21, Client Deduplicate Time: 0.13162

Client: 22, Client Deduplicate Time: 0.13117

Client: 25, Client Deduplicate Time: 0.13106

Client: 28, Client Deduplicate Time: 0.13102

Client: 31, Client Deduplicate Time: 0.13104

Client: 34, Client Deduplicate Time: 0.13121

Client: 37, Client Deduplicate Time: 0.13139

Client: 40, Client Deduplicate Time: 0.13148

Client: 43, Client Deduplicate Time: 0.13128

Client: 46, Client Deduplicate Time: 0.13136

Client: 47, Client Deduplicate Time: 0.13144


Current Level:  3

Client: 3
Send Times:  [0.0, 0.0, 0.0]

Client: 3, Client Send Time: 1.1560041457414627e-06

Client: 4
Send Times:  [0.0, 0.0, 0.0]

Client: 4, Client Send Time: 3.8999132812023163e-07

Client: 5
Send Times:  [0.0, 0.0, 0.0]

Client: 5, Client Send Time: 2.980232238769531e-07

Client: 9
Send Times:  [0.0, 0.0, 0.0]

Client: 9, Client Send Time: 1.167994923889637e-06

Client: 10
Send Times:  [0.0, 0.0, 0.0]

Client: 10, Client Send Time: 3.5797711461782455e-07

Client: 11
Send Times:  [0.0, 0.0, 0.0]

Client: 11, Client Send Time: 2.83936969935894e-07

Client: 15
Send Times:  [0.0, 0.0, 0.0]

Client: 15, Client Send Time: 1.1399388313293457e-06

Client: 16
Send Times:  [0.0, 0.0, 0.0]

Client: 16, Client Send Time: 3.420282155275345e-07

Client: 17
Send Times:  [0.0, 0.0, 0.0]

Client: 17, Client Send Time: 2.41096131503582e-07

Client: 21
Send Times:  [0.0, 0.0, 0.0]

Client: 21, Client Send Time: 1.0579824447631836e-06

Client: 22
Send Times:  [0.0, 0.0, 0.0]

Client: 22, Client Send Time: 6.769550964236259e-07

Client: 23
Send Times:  [0.0, 0.0, 0.0]

Client: 23, Client Send Time: 3.239838406443596e-07

Client: 24
Send Times:  [0.0, 0.0, 0.0]

Client: 24, Client Send Time: 3.4796539694070816e-07

Client: 28
Send Times:  [0.0, 0.0, 0.0]

Client: 28, Client Send Time: 1.049949787557125e-06

Client: 29
Send Times:  [0.0, 0.0, 0.0]

Client: 29, Client Send Time: 6.220070645213127e-07

Client: 30
Send Times:  [0.0, 0.0, 0.0]

Client: 30, Client Send Time: 3.33995558321476e-07

Client: 34
Send Times:  [0.0, 0.0, 0.0]

Client: 34, Client Send Time: 1.1200318112969398e-06

Client: 35
Send Times:  [0.0, 0.0, 0.0]

Client: 35, Client Send Time: 3.0605588108301163e-07

Client: 36
Send Times:  [0.0, 0.0, 0.0]

Client: 36, Client Send Time: 6.4109917730093e-07

Client: 40
Send Times:  [0.0, 0.0, 0.0]

Client: 40, Client Send Time: 1.1259689927101135e-06

Client: 41
Send Times:  [0.0, 0.0, 0.0]

Client: 41, Client Send Time: 3.490131348371506e-07

Client: 42
Send Times:  [0.0, 0.0, 0.0]

Client: 42, Client Send Time: 2.390006557106972e-07

Client: 46
Send Times:  [0.0, 0.0, 0.0]

Client: 46, Client Send Time: 1.0009389370679855e-06

Client: 47
Send Times:  [0.0, 0.0, 0.0]

Client: 47, Client Send Time: 4.109460860490799e-07

Client: 48
Send Times:  [0.0, 0.0, 0.0]

Client: 48, Client Send Time: 2.899905666708946e-07

Client: 49
Send Times:  [0.0, 0.0, 0.0]

Client: 49, Client Send Time: 3.0407682061195374e-07

Client: 0
Receive Times:  [0.0, 0.0, 0.0]

Client: 0, Client Receive Time: 2.5050248950719833e-06

Client: 1
Receive Times:  [0.0, 0.0, 0.0]

Client: 1, Client Receive Time: 5.529727786779404e-07

Client: 2
Receive Times:  [0.0, 0.0, 0.0]

Client: 2, Client Receive Time: 6.830086931586266e-07

Client: 6
Receive Times:  [0.0, 0.0, 0.0]

Client: 6, Client Receive Time: 1.9640428945422173e-06

Client: 7
Receive Times:  [0.0, 0.0, 0.0]

Client: 7, Client Receive Time: 5.559995770454407e-07

Client: 8
Receive Times:  [0.0, 0.0, 0.0]

Client: 8, Client Receive Time: 5.490146577358246e-07

Client: 12
Receive Times:  [0.0, 0.0, 0.0]

Client: 12, Client Receive Time: 2.296990714967251e-06

Client: 13
Receive Times:  [0.0, 0.0, 0.0]

Client: 13, Client Receive Time: 5.529727786779404e-07

Client: 14
Receive Times:  [0.0, 0.0, 0.0]

Client: 14, Client Receive Time: 5.180481821298599e-07

Client: 18
Receive Times:  [0.0, 0.0, 0.0, 0.0]

Client: 18, Client Receive Time: 2.0560109987854958e-06

Client: 19
Receive Times:  [0.0, 0.0, 0.0, 0.0]

Client: 19, Client Receive Time: 6.129266694188118e-07

Client: 20
Receive Times:  [0.0, 0.0, 0.0, 0.0]

Client: 20, Client Receive Time: 6.189802661538124e-07

Client: 25
Receive Times:  [0.0, 0.0, 0.0]

Client: 25, Client Receive Time: 2.524931915104389e-06

Client: 26
Receive Times:  [0.0, 0.0, 0.0]

Client: 26, Client Receive Time: 9.849900379776955e-07

Client: 27
Receive Times:  [0.0, 0.0, 0.0]

Client: 27, Client Receive Time: 5.939509719610214e-07

Client: 31
Receive Times:  [0.0, 0.0, 0.0]

Client: 31, Client Receive Time: 2.1030427888035774e-06

Client: 32
Receive Times:  [0.0, 0.0, 0.0]

Client: 32, Client Receive Time: 6.749760359525681e-07

Client: 33
Receive Times:  [0.0, 0.0, 0.0]

Client: 33, Client Receive Time: 6.300397217273712e-07

Client: 37
Receive Times:  [0.0, 0.0, 0.0]

Client: 37, Client Receive Time: 2.0139850676059723e-06

Client: 38
Receive Times:  [0.0, 0.0, 0.0]

Client: 38, Client Receive Time: 5.509937182068825e-07

Client: 39
Receive Times:  [0.0, 0.0, 0.0]

Client: 39, Client Receive Time: 6.499467417597771e-07

Client: 43
Receive Times:  [0.0, 0.0, 0.0, 0.0]

Client: 43, Client Receive Time: 2.0600855350494385e-06

Client: 44
Receive Times:  [0.0, 0.0, 0.0, 0.0]

Client: 44, Client Receive Time: 5.869660526514053e-07

Client: 45
Receive Times:  [0.0, 0.0, 0.0, 0.0]

Client: 45, Client Receive Time: 5.830079317092896e-07

Send Time of Group 1: 0.0

Receive Time of Group 0: 0.0

Client: 0, Client Deduplicate Time: 0.19564

Client: 1, Client Deduplicate Time: 0.19505

Client: 2, Client Deduplicate Time: 0.19489

Client: 6, Client Deduplicate Time: 0.19551

Client: 7, Client Deduplicate Time: 0.19541

Client: 8, Client Deduplicate Time: 0.19516

Client: 12, Client Deduplicate Time: 0.19528

Client: 13, Client Deduplicate Time: 0.19539

Client: 14, Client Deduplicate Time: 0.19496

Client: 18, Client Deduplicate Time: 0.2619

Client: 19, Client Deduplicate Time: 0.25944

Client: 20, Client Deduplicate Time: 0.26638

Client: 25, Client Deduplicate Time: 0.19413

Client: 26, Client Deduplicate Time: 0.19371

Client: 27, Client Deduplicate Time: 0.19435

Client: 31, Client Deduplicate Time: 0.19458

Client: 32, Client Deduplicate Time: 0.19465

Client: 33, Client Deduplicate Time: 0.19542

Client: 37, Client Deduplicate Time: 0.19473

Client: 38, Client Deduplicate Time: 0.19502

Client: 39, Client Deduplicate Time: 0.19512

Client: 43, Client Deduplicate Time: 0.26242

Client: 44, Client Deduplicate Time: 0.26194

Client: 45, Client Deduplicate Time: 0.26191


Current Level:  2

Client: 6
Send Times:  [0.0, 0.0, 0.0, 0.0, 0.0, 0.0]

Client: 6, Client Send Time: 1.227017492055893e-06

Client: 7
Send Times:  [0.0, 0.0, 0.0, 0.0, 0.0, 0.0]

Client: 7, Client Send Time: 3.909226506948471e-07

Client: 8
Send Times:  [0.0, 0.0, 0.0, 0.0, 0.0, 0.0]

Client: 8, Client Send Time: 3.200257197022438e-07

Client: 9
Send Times:  [0.0, 0.0, 0.0, 0.0, 0.0, 0.0]

Client: 9, Client Send Time: 2.420274540781975e-07

Client: 10
Send Times:  [0.0, 0.0, 0.0, 0.0, 0.0, 0.0]

Client: 10, Client Send Time: 2.360902726650238e-07

Client: 11
Send Times:  [0.0, 0.0, 0.0, 0.0, 0.0, 0.0]

Client: 11, Client Send Time: 2.5599729269742966e-07

Client: 18
Send Times:  [0.0, 0.0, 0.0, 0.0, 0.0, 0.0]

Client: 18, Client Send Time: 1.101987436413765e-06

Client: 19
Send Times:  [0.0, 0.0, 0.0, 0.0, 0.0, 0.0]

Client: 19, Client Send Time: 4.220055416226387e-07

Client: 20
Send Times:  [0.0, 0.0, 0.0, 0.0, 0.0, 0.0]

Client: 20, Client Send Time: 3.4295953810214996e-07

Client: 21
Send Times:  [0.0, 0.0, 0.0, 0.0, 0.0, 0.0]

Client: 21, Client Send Time: 3.3993273973464966e-07

Client: 22
Send Times:  [0.0, 0.0, 0.0, 0.0, 0.0, 0.0]

Client: 22, Client Send Time: 3.189779818058014e-07

Client: 23
Send Times:  [0.0, 0.0, 0.0, 0.0, 0.0, 0.0]

Client: 23, Client Send Time: 3.079185262322426e-07

Client: 24
Send Times:  [0.0, 0.0, 0.0, 0.0, 0.0, 0.0]

Client: 24, Client Send Time: 3.9604492485523224e-07

Client: 31
Send Times:  [0.0, 0.0, 0.0, 0.0, 0.0, 0.0]

Client: 31, Client Send Time: 1.1239899322390556e-06

Client: 32
Send Times:  [0.0, 0.0, 0.0, 0.0, 0.0, 0.0]

Client: 32, Client Send Time: 4.320172592997551e-07

Client: 33
Send Times:  [0.0, 0.0, 0.0, 0.0, 0.0, 0.0]

Client: 33, Client Send Time: 2.6600901037454605e-07

Client: 34
Send Times:  [0.0, 0.0, 0.0, 0.0, 0.0, 0.0]

Client: 34, Client Send Time: 2.9604416340589523e-07

Client: 35
Send Times:  [0.0, 0.0, 0.0, 0.0, 0.0, 0.0]

Client: 35, Client Send Time: 2.4097971618175507e-07

Client: 36
Send Times:  [0.0, 0.0, 0.0, 0.0, 0.0, 0.0]

Client: 36, Client Send Time: 2.4901237338781357e-07

Client: 43
Send Times:  [0.0, 0.0, 0.0, 0.0, 0.0, 0.0]

Client: 43, Client Send Time: 1.1050142347812653e-06

Client: 44
Send Times:  [1e-05, 0.0, 0.0, 0.0, 0.0, 0.0]

Client: 44, Client Send Time: 1.0943971574306488e-05

Client: 45
Send Times:  [0.0, 0.0, 0.0, 0.0, 0.0, 0.0]

Client: 45, Client Send Time: 2.8801150619983673e-07

Client: 46
Send Times:  [0.0, 0.0, 0.0, 0.0, 0.0, 0.0]

Client: 46, Client Send Time: 2.6100315153598785e-07

Client: 47
Send Times:  [0.0, 0.0, 0.0, 0.0, 0.0, 0.0]

Client: 47, Client Send Time: 2.420274540781975e-07

Client: 48
Send Times:  [0.0, 0.0, 0.0, 0.0, 0.0, 0.0]

Client: 48, Client Send Time: 2.5099143385887146e-07

Client: 49
Send Times:  [0.0, 0.0, 0.0, 0.0, 0.0, 0.0]

Client: 49, Client Send Time: 2.5599729269742966e-07

Client: 0
Receive Times:  [0.0, 0.0, 0.0, 0.0, 0.0, 0.0]

Client: 0, Client Receive Time: 2.3280736058950424e-06

Client: 1
Receive Times:  [0.0, 0.0, 0.0, 0.0, 0.0, 0.0]

Client: 1, Client Receive Time: 5.520414561033249e-07

Client: 2
Receive Times:  [0.0, 0.0, 0.0, 0.0, 0.0, 0.0]

Client: 2, Client Receive Time: 4.5599881559610367e-07

Client: 3
Receive Times:  [0.0, 0.0, 0.0, 0.0, 0.0, 0.0]

Client: 3, Client Receive Time: 7.019843906164169e-07

Client: 4
Receive Times:  [0.0, 0.0, 0.0, 0.0, 0.0, 0.0]

Client: 4, Client Receive Time: 1.1560041457414627e-06

Client: 5
Receive Times:  [0.0, 0.0, 0.0, 0.0, 0.0, 0.0]

Client: 5, Client Receive Time: 6.93020410835743e-07

Client: 12
Receive Times:  [0.0, 0.0, 0.0, 0.0, 0.0, 0.0, 0.0]

Client: 12, Client Receive Time: 2.268003299832344e-06

Client: 13
Receive Times:  [0.0, 0.0, 0.0, 0.0, 0.0, 0.0, 0.0]

Client: 13, Client Receive Time: 7.699709385633469e-07

Client: 14
Receive Times:  [0.0, 0.0, 0.0, 0.0, 0.0, 0.0, 0.0]

Client: 14, Client Receive Time: 5.559995770454407e-07

Client: 15
Receive Times:  [0.0, 0.0, 0.0, 0.0, 0.0, 0.0, 0.0]

Client: 15, Client Receive Time: 6.249174475669861e-07

Client: 16
Receive Times:  [0.0, 0.0, 0.0, 0.0, 0.0, 0.0, 0.0]

Client: 16, Client Receive Time: 6.949994713068008e-07

Client: 17
Receive Times:  [0.0, 0.0, 0.0, 0.0, 0.0, 0.0, 0.0]

Client: 17, Client Receive Time: 5.899928510189056e-07

Client: 25
Receive Times:  [0.0, 0.0, 0.0, 0.0, 0.0, 0.0]

Client: 25, Client Receive Time: 2.0189909264445305e-06

Client: 26
Receive Times:  [0.0, 0.0, 0.0, 0.0, 0.0, 0.0]

Client: 26, Client Receive Time: 7.83940777182579e-07

Client: 27
Receive Times:  [0.0, 0.0, 0.0, 0.0, 0.0, 0.0]

Client: 27, Client Receive Time: 6.579793989658356e-07

Client: 28
Receive Times:  [0.0, 0.0, 0.0, 0.0, 0.0, 0.0]

Client: 28, Client Receive Time: 5.910405889153481e-07

Client: 29
Receive Times:  [0.0, 0.0, 0.0, 0.0, 0.0, 0.0]

Client: 29, Client Receive Time: 7.860362529754639e-07

Client: 30
Receive Times:  [0.0, 0.0, 0.0, 0.0, 0.0, 0.0]

Client: 30, Client Receive Time: 6.319023668766022e-07

Client: 37
Receive Times:  [0.0, 0.0, 0.0, 0.0, 0.0, 0.0, 0.0]

Client: 37, Client Receive Time: 2.105953171849251e-06

Client: 38
Receive Times:  [0.0, 0.0, 0.0, 0.0, 0.0, 0.0, 0.0]

Client: 38, Client Receive Time: 8.170027285814285e-07

Client: 39
Receive Times:  [0.0, 0.0, 0.0, 0.0, 0.0, 0.0, 0.0]

Client: 39, Client Receive Time: 7.899943739175797e-07

Client: 40
Receive Times:  [0.0, 0.0, 0.0, 0.0, 0.0, 0.0, 0.0]

Client: 40, Client Receive Time: 4.359753802418709e-07

Client: 41
Receive Times:  [0.0, 0.0, 0.0, 0.0, 0.0, 0.0, 0.0]

Client: 41, Client Receive Time: 5.030306056141853e-07

Client: 42
Receive Times:  [0.0, 0.0, 0.0, 0.0, 0.0, 0.0, 0.0]

Client: 42, Client Receive Time: 5.25033101439476e-07

Send Time of Group 1: 1e-05

Receive Time of Group 0: 0.0

Client: 0, Client Deduplicate Time: 0.38621

Client: 1, Client Deduplicate Time: 0.3879

Client: 2, Client Deduplicate Time: 0.38689

Client: 3, Client Deduplicate Time: 0.38692

Client: 4, Client Deduplicate Time: 0.38663

Client: 5, Client Deduplicate Time: 0.38633

Client: 12, Client Deduplicate Time: 0.45281

Client: 13, Client Deduplicate Time: 0.45342

Client: 14, Client Deduplicate Time: 0.46021

Client: 15, Client Deduplicate Time: 0.48768

Client: 16, Client Deduplicate Time: 0.53304

Client: 17, Client Deduplicate Time: 0.53252

Client: 25, Client Deduplicate Time: 0.38702

Client: 26, Client Deduplicate Time: 0.38842

Client: 27, Client Deduplicate Time: 0.38699

Client: 28, Client Deduplicate Time: 0.38505

Client: 29, Client Deduplicate Time: 0.38547

Client: 30, Client Deduplicate Time: 0.38836

Client: 37, Client Deduplicate Time: 0.45441

Client: 38, Client Deduplicate Time: 0.45503

Client: 39, Client Deduplicate Time: 0.45541

Client: 40, Client Deduplicate Time: 0.45738

Client: 41, Client Deduplicate Time: 0.45979

Client: 42, Client Deduplicate Time: 0.45406


Current Level:  1

Client: 12
Send Times:  [0.0, 0.0, 0.0, 0.0, 0.0, 0.0, 0.0, 0.0, 0.0, 0.0, 0.0, 0.0]

Client: 12, Client Send Time: 1.174979843199253e-06

Client: 13
Send Times:  [0.0, 0.0, 0.0, 0.0, 0.0, 0.0, 0.0, 0.0, 0.0, 0.0, 0.0, 0.0]

Client: 13, Client Send Time: 4.289904609322548e-07

Client: 14
Send Times:  [0.0, 0.0, 0.0, 0.0, 0.0, 0.0, 0.0, 0.0, 0.0, 0.0, 0.0, 0.0]

Client: 14, Client Send Time: 3.229361027479172e-07

Client: 15
Send Times:  [0.0, 0.0, 0.0, 0.0, 0.0, 0.0, 0.0, 0.0, 0.0, 0.0, 0.0, 0.0]

Client: 15, Client Send Time: 3.580935299396515e-07

Client: 16
Send Times:  [0.0, 0.0, 0.0, 0.0, 0.0, 0.0, 0.0, 0.0, 0.0, 0.0, 0.0, 0.0]

Client: 16, Client Send Time: 3.949971869587898e-07

Client: 17
Send Times:  [0.0, 0.0, 0.0, 0.0, 0.0, 0.0, 0.0, 0.0, 0.0, 0.0, 0.0, 0.0]

Client: 17, Client Send Time: 3.658933565020561e-07

Client: 18
Send Times:  [0.0, 0.0, 0.0, 0.0, 0.0, 0.0, 0.0, 0.0, 0.0, 0.0, 0.0, 0.0]

Client: 18, Client Send Time: 3.050081431865692e-07

Client: 19
Send Times:  [0.0, 0.0, 0.0, 0.0, 0.0, 0.0, 0.0, 0.0, 0.0, 0.0, 0.0, 0.0]

Client: 19, Client Send Time: 2.4295877665281296e-07

Client: 20
Send Times:  [0.0, 0.0, 0.0, 0.0, 0.0, 0.0, 0.0, 0.0, 0.0, 0.0, 0.0, 0.0]

Client: 20, Client Send Time: 3.0209776014089584e-07

Client: 21
Send Times:  [0.0, 0.0, 0.0, 0.0, 1e-05, 0.0, 0.0, 0.0, 0.0, 0.0, 0.0, 0.0]

Client: 21, Client Send Time: 9.553972631692886e-06

Client: 22
Send Times:  [0.0, 0.0, 0.0, 0.0, 0.0, 0.0, 0.0, 0.0, 0.0, 0.0, 0.0, 0.0]

Client: 22, Client Send Time: 1.9849976524710655e-06

Client: 23
Send Times:  [0.0, 0.0, 0.0, 0.0, 0.0, 0.0, 0.0, 0.0, 0.0, 0.0, 0.0, 0.0]

Client: 23, Client Send Time: 2.6996713131666183e-07

Client: 24
Send Times:  [0.0, 0.0, 0.0, 0.0, 0.0, 0.0, 0.0, 0.0, 0.0, 0.0, 0.0, 0.0]

Client: 24, Client Send Time: 3.100140020251274e-07

Client: 37
Send Times:  [0.0, 0.0, 0.0, 0.0, 0.0, 0.0, 0.0, 0.0, 0.0, 0.0, 0.0, 0.0]

Client: 37, Client Send Time: 1.4260876923799515e-06

Client: 38
Send Times:  [0.0, 1e-05, 0.0, 0.0, 0.0, 0.0, 0.0, 0.0, 0.0, 0.0, 0.0, 0.0]

Client: 38, Client Send Time: 1.0065967217087746e-05

Client: 39
Send Times:  [0.0, 0.0, 0.0, 0.0, 0.0, 0.0, 0.0, 0.0, 0.0, 0.0, 0.0, 0.0]

Client: 39, Client Send Time: 4.309695214033127e-07

Client: 40
Send Times:  [0.0, 0.0, 0.0, 0.0, 0.0, 0.0, 0.0, 0.0, 0.0, 0.0, 0.0, 0.0]

Client: 40, Client Send Time: 3.570457920432091e-07

Client: 41
Send Times:  [0.0, 0.0, 0.0, 0.0, 0.0, 0.0, 0.0, 0.0, 0.0, 0.0, 0.0, 0.0]

Client: 41, Client Send Time: 3.260793164372444e-07

Client: 42
Send Times:  [0.0, 0.0, 0.0, 0.0, 0.0, 0.0, 0.0, 0.0, 0.0, 0.0, 0.0, 0.0]

Client: 42, Client Send Time: 2.7706846594810486e-07

Client: 43
Send Times:  [0.0, 0.0, 0.0, 0.0, 0.0, 0.0, 0.0, 0.0, 0.0, 0.0, 0.0, 0.0]

Client: 43, Client Send Time: 2.6600901037454605e-07

Client: 44
Send Times:  [0.0, 0.0, 0.0, 0.0, 0.0, 0.0, 0.0, 0.0, 0.0, 0.0, 0.0, 0.0]

Client: 44, Client Send Time: 2.5989720597863197e-06

Client: 45
Send Times:  [0.0, 0.0, 0.0, 0.0, 0.0, 0.0, 0.0, 0.0, 0.0, 0.0, 0.0, 0.0]

Client: 45, Client Send Time: 2.5704503059387207e-07

Client: 46
Send Times:  [0.0, 0.0, 0.0, 0.0, 0.0, 0.0, 0.0, 0.0, 0.0, 0.0, 0.0, 0.0]

Client: 46, Client Send Time: 3.5401899367570877e-07

Client: 47
Send Times:  [0.0, 0.0, 0.0, 0.0, 0.0, 0.0, 0.0, 0.0, 0.0, 0.0, 0.0, 0.0]

Client: 47, Client Send Time: 3.309687599539757e-07

Client: 48
Send Times:  [0.0, 0.0, 0.0, 0.0, 0.0, 0.0, 0.0, 0.0, 0.0, 0.0, 0.0, 0.0]

Client: 48, Client Send Time: 2.6402994990348816e-07

Client: 49
Send Times:  [0.0, 0.0, 0.0, 0.0, 0.0, 0.0, 0.0, 0.0, 0.0, 0.0, 0.0, 0.0]

Client: 49, Client Send Time: 3.109453245997429e-07

Client: 0
Receive Times:  [0.0, 0.0, 0.0, 0.0, 0.0, 0.0, 0.0, 0.0, 0.0, 0.0, 0.0, 0.0, 0.0]

Client: 0, Client Receive Time: 2.432032488286495e-06

Client: 1
Receive Times:  [0.0, 0.0, 0.0, 0.0, 0.0, 0.0, 0.0, 0.0, 0.0, 0.0, 0.0, 0.0, 0.0]

Client: 1, Client Receive Time: 1.05204526335001e-06

Client: 2
Receive Times:  [0.0, 0.0, 0.0, 0.0, 0.0, 0.0, 0.0, 0.0, 0.0, 0.0, 0.0, 0.0, 0.0]

Client: 2, Client Receive Time: 8.769566193223e-07

Client: 3
Receive Times:  [0.0, 0.0, 0.0, 0.0, 0.0, 0.0, 0.0, 0.0, 0.0, 0.0, 0.0, 0.0, 0.0]

Client: 3, Client Receive Time: 7.420312613248825e-07

Client: 4
Receive Times:  [0.0, 0.0, 0.0, 0.0, 0.0, 0.0, 0.0, 0.0, 0.0, 0.0, 0.0, 0.0, 0.0]

Client: 4, Client Receive Time: 9.300420060753822e-07

Client: 5
Receive Times:  [0.0, 0.0, 0.0, 0.0, 0.0, 0.0, 0.0, 0.0, 0.0, 0.0, 0.0, 0.0, 0.0]

Client: 5, Client Receive Time: 5.739275366067886e-07

Client: 6
Receive Times:  [0.0, 0.0, 0.0, 0.0, 0.0, 0.0, 0.0, 0.0, 0.0, 0.0, 0.0, 0.0, 0.0]

Client: 6, Client Receive Time: 9.509967640042305e-07

Client: 7
Receive Times:  [0.0, 0.0, 0.0, 0.0, 0.0, 0.0, 0.0, 0.0, 0.0, 0.0, 0.0, 0.0, 0.0]

Client: 7, Client Receive Time: 6.579793989658356e-07

Client: 8
Receive Times:  [0.0, 0.0, 0.0, 0.0, 0.0, 0.0, 0.0, 0.0, 0.0, 0.0, 0.0, 0.0, 0.0]

Client: 8, Client Receive Time: 1.309090293943882e-06

Client: 9
Receive Times:  [0.0, 0.0, 0.0, 0.0, 0.0, 0.0, 0.0, 0.0, 0.0, 0.0, 0.0, 0.0, 0.0]

Client: 9, Client Receive Time: 6.899936124682426e-07

Client: 10
Receive Times:  [0.0, 0.0, 0.0, 0.0, 0.0, 0.0, 0.0, 0.0, 0.0, 0.0, 0.0, 0.0, 0.0]

Client: 10, Client Receive Time: 6.129266694188118e-07

Client: 11
Receive Times:  [0.0, 0.0, 0.0, 0.0, 0.0, 0.0, 0.0, 0.0, 0.0, 0.0, 0.0, 0.0, 0.0]

Client: 11, Client Receive Time: 5.390029400587082e-07

Client: 25
Receive Times:  [0.0, 0.0, 0.0, 0.0, 0.0, 0.0, 0.0, 0.0, 0.0, 0.0, 0.0, 0.0, 0.0]

Client: 25, Client Receive Time: 2.6760390028357506e-06

Client: 26
Receive Times:  [0.0, 0.0, 0.0, 0.0, 0.0, 0.0, 0.0, 0.0, 0.0, 0.0, 0.0, 0.0, 0.0]

Client: 26, Client Receive Time: 7.830094546079636e-07

Client: 27
Receive Times:  [0.0, 0.0, 0.0, 0.0, 0.0, 0.0, 0.0, 0.0, 0.0, 0.0, 0.0, 0.0, 0.0]

Client: 27, Client Receive Time: 6.1793252825737e-07

Client: 28
Receive Times:  [0.0, 0.0, 0.0, 0.0, 0.0, 0.0, 0.0, 0.0, 0.0, 0.0, 0.0, 0.0, 0.0]

Client: 28, Client Receive Time: 7.579801604151726e-07

Client: 29
Receive Times:  [0.0, 0.0, 0.0, 0.0, 0.0, 0.0, 0.0, 0.0, 0.0, 0.0, 0.0, 0.0, 0.0]

Client: 29, Client Receive Time: 9.159557521343231e-07

Client: 30
Receive Times:  [0.0, 0.0, 0.0, 0.0, 0.0, 0.0, 0.0, 0.0, 0.0, 0.0, 0.0, 0.0, 0.0]

Client: 30, Client Receive Time: 7.849885150790215e-07

Client: 31
Receive Times:  [0.0, 0.0, 0.0, 0.0, 0.0, 0.0, 0.0, 0.0, 0.0, 0.0, 0.0, 0.0, 0.0]

Client: 31, Client Receive Time: 7.069902494549751e-07

Client: 32
Receive Times:  [0.0, 0.0, 0.0, 0.0, 0.0, 0.0, 0.0, 0.0, 0.0, 0.0, 0.0, 0.0, 0.0]

Client: 32, Client Receive Time: 6.33997842669487e-07

Client: 33
Receive Times:  [0.0, 0.0, 0.0, 0.0, 0.0, 0.0, 0.0, 0.0, 0.0, 0.0, 0.0, 0.0, 0.0]

Client: 33, Client Receive Time: 1.0560033842921257e-06

Client: 34
Receive Times:  [0.0, 0.0, 0.0, 0.0, 0.0, 0.0, 0.0, 0.0, 0.0, 0.0, 0.0, 0.0, 0.0]

Client: 34, Client Receive Time: 4.3190084397792816e-07

Client: 35
Receive Times:  [0.0, 0.0, 0.0, 0.0, 0.0, 0.0, 0.0, 0.0, 0.0, 0.0, 0.0, 0.0, 0.0]

Client: 35, Client Receive Time: 7.200287654995918e-07

Client: 36
Receive Times:  [0.0, 0.0, 0.0, 0.0, 0.0, 0.0, 0.0, 0.0, 0.0, 0.0, 0.0, 0.0, 0.0]

Client: 36, Client Receive Time: 2.2479798644781113e-06

Send Time of Group 1: 1e-05

Receive Time of Group 0: 0.0

Client: 0, Client Deduplicate Time: 0.99018

Client: 1, Client Deduplicate Time: 0.89236

Client: 2, Client Deduplicate Time: 0.83695

Client: 3, Client Deduplicate Time: 0.83748

Client: 4, Client Deduplicate Time: 0.83804

Client: 5, Client Deduplicate Time: 0.83823

Client: 6, Client Deduplicate Time: 0.83959

Client: 7, Client Deduplicate Time: 0.839

Client: 8, Client Deduplicate Time: 0.83789

Client: 9, Client Deduplicate Time: 0.83694

Client: 10, Client Deduplicate Time: 0.83361

Client: 11, Client Deduplicate Time: 0.83594

Client: 25, Client Deduplicate Time: 0.84693

Client: 26, Client Deduplicate Time: 0.84307

Client: 27, Client Deduplicate Time: 0.84599

Client: 28, Client Deduplicate Time: 0.84287

Client: 29, Client Deduplicate Time: 0.84554

Client: 30, Client Deduplicate Time: 0.86832

Client: 31, Client Deduplicate Time: 0.84282

Client: 32, Client Deduplicate Time: 0.84394

Client: 33, Client Deduplicate Time: 0.84187

Client: 34, Client Deduplicate Time: 0.8437

Client: 35, Client Deduplicate Time: 0.84335

Client: 36, Client Deduplicate Time: 0.8416


Current Level:  0

Client: 25
Send Times:  [0.0, 0.0, 0.0, 0.0, 0.0, 0.0, 0.0, 0.0, 0.0, 0.0, 0.0, 0.0, 0.0, 0.0, 0.0, 0.0, 0.0, 0.0, 0.0, 0.0, 0.0, 0.0, 0.0, 0.0, 0.0]

Client: 25, Client Send Time: 1.2810342013835907e-06

Client: 26
Send Times:  [0.0, 0.0, 0.0, 0.0, 0.0, 0.0, 0.0, 0.0, 0.0, 0.0, 0.0, 0.0, 0.0, 0.0, 0.0, 0.0, 0.0, 0.0, 0.0, 0.0, 0.0, 0.0, 0.0, 0.0, 0.0]

Client: 26, Client Send Time: 6.050104275345802e-07

Client: 27
Send Times:  [0.0, 0.0, 0.0, 0.0, 0.0, 0.0, 0.0, 0.0, 0.0, 0.0, 0.0, 0.0, 0.0, 0.0, 0.0, 0.0, 0.0, 0.0, 0.0, 0.0, 0.0, 0.0, 0.0, 0.0, 0.0]

Client: 27, Client Send Time: 2.2989697754383087e-06

Client: 28
Send Times:  [0.0, 0.0, 0.0, 0.0, 0.0, 0.0, 0.0, 0.0, 0.0, 0.0, 0.0, 0.0, 0.0, 0.0, 0.0, 0.0, 0.0, 0.0, 0.0, 0.0, 0.0, 0.0, 0.0, 0.0, 0.0]

Client: 28, Client Send Time: 3.650784492492676e-07

Client: 29
Send Times:  [0.0, 0.0, 0.0, 0.0, 0.0, 0.0, 0.0, 0.0, 0.0, 0.0, 0.0, 0.0, 0.0, 0.0, 0.0, 0.0, 0.0, 0.0, 0.0, 0.0, 0.0, 0.0, 0.0, 0.0, 0.0]

Client: 29, Client Send Time: 2.7194619178771973e-07

Client: 30
Send Times:  [0.0, 0.0, 0.0, 0.0, 0.0, 0.0, 0.0, 0.0, 0.0, 0.0, 0.0, 0.0, 0.0, 0.0, 0.0, 0.0, 0.0, 0.0, 0.0, 0.0, 0.0, 0.0, 0.0, 0.0, 0.0]

Client: 30, Client Send Time: 3.6193523555994034e-07

Client: 31
Send Times:  [0.0, 0.0, 0.0, 0.0, 0.0, 0.0, 0.0, 0.0, 0.0, 0.0, 0.0, 0.0, 0.0, 0.0, 0.0, 0.0, 0.0, 0.0, 0.0, 0.0, 0.0, 0.0, 0.0, 0.0, 0.0]

Client: 31, Client Send Time: 3.7101563066244125e-07

Client: 32
Send Times:  [0.0, 0.0, 0.0, 0.0, 0.0, 0.0, 0.0, 0.0, 0.0, 0.0, 0.0, 0.0, 0.0, 0.0, 0.0, 0.0, 0.0, 0.0, 0.0, 0.0, 0.0, 0.0, 0.0, 0.0, 0.0]

Client: 32, Client Send Time: 2.819579094648361e-07

Client: 33
Send Times:  [0.0, 0.0, 0.0, 0.0, 0.0, 0.0, 0.0, 0.0, 0.0, 0.0, 0.0, 0.0, 0.0, 0.0, 0.0, 0.0, 0.0, 0.0, 0.0, 0.0, 0.0, 0.0, 0.0, 0.0, 0.0]

Client: 33, Client Send Time: 3.7706922739744186e-07

Client: 34
Send Times:  [0.0, 0.0, 0.0, 0.0, 0.0, 0.0, 0.0, 0.0, 0.0, 0.0, 0.0, 0.0, 0.0, 0.0, 0.0, 0.0, 0.0, 0.0, 0.0, 0.0, 0.0, 0.0, 0.0, 0.0, 0.0]

Client: 34, Client Send Time: 3.180466592311859e-07

Client: 35
Send Times:  [0.0, 0.0, 0.0, 0.0, 0.0, 0.0, 0.0, 0.0, 0.0, 0.0, 0.0, 0.0, 0.0, 0.0, 0.0, 0.0, 0.0, 0.0, 0.0, 0.0, 0.0, 0.0, 0.0, 0.0, 0.0]

Client: 35, Client Send Time: 3.050081431865692e-07

Client: 36
Send Times:  [0.0, 0.0, 0.0, 0.0, 0.0, 0.0, 0.0, 0.0, 0.0, 0.0, 0.0, 0.0, 0.0, 0.0, 0.0, 0.0, 0.0, 0.0, 0.0, 0.0, 0.0, 0.0, 0.0, 0.0, 0.0]

Client: 36, Client Send Time: 2.6193447411060333e-07

Client: 37
Send Times:  [0.0, 0.0, 0.0, 0.0, 0.0, 0.0, 0.0, 0.0, 0.0, 0.0, 0.0, 0.0, 0.0, 0.0, 0.0, 0.0, 0.0, 0.0, 0.0, 0.0, 0.0, 0.0, 0.0, 0.0, 0.0]

Client: 37, Client Send Time: 2.5890767574310303e-07

Client: 38
Send Times:  [0.0, 0.0, 0.0, 0.0, 0.0, 0.0, 0.0, 0.0, 0.0, 0.0, 0.0, 0.0, 0.0, 0.0, 0.0, 0.0, 0.0, 0.0, 0.0, 0.0, 0.0, 0.0, 0.0, 0.0, 0.0]

Client: 38, Client Send Time: 2.92900949716568e-07

Client: 39
Send Times:  [0.0, 0.0, 0.0, 0.0, 0.0, 0.0, 0.0, 0.0, 0.0, 0.0, 0.0, 0.0, 0.0, 0.0, 0.0, 0.0, 0.0, 0.0, 0.0, 0.0, 0.0, 0.0, 0.0, 0.0, 0.0]

Client: 39, Client Send Time: 2.6996713131666183e-07

Client: 40
Send Times:  [0.0, 0.0, 0.0, 0.0, 0.0, 0.0, 0.0, 0.0, 0.0, 0.0, 0.0, 0.0, 0.0, 0.0, 0.0, 0.0, 0.0, 0.0, 0.0, 0.0, 0.0, 0.0, 0.0, 0.0, 0.0]

Client: 40, Client Send Time: 2.5390181690454483e-07

Client: 41
Send Times:  [0.0, 0.0, 0.0, 0.0, 0.0, 0.0, 0.0, 0.0, 0.0, 0.0, 0.0, 0.0, 0.0, 0.0, 0.0, 0.0, 0.0, 0.0, 0.0, 0.0, 0.0, 0.0, 0.0, 0.0, 0.0]

Client: 41, Client Send Time: 2.0030420273542404e-06

Client: 42
Send Times:  [0.0, 0.0, 0.0, 0.0, 0.0, 0.0, 0.0, 0.0, 0.0, 0.0, 0.0, 0.0, 0.0, 0.0, 0.0, 0.0, 0.0, 0.0, 0.0, 0.0, 0.0, 0.0, 0.0, 0.0, 0.0]

Client: 42, Client Send Time: 2.7799978852272034e-07

Client: 43
Send Times:  [0.0, 0.0, 0.0, 0.0, 0.0, 0.0, 0.0, 0.0, 0.0, 0.0, 0.0, 0.0, 0.0, 0.0, 0.0, 0.0, 0.0, 0.0, 0.0, 0.0, 0.0, 0.0, 0.0, 0.0, 0.0]

Client: 43, Client Send Time: 2.450542524456978e-07

Client: 44
Send Times:  [0.0, 0.0, 0.0, 0.0, 0.0, 0.0, 0.0, 0.0, 0.0, 0.0, 0.0, 0.0, 0.0, 0.0, 0.0, 0.0, 0.0, 0.0, 0.0, 0.0, 0.0, 0.0, 0.0, 0.0, 0.0]

Client: 44, Client Send Time: 2.391054295003414e-06

Client: 45
Send Times:  [0.0, 0.0, 0.0, 0.0, 0.0, 0.0, 0.0, 0.0, 0.0, 0.0, 0.0, 0.0, 0.0, 0.0, 0.0, 0.0, 0.0, 0.0, 0.0, 0.0, 0.0, 0.0, 0.0, 0.0, 0.0]

Client: 45, Client Send Time: 2.7101486921310425e-07

Client: 46
Send Times:  [0.0, 0.0, 0.0, 0.0, 0.0, 0.0, 0.0, 0.0, 0.0, 0.0, 0.0, 0.0, 0.0, 0.0, 0.0, 0.0, 0.0, 0.0, 0.0, 0.0, 0.0, 0.0, 0.0, 0.0, 0.0]

Client: 46, Client Send Time: 2.5890767574310303e-07

Client: 47
Send Times:  [0.0, 0.0, 0.0, 0.0, 0.0, 0.0, 0.0, 0.0, 0.0, 0.0, 0.0, 0.0, 0.0, 0.0, 0.0, 0.0, 0.0, 0.0, 0.0, 0.0, 0.0, 0.0, 0.0, 0.0, 0.0]

Client: 47, Client Send Time: 2.8300564736127853e-07

Client: 48
Send Times:  [0.0, 0.0, 0.0, 0.0, 0.0, 0.0, 0.0, 0.0, 0.0, 0.0, 0.0, 0.0, 0.0, 0.0, 0.0, 0.0, 0.0, 0.0, 0.0, 0.0, 0.0, 0.0, 0.0, 0.0, 0.0]

Client: 48, Client Send Time: 1.3220123946666718e-06

Client: 49
Send Times:  [0.0, 0.0, 0.0, 0.0, 0.0, 0.0, 0.0, 0.0, 0.0, 0.0, 0.0, 0.0, 0.0, 0.0, 0.0, 0.0, 0.0, 0.0, 0.0, 0.0, 0.0, 0.0, 0.0, 0.0, 0.0]

Client: 49, Client Send Time: 3.4493859857320786e-07

Client: 0
Receive Times:  [0.0, 0.0, 0.0, 0.0, 0.0, 0.0, 0.0, 0.0, 0.0, 0.0, 0.0, 0.0, 0.0, 0.0, 0.0, 0.0, 0.0, 0.0, 0.0, 0.0, 0.0, 0.0, 0.0, 0.0, 0.0]

Client: 0, Client Receive Time: 2.6279594749212265e-06

Client: 1
Receive Times:  [0.0, 0.0, 0.0, 0.0, 0.0, 0.0, 0.0, 0.0, 0.0, 0.0, 0.0, 0.0, 1e-05, 0.0, 0.0, 0.0, 0.0, 0.0, 0.0, 0.0, 0.0, 0.0, 0.0, 0.0, 0.0]

Client: 1, Client Receive Time: 9.238021448254585e-06

Client: 2
Receive Times:  [0.0, 0.0, 0.0, 0.0, 0.0, 0.0, 0.0, 0.0, 0.0, 0.0, 0.0, 0.0, 0.0, 0.0, 0.0, 0.0, 0.0, 0.0, 0.0, 0.0, 0.0, 0.0, 0.0, 0.0, 0.0]

Client: 2, Client Receive Time: 8.719507604837418e-07

Client: 3
Receive Times:  [0.0, 0.0, 0.0, 0.0, 0.0, 0.0, 0.0, 0.0, 0.0, 0.0, 0.0, 0.0, 0.0, 0.0, 0.0, 0.0, 0.0, 0.0, 0.0, 0.0, 0.0, 0.0, 0.0, 0.0, 0.0]

Client: 3, Client Receive Time: 6.200280040502548e-07

Client: 4
Receive Times:  [0.0, 0.0, 0.0, 0.0, 0.0, 0.0, 0.0, 0.0, 0.0, 0.0, 0.0, 0.0, 0.0, 0.0, 0.0, 0.0, 0.0, 0.0, 0.0, 0.0, 0.0, 0.0, 0.0, 0.0, 0.0]

Client: 4, Client Receive Time: 8.289935067296028e-07

Client: 5
Receive Times:  [0.0, 0.0, 0.0, 0.0, 0.0, 0.0, 0.0, 0.0, 0.0, 0.0, 0.0, 0.0, 0.0, 0.0, 0.0, 0.0, 0.0, 0.0, 0.0, 0.0, 0.0, 0.0, 0.0, 0.0, 0.0]

Client: 5, Client Receive Time: 5.830079317092896e-07

Client: 6
Receive Times:  [0.0, 0.0, 0.0, 0.0, 0.0, 0.0, 0.0, 0.0, 0.0, 0.0, 0.0, 0.0, 0.0, 0.0, 0.0, 0.0, 0.0, 0.0, 0.0, 0.0, 0.0, 0.0, 0.0, 0.0, 0.0]

Client: 6, Client Receive Time: 7.620546966791153e-07

Client: 7
Receive Times:  [0.0, 0.0, 0.0, 0.0, 0.0, 0.0, 0.0, 0.0, 0.0, 0.0, 0.0, 0.0, 0.0, 0.0, 0.0, 0.0, 0.0, 0.0, 0.0, 0.0, 0.0, 0.0, 0.0, 0.0, 0.0]

Client: 7, Client Receive Time: 3.856956027448177e-06

Client: 8
Receive Times:  [0.0, 0.0, 0.0, 0.0, 0.0, 0.0, 0.0, 0.0, 0.0, 0.0, 0.0, 0.0, 0.0, 0.0, 0.0, 0.0, 0.0, 0.0, 0.0, 0.0, 0.0, 0.0, 0.0, 0.0, 0.0]

Client: 8, Client Receive Time: 9.270152077078819e-07

Client: 9
Receive Times:  [0.0, 0.0, 0.0, 0.0, 0.0, 0.0, 0.0, 0.0, 0.0, 0.0, 0.0, 0.0, 0.0, 0.0, 0.0, 0.0, 0.0, 0.0, 0.0, 0.0, 0.0, 0.0, 0.0, 0.0, 0.0]

Client: 9, Client Receive Time: 8.59028659760952e-07

Client: 10
Receive Times:  [0.0, 0.0, 0.0, 0.0, 0.0, 0.0, 0.0, 0.0, 0.0, 0.0, 0.0, 0.0, 0.0, 0.0, 0.0, 0.0, 0.0, 0.0, 0.0, 0.0, 0.0, 0.0, 0.0, 0.0, 0.0]

Client: 10, Client Receive Time: 6.919726729393005e-07

Client: 11
Receive Times:  [0.0, 0.0, 0.0, 0.0, 0.0, 0.0, 0.0, 0.0, 0.0, 0.0, 0.0, 0.0, 0.0, 0.0, 0.0, 0.0, 0.0, 0.0, 0.0, 0.0, 0.0, 0.0, 0.0, 0.0, 0.0]

Client: 11, Client Receive Time: 7.33998604118824e-07

Client: 12
Receive Times:  [0.0, 0.0, 0.0, 0.0, 0.0, 0.0, 0.0, 0.0, 0.0, 0.0, 0.0, 0.0, 0.0, 0.0, 0.0, 0.0, 0.0, 0.0, 0.0, 0.0, 0.0, 0.0, 0.0, 0.0, 0.0]

Client: 12, Client Receive Time: 2.1010637283325195e-06

Client: 13
Receive Times:  [0.0, 0.0, 0.0, 0.0, 0.0, 0.0, 0.0, 0.0, 0.0, 0.0, 0.0, 0.0, 0.0, 0.0, 0.0, 0.0, 0.0, 0.0, 0.0, 0.0, 0.0, 0.0, 0.0, 0.0, 0.0]

Client: 13, Client Receive Time: 7.699709385633469e-07

Client: 14
Receive Times:  [0.0, 0.0, 0.0, 0.0, 0.0, 0.0, 0.0, 0.0, 0.0, 0.0, 0.0, 0.0, 0.0, 0.0, 0.0, 0.0, 0.0, 0.0, 0.0, 0.0, 0.0, 0.0, 0.0, 0.0, 0.0]

Client: 14, Client Receive Time: 5.720648914575577e-07

Client: 15
Receive Times:  [0.0, 0.0, 0.0, 0.0, 0.0, 0.0, 0.0, 0.0, 0.0, 0.0, 0.0, 0.0, 0.0, 0.0, 0.0, 0.0, 0.0, 0.0, 0.0, 0.0, 0.0, 0.0, 0.0, 0.0, 0.0]

Client: 15, Client Receive Time: 4.970934242010117e-07

Client: 16
Receive Times:  [0.0, 0.0, 0.0, 0.0, 0.0, 0.0, 0.0, 0.0, 0.0, 0.0, 0.0, 0.0, 0.0, 0.0, 0.0, 0.0, 0.0, 0.0, 0.0, 0.0, 0.0, 0.0, 0.0, 0.0, 0.0]

Client: 16, Client Receive Time: 6.909249350428581e-07

Client: 17
Receive Times:  [0.0, 0.0, 0.0, 0.0, 0.0, 0.0, 0.0, 0.0, 0.0, 0.0, 0.0, 0.0, 0.0, 0.0, 0.0, 0.0, 0.0, 0.0, 0.0, 0.0, 0.0, 0.0, 0.0, 0.0, 0.0]

Client: 17, Client Receive Time: 7.720664143562317e-07

Client: 18
Receive Times:  [0.0, 0.0, 0.0, 0.0, 0.0, 0.0, 0.0, 0.0, 0.0, 0.0, 0.0, 0.0, 0.0, 0.0, 0.0, 0.0, 0.0, 0.0, 0.0, 0.0, 0.0, 0.0, 0.0, 0.0, 0.0]

Client: 18, Client Receive Time: 6.690388545393944e-07

Client: 19
Receive Times:  [0.0, 0.0, 0.0, 0.0, 0.0, 0.0, 0.0, 0.0, 0.0, 0.0, 0.0, 0.0, 0.0, 0.0, 0.0, 0.0, 0.0, 0.0, 0.0, 0.0, 0.0, 0.0, 0.0, 0.0, 0.0]

Client: 19, Client Receive Time: 2.296990714967251e-06

Client: 20
Receive Times:  [0.0, 0.0, 0.0, 0.0, 0.0, 0.0, 0.0, 0.0, 0.0, 0.0, 0.0, 0.0, 0.0, 0.0, 0.0, 0.0, 0.0, 0.0, 0.0, 0.0, 0.0, 0.0, 0.0, 0.0, 0.0]

Client: 20, Client Receive Time: 9.209616109728813e-07

Client: 21
Receive Times:  [0.0, 0.0, 0.0, 0.0, 0.0, 0.0, 0.0, 0.0, 0.0, 0.0, 0.0, 0.0, 0.0, 0.0, 0.0, 0.0, 0.0, 0.0, 0.0, 0.0, 0.0, 0.0, 0.0, 0.0, 0.0]

Client: 21, Client Receive Time: 4.359753802418709e-07

Client: 22
Receive Times:  [0.0, 0.0, 0.0, 0.0, 0.0, 0.0, 0.0, 0.0, 0.0, 0.0, 0.0, 0.0, 0.0, 0.0, 0.0, 0.0, 0.0, 0.0, 0.0, 0.0, 0.0, 0.0, 0.0, 0.0, 0.0]

Client: 22, Client Receive Time: 2.192915417253971e-06

Client: 23
Receive Times:  [0.0, 0.0, 0.0, 0.0, 0.0, 0.0, 0.0, 0.0, 0.0, 0.0, 0.0, 0.0, 0.0, 0.0, 0.0, 0.0, 0.0, 0.0, 0.0, 0.0, 0.0, 0.0, 0.0, 0.0, 0.0]

Client: 23, Client Receive Time: 7.130438461899757e-07

Client: 24
Receive Times:  [0.0, 0.0, 0.0, 0.0, 0.0, 0.0, 0.0, 0.0, 0.0, 0.0, 0.0, 0.0, 0.0, 0.0, 0.0, 0.0, 0.0, 0.0, 0.0, 0.0, 0.0, 0.0, 0.0, 0.0, 0.0]

Client: 24, Client Receive Time: 2.2569438442587852e-06

Send Time of Group 1: 0.0

Receive Time of Group 0: 1e-05

Client: 0, Client Deduplicate Time: 1.60996

Client: 1, Client Deduplicate Time: 1.62123

Client: 2, Client Deduplicate Time: 1.6106

Client: 3, Client Deduplicate Time: 1.6108

Client: 4, Client Deduplicate Time: 1.61152

Client: 5, Client Deduplicate Time: 1.62813

Client: 6, Client Deduplicate Time: 1.62103

Client: 7, Client Deduplicate Time: 1.61443

Client: 8, Client Deduplicate Time: 1.61234

Client: 9, Client Deduplicate Time: 1.60741

Client: 10, Client Deduplicate Time: 1.61004

Client: 11, Client Deduplicate Time: 1.61156

Client: 12, Client Deduplicate Time: 1.61537

Client: 13, Client Deduplicate Time: 1.61679

Client: 14, Client Deduplicate Time: 1.61334

Client: 15, Client Deduplicate Time: 1.61468

Client: 16, Client Deduplicate Time: 1.61633

Client: 17, Client Deduplicate Time: 1.61146

Client: 18, Client Deduplicate Time: 1.61837

Client: 19, Client Deduplicate Time: 1.61422

Client: 20, Client Deduplicate Time: 1.67383

Client: 21, Client Deduplicate Time: 1.6238

Client: 22, Client Deduplicate Time: 1.61111

Client: 23, Client Deduplicate Time: 1.62163

Client: 24, Client Deduplicate Time: 1.60998


Total time for entire protocol: 7654.00608

Wall clock time
Start time:  2024-06-23 19:37:25.017064
End time:  2024-06-23 21:56:31.294889

Total data with duplicates:  26214450
Total data without duplicates:  24903700
