EG PSI Type:  EgPsiType.TYPE2

Setup time: 7682.68878

Client: 0, Client Setup Time: 111.28845991787966

Client: 1, Client Setup Time: 110.37083643570077

Client: 2, Client Setup Time: 110.52133001352195

Client: 3, Client Setup Time: 109.7795022209175

Client: 4, Client Setup Time: 109.79227254341822

Client: 5, Client Setup Time: 109.72272862540558

Client: 6, Client Setup Time: 109.8138644490391

Client: 7, Client Setup Time: 109.79646069323644

Client: 8, Client Setup Time: 109.73606760473922

Client: 9, Client Setup Time: 109.74476648913696

Client: 10, Client Setup Time: 109.84280839026906

Client: 11, Client Setup Time: 109.8163929489674

Client: 12, Client Setup Time: 111.79329129657708

Client: 13, Client Setup Time: 109.88334365922492

Client: 14, Client Setup Time: 110.86828989034984

Client: 15, Client Setup Time: 112.11271078814752

Client: 16, Client Setup Time: 109.83063727163244

Client: 17, Client Setup Time: 109.80909594590776

Client: 18, Client Setup Time: 109.79669952113181

Client: 19, Client Setup Time: 112.67750865616836

Client: 20, Client Setup Time: 109.79469701368362

Client: 21, Client Setup Time: 111.96281074441504

Client: 22, Client Setup Time: 109.76356072060298

Client: 23, Client Setup Time: 109.84598638617899

Client: 24, Client Setup Time: 113.25892880128231

Client: 25, Client Setup Time: 109.74988346383907

Client: 26, Client Setup Time: 109.80016325216275

Client: 27, Client Setup Time: 109.77893558447249

Client: 28, Client Setup Time: 109.88476337702014

Client: 29, Client Setup Time: 109.8309676804347

Client: 30, Client Setup Time: 114.08651258389

Client: 31, Client Setup Time: 109.84731875546277

Client: 32, Client Setup Time: 109.76121873676311

Client: 33, Client Setup Time: 109.83277042326517

Client: 34, Client Setup Time: 109.83644809341058

Client: 35, Client Setup Time: 109.84053989348467

Client: 36, Client Setup Time: 109.75985149468761

Client: 37, Client Setup Time: 109.81974311731756

Client: 38, Client Setup Time: 115.07507244881708

Client: 39, Client Setup Time: 109.90411255066283

Client: 40, Client Setup Time: 109.80814882856794

Client: 41, Client Setup Time: 109.82449435489252

Client: 42, Client Setup Time: 109.8450560431229

Client: 43, Client Setup Time: 109.90959095663857

Client: 44, Client Setup Time: 109.7768157745013

Client: 45, Client Setup Time: 109.8053685198538

Client: 46, Client Setup Time: 109.78412297402974

Client: 47, Client Setup Time: 109.82222204457503

Client: 48, Client Setup Time: 109.8031108637806

Client: 49, Client Setup Time: 109.99609842069913

Client: 0, TP Setup Time: 43.34540569409728

Client: 1, TP Setup Time: 43.30774651328102

Client: 2, TP Setup Time: 43.3232433515368

Client: 3, TP Setup Time: 43.32612512412015

Client: 4, TP Setup Time: 43.29677205265034

Client: 5, TP Setup Time: 43.32244100852404

Client: 6, TP Setup Time: 43.29311172594316

Client: 7, TP Setup Time: 43.308190294657834

Client: 8, TP Setup Time: 43.28951344429515

Client: 9, TP Setup Time: 43.304081303766

Client: 10, TP Setup Time: 43.335470151738264

Client: 11, TP Setup Time: 43.31346665404271

Client: 12, TP Setup Time: 43.329385515418835

Client: 13, TP Setup Time: 43.351260861731134

Client: 14, TP Setup Time: 43.31752839661203

Client: 15, TP Setup Time: 43.31110496586189

Client: 16, TP Setup Time: 43.30207229638472

Client: 17, TP Setup Time: 43.289836366078816

Client: 18, TP Setup Time: 43.328770679887384

Client: 19, TP Setup Time: 43.31791575381067

Client: 20, TP Setup Time: 43.319898361340165

Client: 21, TP Setup Time: 43.337003330583684

Client: 22, TP Setup Time: 43.314215700374916

Client: 23, TP Setup Time: 43.32370881573297

Client: 24, TP Setup Time: 43.30731274874415

Client: 25, TP Setup Time: 43.303235832136124

Client: 26, TP Setup Time: 43.30940403579734

Client: 27, TP Setup Time: 43.31110837450251

Client: 28, TP Setup Time: 43.31642812001519

Client: 29, TP Setup Time: 43.31170946452767

Client: 30, TP Setup Time: 43.32146639213897

Client: 31, TP Setup Time: 43.34857324848417

Client: 32, TP Setup Time: 43.306938472320326

Client: 33, TP Setup Time: 43.3152263747761

Client: 34, TP Setup Time: 43.315258416580036

Client: 35, TP Setup Time: 43.28172558755614

Client: 36, TP Setup Time: 43.349659650353715

Client: 37, TP Setup Time: 43.3084734196309

Client: 38, TP Setup Time: 43.3252015610924

Client: 39, TP Setup Time: 43.28858062438667

Client: 40, TP Setup Time: 43.330155264469795

Client: 41, TP Setup Time: 43.318469340214506

Client: 42, TP Setup Time: 43.329201403888874

Client: 43, TP Setup Time: 43.34359069936909

Client: 44, TP Setup Time: 43.32014363456983

Client: 45, TP Setup Time: 43.31242560711689

Client: 46, TP Setup Time: 43.311849184916355

Client: 47, TP Setup Time: 43.322123972466215

Client: 48, TP Setup Time: 43.329896475188434

Client: 49, TP Setup Time: 43.33596850722097


Current Level:  5

Client: 2
Send Times:  [2e-05]

Client: 2, Client Send Time: 2.261705230921507e-05

Client: 5
Send Times:  [0.0]

Client: 5, Client Send Time: 1.0440126061439514e-06

Client: 8
Send Times:  [0.0]

Client: 8, Client Send Time: 1.4159595593810081e-06

Client: 11
Send Times:  [0.0]

Client: 11, Client Send Time: 1.3130484148859978e-06

Client: 14
Send Times:  [0.0]

Client: 14, Client Send Time: 1.5050172805786133e-06

Client: 17
Send Times:  [0.0]

Client: 17, Client Send Time: 1.0889489203691483e-06

Client: 20
Send Times:  [0.0]

Client: 20, Client Send Time: 1.0700896382331848e-06

Client: 22
Send Times:  [0.0]

Client: 22, Client Send Time: 1.6220146790146828e-06

Client: 24
Send Times:  [0.0]

Client: 24, Client Send Time: 1.1919764801859856e-06

Client: 27
Send Times:  [0.0]

Client: 27, Client Send Time: 1.2739328667521477e-06

Client: 30
Send Times:  [0.0]

Client: 30, Client Send Time: 1.1309748515486717e-06

Client: 33
Send Times:  [0.0]

Client: 33, Client Send Time: 1.4210818335413933e-06

Client: 36
Send Times:  [0.0]

Client: 36, Client Send Time: 1.5380792319774628e-06

Client: 39
Send Times:  [0.0]

Client: 39, Client Send Time: 1.1059455573558807e-06

Client: 42
Send Times:  [0.0]

Client: 42, Client Send Time: 1.2209638953208923e-06

Client: 45
Send Times:  [0.0]

Client: 45, Client Send Time: 1.4309771358966827e-06

Client: 47
Send Times:  [0.0]

Client: 47, Client Send Time: 1.1780066415667534e-06

Client: 49
Send Times:  [0.0]

Client: 49, Client Send Time: 1.1639203876256943e-06

Client: 1
Receive Times:  [0.0]

Client: 1, Client Receive Time: 2.1919840946793556e-06

Client: 4
Receive Times:  [0.0]

Client: 4, Client Receive Time: 2.066022716462612e-06

Client: 7
Receive Times:  [0.0]

Client: 7, Client Receive Time: 2.505956217646599e-06

Client: 10
Receive Times:  [0.0]

Client: 10, Client Receive Time: 2.235989086329937e-06

Client: 13
Receive Times:  [0.0]

Client: 13, Client Receive Time: 2.1390151232481003e-06

Client: 16
Receive Times:  [0.0]

Client: 16, Client Receive Time: 2.2400636225938797e-06

Client: 19
Receive Times:  [0.0]

Client: 19, Client Receive Time: 2.3830216377973557e-06

Client: 21
Receive Times:  [0.0]

Client: 21, Client Receive Time: 2.2460008040070534e-06

Client: 23
Receive Times:  [0.0]

Client: 23, Client Receive Time: 2.1600862964987755e-06

Client: 26
Receive Times:  [0.0]

Client: 26, Client Receive Time: 2.7670757845044136e-06

Client: 29
Receive Times:  [0.0]

Client: 29, Client Receive Time: 2.3399479687213898e-06

Client: 32
Receive Times:  [0.0]

Client: 32, Client Receive Time: 2.2599706426262856e-06

Client: 35
Receive Times:  [0.0]

Client: 35, Client Receive Time: 2.4810433387756348e-06

Client: 38
Receive Times:  [0.0]

Client: 38, Client Receive Time: 2.176966518163681e-06

Client: 41
Receive Times:  [0.0]

Client: 41, Client Receive Time: 1.9069993868470192e-06

Client: 44
Receive Times:  [0.0]

Client: 44, Client Receive Time: 2.1280720829963684e-06

Client: 46
Receive Times:  [0.0]

Client: 46, Client Receive Time: 1.9869767129421234e-06

Client: 48
Receive Times:  [0.0]

Client: 48, Client Receive Time: 2.054031938314438e-06

Send Time of Group 1: 2e-05

Receive Time of Group 0: 0.0

Client: 1, Client Deduplicate Time: 0.07091

Client: 4, Client Deduplicate Time: 0.07198

Client: 7, Client Deduplicate Time: 0.07076

Client: 10, Client Deduplicate Time: 0.07066

Client: 13, Client Deduplicate Time: 0.07097

Client: 16, Client Deduplicate Time: 0.0704

Client: 19, Client Deduplicate Time: 0.07138

Client: 21, Client Deduplicate Time: 0.072

Client: 23, Client Deduplicate Time: 0.07146

Client: 26, Client Deduplicate Time: 0.0709

Client: 29, Client Deduplicate Time: 0.07189

Client: 32, Client Deduplicate Time: 0.07162

Client: 35, Client Deduplicate Time: 0.07308

Client: 38, Client Deduplicate Time: 0.0731

Client: 41, Client Deduplicate Time: 0.07284

Client: 44, Client Deduplicate Time: 0.07182

Client: 46, Client Deduplicate Time: 0.07171

Client: 48, Client Deduplicate Time: 0.07247


Current Level:  4

Client: 1
Send Times:  [0.0]

Client: 1, Client Send Time: 1.5110708773136139e-06

Client: 2
Send Times:  [0.0]

Client: 2, Client Send Time: 3.8603320717811584e-07

Client: 4
Send Times:  [0.0]

Client: 4, Client Send Time: 1.4300458133220673e-06

Client: 5
Send Times:  [0.0]

Client: 5, Client Send Time: 3.6403071135282516e-07

Client: 7
Send Times:  [0.0]

Client: 7, Client Send Time: 1.667998731136322e-06

Client: 8
Send Times:  [0.0]

Client: 8, Client Send Time: 3.239838406443596e-07

Client: 10
Send Times:  [0.0]

Client: 10, Client Send Time: 1.1819647625088692e-06

Client: 11
Send Times:  [0.0]

Client: 11, Client Send Time: 3.889435902237892e-07

Client: 13
Send Times:  [0.0]

Client: 13, Client Send Time: 1.0719522833824158e-06

Client: 14
Send Times:  [0.0]

Client: 14, Client Send Time: 4.019821062684059e-07

Client: 16
Send Times:  [0.0]

Client: 16, Client Send Time: 1.4620600268244743e-06

Client: 17
Send Times:  [0.0]

Client: 17, Client Send Time: 3.7299469113349915e-07

Client: 19
Send Times:  [0.0]

Client: 19, Client Send Time: 1.2869713827967644e-06

Client: 20
Send Times:  [0.0]

Client: 20, Client Send Time: 3.7497375160455704e-07

Client: 23
Send Times:  [0.0, 0.0]

Client: 23, Client Send Time: 1.166015863418579e-06

Client: 24
Send Times:  [0.0, 0.0]

Client: 24, Client Send Time: 4.109460860490799e-07

Client: 26
Send Times:  [0.0]

Client: 26, Client Send Time: 1.5040859580039978e-06

Client: 27
Send Times:  [0.0]

Client: 27, Client Send Time: 3.6100391298532486e-07

Client: 29
Send Times:  [0.0]

Client: 29, Client Send Time: 1.1149095371365547e-06

Client: 30
Send Times:  [0.0]

Client: 30, Client Send Time: 3.5599805414676666e-07

Client: 32
Send Times:  [0.0]

Client: 32, Client Send Time: 1.301988959312439e-06

Client: 33
Send Times:  [0.0]

Client: 33, Client Send Time: 3.350432962179184e-07

Client: 35
Send Times:  [0.0]

Client: 35, Client Send Time: 1.143082045018673e-06

Client: 36
Send Times:  [0.0]

Client: 36, Client Send Time: 3.169989213347435e-07

Client: 38
Send Times:  [0.0]

Client: 38, Client Send Time: 1.474982127547264e-06

Client: 39
Send Times:  [0.0]

Client: 39, Client Send Time: 3.7800054997205734e-07

Client: 41
Send Times:  [0.0]

Client: 41, Client Send Time: 1.1860392987728119e-06

Client: 42
Send Times:  [0.0]

Client: 42, Client Send Time: 4.029134288430214e-07

Client: 44
Send Times:  [0.0]

Client: 44, Client Send Time: 1.0830117389559746e-06

Client: 45
Send Times:  [0.0]

Client: 45, Client Send Time: 3.550667315721512e-07

Client: 48
Send Times:  [0.0, 0.0]

Client: 48, Client Send Time: 1.0649673640727997e-06

Client: 49
Send Times:  [0.0, 0.0]

Client: 49, Client Send Time: 3.83937731385231e-07

Client: 0
Receive Times:  [0.0, 0.0]

Client: 0, Client Receive Time: 2.254033461213112e-06

Client: 3
Receive Times:  [0.0, 0.0]

Client: 3, Client Receive Time: 2.325046807527542e-06

Client: 6
Receive Times:  [0.0, 0.0]

Client: 6, Client Receive Time: 2.344953827559948e-06

Client: 9
Receive Times:  [0.0, 0.0]

Client: 9, Client Receive Time: 1.8959399312734604e-06

Client: 12
Receive Times:  [0.0, 0.0]

Client: 12, Client Receive Time: 2.3759203031659126e-06

Client: 15
Receive Times:  [0.0, 0.0]

Client: 15, Client Receive Time: 2.4390174075961113e-06

Client: 18
Receive Times:  [0.0, 0.0]

Client: 18, Client Receive Time: 1.9470462575554848e-06

Client: 21
Receive Times:  [0.0, 0.0]

Client: 21, Client Receive Time: 1.8349383026361465e-06

Client: 22
Receive Times:  [0.0, 0.0]

Client: 22, Client Receive Time: 5.380716174840927e-07

Client: 25
Receive Times:  [0.0, 0.0]

Client: 25, Client Receive Time: 2.561020664870739e-06

Client: 28
Receive Times:  [0.0, 0.0]

Client: 28, Client Receive Time: 1.8579885363578796e-06

Client: 31
Receive Times:  [0.0, 0.0]

Client: 31, Client Receive Time: 2.070097252726555e-06

Client: 34
Receive Times:  [0.0, 0.0]

Client: 34, Client Receive Time: 2.1260930225253105e-06

Client: 37
Receive Times:  [0.0, 0.0]

Client: 37, Client Receive Time: 2.170098014175892e-06

Client: 40
Receive Times:  [0.0, 0.0]

Client: 40, Client Receive Time: 2.4900073185563087e-06

Client: 43
Receive Times:  [1e-05, 0.0]

Client: 43, Client Receive Time: 9.363982826471329e-06

Client: 46
Receive Times:  [0.0, 0.0]

Client: 46, Client Receive Time: 2.0370353013277054e-06

Client: 47
Receive Times:  [0.0, 0.0]

Client: 47, Client Receive Time: 6.379559636116028e-07

Send Time of Group 1: 0.0

Receive Time of Group 0: 1e-05

Client: 0, Client Deduplicate Time: 0.13758

Client: 3, Client Deduplicate Time: 0.13766

Client: 6, Client Deduplicate Time: 0.13766

Client: 9, Client Deduplicate Time: 0.13808

Client: 12, Client Deduplicate Time: 0.13898

Client: 15, Client Deduplicate Time: 0.13875

Client: 18, Client Deduplicate Time: 0.13919

Client: 21, Client Deduplicate Time: 0.13977

Client: 22, Client Deduplicate Time: 0.13915

Client: 25, Client Deduplicate Time: 0.13962

Client: 28, Client Deduplicate Time: 0.14006

Client: 31, Client Deduplicate Time: 0.13982

Client: 34, Client Deduplicate Time: 0.14289

Client: 37, Client Deduplicate Time: 0.14201

Client: 40, Client Deduplicate Time: 0.14182

Client: 43, Client Deduplicate Time: 0.1448

Client: 46, Client Deduplicate Time: 0.14145

Client: 47, Client Deduplicate Time: 0.14155


Current Level:  3

Client: 3
Send Times:  [0.0, 0.0, 0.0]

Client: 3, Client Send Time: 1.6139820218086243e-06

Client: 4
Send Times:  [0.0, 0.0, 0.0]

Client: 4, Client Send Time: 3.949971869587898e-07

Client: 5
Send Times:  [0.0, 0.0, 0.0]

Client: 5, Client Send Time: 3.159511834383011e-07

Client: 9
Send Times:  [0.0, 0.0, 0.0]

Client: 9, Client Send Time: 1.2629898265004158e-06

Client: 10
Send Times:  [0.0, 0.0, 0.0]

Client: 10, Client Send Time: 3.511086106300354e-07

Client: 11
Send Times:  [0.0, 0.0, 0.0]

Client: 11, Client Send Time: 3.069872036576271e-07

Client: 15
Send Times:  [0.0, 0.0, 0.0]

Client: 15, Client Send Time: 1.0730000212788582e-06

Client: 16
Send Times:  [0.0, 0.0, 0.0]

Client: 16, Client Send Time: 4.130415618419647e-07

Client: 17
Send Times:  [0.0, 0.0, 0.0]

Client: 17, Client Send Time: 3.5902485251426697e-07

Client: 21
Send Times:  [0.0, 0.0, 0.0]

Client: 21, Client Send Time: 1.1210795491933823e-06

Client: 22
Send Times:  [0.0, 0.0, 0.0]

Client: 22, Client Send Time: 4.259636625647545e-07

Client: 23
Send Times:  [0.0, 0.0, 0.0]

Client: 23, Client Send Time: 4.869652912020683e-07

Client: 24
Send Times:  [0.0, 0.0, 0.0]

Client: 24, Client Send Time: 3.320164978504181e-07

Client: 28
Send Times:  [0.0, 0.0, 0.0]

Client: 28, Client Send Time: 1.5799887478351593e-06

Client: 29
Send Times:  [0.0, 0.0, 0.0]

Client: 29, Client Send Time: 3.2794196158647537e-07

Client: 30
Send Times:  [0.0, 0.0, 0.0]

Client: 30, Client Send Time: 2.6496127247810364e-07

Client: 34
Send Times:  [0.0, 0.0, 0.0]

Client: 34, Client Send Time: 1.276959665119648e-06

Client: 35
Send Times:  [0.0, 0.0, 0.0]

Client: 35, Client Send Time: 3.390014171600342e-07

Client: 36
Send Times:  [0.0, 0.0, 0.0]

Client: 36, Client Send Time: 3.7706922739744186e-07

Client: 40
Send Times:  [0.0, 0.0, 0.0]

Client: 40, Client Send Time: 1.2370292097330093e-06

Client: 41
Send Times:  [0.0, 0.0, 0.0]

Client: 41, Client Send Time: 3.230525180697441e-07

Client: 42
Send Times:  [0.0, 0.0, 0.0]

Client: 42, Client Send Time: 2.6600901037454605e-07

Client: 46
Send Times:  [0.0, 0.0, 0.0]

Client: 46, Client Send Time: 1.1079246178269386e-06

Client: 47
Send Times:  [0.0, 0.0, 0.0]

Client: 47, Client Send Time: 4.580942913889885e-07

Client: 48
Send Times:  [0.0, 0.0, 0.0]

Client: 48, Client Send Time: 3.41096892952919e-07

Client: 49
Send Times:  [0.0, 0.0, 0.0]

Client: 49, Client Send Time: 6.150221452116966e-07

Client: 0
Receive Times:  [0.0, 0.0, 0.0]

Client: 0, Client Receive Time: 2.400018274784088e-06

Client: 1
Receive Times:  [0.0, 0.0, 0.0]

Client: 1, Client Receive Time: 5.760230123996735e-07

Client: 2
Receive Times:  [0.0, 0.0, 0.0]

Client: 2, Client Receive Time: 6.860354915261269e-07

Client: 6
Receive Times:  [0.0, 0.0, 0.0]

Client: 6, Client Receive Time: 2.2120075300335884e-06

Client: 7
Receive Times:  [0.0, 0.0, 0.0]

Client: 7, Client Receive Time: 5.170004442334175e-07

Client: 8
Receive Times:  [0.0, 0.0, 0.0]

Client: 8, Client Receive Time: 7.799826562404633e-07

Client: 12
Receive Times:  [0.0, 0.0, 0.0]

Client: 12, Client Receive Time: 2.1620653569698334e-06

Client: 13
Receive Times:  [0.0, 0.0, 0.0]

Client: 13, Client Receive Time: 5.379552021622658e-07

Client: 14
Receive Times:  [0.0, 0.0, 0.0]

Client: 14, Client Receive Time: 6.769550964236259e-07

Client: 18
Receive Times:  [0.0, 0.0, 0.0, 0.0]

Client: 18, Client Receive Time: 2.007000148296356e-06

Client: 19
Receive Times:  [0.0, 0.0, 0.0, 0.0]

Client: 19, Client Receive Time: 7.119961082935333e-07

Client: 20
Receive Times:  [0.0, 0.0, 0.0, 0.0]

Client: 20, Client Receive Time: 6.789341568946838e-07

Client: 25
Receive Times:  [0.0, 0.0, 0.0]

Client: 25, Client Receive Time: 2.3959437385201454e-06

Client: 26
Receive Times:  [0.0, 0.0, 0.0]

Client: 26, Client Receive Time: 5.980255082249641e-07

Client: 27
Receive Times:  [0.0, 0.0, 0.0]

Client: 27, Client Receive Time: 5.660112947225571e-07

Client: 31
Receive Times:  [0.0, 0.0, 0.0]

Client: 31, Client Receive Time: 1.9400613382458687e-06

Client: 32
Receive Times:  [0.0, 0.0, 0.0]

Client: 32, Client Receive Time: 6.098998710513115e-07

Client: 33
Receive Times:  [0.0, 0.0, 0.0]

Client: 33, Client Receive Time: 7.210765033960342e-07

Client: 37
Receive Times:  [0.0, 0.0, 0.0]

Client: 37, Client Receive Time: 2.0531006157398224e-06

Client: 38
Receive Times:  [0.0, 0.0, 0.0]

Client: 38, Client Receive Time: 7.430789992213249e-07

Client: 39
Receive Times:  [0.0, 0.0, 0.0]

Client: 39, Client Receive Time: 5.990732461214066e-07

Client: 43
Receive Times:  [0.0, 0.0, 0.0, 0.0]

Client: 43, Client Receive Time: 2.025044523179531e-06

Client: 44
Receive Times:  [0.0, 0.0, 0.0, 0.0]

Client: 44, Client Receive Time: 7.00005330145359e-07

Client: 45
Receive Times:  [0.0, 0.0, 0.0, 0.0]

Client: 45, Client Receive Time: 8.039642125368118e-07

Send Time of Group 1: 0.0

Receive Time of Group 0: 0.0

Client: 0, Client Deduplicate Time: 0.20586

Client: 1, Client Deduplicate Time: 0.20418

Client: 2, Client Deduplicate Time: 0.2045

Client: 6, Client Deduplicate Time: 0.20489

Client: 7, Client Deduplicate Time: 0.20509

Client: 8, Client Deduplicate Time: 0.21675

Client: 12, Client Deduplicate Time: 0.20628

Client: 13, Client Deduplicate Time: 0.20845

Client: 14, Client Deduplicate Time: 0.20653

Client: 18, Client Deduplicate Time: 0.27615

Client: 19, Client Deduplicate Time: 0.27527

Client: 20, Client Deduplicate Time: 0.27601

Client: 25, Client Deduplicate Time: 0.20868

Client: 26, Client Deduplicate Time: 0.20972

Client: 27, Client Deduplicate Time: 0.20928

Client: 31, Client Deduplicate Time: 0.21049

Client: 32, Client Deduplicate Time: 0.21029

Client: 33, Client Deduplicate Time: 0.21026

Client: 37, Client Deduplicate Time: 0.21332

Client: 38, Client Deduplicate Time: 0.21224

Client: 39, Client Deduplicate Time: 0.21183

Client: 43, Client Deduplicate Time: 0.28196

Client: 44, Client Deduplicate Time: 0.28113

Client: 45, Client Deduplicate Time: 0.28144


Current Level:  2

Client: 6
Send Times:  [0.0, 0.0, 0.0, 0.0, 0.0, 0.0]

Client: 6, Client Send Time: 1.0950025171041489e-06

Client: 7
Send Times:  [0.0, 0.0, 0.0, 0.0, 0.0, 0.0]

Client: 7, Client Send Time: 5.119945853948593e-07

Client: 8
Send Times:  [0.0, 0.0, 0.0, 0.0, 0.0, 0.0]

Client: 8, Client Send Time: 3.8300640881061554e-07

Client: 9
Send Times:  [0.0, 0.0, 0.0, 0.0, 0.0, 0.0]

Client: 9, Client Send Time: 3.220047801733017e-07

Client: 10
Send Times:  [0.0, 0.0, 0.0, 0.0, 0.0, 0.0]

Client: 10, Client Send Time: 2.769520506262779e-07

Client: 11
Send Times:  [0.0, 0.0, 0.0, 0.0, 0.0, 0.0]

Client: 11, Client Send Time: 2.869637683033943e-07

Client: 18
Send Times:  [0.0, 0.0, 0.0, 0.0, 0.0, 0.0]

Client: 18, Client Send Time: 1.1889496818184853e-06

Client: 19
Send Times:  [0.0, 0.0, 0.0, 0.0, 0.0, 0.0]

Client: 19, Client Send Time: 4.6996865421533585e-07

Client: 20
Send Times:  [0.0, 0.0, 0.0, 0.0, 0.0, 0.0]

Client: 20, Client Send Time: 2.9103830456733704e-07

Client: 21
Send Times:  [0.0, 0.0, 0.0, 0.0, 0.0, 0.0]

Client: 21, Client Send Time: 3.291061148047447e-07

Client: 22
Send Times:  [0.0, 0.0, 0.0, 0.0, 0.0, 0.0]

Client: 22, Client Send Time: 2.5902409106492996e-07

Client: 23
Send Times:  [0.0, 0.0, 0.0, 0.0, 0.0, 0.0]

Client: 23, Client Send Time: 2.8300564736127853e-07

Client: 24
Send Times:  [0.0, 0.0, 0.0, 0.0, 0.0, 0.0]

Client: 24, Client Send Time: 3.130408003926277e-07

Client: 31
Send Times:  [0.0, 0.0, 0.0, 0.0, 0.0, 0.0]

Client: 31, Client Send Time: 1.2130476534366608e-06

Client: 32
Send Times:  [0.0, 0.0, 0.0, 0.0, 0.0, 0.0]

Client: 32, Client Send Time: 4.700850695371628e-07

Client: 33
Send Times:  [0.0, 0.0, 0.0, 0.0, 0.0, 0.0]

Client: 33, Client Send Time: 2.869637683033943e-07

Client: 34
Send Times:  [0.0, 0.0, 0.0, 0.0, 0.0, 0.0]

Client: 34, Client Send Time: 2.6298221200704575e-07

Client: 35
Send Times:  [0.0, 0.0, 0.0, 0.0, 0.0, 0.0]

Client: 35, Client Send Time: 2.899905666708946e-07

Client: 36
Send Times:  [0.0, 0.0, 0.0, 0.0, 0.0, 0.0]

Client: 36, Client Send Time: 2.5902409106492996e-07

Client: 43
Send Times:  [0.0, 0.0, 0.0, 0.0, 0.0, 0.0]

Client: 43, Client Send Time: 1.176958903670311e-06

Client: 44
Send Times:  [0.0, 0.0, 0.0, 0.0, 0.0, 0.0]

Client: 44, Client Send Time: 4.169996827840805e-07

Client: 45
Send Times:  [0.0, 0.0, 0.0, 0.0, 0.0, 0.0]

Client: 45, Client Send Time: 3.5995617508888245e-07

Client: 46
Send Times:  [0.0, 0.0, 0.0, 0.0, 0.0, 0.0]

Client: 46, Client Send Time: 3.6100391298532486e-07

Client: 47
Send Times:  [0.0, 0.0, 0.0, 0.0, 0.0, 0.0]

Client: 47, Client Send Time: 2.949964255094528e-07

Client: 48
Send Times:  [0.0, 0.0, 0.0, 0.0, 0.0, 0.0]

Client: 48, Client Send Time: 2.8905924409627914e-07

Client: 49
Send Times:  [0.0, 0.0, 0.0, 0.0, 0.0, 0.0]

Client: 49, Client Send Time: 3.270106390118599e-07

Client: 0
Receive Times:  [0.0, 0.0, 0.0, 0.0, 0.0, 0.0]

Client: 0, Client Receive Time: 2.3980392143130302e-06

Client: 1
Receive Times:  [0.0, 0.0, 0.0, 0.0, 0.0, 0.0]

Client: 1, Client Receive Time: 7.409835234284401e-07

Client: 2
Receive Times:  [0.0, 0.0, 0.0, 0.0, 0.0, 0.0]

Client: 2, Client Receive Time: 5.3399708122015e-07

Client: 3
Receive Times:  [0.0, 0.0, 0.0, 0.0, 0.0, 0.0]

Client: 3, Client Receive Time: 6.050104275345802e-07

Client: 4
Receive Times:  [0.0, 0.0, 0.0, 0.0, 0.0, 0.0]

Client: 4, Client Receive Time: 6.320187821984291e-07

Client: 5
Receive Times:  [0.0, 0.0, 0.0, 0.0, 0.0, 0.0]

Client: 5, Client Receive Time: 3.949971869587898e-07

Client: 12
Receive Times:  [0.0, 0.0, 0.0, 0.0, 0.0, 0.0, 0.0]

Client: 12, Client Receive Time: 2.1759187802672386e-06

Client: 13
Receive Times:  [1e-05, 0.0, 0.0, 0.0, 0.0, 0.0, 0.0]

Client: 13, Client Receive Time: 1.1604046449065208e-05

Client: 14
Receive Times:  [0.0, 0.0, 0.0, 0.0, 0.0, 0.0, 0.0]

Client: 14, Client Receive Time: 5.509937182068825e-07

Client: 15
Receive Times:  [0.0, 0.0, 0.0, 0.0, 0.0, 0.0, 0.0]

Client: 15, Client Receive Time: 6.259651854634285e-07

Client: 16
Receive Times:  [0.0, 0.0, 0.0, 0.0, 0.0, 0.0, 0.0]

Client: 16, Client Receive Time: 4.949979484081268e-07

Client: 17
Receive Times:  [0.0, 0.0, 0.0, 0.0, 0.0, 0.0, 0.0]

Client: 17, Client Receive Time: 6.369082257151604e-07

Client: 25
Receive Times:  [0.0, 0.0, 0.0, 1e-05, 0.0, 0.0]

Client: 25, Client Receive Time: 1.204002182930708e-05

Client: 26
Receive Times:  [0.0, 0.0, 0.0, 0.0, 0.0, 0.0]

Client: 26, Client Receive Time: 7.600756362080574e-07

Client: 27
Receive Times:  [0.0, 0.0, 0.0, 0.0, 0.0, 0.0]

Client: 27, Client Receive Time: 6.980262696743011e-07

Client: 28
Receive Times:  [0.0, 0.0, 0.0, 0.0, 0.0, 0.0]

Client: 28, Client Receive Time: 7.959315553307533e-07

Client: 29
Receive Times:  [0.0, 0.0, 0.0, 0.0, 0.0, 0.0]

Client: 29, Client Receive Time: 5.499459803104401e-07

Client: 30
Receive Times:  [0.0, 0.0, 0.0, 0.0, 0.0, 0.0]

Client: 30, Client Receive Time: 6.810296326875687e-07

Client: 37
Receive Times:  [0.0, 0.0, 0.0, 0.0, 0.0, 0.0, 0.0]

Client: 37, Client Receive Time: 1.9600847736001015e-06

Client: 38
Receive Times:  [0.0, 0.0, 0.0, 0.0, 0.0, 0.0, 0.0]

Client: 38, Client Receive Time: 8.639181032776833e-07

Client: 39
Receive Times:  [0.0, 0.0, 0.0, 0.0, 0.0, 0.0, 0.0]

Client: 39, Client Receive Time: 4.989560693502426e-07

Client: 40
Receive Times:  [0.0, 0.0, 0.0, 0.0, 0.0, 0.0, 0.0]

Client: 40, Client Receive Time: 5.009351298213005e-07

Client: 41
Receive Times:  [0.0, 0.0, 0.0, 0.0, 0.0, 0.0, 0.0]

Client: 41, Client Receive Time: 5.259644240140915e-07

Client: 42
Receive Times:  [0.0, 0.0, 0.0, 0.0, 0.0, 0.0, 0.0]

Client: 42, Client Receive Time: 6.180489435791969e-07

Send Time of Group 1: 0.0

Receive Time of Group 0: 1e-05

Client: 0, Client Deduplicate Time: 0.40775

Client: 1, Client Deduplicate Time: 0.40681

Client: 2, Client Deduplicate Time: 0.40682

Client: 3, Client Deduplicate Time: 0.40597

Client: 4, Client Deduplicate Time: 0.40916

Client: 5, Client Deduplicate Time: 0.40743

Client: 12, Client Deduplicate Time: 0.47822

Client: 13, Client Deduplicate Time: 0.49059

Client: 14, Client Deduplicate Time: 0.47852

Client: 15, Client Deduplicate Time: 0.47988

Client: 16, Client Deduplicate Time: 0.47921

Client: 17, Client Deduplicate Time: 0.47992

Client: 25, Client Deduplicate Time: 0.41566

Client: 26, Client Deduplicate Time: 0.41422

Client: 27, Client Deduplicate Time: 0.41377

Client: 28, Client Deduplicate Time: 0.41365

Client: 29, Client Deduplicate Time: 0.41671

Client: 30, Client Deduplicate Time: 0.41792

Client: 37, Client Deduplicate Time: 0.4919

Client: 38, Client Deduplicate Time: 0.48762

Client: 39, Client Deduplicate Time: 0.48795

Client: 40, Client Deduplicate Time: 0.49287

Client: 41, Client Deduplicate Time: 0.49145

Client: 42, Client Deduplicate Time: 0.49745


Current Level:  1

Client: 12
Send Times:  [0.0, 0.0, 0.0, 0.0, 0.0, 0.0, 0.0, 0.0, 0.0, 0.0, 0.0, 0.0]

Client: 12, Client Send Time: 1.401989720761776e-06

Client: 13
Send Times:  [0.0, 0.0, 0.0, 0.0, 0.0, 0.0, 0.0, 0.0, 0.0, 0.0, 0.0, 0.0]

Client: 13, Client Send Time: 5.549518391489983e-07

Client: 14
Send Times:  [0.0, 0.0, 0.0, 0.0, 0.0, 0.0, 0.0, 0.0, 0.0, 0.0, 0.0, 0.0]

Client: 14, Client Send Time: 3.7299469113349915e-07

Client: 15
Send Times:  [0.0, 0.0, 0.0, 0.0, 0.0, 0.0, 0.0, 0.0, 0.0, 0.0, 0.0, 0.0]

Client: 15, Client Send Time: 3.969762474298477e-07

Client: 16
Send Times:  [0.0, 0.0, 0.0, 0.0, 0.0, 0.0, 0.0, 0.0, 0.0, 0.0, 0.0, 0.0]

Client: 16, Client Send Time: 3.239838406443596e-07

Client: 17
Send Times:  [0.0, 0.0, 0.0, 0.0, 0.0, 0.0, 0.0, 0.0, 0.0, 0.0, 0.0, 0.0]

Client: 17, Client Send Time: 2.949964255094528e-07

Client: 18
Send Times:  [0.0, 0.0, 0.0, 0.0, 0.0, 0.0, 0.0, 0.0, 0.0, 0.0, 0.0, 0.0]

Client: 18, Client Send Time: 3.4098047763109207e-07

Client: 19
Send Times:  [0.0, 0.0, 0.0, 0.0, 0.0, 0.0, 0.0, 0.0, 0.0, 0.0, 0.0, 0.0]

Client: 19, Client Send Time: 2.7101486921310425e-07

Client: 20
Send Times:  [0.0, 0.0, 0.0, 0.0, 0.0, 0.0, 0.0, 0.0, 0.0, 0.0, 0.0, 0.0]

Client: 20, Client Send Time: 2.6694033294916153e-07

Client: 21
Send Times:  [0.0, 0.0, 0.0, 0.0, 0.0, 0.0, 0.0, 0.0, 0.0, 0.0, 0.0, 0.0]

Client: 21, Client Send Time: 2.7008354663848877e-07

Client: 22
Send Times:  [0.0, 0.0, 0.0, 0.0, 0.0, 0.0, 0.0, 0.0, 0.0, 0.0, 0.0, 0.0]

Client: 22, Client Send Time: 2.849847078323364e-07

Client: 23
Send Times:  [0.0, 0.0, 0.0, 0.0, 0.0, 0.0, 0.0, 0.0, 0.0, 0.0, 0.0, 0.0]

Client: 23, Client Send Time: 2.7602072805166245e-07

Client: 24
Send Times:  [0.0, 0.0, 0.0, 0.0, 0.0, 0.0, 0.0, 0.0, 0.0, 0.0, 0.0, 0.0]

Client: 24, Client Send Time: 2.6705674827098846e-07

Client: 37
Send Times:  [0.0, 0.0, 0.0, 0.0, 0.0, 0.0, 0.0, 0.0, 0.0, 0.0, 0.0, 0.0]

Client: 37, Client Send Time: 1.2509990483522415e-06

Client: 38
Send Times:  [0.0, 0.0, 0.0, 0.0, 0.0, 0.0, 0.0, 0.0, 0.0, 0.0, 0.0, 0.0]

Client: 38, Client Send Time: 4.119938239455223e-07

Client: 39
Send Times:  [0.0, 0.0, 0.0, 0.0, 0.0, 0.0, 0.0, 0.0, 0.0, 0.0, 0.0, 0.0]

Client: 39, Client Send Time: 3.0407682061195374e-07

Client: 40
Send Times:  [0.0, 0.0, 0.0, 0.0, 0.0, 0.0, 0.0, 0.0, 0.0, 0.0, 0.0, 0.0]

Client: 40, Client Send Time: 6.599584594368935e-07

Client: 41
Send Times:  [0.0, 0.0, 0.0, 0.0, 0.0, 0.0, 0.0, 0.0, 0.0, 0.0, 0.0, 0.0]

Client: 41, Client Send Time: 2.4796463549137115e-07

Client: 42
Send Times:  [0.0, 0.0, 0.0, 0.0, 0.0, 0.0, 0.0, 0.0, 0.0, 0.0, 0.0, 0.0]

Client: 42, Client Send Time: 3.5599805414676666e-07

Client: 43
Send Times:  [0.0, 0.0, 0.0, 0.0, 0.0, 0.0, 0.0, 0.0, 0.0, 0.0, 0.0, 0.0]

Client: 43, Client Send Time: 3.0407682061195374e-07

Client: 44
Send Times:  [0.0, 0.0, 0.0, 0.0, 0.0, 0.0, 0.0, 0.0, 0.0, 0.0, 0.0, 0.0]

Client: 44, Client Send Time: 2.4796463549137115e-07

Client: 45
Send Times:  [0.0, 0.0, 0.0, 0.0, 0.0, 0.0, 0.0, 0.0, 0.0, 0.0, 0.0, 0.0]

Client: 45, Client Send Time: 3.019813448190689e-07

Client: 46
Send Times:  [0.0, 0.0, 0.0, 0.0, 0.0, 0.0, 0.0, 0.0, 0.0, 0.0, 0.0, 0.0]

Client: 46, Client Send Time: 2.5203917175531387e-07

Client: 47
Send Times:  [0.0, 0.0, 0.0, 0.0, 0.0, 0.0, 0.0, 0.0, 0.0, 0.0, 0.0, 0.0]

Client: 47, Client Send Time: 3.039604052901268e-07

Client: 48
Send Times:  [0.0, 0.0, 0.0, 0.0, 0.0, 0.0, 0.0, 0.0, 0.0, 0.0, 0.0, 0.0]

Client: 48, Client Send Time: 3.5850098356604576e-06

Client: 49
Send Times:  [0.0, 0.0, 0.0, 0.0, 0.0, 0.0, 0.0, 0.0, 0.0, 0.0, 0.0, 0.0]

Client: 49, Client Send Time: 2.689193934202194e-07

Client: 0
Receive Times:  [0.0, 0.0, 0.0, 0.0, 0.0, 0.0, 0.0, 0.0, 0.0, 0.0, 0.0, 0.0, 0.0]

Client: 0, Client Receive Time: 2.5990884751081467e-06

Client: 1
Receive Times:  [0.0, 0.0, 0.0, 0.0, 0.0, 0.0, 0.0, 0.0, 0.0, 1e-05, 0.0, 0.0, 0.0]

Client: 1, Client Receive Time: 9.826966561377048e-06

Client: 2
Receive Times:  [0.0, 0.0, 0.0, 0.0, 0.0, 0.0, 0.0, 0.0, 0.0, 0.0, 0.0, 0.0, 0.0]

Client: 2, Client Receive Time: 3.134016878902912e-06

Client: 3
Receive Times:  [0.0, 0.0, 0.0, 0.0, 0.0, 0.0, 0.0, 0.0, 0.0, 0.0, 0.0, 0.0, 0.0]

Client: 3, Client Receive Time: 1.0679941624403e-06

Client: 4
Receive Times:  [0.0, 0.0, 0.0, 0.0, 0.0, 0.0, 0.0, 0.0, 0.0, 0.0, 0.0, 0.0, 0.0]

Client: 4, Client Receive Time: 9.390059858560562e-07

Client: 5
Receive Times:  [0.0, 0.0, 0.0, 0.0, 0.0, 0.0, 0.0, 0.0, 0.0, 0.0, 0.0, 0.0, 0.0]

Client: 5, Client Receive Time: 8.719507604837418e-07

Client: 6
Receive Times:  [0.0, 0.0, 0.0, 0.0, 0.0, 0.0, 0.0, 0.0, 0.0, 0.0, 0.0, 0.0, 0.0]

Client: 6, Client Receive Time: 5.819601938128471e-07

Client: 7
Receive Times:  [0.0, 0.0, 0.0, 0.0, 0.0, 0.0, 0.0, 0.0, 0.0, 0.0, 0.0, 0.0, 0.0]

Client: 7, Client Receive Time: 2.1359883248806e-06

Client: 8
Receive Times:  [0.0, 0.0, 0.0, 0.0, 0.0, 0.0, 0.0, 0.0, 0.0, 0.0, 0.0, 0.0, 0.0]

Client: 8, Client Receive Time: 1.2509990483522415e-06

Client: 9
Receive Times:  [0.0, 0.0, 0.0, 0.0, 0.0, 0.0, 0.0, 0.0, 0.0, 0.0, 0.0, 0.0, 0.0]

Client: 9, Client Receive Time: 5.780020728707314e-07

Client: 10
Receive Times:  [0.0, 0.0, 0.0, 0.0, 0.0, 0.0, 0.0, 0.0, 0.0, 0.0, 0.0, 0.0, 0.0]

Client: 10, Client Receive Time: 7.520429790019989e-07

Client: 11
Receive Times:  [0.0, 0.0, 0.0, 0.0, 0.0, 0.0, 0.0, 0.0, 0.0, 0.0, 0.0, 0.0, 0.0]

Client: 11, Client Receive Time: 8.909264579415321e-07

Client: 25
Receive Times:  [0.0, 0.0, 0.0, 0.0, 0.0, 0.0, 0.0, 0.0, 0.0, 0.0, 0.0, 0.0, 0.0]

Client: 25, Client Receive Time: 2.5419285520911217e-06

Client: 26
Receive Times:  [0.0, 0.0, 0.0, 0.0, 0.0, 0.0, 0.0, 0.0, 0.0, 0.0, 0.0, 0.0, 0.0]

Client: 26, Client Receive Time: 6.619375199079514e-07

Client: 27
Receive Times:  [0.0, 0.0, 0.0, 0.0, 0.0, 0.0, 0.0, 0.0, 0.0, 0.0, 0.0, 0.0, 0.0]

Client: 27, Client Receive Time: 7.84057192504406e-07

Client: 28
Receive Times:  [0.0, 0.0, 0.0, 0.0, 0.0, 1e-05, 0.0, 0.0, 0.0, 0.0, 0.0, 0.0, 0.0]

Client: 28, Client Receive Time: 8.473987691104412e-06

Client: 29
Receive Times:  [0.0, 0.0, 0.0, 0.0, 0.0, 0.0, 0.0, 0.0, 0.0, 0.0, 0.0, 0.0, 0.0]

Client: 29, Client Receive Time: 7.870839908719063e-07

Client: 30
Receive Times:  [0.0, 0.0, 0.0, 0.0, 0.0, 0.0, 0.0, 0.0, 0.0, 0.0, 0.0, 0.0, 0.0]

Client: 30, Client Receive Time: 1.1191004887223244e-06

Client: 31
Receive Times:  [0.0, 0.0, 0.0, 0.0, 0.0, 0.0, 0.0, 0.0, 0.0, 0.0, 0.0, 0.0, 0.0]

Client: 31, Client Receive Time: 5.889451131224632e-07

Client: 32
Receive Times:  [0.0, 0.0, 0.0, 0.0, 0.0, 0.0, 0.0, 0.0, 0.0, 0.0, 0.0, 0.0, 0.0]

Client: 32, Client Receive Time: 9.719515219330788e-07

Client: 33
Receive Times:  [0.0, 0.0, 0.0, 0.0, 0.0, 0.0, 0.0, 0.0, 0.0, 0.0, 0.0, 0.0, 0.0]

Client: 33, Client Receive Time: 1.0599615052342415e-06

Client: 34
Receive Times:  [0.0, 0.0, 0.0, 0.0, 0.0, 0.0, 0.0, 0.0, 0.0, 0.0, 0.0, 0.0, 0.0]

Client: 34, Client Receive Time: 3.889435902237892e-07

Client: 35
Receive Times:  [0.0, 0.0, 0.0, 0.0, 0.0, 0.0, 0.0, 0.0, 0.0, 0.0, 0.0, 0.0, 0.0]

Client: 35, Client Receive Time: 7.100170478224754e-07

Client: 36
Receive Times:  [0.0, 0.0, 0.0, 0.0, 0.0, 0.0, 0.0, 0.0, 0.0, 0.0, 0.0, 0.0, 0.0]

Client: 36, Client Receive Time: 6.960472092032433e-07

Send Time of Group 1: 0.0

Receive Time of Group 0: 1e-05

Client: 0, Client Deduplicate Time: 0.88116

Client: 1, Client Deduplicate Time: 0.88217

Client: 2, Client Deduplicate Time: 0.88247

Client: 3, Client Deduplicate Time: 0.88207

Client: 4, Client Deduplicate Time: 0.88522

Client: 5, Client Deduplicate Time: 0.88085

Client: 6, Client Deduplicate Time: 0.88149

Client: 7, Client Deduplicate Time: 0.88111

Client: 8, Client Deduplicate Time: 0.88179

Client: 9, Client Deduplicate Time: 0.89897

Client: 10, Client Deduplicate Time: 0.88744

Client: 11, Client Deduplicate Time: 0.88209

Client: 25, Client Deduplicate Time: 0.9226

Client: 26, Client Deduplicate Time: 0.91012

Client: 27, Client Deduplicate Time: 0.90657

Client: 28, Client Deduplicate Time: 0.90396

Client: 29, Client Deduplicate Time: 0.90539

Client: 30, Client Deduplicate Time: 0.90307

Client: 31, Client Deduplicate Time: 0.90582

Client: 32, Client Deduplicate Time: 0.90538

Client: 33, Client Deduplicate Time: 0.90504

Client: 34, Client Deduplicate Time: 0.92162

Client: 35, Client Deduplicate Time: 0.90855

Client: 36, Client Deduplicate Time: 0.90349


Current Level:  0

Client: 25
Send Times:  [0.0, 0.0, 0.0, 0.0, 0.0, 0.0, 0.0, 0.0, 0.0, 0.0, 0.0, 0.0, 0.0, 0.0, 0.0, 0.0, 0.0, 0.0, 0.0, 0.0, 0.0, 0.0, 0.0, 0.0, 0.0]

Client: 25, Client Send Time: 1.6189878806471825e-06

Client: 26
Send Times:  [0.0, 0.0, 0.0, 0.0, 0.0, 0.0, 0.0, 0.0, 0.0, 0.0, 0.0, 0.0, 0.0, 0.0, 0.0, 0.0, 0.0, 0.0, 0.0, 0.0, 0.0, 0.0, 0.0, 0.0, 0.0]

Client: 26, Client Send Time: 6.270129233598709e-07

Client: 27
Send Times:  [0.0, 0.0, 0.0, 0.0, 0.0, 0.0, 0.0, 0.0, 0.0, 0.0, 0.0, 0.0, 0.0, 0.0, 0.0, 0.0, 0.0, 0.0, 0.0, 0.0, 0.0, 0.0, 0.0, 0.0, 0.0]

Client: 27, Client Send Time: 2.849847078323364e-07

Client: 28
Send Times:  [0.0, 0.0, 0.0, 0.0, 0.0, 0.0, 0.0, 0.0, 0.0, 0.0, 0.0, 0.0, 0.0, 0.0, 0.0, 0.0, 0.0, 0.0, 0.0, 0.0, 0.0, 0.0, 0.0, 0.0, 0.0]

Client: 28, Client Send Time: 3.8999132812023163e-07

Client: 29
Send Times:  [0.0, 0.0, 0.0, 0.0, 0.0, 0.0, 0.0, 0.0, 0.0, 0.0, 0.0, 0.0, 0.0, 0.0, 0.0, 0.0, 0.0, 0.0, 0.0, 0.0, 0.0, 0.0, 0.0, 0.0, 0.0]

Client: 29, Client Send Time: 2.470333129167557e-07

Client: 30
Send Times:  [0.0, 0.0, 0.0, 0.0, 0.0, 0.0, 0.0, 0.0, 0.0, 0.0, 0.0, 0.0, 0.0, 0.0, 0.0, 0.0, 0.0, 0.0, 0.0, 0.0, 0.0, 0.0, 0.0, 0.0, 0.0]

Client: 30, Client Send Time: 3.030290827155113e-07

Client: 31
Send Times:  [0.0, 0.0, 0.0, 0.0, 0.0, 0.0, 0.0, 0.0, 0.0, 0.0, 0.0, 0.0, 0.0, 0.0, 0.0, 0.0, 0.0, 0.0, 0.0, 0.0, 0.0, 0.0, 0.0, 0.0, 0.0]

Client: 31, Client Send Time: 3.7299469113349915e-07

Client: 32
Send Times:  [0.0, 0.0, 0.0, 0.0, 0.0, 0.0, 0.0, 0.0, 0.0, 0.0, 0.0, 0.0, 0.0, 0.0, 0.0, 0.0, 0.0, 0.0, 0.0, 0.0, 0.0, 0.0, 0.0, 0.0, 0.0]

Client: 32, Client Send Time: 3.200257197022438e-07

Client: 33
Send Times:  [0.0, 0.0, 0.0, 0.0, 0.0, 0.0, 0.0, 0.0, 0.0, 0.0, 0.0, 0.0, 0.0, 0.0, 0.0, 0.0, 0.0, 0.0, 0.0, 0.0, 0.0, 0.0, 0.0, 0.0, 0.0]

Client: 33, Client Send Time: 2.7909409254789352e-06

Client: 34
Send Times:  [0.0, 0.0, 0.0, 0.0, 0.0, 0.0, 0.0, 0.0, 0.0, 0.0, 0.0, 0.0, 0.0, 0.0, 0.0, 0.0, 0.0, 0.0, 0.0, 0.0, 0.0, 0.0, 0.0, 0.0, 0.0]

Client: 34, Client Send Time: 2.789311110973358e-07

Client: 35
Send Times:  [0.0, 0.0, 0.0, 0.0, 0.0, 0.0, 0.0, 0.0, 0.0, 0.0, 0.0, 0.0, 0.0, 0.0, 0.0, 0.0, 0.0, 0.0, 0.0, 0.0, 0.0, 0.0, 0.0, 0.0, 0.0]

Client: 35, Client Send Time: 3.869994543492794e-06

Client: 36
Send Times:  [0.0, 0.0, 0.0, 0.0, 0.0, 0.0, 0.0, 0.0, 0.0, 0.0, 0.0, 0.0, 0.0, 0.0, 0.0, 0.0, 0.0, 0.0, 0.0, 0.0, 0.0, 0.0, 0.0, 0.0, 0.0]

Client: 36, Client Send Time: 2.6298221200704575e-07

Client: 37
Send Times:  [0.0, 0.0, 0.0, 0.0, 0.0, 0.0, 0.0, 0.0, 0.0, 0.0, 0.0, 0.0, 0.0, 0.0, 0.0, 0.0, 0.0, 0.0, 0.0, 0.0, 0.0, 0.0, 0.0, 0.0, 0.0]

Client: 37, Client Send Time: 2.5401823222637177e-07

Client: 38
Send Times:  [0.0, 0.0, 0.0, 0.0, 0.0, 0.0, 0.0, 0.0, 0.0, 0.0, 0.0, 0.0, 0.0, 0.0, 0.0, 0.0, 0.0, 0.0, 0.0, 0.0, 0.0, 0.0, 0.0, 0.0, 0.0]

Client: 38, Client Send Time: 2.480810508131981e-07

Client: 39
Send Times:  [0.0, 0.0, 0.0, 0.0, 0.0, 0.0, 0.0, 0.0, 0.0, 0.0, 0.0, 0.0, 0.0, 0.0, 0.0, 0.0, 0.0, 0.0, 0.0, 0.0, 0.0, 0.0, 0.0, 0.0, 0.0]

Client: 39, Client Send Time: 2.6600901037454605e-07

Client: 40
Send Times:  [0.0, 0.0, 0.0, 0.0, 0.0, 0.0, 0.0, 0.0, 0.0, 0.0, 0.0, 0.0, 0.0, 0.0, 0.0, 0.0, 0.0, 0.0, 0.0, 0.0, 0.0, 0.0, 0.0, 0.0, 0.0]

Client: 40, Client Send Time: 2.789311110973358e-07

Client: 41
Send Times:  [0.0, 0.0, 0.0, 0.0, 0.0, 0.0, 0.0, 0.0, 0.0, 0.0, 0.0, 0.0, 0.0, 0.0, 0.0, 0.0, 0.0, 0.0, 0.0, 0.0, 0.0, 0.0, 0.0, 0.0, 0.0]

Client: 41, Client Send Time: 2.4598557502031326e-07

Client: 42
Send Times:  [0.0, 0.0, 0.0, 0.0, 0.0, 0.0, 0.0, 0.0, 0.0, 0.0, 0.0, 0.0, 0.0, 0.0, 0.0, 0.0, 0.0, 0.0, 0.0, 0.0, 0.0, 0.0, 0.0, 0.0, 0.0]

Client: 42, Client Send Time: 2.7299392968416214e-07

Client: 43
Send Times:  [0.0, 0.0, 0.0, 0.0, 0.0, 0.0, 0.0, 0.0, 0.0, 0.0, 0.0, 0.0, 0.0, 0.0, 0.0, 0.0, 0.0, 0.0, 0.0, 0.0, 0.0, 0.0, 0.0, 0.0, 0.0]

Client: 43, Client Send Time: 2.689193934202194e-07

Client: 44
Send Times:  [0.0, 0.0, 0.0, 0.0, 0.0, 0.0, 0.0, 0.0, 0.0, 0.0, 0.0, 0.0, 0.0, 0.0, 0.0, 0.0, 0.0, 0.0, 0.0, 0.0, 0.0, 0.0, 0.0, 0.0, 0.0]

Client: 44, Client Send Time: 2.116081304848194e-06

Client: 45
Send Times:  [0.0, 0.0, 0.0, 0.0, 0.0, 0.0, 0.0, 0.0, 0.0, 0.0, 0.0, 0.0, 0.0, 0.0, 0.0, 0.0, 0.0, 0.0, 0.0, 0.0, 0.0, 0.0, 0.0, 0.0, 0.0]

Client: 45, Client Send Time: 2.4901237338781357e-07

Client: 46
Send Times:  [0.0, 0.0, 0.0, 0.0, 0.0, 0.0, 0.0, 0.0, 0.0, 0.0, 0.0, 0.0, 0.0, 0.0, 0.0, 0.0, 0.0, 0.0, 0.0, 0.0, 0.0, 0.0, 0.0, 0.0, 0.0]

Client: 46, Client Send Time: 4.709931090474129e-06

Client: 47
Send Times:  [0.0, 0.0, 0.0, 0.0, 0.0, 0.0, 0.0, 0.0, 0.0, 0.0, 0.0, 0.0, 0.0, 0.0, 0.0, 0.0, 0.0, 0.0, 0.0, 0.0, 0.0, 0.0, 0.0, 0.0, 0.0]

Client: 47, Client Send Time: 2.5797635316848755e-07

Client: 48
Send Times:  [0.0, 0.0, 0.0, 0.0, 0.0, 0.0, 0.0, 0.0, 0.0, 0.0, 0.0, 0.0, 0.0, 0.0, 0.0, 0.0, 0.0, 0.0, 0.0, 0.0, 0.0, 0.0, 0.0, 0.0, 0.0]

Client: 48, Client Send Time: 1.4320248737931252e-06

Client: 49
Send Times:  [0.0, 0.0, 0.0, 0.0, 0.0, 0.0, 0.0, 0.0, 0.0, 0.0, 0.0, 0.0, 0.0, 0.0, 0.0, 0.0, 0.0, 0.0, 0.0, 0.0, 0.0, 0.0, 0.0, 0.0, 0.0]

Client: 49, Client Send Time: 2.1979212760925293e-06

Client: 0
Receive Times:  [0.0, 0.0, 0.0, 0.0, 0.0, 0.0, 0.0, 0.0, 0.0, 0.0, 1e-05, 0.0, 0.0, 0.0, 0.0, 0.0, 0.0, 0.0, 0.0, 0.0, 0.0, 0.0, 0.0, 0.0, 0.0]

Client: 0, Client Receive Time: 8.721021004021168e-06

Client: 1
Receive Times:  [0.0, 0.0, 0.0, 0.0, 0.0, 0.0, 0.0, 0.0, 0.0, 0.0, 0.0, 0.0, 0.0, 0.0, 0.0, 0.0, 0.0, 0.0, 0.0, 0.0, 0.0, 0.0, 0.0, 0.0, 0.0]

Client: 1, Client Receive Time: 8.17934051156044e-07

Client: 2
Receive Times:  [0.0, 0.0, 0.0, 0.0, 0.0, 0.0, 0.0, 0.0, 0.0, 0.0, 0.0, 0.0, 0.0, 0.0, 0.0, 0.0, 0.0, 0.0, 0.0, 0.0, 0.0, 0.0, 0.0, 0.0, 0.0]

Client: 2, Client Receive Time: 2.3490283638238907e-06

Client: 3
Receive Times:  [0.0, 0.0, 0.0, 0.0, 0.0, 0.0, 0.0, 0.0, 0.0, 0.0, 0.0, 0.0, 0.0, 0.0, 0.0, 0.0, 0.0, 0.0, 0.0, 0.0, 0.0, 0.0, 0.0, 0.0, 0.0]

Client: 3, Client Receive Time: 8.400529623031616e-07

Client: 4
Receive Times:  [0.0, 0.0, 0.0, 0.0, 0.0, 0.0, 0.0, 0.0, 0.0, 0.0, 0.0, 0.0, 0.0, 0.0, 0.0, 0.0, 0.0, 0.0, 0.0, 0.0, 0.0, 0.0, 0.0, 0.0, 0.0]

Client: 4, Client Receive Time: 7.699709385633469e-07

Client: 5
Receive Times:  [0.0, 0.0, 0.0, 0.0, 0.0, 0.0, 0.0, 0.0, 0.0, 0.0, 0.0, 0.0, 0.0, 0.0, 0.0, 0.0, 0.0, 0.0, 0.0, 0.0, 0.0, 0.0, 0.0, 0.0, 0.0]

Client: 5, Client Receive Time: 7.019843906164169e-07

Client: 6
Receive Times:  [0.0, 0.0, 0.0, 0.0, 0.0, 0.0, 0.0, 0.0, 0.0, 0.0, 0.0, 0.0, 0.0, 0.0, 0.0, 0.0, 0.0, 0.0, 0.0, 0.0, 0.0, 0.0, 0.0, 0.0, 0.0]

Client: 6, Client Receive Time: 5.930196493864059e-07

Client: 7
Receive Times:  [0.0, 0.0, 0.0, 0.0, 0.0, 0.0, 0.0, 0.0, 0.0, 0.0, 0.0, 0.0, 0.0, 0.0, 0.0, 0.0, 0.0, 0.0, 0.0, 0.0, 0.0, 0.0, 0.0, 0.0, 0.0]

Client: 7, Client Receive Time: 7.540220394730568e-07

Client: 8
Receive Times:  [0.0, 0.0, 0.0, 0.0, 0.0, 0.0, 0.0, 0.0, 0.0, 0.0, 0.0, 0.0, 0.0, 0.0, 0.0, 0.0, 0.0, 0.0, 0.0, 0.0, 0.0, 0.0, 0.0, 0.0, 0.0]

Client: 8, Client Receive Time: 6.770715117454529e-07

Client: 9
Receive Times:  [0.0, 0.0, 0.0, 0.0, 0.0, 0.0, 0.0, 0.0, 0.0, 0.0, 0.0, 0.0, 0.0, 0.0, 0.0, 0.0, 0.0, 0.0, 0.0, 0.0, 0.0, 0.0, 0.0, 0.0, 0.0]

Client: 9, Client Receive Time: 4.5006163418293e-07

Client: 10
Receive Times:  [0.0, 0.0, 0.0, 0.0, 0.0, 0.0, 0.0, 0.0, 0.0, 0.0, 0.0, 0.0, 0.0, 0.0, 0.0, 0.0, 0.0, 0.0, 0.0, 0.0, 0.0, 0.0, 0.0, 0.0, 0.0]

Client: 10, Client Receive Time: 6.170012056827545e-07

Client: 11
Receive Times:  [0.0, 0.0, 0.0, 0.0, 0.0, 0.0, 0.0, 0.0, 0.0, 0.0, 0.0, 0.0, 0.0, 0.0, 0.0, 0.0, 0.0, 0.0, 0.0, 0.0, 0.0, 0.0, 0.0, 0.0, 0.0]

Client: 11, Client Receive Time: 3.1390227377414703e-06

Client: 12
Receive Times:  [0.0, 0.0, 0.0, 0.0, 0.0, 0.0, 0.0, 0.0, 0.0, 0.0, 0.0, 0.0, 0.0, 0.0, 0.0, 0.0, 0.0, 0.0, 0.0, 0.0, 0.0, 0.0, 0.0, 0.0, 0.0]

Client: 12, Client Receive Time: 7.499475032091141e-07

Client: 13
Receive Times:  [0.0, 0.0, 0.0, 0.0, 0.0, 0.0, 0.0, 0.0, 0.0, 0.0, 0.0, 0.0, 0.0, 0.0, 0.0, 0.0, 0.0, 0.0, 0.0, 0.0, 0.0, 0.0, 0.0, 0.0, 0.0]

Client: 13, Client Receive Time: 8.689239621162415e-07

Client: 14
Receive Times:  [0.0, 0.0, 0.0, 0.0, 0.0, 0.0, 0.0, 0.0, 0.0, 0.0, 0.0, 0.0, 0.0, 0.0, 0.0, 0.0, 0.0, 0.0, 0.0, 0.0, 0.0, 0.0, 0.0, 0.0, 0.0]

Client: 14, Client Receive Time: 6.830086931586266e-07

Client: 15
Receive Times:  [0.0, 0.0, 0.0, 0.0, 0.0, 0.0, 0.0, 0.0, 0.0, 0.0, 0.0, 0.0, 0.0, 0.0, 0.0, 0.0, 0.0, 0.0, 0.0, 0.0, 0.0, 0.0, 0.0, 0.0, 0.0]

Client: 15, Client Receive Time: 7.889466360211372e-07

Client: 16
Receive Times:  [0.0, 0.0, 0.0, 0.0, 0.0, 0.0, 0.0, 0.0, 0.0, 0.0, 0.0, 0.0, 0.0, 0.0, 0.0, 0.0, 0.0, 0.0, 0.0, 0.0, 0.0, 0.0, 0.0, 0.0, 0.0]

Client: 16, Client Receive Time: 7.660128176212311e-07

Client: 17
Receive Times:  [0.0, 0.0, 0.0, 0.0, 0.0, 0.0, 0.0, 0.0, 0.0, 0.0, 0.0, 0.0, 0.0, 0.0, 0.0, 0.0, 0.0, 0.0, 0.0, 0.0, 0.0, 0.0, 0.0, 0.0, 0.0]

Client: 17, Client Receive Time: 7.749767974019051e-07

Client: 18
Receive Times:  [0.0, 0.0, 0.0, 0.0, 0.0, 0.0, 0.0, 0.0, 0.0, 0.0, 0.0, 0.0, 0.0, 0.0, 0.0, 0.0, 0.0, 0.0, 0.0, 0.0, 0.0, 0.0, 0.0, 0.0, 0.0]

Client: 18, Client Receive Time: 7.880153134465218e-07

Client: 19
Receive Times:  [0.0, 0.0, 0.0, 0.0, 0.0, 0.0, 0.0, 0.0, 0.0, 0.0, 0.0, 0.0, 0.0, 0.0, 0.0, 0.0, 0.0, 0.0, 0.0, 0.0, 0.0, 0.0, 0.0, 0.0, 0.0]

Client: 19, Client Receive Time: 5.570473149418831e-07

Client: 20
Receive Times:  [0.0, 0.0, 0.0, 0.0, 0.0, 0.0, 0.0, 0.0, 0.0, 0.0, 0.0, 0.0, 0.0, 0.0, 0.0, 0.0, 0.0, 0.0, 0.0, 0.0, 0.0, 0.0, 0.0, 0.0, 0.0]

Client: 20, Client Receive Time: 4.370231181383133e-07

Client: 21
Receive Times:  [0.0, 0.0, 0.0, 0.0, 0.0, 0.0, 0.0, 0.0, 0.0, 0.0, 0.0, 0.0, 0.0, 0.0, 0.0, 0.0, 0.0, 0.0, 0.0, 0.0, 0.0, 0.0, 0.0, 0.0, 0.0]

Client: 21, Client Receive Time: 3.0240043997764587e-06

Client: 22
Receive Times:  [0.0, 0.0, 0.0, 0.0, 0.0, 0.0, 0.0, 0.0, 0.0, 0.0, 0.0, 0.0, 0.0, 0.0, 0.0, 0.0, 0.0, 0.0, 0.0, 0.0, 0.0, 0.0, 0.0, 0.0, 0.0]

Client: 22, Client Receive Time: 4.6996865421533585e-07

Client: 23
Receive Times:  [0.0, 0.0, 0.0, 0.0, 0.0, 0.0, 0.0, 0.0, 0.0, 0.0, 0.0, 0.0, 0.0, 0.0, 0.0, 0.0, 0.0, 0.0, 0.0, 0.0, 0.0, 0.0, 0.0, 0.0, 0.0]

Client: 23, Client Receive Time: 2.1191081032156944e-06

Client: 24
Receive Times:  [0.0, 0.0, 0.0, 0.0, 0.0, 0.0, 0.0, 0.0, 0.0, 0.0, 0.0, 0.0, 0.0, 0.0, 0.0, 0.0, 0.0, 0.0, 0.0, 0.0, 0.0, 0.0, 0.0, 0.0, 0.0]

Client: 24, Client Receive Time: 6.889458745718002e-07

Send Time of Group 1: 0.0

Receive Time of Group 0: 1e-05

Client: 0, Client Deduplicate Time: 1.7195

Client: 1, Client Deduplicate Time: 1.71616

Client: 2, Client Deduplicate Time: 1.72349

Client: 3, Client Deduplicate Time: 1.7306

Client: 4, Client Deduplicate Time: 1.71966

Client: 5, Client Deduplicate Time: 1.71974

Client: 6, Client Deduplicate Time: 1.72914

Client: 7, Client Deduplicate Time: 1.72657

Client: 8, Client Deduplicate Time: 1.72558

Client: 9, Client Deduplicate Time: 1.76366

Client: 10, Client Deduplicate Time: 1.7267

Client: 11, Client Deduplicate Time: 1.7289

Client: 12, Client Deduplicate Time: 1.72841

Client: 13, Client Deduplicate Time: 1.72759

Client: 14, Client Deduplicate Time: 1.72689

Client: 15, Client Deduplicate Time: 1.7351

Client: 16, Client Deduplicate Time: 1.72785

Client: 17, Client Deduplicate Time: 1.72536

Client: 18, Client Deduplicate Time: 1.72317

Client: 19, Client Deduplicate Time: 1.72359

Client: 20, Client Deduplicate Time: 1.72543

Client: 21, Client Deduplicate Time: 1.72786

Client: 22, Client Deduplicate Time: 1.72653

Client: 23, Client Deduplicate Time: 1.72719

Client: 24, Client Deduplicate Time: 1.72551


Total time for entire protocol: 7686.37243

Wall clock time
Start time:  2024-06-23 21:56:49.465750
End time:  2024-06-24 00:16:39.082859

Total data with duplicates:  26214900
Total data without duplicates:  14418150
